CRITICAL - 2023-05-03 00:52:49 --> Invalid file: "kabupaten.php"
in SYSTEMPATH\Exceptions\FrameworkException.php on line 33.
 1 SYSTEMPATH\View\View.php(201): CodeIgniter\Exceptions\FrameworkException::forInvalidFile('kabupaten.php')
 2 SYSTEMPATH\Common.php(1184): CodeIgniter\View\View->render('kabupaten', [], true)
 3 APPPATH\Controllers\Kabupaten.php(20): view('kabupaten', [...])
 4 SYSTEMPATH\CodeIgniter.php(934): App\Controllers\Kabupaten->index()
 5 SYSTEMPATH\CodeIgniter.php(499): CodeIgniter\CodeIgniter->runController(Object(App\Controllers\Kabupaten))
 6 SYSTEMPATH\CodeIgniter.php(368): CodeIgniter\CodeIgniter->handleRequest(null, Object(Config\Cache), false)
 7 FCPATH\index.php(67): CodeIgniter\CodeIgniter->run()
 8 SYSTEMPATH\Commands\Server\rewrite.php(47): require_once('D:\\PROJECT-CI\\pemilu\\public\\index.php')
CRITICAL - 2023-05-03 00:53:21 --> Invalid file: "views/kabupaten.php"
in SYSTEMPATH\Exceptions\FrameworkException.php on line 33.
 1 SYSTEMPATH\View\View.php(201): CodeIgniter\Exceptions\FrameworkException::forInvalidFile('views/kabupaten.php')
 2 SYSTEMPATH\Common.php(1184): CodeIgniter\View\View->render('views/kabupaten', [], true)
 3 APPPATH\Controllers\Kabupaten.php(20): view('views/kabupaten')
 4 SYSTEMPATH\CodeIgniter.php(934): App\Controllers\Kabupaten->index()
 5 SYSTEMPATH\CodeIgniter.php(499): CodeIgniter\CodeIgniter->runController(Object(App\Controllers\Kabupaten))
 6 SYSTEMPATH\CodeIgniter.php(368): CodeIgniter\CodeIgniter->handleRequest(null, Object(Config\Cache), false)
 7 FCPATH\index.php(67): CodeIgniter\CodeIgniter->run()
 8 SYSTEMPATH\Commands\Server\rewrite.php(47): require_once('D:\\PROJECT-CI\\pemilu\\public\\index.php')
CRITICAL - 2023-05-03 01:29:28 --> syntax error, unexpected end of file
in APPPATH\Views\master\kabupaten.php on line 153.
 1 SYSTEMPATH\View\View.php(216): CodeIgniter\View\View->CodeIgniter\View\{closure}()
 2 SYSTEMPATH\Common.php(1184): CodeIgniter\View\View->render('master/kabupaten', [], true)
 3 APPPATH\Controllers\Kabupaten.php(20): view('master/kabupaten', [...])
 4 SYSTEMPATH\CodeIgniter.php(934): App\Controllers\Kabupaten->index()
 5 SYSTEMPATH\CodeIgniter.php(499): CodeIgniter\CodeIgniter->runController(Object(App\Controllers\Kabupaten))
 6 SYSTEMPATH\CodeIgniter.php(368): CodeIgniter\CodeIgniter->handleRequest(null, Object(Config\Cache), false)
 7 FCPATH\index.php(67): CodeIgniter\CodeIgniter->run()
 8 SYSTEMPATH\Commands\Server\rewrite.php(47): require_once('D:\\PROJECT-CI\\pemilu\\public\\index.php')
INFO - 2023-05-03 01:32:43 --> Session: Class initialized using 'CodeIgniter\Session\Handlers\FileHandler' driver.
INFO - 2023-05-03 01:32:52 --> Session: Class initialized using 'CodeIgniter\Session\Handlers\FileHandler' driver.
INFO - 2023-05-03 01:33:31 --> Session: Class initialized using 'CodeIgniter\Session\Handlers\FileHandler' driver.
INFO - 2023-05-03 01:33:43 --> Session: Class initialized using 'CodeIgniter\Session\Handlers\FileHandler' driver.
INFO - 2023-05-03 01:34:04 --> Session: Class initialized using 'CodeIgniter\Session\Handlers\FileHandler' driver.
INFO - 2023-05-03 01:35:05 --> Session: Class initialized using 'CodeIgniter\Session\Handlers\FileHandler' driver.
INFO - 2023-05-03 01:35:15 --> Session: Class initialized using 'CodeIgniter\Session\Handlers\FileHandler' driver.
INFO - 2023-05-03 01:35:15 --> Session: Class initialized using 'CodeIgniter\Session\Handlers\FileHandler' driver.
INFO - 2023-05-03 01:35:53 --> Session: Class initialized using 'CodeIgniter\Session\Handlers\FileHandler' driver.
INFO - 2023-05-03 01:35:56 --> Session: Class initialized using 'CodeIgniter\Session\Handlers\FileHandler' driver.
INFO - 2023-05-03 01:35:56 --> Session: Class initialized using 'CodeIgniter\Session\Handlers\FileHandler' driver.
CRITICAL - 2023-05-03 01:35:56 --> Undefined index: nm_kabuapten
in APPPATH\Views\master\kabupaten.php on line 78.
 1 APPPATH\Views\master\kabupaten.php(78): CodeIgniter\Debug\Exceptions->errorHandler(8, 'Undefined index: nm_kabuapten', 'D:\\PROJECT-CI\\pemilu\\app\\Views\\master\\kabupaten.php', 78, [...])
 2 SYSTEMPATH\View\View.php(213): include('D:\\PROJECT-CI\\pemilu\\app\\Views\\master\\kabupaten.php')
 3 SYSTEMPATH\View\View.php(216): CodeIgniter\View\View->CodeIgniter\View\{closure}()
 4 SYSTEMPATH\Common.php(1184): CodeIgniter\View\View->render('master/kabupaten', [], true)
 5 APPPATH\Controllers\Kabupaten.php(20): view('master/kabupaten', [...])
 6 SYSTEMPATH\CodeIgniter.php(934): App\Controllers\Kabupaten->index()
 7 SYSTEMPATH\CodeIgniter.php(499): CodeIgniter\CodeIgniter->runController(Object(App\Controllers\Kabupaten))
 8 SYSTEMPATH\CodeIgniter.php(368): CodeIgniter\CodeIgniter->handleRequest(null, Object(Config\Cache), false)
 9 FCPATH\index.php(67): CodeIgniter\CodeIgniter->run()
10 SYSTEMPATH\Commands\Server\rewrite.php(47): require_once('D:\\PROJECT-CI\\pemilu\\public\\index.php')
INFO - 2023-05-03 01:37:34 --> Session: Class initialized using 'CodeIgniter\Session\Handlers\FileHandler' driver.
CRITICAL - 2023-05-03 01:37:34 --> Undefined variable: idp
in APPPATH\Views\master\kabupaten.php on line 92.
 1 APPPATH\Views\master\kabupaten.php(92): CodeIgniter\Debug\Exceptions->errorHandler(8, 'Undefined variable: idp', 'D:\\PROJECT-CI\\pemilu\\app\\Views\\master\\kabupaten.php', 92, [...])
 2 SYSTEMPATH\View\View.php(213): include('D:\\PROJECT-CI\\pemilu\\app\\Views\\master\\kabupaten.php')
 3 SYSTEMPATH\View\View.php(216): CodeIgniter\View\View->CodeIgniter\View\{closure}()
 4 SYSTEMPATH\Common.php(1184): CodeIgniter\View\View->render('master/kabupaten', [], true)
 5 APPPATH\Controllers\Kabupaten.php(20): view('master/kabupaten', [...])
 6 SYSTEMPATH\CodeIgniter.php(934): App\Controllers\Kabupaten->index()
 7 SYSTEMPATH\CodeIgniter.php(499): CodeIgniter\CodeIgniter->runController(Object(App\Controllers\Kabupaten))
 8 SYSTEMPATH\CodeIgniter.php(368): CodeIgniter\CodeIgniter->handleRequest(null, Object(Config\Cache), false)
 9 FCPATH\index.php(67): CodeIgniter\CodeIgniter->run()
10 SYSTEMPATH\Commands\Server\rewrite.php(47): require_once('D:\\PROJECT-CI\\pemilu\\public\\index.php')
INFO - 2023-05-03 01:37:44 --> Session: Class initialized using 'CodeIgniter\Session\Handlers\FileHandler' driver.
CRITICAL - 2023-05-03 01:37:44 --> Undefined variable: idp
in APPPATH\Views\master\kabupaten.php on line 92.
 1 APPPATH\Views\master\kabupaten.php(92): CodeIgniter\Debug\Exceptions->errorHandler(8, 'Undefined variable: idp', 'D:\\PROJECT-CI\\pemilu\\app\\Views\\master\\kabupaten.php', 92, [...])
 2 SYSTEMPATH\View\View.php(213): include('D:\\PROJECT-CI\\pemilu\\app\\Views\\master\\kabupaten.php')
 3 SYSTEMPATH\View\View.php(216): CodeIgniter\View\View->CodeIgniter\View\{closure}()
 4 SYSTEMPATH\Common.php(1184): CodeIgniter\View\View->render('master/kabupaten', [], true)
 5 APPPATH\Controllers\Kabupaten.php(20): view('master/kabupaten', [...])
 6 SYSTEMPATH\CodeIgniter.php(934): App\Controllers\Kabupaten->index()
 7 SYSTEMPATH\CodeIgniter.php(499): CodeIgniter\CodeIgniter->runController(Object(App\Controllers\Kabupaten))
 8 SYSTEMPATH\CodeIgniter.php(368): CodeIgniter\CodeIgniter->handleRequest(null, Object(Config\Cache), false)
 9 FCPATH\index.php(67): CodeIgniter\CodeIgniter->run()
10 SYSTEMPATH\Commands\Server\rewrite.php(47): require_once('D:\\PROJECT-CI\\pemilu\\public\\index.php')
INFO - 2023-05-03 01:37:53 --> Session: Class initialized using 'CodeIgniter\Session\Handlers\FileHandler' driver.
CRITICAL - 2023-05-03 01:37:53 --> Undefined index: nm_kategori
in APPPATH\Views\master\kabupaten.php on line 105.
 1 APPPATH\Views\master\kabupaten.php(105): CodeIgniter\Debug\Exceptions->errorHandler(8, 'Undefined index: nm_kategori', 'D:\\PROJECT-CI\\pemilu\\app\\Views\\master\\kabupaten.php', 105, [...])
 2 SYSTEMPATH\View\View.php(213): include('D:\\PROJECT-CI\\pemilu\\app\\Views\\master\\kabupaten.php')
 3 SYSTEMPATH\View\View.php(216): CodeIgniter\View\View->CodeIgniter\View\{closure}()
 4 SYSTEMPATH\Common.php(1184): CodeIgniter\View\View->render('master/kabupaten', [], true)
 5 APPPATH\Controllers\Kabupaten.php(20): view('master/kabupaten', [...])
 6 SYSTEMPATH\CodeIgniter.php(934): App\Controllers\Kabupaten->index()
 7 SYSTEMPATH\CodeIgniter.php(499): CodeIgniter\CodeIgniter->runController(Object(App\Controllers\Kabupaten))
 8 SYSTEMPATH\CodeIgniter.php(368): CodeIgniter\CodeIgniter->handleRequest(null, Object(Config\Cache), false)
 9 FCPATH\index.php(67): CodeIgniter\CodeIgniter->run()
10 SYSTEMPATH\Commands\Server\rewrite.php(47): require_once('D:\\PROJECT-CI\\pemilu\\public\\index.php')
INFO - 2023-05-03 01:38:04 --> Session: Class initialized using 'CodeIgniter\Session\Handlers\FileHandler' driver.
ERROR - 2023-05-03 01:39:17 --> mysqli_sql_exception: Unknown column 'nama' in 'field list' in D:\PROJECT-CI\pemilu\system\Database\MySQLi\Connection.php:295
Stack trace:
#0 D:\PROJECT-CI\pemilu\system\Database\MySQLi\Connection.php(295): mysqli->query('UPDATE `t_kabup...', 0)
#1 D:\PROJECT-CI\pemilu\system\Database\BaseConnection.php(691): CodeIgniter\Database\MySQLi\Connection->execute('UPDATE `t_kabup...')
#2 D:\PROJECT-CI\pemilu\system\Database\BaseConnection.php(605): CodeIgniter\Database\BaseConnection->simpleQuery('UPDATE `t_kabup...')
#3 D:\PROJECT-CI\pemilu\system\Database\BaseBuilder.php(2476): CodeIgniter\Database\BaseConnection->query('UPDATE `t_kabup...', Array, false)
#4 D:\PROJECT-CI\pemilu\app\Models\Kabupaten_model.php(30): CodeIgniter\Database\BaseBuilder->update(Array)
#5 D:\PROJECT-CI\pemilu\app\Controllers\Kabupaten.php(63): App\Models\Kabupaten_model->editKabupaten(Array, NULL)
#6 D:\PROJECT-CI\pemilu\system\CodeIgniter.php(934): App\Controllers\Kabupaten->update()
#7 D:\PROJECT-CI\pemilu\system\CodeIgniter.php(499): CodeIgniter\CodeIgniter->runController(Object(App\Controllers\Kabupaten))
#8 D:\PROJECT-CI\pemilu\system\CodeIgniter.php(368): CodeIgniter\CodeIgniter->handleRequest(NULL, Object(Config\Cache), false)
#9 D:\PROJECT-CI\pemilu\public\index.php(67): CodeIgniter\CodeIgniter->run()
#10 D:\PROJECT-CI\pemilu\system\Commands\Server\rewrite.php(47): require_once('D:\\PROJECT-CI\\p...')
#11 {main}
CRITICAL - 2023-05-03 01:39:17 --> Unknown column 'nama' in 'field list'
in SYSTEMPATH\Database\MySQLi\Connection.php on line 295.
 1 SYSTEMPATH\Database\MySQLi\Connection.php(295): mysqli->query('UPDATE `t_kabupaten` SET `nama` = NULL, `status` = NULL, `urutan` = NULL
WHERE `id_kabupaten` IS NULL', 0)
 2 SYSTEMPATH\Database\BaseConnection.php(691): CodeIgniter\Database\MySQLi\Connection->execute('UPDATE `t_kabupaten` SET `nama` = NULL, `status` = NULL, `urutan` = NULL
WHERE `id_kabupaten` IS NULL')
 3 SYSTEMPATH\Database\BaseConnection.php(605): CodeIgniter\Database\BaseConnection->simpleQuery('UPDATE `t_kabupaten` SET `nama` = NULL, `status` = NULL, `urutan` = NULL
WHERE `id_kabupaten` IS NULL')
 4 SYSTEMPATH\Database\BaseBuilder.php(2476): CodeIgniter\Database\BaseConnection->query('UPDATE `t_kabupaten` SET `nama` = :nama:, `status` = :status:, `urutan` = :urutan:
WHERE `id_kabupaten` IS NULL', [...], false)
 5 APPPATH\Models\Kabupaten_model.php(30): CodeIgniter\Database\BaseBuilder->update([...])
 6 APPPATH\Controllers\Kabupaten.php(63): App\Models\Kabupaten_model->editKabupaten([...], null)
 7 SYSTEMPATH\CodeIgniter.php(934): App\Controllers\Kabupaten->update()
 8 SYSTEMPATH\CodeIgniter.php(499): CodeIgniter\CodeIgniter->runController(Object(App\Controllers\Kabupaten))
 9 SYSTEMPATH\CodeIgniter.php(368): CodeIgniter\CodeIgniter->handleRequest(null, Object(Config\Cache), false)
10 FCPATH\index.php(67): CodeIgniter\CodeIgniter->run()
11 SYSTEMPATH\Commands\Server\rewrite.php(47): require_once('D:\\PROJECT-CI\\pemilu\\public\\index.php')
INFO - 2023-05-03 01:40:49 --> Session: Class initialized using 'CodeIgniter\Session\Handlers\FileHandler' driver.
INFO - 2023-05-03 01:40:49 --> Session: Class initialized using 'CodeIgniter\Session\Handlers\FileHandler' driver.
INFO - 2023-05-03 01:40:55 --> Session: Class initialized using 'CodeIgniter\Session\Handlers\FileHandler' driver.
INFO - 2023-05-03 01:40:55 --> Session: Class initialized using 'CodeIgniter\Session\Handlers\FileHandler' driver.
INFO - 2023-05-03 01:41:19 --> Session: Class initialized using 'CodeIgniter\Session\Handlers\FileHandler' driver.
INFO - 2023-05-03 01:41:22 --> Session: Class initialized using 'CodeIgniter\Session\Handlers\FileHandler' driver.
INFO - 2023-05-03 01:41:22 --> Session: Class initialized using 'CodeIgniter\Session\Handlers\FileHandler' driver.
INFO - 2023-05-03 01:41:33 --> Session: Class initialized using 'CodeIgniter\Session\Handlers\FileHandler' driver.
INFO - 2023-05-03 01:41:36 --> Session: Class initialized using 'CodeIgniter\Session\Handlers\FileHandler' driver.
INFO - 2023-05-03 01:41:36 --> Session: Class initialized using 'CodeIgniter\Session\Handlers\FileHandler' driver.
INFO - 2023-05-03 02:45:12 --> Session: Class initialized using 'CodeIgniter\Session\Handlers\FileHandler' driver.
INFO - 2023-05-03 02:45:12 --> Session: Class initialized using 'CodeIgniter\Session\Handlers\FileHandler' driver.
INFO - 2023-05-03 02:45:19 --> Session: Class initialized using 'CodeIgniter\Session\Handlers\FileHandler' driver.
INFO - 2023-05-03 02:45:19 --> Session: Class initialized using 'CodeIgniter\Session\Handlers\FileHandler' driver.
INFO - 2023-05-03 02:45:24 --> Session: Class initialized using 'CodeIgniter\Session\Handlers\FileHandler' driver.
INFO - 2023-05-03 02:45:24 --> Session: Class initialized using 'CodeIgniter\Session\Handlers\FileHandler' driver.
INFO - 2023-05-03 02:45:29 --> Session: Class initialized using 'CodeIgniter\Session\Handlers\FileHandler' driver.
INFO - 2023-05-03 02:45:29 --> Session: Class initialized using 'CodeIgniter\Session\Handlers\FileHandler' driver.
INFO - 2023-05-03 03:03:40 --> Session: Class initialized using 'CodeIgniter\Session\Handlers\FileHandler' driver.
INFO - 2023-05-03 03:03:41 --> Session: Class initialized using 'CodeIgniter\Session\Handlers\FileHandler' driver.
ERROR - 2023-05-03 03:03:43 --> mysqli_sql_exception: Column 'id_kabupaten' in order clause is ambiguous in D:\PROJECT-CI\pemilu\system\Database\MySQLi\Connection.php:295
Stack trace:
#0 D:\PROJECT-CI\pemilu\system\Database\MySQLi\Connection.php(295): mysqli->query('SELECT *\nFROM `...', 0)
#1 D:\PROJECT-CI\pemilu\system\Database\BaseConnection.php(691): CodeIgniter\Database\MySQLi\Connection->execute('SELECT *\nFROM `...')
#2 D:\PROJECT-CI\pemilu\system\Database\BaseConnection.php(605): CodeIgniter\Database\BaseConnection->simpleQuery('SELECT *\nFROM `...')
#3 D:\PROJECT-CI\pemilu\system\Database\BaseBuilder.php(1616): CodeIgniter\Database\BaseConnection->query('SELECT *\nFROM `...', Array, false)
#4 D:\PROJECT-CI\pemilu\app\Models\Kecamatan_model.php(17): CodeIgniter\Database\BaseBuilder->get()
#5 D:\PROJECT-CI\pemilu\app\Controllers\Kecamatan.php(15): App\Models\Kecamatan_model->getKecamatan()
#6 D:\PROJECT-CI\pemilu\system\CodeIgniter.php(934): App\Controllers\Kecamatan->index()
#7 D:\PROJECT-CI\pemilu\system\CodeIgniter.php(499): CodeIgniter\CodeIgniter->runController(Object(App\Controllers\Kecamatan))
#8 D:\PROJECT-CI\pemilu\system\CodeIgniter.php(368): CodeIgniter\CodeIgniter->handleRequest(NULL, Object(Config\Cache), false)
#9 D:\PROJECT-CI\pemilu\public\index.php(67): CodeIgniter\CodeIgniter->run()
#10 D:\PROJECT-CI\pemilu\system\Commands\Server\rewrite.php(47): require_once('D:\\PROJECT-CI\\p...')
#11 {main}
CRITICAL - 2023-05-03 03:03:43 --> Column 'id_kabupaten' in order clause is ambiguous
in SYSTEMPATH\Database\MySQLi\Connection.php on line 295.
 1 SYSTEMPATH\Database\MySQLi\Connection.php(295): mysqli->query('SELECT *
FROM `t_kecamatan`
JOIN `t_kabupaten` ON `t_kabupaten`.`id_kabupaten` = `t_kecamatan`.`id_kabupaten`
ORDER BY `id_kabupaten` ASC', 0)
 2 SYSTEMPATH\Database\BaseConnection.php(691): CodeIgniter\Database\MySQLi\Connection->execute('SELECT *
FROM `t_kecamatan`
JOIN `t_kabupaten` ON `t_kabupaten`.`id_kabupaten` = `t_kecamatan`.`id_kabupaten`
ORDER BY `id_kabupaten` ASC')
 3 SYSTEMPATH\Database\BaseConnection.php(605): CodeIgniter\Database\BaseConnection->simpleQuery('SELECT *
FROM `t_kecamatan`
JOIN `t_kabupaten` ON `t_kabupaten`.`id_kabupaten` = `t_kecamatan`.`id_kabupaten`
ORDER BY `id_kabupaten` ASC')
 4 SYSTEMPATH\Database\BaseBuilder.php(1616): CodeIgniter\Database\BaseConnection->query('SELECT *
FROM `t_kecamatan`
JOIN `t_kabupaten` ON `t_kabupaten`.`id_kabupaten` = `t_kecamatan`.`id_kabupaten`
ORDER BY `id_kabupaten` ASC', [], false)
 5 APPPATH\Models\Kecamatan_model.php(17): CodeIgniter\Database\BaseBuilder->get()
 6 APPPATH\Controllers\Kecamatan.php(15): App\Models\Kecamatan_model->getKecamatan()
 7 SYSTEMPATH\CodeIgniter.php(934): App\Controllers\Kecamatan->index()
 8 SYSTEMPATH\CodeIgniter.php(499): CodeIgniter\CodeIgniter->runController(Object(App\Controllers\Kecamatan))
 9 SYSTEMPATH\CodeIgniter.php(368): CodeIgniter\CodeIgniter->handleRequest(null, Object(Config\Cache), false)
10 FCPATH\index.php(67): CodeIgniter\CodeIgniter->run()
11 SYSTEMPATH\Commands\Server\rewrite.php(47): require_once('D:\\PROJECT-CI\\pemilu\\public\\index.php')
INFO - 2023-05-03 03:05:48 --> Session: Class initialized using 'CodeIgniter\Session\Handlers\FileHandler' driver.
INFO - 2023-05-03 03:06:32 --> Session: Class initialized using 'CodeIgniter\Session\Handlers\FileHandler' driver.
INFO - 2023-05-03 03:10:26 --> Session: Class initialized using 'CodeIgniter\Session\Handlers\FileHandler' driver.
CRITICAL - 2023-05-03 03:10:26 --> Undefined variable: data_ruang
in APPPATH\Views\master\kecamatan.php on line 156.
 1 APPPATH\Views\master\kecamatan.php(156): CodeIgniter\Debug\Exceptions->errorHandler(8, 'Undefined variable: data_ruang', 'D:\\PROJECT-CI\\pemilu\\app\\Views\\master\\kecamatan.php', 156, [...])
 2 SYSTEMPATH\View\View.php(213): include('D:\\PROJECT-CI\\pemilu\\app\\Views\\master\\kecamatan.php')
 3 SYSTEMPATH\View\View.php(216): CodeIgniter\View\View->CodeIgniter\View\{closure}()
 4 SYSTEMPATH\Common.php(1184): CodeIgniter\View\View->render('master/kecamatan', [], true)
 5 APPPATH\Controllers\Kecamatan.php(21): view('master/kecamatan', [...])
 6 SYSTEMPATH\CodeIgniter.php(934): App\Controllers\Kecamatan->index()
 7 SYSTEMPATH\CodeIgniter.php(499): CodeIgniter\CodeIgniter->runController(Object(App\Controllers\Kecamatan))
 8 SYSTEMPATH\CodeIgniter.php(368): CodeIgniter\CodeIgniter->handleRequest(null, Object(Config\Cache), false)
 9 FCPATH\index.php(67): CodeIgniter\CodeIgniter->run()
10 SYSTEMPATH\Commands\Server\rewrite.php(47): require_once('D:\\PROJECT-CI\\pemilu\\public\\index.php')
INFO - 2023-05-03 03:11:19 --> Session: Class initialized using 'CodeIgniter\Session\Handlers\FileHandler' driver.
CRITICAL - 2023-05-03 03:11:19 --> Undefined variable: data_ruang
in APPPATH\Views\master\kecamatan.php on line 156.
 1 APPPATH\Views\master\kecamatan.php(156): CodeIgniter\Debug\Exceptions->errorHandler(8, 'Undefined variable: data_ruang', 'D:\\PROJECT-CI\\pemilu\\app\\Views\\master\\kecamatan.php', 156, [...])
 2 SYSTEMPATH\View\View.php(213): include('D:\\PROJECT-CI\\pemilu\\app\\Views\\master\\kecamatan.php')
 3 SYSTEMPATH\View\View.php(216): CodeIgniter\View\View->CodeIgniter\View\{closure}()
 4 SYSTEMPATH\Common.php(1184): CodeIgniter\View\View->render('master/kecamatan', [], true)
 5 APPPATH\Controllers\Kecamatan.php(21): view('master/kecamatan', [...])
 6 SYSTEMPATH\CodeIgniter.php(934): App\Controllers\Kecamatan->index()
 7 SYSTEMPATH\CodeIgniter.php(499): CodeIgniter\CodeIgniter->runController(Object(App\Controllers\Kecamatan))
 8 SYSTEMPATH\CodeIgniter.php(368): CodeIgniter\CodeIgniter->handleRequest(null, Object(Config\Cache), false)
 9 FCPATH\index.php(67): CodeIgniter\CodeIgniter->run()
10 SYSTEMPATH\Commands\Server\rewrite.php(47): require_once('D:\\PROJECT-CI\\pemilu\\public\\index.php')
INFO - 2023-05-03 03:11:46 --> Session: Class initialized using 'CodeIgniter\Session\Handlers\FileHandler' driver.
CRITICAL - 2023-05-03 03:11:46 --> Undefined variable: data_ruang
in APPPATH\Views\master\kecamatan.php on line 156.
 1 APPPATH\Views\master\kecamatan.php(156): CodeIgniter\Debug\Exceptions->errorHandler(8, 'Undefined variable: data_ruang', 'D:\\PROJECT-CI\\pemilu\\app\\Views\\master\\kecamatan.php', 156, [...])
 2 SYSTEMPATH\View\View.php(213): include('D:\\PROJECT-CI\\pemilu\\app\\Views\\master\\kecamatan.php')
 3 SYSTEMPATH\View\View.php(216): CodeIgniter\View\View->CodeIgniter\View\{closure}()
 4 SYSTEMPATH\Common.php(1184): CodeIgniter\View\View->render('master/kecamatan', [], true)
 5 APPPATH\Controllers\Kecamatan.php(21): view('master/kecamatan', [...])
 6 SYSTEMPATH\CodeIgniter.php(934): App\Controllers\Kecamatan->index()
 7 SYSTEMPATH\CodeIgniter.php(499): CodeIgniter\CodeIgniter->runController(Object(App\Controllers\Kecamatan))
 8 SYSTEMPATH\CodeIgniter.php(368): CodeIgniter\CodeIgniter->handleRequest(null, Object(Config\Cache), false)
 9 FCPATH\index.php(67): CodeIgniter\CodeIgniter->run()
10 SYSTEMPATH\Commands\Server\rewrite.php(47): require_once('D:\\PROJECT-CI\\pemilu\\public\\index.php')
INFO - 2023-05-03 03:12:38 --> Session: Class initialized using 'CodeIgniter\Session\Handlers\FileHandler' driver.
INFO - 2023-05-03 03:15:01 --> Session: Class initialized using 'CodeIgniter\Session\Handlers\FileHandler' driver.
INFO - 2023-05-03 03:19:08 --> Session: Class initialized using 'CodeIgniter\Session\Handlers\FileHandler' driver.
INFO - 2023-05-03 03:26:49 --> Session: Class initialized using 'CodeIgniter\Session\Handlers\FileHandler' driver.
INFO - 2023-05-03 03:28:18 --> Session: Class initialized using 'CodeIgniter\Session\Handlers\FileHandler' driver.
INFO - 2023-05-03 03:28:50 --> Session: Class initialized using 'CodeIgniter\Session\Handlers\FileHandler' driver.
INFO - 2023-05-03 03:29:34 --> Session: Class initialized using 'CodeIgniter\Session\Handlers\FileHandler' driver.
INFO - 2023-05-03 03:32:40 --> Session: Class initialized using 'CodeIgniter\Session\Handlers\FileHandler' driver.
INFO - 2023-05-03 03:33:27 --> Session: Class initialized using 'CodeIgniter\Session\Handlers\FileHandler' driver.
INFO - 2023-05-03 03:34:26 --> Session: Class initialized using 'CodeIgniter\Session\Handlers\FileHandler' driver.
INFO - 2023-05-03 03:35:33 --> Session: Class initialized using 'CodeIgniter\Session\Handlers\FileHandler' driver.
INFO - 2023-05-03 03:35:53 --> Session: Class initialized using 'CodeIgniter\Session\Handlers\FileHandler' driver.
INFO - 2023-05-03 03:36:02 --> Session: Class initialized using 'CodeIgniter\Session\Handlers\FileHandler' driver.
INFO - 2023-05-03 03:36:17 --> Session: Class initialized using 'CodeIgniter\Session\Handlers\FileHandler' driver.
INFO - 2023-05-03 03:36:43 --> Session: Class initialized using 'CodeIgniter\Session\Handlers\FileHandler' driver.
INFO - 2023-05-03 03:41:20 --> Session: Class initialized using 'CodeIgniter\Session\Handlers\FileHandler' driver.
INFO - 2023-05-03 03:41:49 --> Session: Class initialized using 'CodeIgniter\Session\Handlers\FileHandler' driver.
INFO - 2023-05-03 03:42:11 --> Session: Class initialized using 'CodeIgniter\Session\Handlers\FileHandler' driver.
INFO - 2023-05-03 03:42:40 --> Session: Class initialized using 'CodeIgniter\Session\Handlers\FileHandler' driver.
INFO - 2023-05-03 03:42:59 --> Session: Class initialized using 'CodeIgniter\Session\Handlers\FileHandler' driver.
INFO - 2023-05-03 03:43:41 --> Session: Class initialized using 'CodeIgniter\Session\Handlers\FileHandler' driver.
INFO - 2023-05-03 03:44:36 --> Session: Class initialized using 'CodeIgniter\Session\Handlers\FileHandler' driver.
INFO - 2023-05-03 03:45:31 --> Session: Class initialized using 'CodeIgniter\Session\Handlers\FileHandler' driver.
CRITICAL - 2023-05-03 03:46:33 --> syntax error, unexpected ''nm_kecamatan'' (T_CONSTANT_ENCAPSED_STRING), expecting ')'
in APPPATH\Controllers\Kecamatan.php on line 31.
 1 SYSTEMPATH\Router\Router.php(507): CodeIgniter\Router\AutoRouter->getRoute('Kecamatan')
 2 SYSTEMPATH\Router\Router.php(206): CodeIgniter\Router\Router->autoRoute('Kecamatan')
 3 SYSTEMPATH\CodeIgniter.php(815): CodeIgniter\Router\Router->handle('Kecamatan')
 4 SYSTEMPATH\CodeIgniter.php(449): CodeIgniter\CodeIgniter->tryToRouteIt(Object(CodeIgniter\Router\RouteCollection))
 5 SYSTEMPATH\CodeIgniter.php(368): CodeIgniter\CodeIgniter->handleRequest(null, Object(Config\Cache), false)
 6 FCPATH\index.php(67): CodeIgniter\CodeIgniter->run()
 7 SYSTEMPATH\Commands\Server\rewrite.php(47): require_once('D:\\PROJECT-CI\\pemilu\\public\\index.php')
INFO - 2023-05-03 03:46:46 --> Session: Class initialized using 'CodeIgniter\Session\Handlers\FileHandler' driver.
INFO - 2023-05-03 03:47:21 --> Session: Class initialized using 'CodeIgniter\Session\Handlers\FileHandler' driver.
INFO - 2023-05-03 03:47:22 --> Session: Class initialized using 'CodeIgniter\Session\Handlers\FileHandler' driver.
CRITICAL - 2023-05-03 03:47:22 --> Undefined index: nm_Kecamatan
in APPPATH\Views\master\kecamatan.php on line 106.
 1 APPPATH\Views\master\kecamatan.php(106): CodeIgniter\Debug\Exceptions->errorHandler(8, 'Undefined index: nm_Kecamatan', 'D:\\PROJECT-CI\\pemilu\\app\\Views\\master\\kecamatan.php', 106, [...])
 2 SYSTEMPATH\View\View.php(213): include('D:\\PROJECT-CI\\pemilu\\app\\Views\\master\\kecamatan.php')
 3 SYSTEMPATH\View\View.php(216): CodeIgniter\View\View->CodeIgniter\View\{closure}()
 4 SYSTEMPATH\Common.php(1184): CodeIgniter\View\View->render('master/kecamatan', [], true)
 5 APPPATH\Controllers\Kecamatan.php(21): view('master/kecamatan', [...])
 6 SYSTEMPATH\CodeIgniter.php(934): App\Controllers\Kecamatan->index()
 7 SYSTEMPATH\CodeIgniter.php(499): CodeIgniter\CodeIgniter->runController(Object(App\Controllers\Kecamatan))
 8 SYSTEMPATH\CodeIgniter.php(368): CodeIgniter\CodeIgniter->handleRequest(null, Object(Config\Cache), false)
 9 FCPATH\index.php(67): CodeIgniter\CodeIgniter->run()
10 SYSTEMPATH\Commands\Server\rewrite.php(47): require_once('D:\\PROJECT-CI\\pemilu\\public\\index.php')
INFO - 2023-05-03 03:52:15 --> Session: Class initialized using 'CodeIgniter\Session\Handlers\FileHandler' driver.
INFO - 2023-05-03 03:52:28 --> Session: Class initialized using 'CodeIgniter\Session\Handlers\FileHandler' driver.
INFO - 2023-05-03 03:52:28 --> Session: Class initialized using 'CodeIgniter\Session\Handlers\FileHandler' driver.
INFO - 2023-05-03 03:54:47 --> Session: Class initialized using 'CodeIgniter\Session\Handlers\FileHandler' driver.
INFO - 2023-05-03 03:55:10 --> Session: Class initialized using 'CodeIgniter\Session\Handlers\FileHandler' driver.
INFO - 2023-05-03 03:55:54 --> Session: Class initialized using 'CodeIgniter\Session\Handlers\FileHandler' driver.
INFO - 2023-05-03 03:55:54 --> Session: Class initialized using 'CodeIgniter\Session\Handlers\FileHandler' driver.
INFO - 2023-05-03 03:56:01 --> Session: Class initialized using 'CodeIgniter\Session\Handlers\FileHandler' driver.
INFO - 2023-05-03 03:56:01 --> Session: Class initialized using 'CodeIgniter\Session\Handlers\FileHandler' driver.
INFO - 2023-05-03 03:56:35 --> Session: Class initialized using 'CodeIgniter\Session\Handlers\FileHandler' driver.
INFO - 2023-05-03 03:56:42 --> Session: Class initialized using 'CodeIgniter\Session\Handlers\FileHandler' driver.
INFO - 2023-05-03 03:56:42 --> Session: Class initialized using 'CodeIgniter\Session\Handlers\FileHandler' driver.
INFO - 2023-05-03 03:56:47 --> Session: Class initialized using 'CodeIgniter\Session\Handlers\FileHandler' driver.
INFO - 2023-05-03 03:56:47 --> Session: Class initialized using 'CodeIgniter\Session\Handlers\FileHandler' driver.
INFO - 2023-05-03 03:56:54 --> Session: Class initialized using 'CodeIgniter\Session\Handlers\FileHandler' driver.
INFO - 2023-05-03 03:56:55 --> Session: Class initialized using 'CodeIgniter\Session\Handlers\FileHandler' driver.
INFO - 2023-05-03 03:57:05 --> Session: Class initialized using 'CodeIgniter\Session\Handlers\FileHandler' driver.
INFO - 2023-05-03 03:57:05 --> Session: Class initialized using 'CodeIgniter\Session\Handlers\FileHandler' driver.
INFO - 2023-05-03 04:29:46 --> Session: Class initialized using 'CodeIgniter\Session\Handlers\FileHandler' driver.
CRITICAL - 2023-05-03 04:29:48 --> Class 'App\Models\Desa_model' not found
in APPPATH\Controllers\Desa.php on line 11.
 1 SYSTEMPATH\CodeIgniter.php(934): App\Controllers\Desa->index()
 2 SYSTEMPATH\CodeIgniter.php(499): CodeIgniter\CodeIgniter->runController(Object(App\Controllers\Desa))
 3 SYSTEMPATH\CodeIgniter.php(368): CodeIgniter\CodeIgniter->handleRequest(null, Object(Config\Cache), false)
 4 FCPATH\index.php(67): CodeIgniter\CodeIgniter->run()
 5 SYSTEMPATH\Commands\Server\rewrite.php(47): require_once('D:\\PROJECT-CI\\pemilu\\public\\index.php')
INFO - 2023-05-03 04:30:07 --> Session: Class initialized using 'CodeIgniter\Session\Handlers\FileHandler' driver.
INFO - 2023-05-03 04:31:53 --> Session: Class initialized using 'CodeIgniter\Session\Handlers\FileHandler' driver.
INFO - 2023-05-03 04:32:11 --> Session: Class initialized using 'CodeIgniter\Session\Handlers\FileHandler' driver.
INFO - 2023-05-03 04:32:22 --> Session: Class initialized using 'CodeIgniter\Session\Handlers\FileHandler' driver.
INFO - 2023-05-03 04:32:22 --> Session: Class initialized using 'CodeIgniter\Session\Handlers\FileHandler' driver.
INFO - 2023-05-03 04:32:34 --> Session: Class initialized using 'CodeIgniter\Session\Handlers\FileHandler' driver.
INFO - 2023-05-03 04:32:35 --> Session: Class initialized using 'CodeIgniter\Session\Handlers\FileHandler' driver.
INFO - 2023-05-03 04:32:37 --> Session: Class initialized using 'CodeIgniter\Session\Handlers\FileHandler' driver.
INFO - 2023-05-03 04:37:34 --> Session: Class initialized using 'CodeIgniter\Session\Handlers\FileHandler' driver.
INFO - 2023-05-03 04:37:34 --> Session: Class initialized using 'CodeIgniter\Session\Handlers\FileHandler' driver.
INFO - 2023-05-03 04:37:41 --> Session: Class initialized using 'CodeIgniter\Session\Handlers\FileHandler' driver.
INFO - 2023-05-03 04:50:15 --> Session: Class initialized using 'CodeIgniter\Session\Handlers\FileHandler' driver.
ERROR - 2023-05-03 04:50:28 --> mysqli_sql_exception: Column 'id_kecamatan' cannot be null in D:\PROJECT-CI\pemilu\system\Database\MySQLi\Connection.php:295
Stack trace:
#0 D:\PROJECT-CI\pemilu\system\Database\MySQLi\Connection.php(295): mysqli->query('INSERT INTO `t_...', 0)
#1 D:\PROJECT-CI\pemilu\system\Database\BaseConnection.php(691): CodeIgniter\Database\MySQLi\Connection->execute('INSERT INTO `t_...')
#2 D:\PROJECT-CI\pemilu\system\Database\BaseConnection.php(605): CodeIgniter\Database\BaseConnection->simpleQuery('INSERT INTO `t_...')
#3 D:\PROJECT-CI\pemilu\system\Database\BaseBuilder.php(2309): CodeIgniter\Database\BaseConnection->query('INSERT INTO `t_...', Array, false)
#4 D:\PROJECT-CI\pemilu\app\Models\Desa_model.php(41): CodeIgniter\Database\BaseBuilder->insert(Array)
#5 D:\PROJECT-CI\pemilu\app\Controllers\Desa.php(45): App\Models\Desa_model->saveDesa(Array)
#6 D:\PROJECT-CI\pemilu\system\CodeIgniter.php(934): App\Controllers\Desa->add()
#7 D:\PROJECT-CI\pemilu\system\CodeIgniter.php(499): CodeIgniter\CodeIgniter->runController(Object(App\Controllers\Desa))
#8 D:\PROJECT-CI\pemilu\system\CodeIgniter.php(368): CodeIgniter\CodeIgniter->handleRequest(NULL, Object(Config\Cache), false)
#9 D:\PROJECT-CI\pemilu\public\index.php(67): CodeIgniter\CodeIgniter->run()
#10 D:\PROJECT-CI\pemilu\system\Commands\Server\rewrite.php(47): require_once('D:\\PROJECT-CI\\p...')
#11 {main}
CRITICAL - 2023-05-03 04:50:28 --> Column 'id_kecamatan' cannot be null
in SYSTEMPATH\Database\MySQLi\Connection.php on line 295.
 1 SYSTEMPATH\Database\MySQLi\Connection.php(295): mysqli->query('INSERT INTO `t_desa` (`id_kabupaten`, `id_kecamatan`, `nm_Desa`) VALUES (\'3\', NULL, \'Trojalu\')', 0)
 2 SYSTEMPATH\Database\BaseConnection.php(691): CodeIgniter\Database\MySQLi\Connection->execute('INSERT INTO `t_desa` (`id_kabupaten`, `id_kecamatan`, `nm_Desa`) VALUES (\'3\', NULL, \'Trojalu\')')
 3 SYSTEMPATH\Database\BaseConnection.php(605): CodeIgniter\Database\BaseConnection->simpleQuery('INSERT INTO `t_desa` (`id_kabupaten`, `id_kecamatan`, `nm_Desa`) VALUES (\'3\', NULL, \'Trojalu\')')
 4 SYSTEMPATH\Database\BaseBuilder.php(2309): CodeIgniter\Database\BaseConnection->query('INSERT INTO `t_desa` (`id_kabupaten`, `id_kecamatan`, `nm_Desa`) VALUES (:id_kabupaten:, :id_kecamatan:, :nm_Desa:)', [...], false)
 5 APPPATH\Models\Desa_model.php(41): CodeIgniter\Database\BaseBuilder->insert([...])
 6 APPPATH\Controllers\Desa.php(45): App\Models\Desa_model->saveDesa([...])
 7 SYSTEMPATH\CodeIgniter.php(934): App\Controllers\Desa->add()
 8 SYSTEMPATH\CodeIgniter.php(499): CodeIgniter\CodeIgniter->runController(Object(App\Controllers\Desa))
 9 SYSTEMPATH\CodeIgniter.php(368): CodeIgniter\CodeIgniter->handleRequest(null, Object(Config\Cache), false)
10 FCPATH\index.php(67): CodeIgniter\CodeIgniter->run()
11 SYSTEMPATH\Commands\Server\rewrite.php(47): require_once('D:\\PROJECT-CI\\pemilu\\public\\index.php')
INFO - 2023-05-03 04:50:48 --> Session: Class initialized using 'CodeIgniter\Session\Handlers\FileHandler' driver.
INFO - 2023-05-03 04:50:49 --> Session: Class initialized using 'CodeIgniter\Session\Handlers\FileHandler' driver.
INFO - 2023-05-03 04:57:26 --> Session: Class initialized using 'CodeIgniter\Session\Handlers\FileHandler' driver.
INFO - 2023-05-03 04:57:26 --> Session: Class initialized using 'CodeIgniter\Session\Handlers\FileHandler' driver.
INFO - 2023-05-03 05:16:31 --> Session: Class initialized using 'CodeIgniter\Session\Handlers\FileHandler' driver.
INFO - 2023-05-03 06:26:04 --> Session: Class initialized using 'CodeIgniter\Session\Handlers\FileHandler' driver.
INFO - 2023-05-03 06:40:19 --> Session: Class initialized using 'CodeIgniter\Session\Handlers\FileHandler' driver.
INFO - 2023-05-03 06:40:24 --> Session: Class initialized using 'CodeIgniter\Session\Handlers\FileHandler' driver.
CRITICAL - 2023-05-03 06:40:32 --> Undefined index: id_desa
in APPPATH\Controllers\Tps.php on line 119.
 1 APPPATH\Controllers\Tps.php(119): CodeIgniter\Debug\Exceptions->errorHandler(8, 'Undefined index: id_desa', 'D:\\PROJECT-CI\\pemilu\\app\\Controllers\\Tps.php', 119, [...])
 2 SYSTEMPATH\CodeIgniter.php(934): App\Controllers\Tps->desa()
 3 SYSTEMPATH\CodeIgniter.php(499): CodeIgniter\CodeIgniter->runController(Object(App\Controllers\Tps))
 4 SYSTEMPATH\CodeIgniter.php(368): CodeIgniter\CodeIgniter->handleRequest(null, Object(Config\Cache), false)
 5 FCPATH\index.php(67): CodeIgniter\CodeIgniter->run()
 6 SYSTEMPATH\Commands\Server\rewrite.php(47): require_once('D:\\PROJECT-CI\\pemilu\\public\\index.php')
CRITICAL - 2023-05-03 06:40:41 --> Undefined index: id_desa
in APPPATH\Controllers\Tps.php on line 119.
 1 APPPATH\Controllers\Tps.php(119): CodeIgniter\Debug\Exceptions->errorHandler(8, 'Undefined index: id_desa', 'D:\\PROJECT-CI\\pemilu\\app\\Controllers\\Tps.php', 119, [...])
 2 SYSTEMPATH\CodeIgniter.php(934): App\Controllers\Tps->desa()
 3 SYSTEMPATH\CodeIgniter.php(499): CodeIgniter\CodeIgniter->runController(Object(App\Controllers\Tps))
 4 SYSTEMPATH\CodeIgniter.php(368): CodeIgniter\CodeIgniter->handleRequest(null, Object(Config\Cache), false)
 5 FCPATH\index.php(67): CodeIgniter\CodeIgniter->run()
 6 SYSTEMPATH\Commands\Server\rewrite.php(47): require_once('D:\\PROJECT-CI\\pemilu\\public\\index.php')
INFO - 2023-05-03 06:40:46 --> Session: Class initialized using 'CodeIgniter\Session\Handlers\FileHandler' driver.
INFO - 2023-05-03 06:43:33 --> Session: Class initialized using 'CodeIgniter\Session\Handlers\FileHandler' driver.
INFO - 2023-05-03 06:43:34 --> Session: Class initialized using 'CodeIgniter\Session\Handlers\FileHandler' driver.
INFO - 2023-05-03 06:50:13 --> Session: Class initialized using 'CodeIgniter\Session\Handlers\FileHandler' driver.
INFO - 2023-05-03 06:53:59 --> Session: Class initialized using 'CodeIgniter\Session\Handlers\FileHandler' driver.
INFO - 2023-05-03 06:54:35 --> Session: Class initialized using 'CodeIgniter\Session\Handlers\FileHandler' driver.
INFO - 2023-05-03 07:02:38 --> Session: Class initialized using 'CodeIgniter\Session\Handlers\FileHandler' driver.
INFO - 2023-05-03 07:06:23 --> Session: Class initialized using 'CodeIgniter\Session\Handlers\FileHandler' driver.
INFO - 2023-05-03 07:06:50 --> Session: Class initialized using 'CodeIgniter\Session\Handlers\FileHandler' driver.
INFO - 2023-05-03 07:08:57 --> Session: Class initialized using 'CodeIgniter\Session\Handlers\FileHandler' driver.
INFO - 2023-05-03 07:09:19 --> Session: Class initialized using 'CodeIgniter\Session\Handlers\FileHandler' driver.
INFO - 2023-05-03 07:10:21 --> Session: Class initialized using 'CodeIgniter\Session\Handlers\FileHandler' driver.
INFO - 2023-05-03 07:11:52 --> Session: Class initialized using 'CodeIgniter\Session\Handlers\FileHandler' driver.
INFO - 2023-05-03 07:12:25 --> Session: Class initialized using 'CodeIgniter\Session\Handlers\FileHandler' driver.
INFO - 2023-05-03 07:14:30 --> Session: Class initialized using 'CodeIgniter\Session\Handlers\FileHandler' driver.
INFO - 2023-05-03 07:16:18 --> Session: Class initialized using 'CodeIgniter\Session\Handlers\FileHandler' driver.
INFO - 2023-05-03 07:17:20 --> Session: Class initialized using 'CodeIgniter\Session\Handlers\FileHandler' driver.
INFO - 2023-05-03 07:18:59 --> Session: Class initialized using 'CodeIgniter\Session\Handlers\FileHandler' driver.
INFO - 2023-05-03 07:19:20 --> Session: Class initialized using 'CodeIgniter\Session\Handlers\FileHandler' driver.
INFO - 2023-05-03 07:19:38 --> Session: Class initialized using 'CodeIgniter\Session\Handlers\FileHandler' driver.
INFO - 2023-05-03 07:21:45 --> Session: Class initialized using 'CodeIgniter\Session\Handlers\FileHandler' driver.
INFO - 2023-05-03 07:22:02 --> Session: Class initialized using 'CodeIgniter\Session\Handlers\FileHandler' driver.
INFO - 2023-05-03 07:22:36 --> Session: Class initialized using 'CodeIgniter\Session\Handlers\FileHandler' driver.
INFO - 2023-05-03 07:22:56 --> Session: Class initialized using 'CodeIgniter\Session\Handlers\FileHandler' driver.
INFO - 2023-05-03 07:23:17 --> Session: Class initialized using 'CodeIgniter\Session\Handlers\FileHandler' driver.
INFO - 2023-05-03 07:24:06 --> Session: Class initialized using 'CodeIgniter\Session\Handlers\FileHandler' driver.
INFO - 2023-05-03 07:24:25 --> Session: Class initialized using 'CodeIgniter\Session\Handlers\FileHandler' driver.
INFO - 2023-05-03 07:40:37 --> Session: Class initialized using 'CodeIgniter\Session\Handlers\FileHandler' driver.
INFO - 2023-05-03 07:40:53 --> Session: Class initialized using 'CodeIgniter\Session\Handlers\FileHandler' driver.
INFO - 2023-05-03 07:41:09 --> Session: Class initialized using 'CodeIgniter\Session\Handlers\FileHandler' driver.
INFO - 2023-05-03 07:41:32 --> Session: Class initialized using 'CodeIgniter\Session\Handlers\FileHandler' driver.
INFO - 2023-05-03 07:41:33 --> Session: Class initialized using 'CodeIgniter\Session\Handlers\FileHandler' driver.
INFO - 2023-05-03 07:45:31 --> Session: Class initialized using 'CodeIgniter\Session\Handlers\FileHandler' driver.
INFO - 2023-05-03 07:45:38 --> Session: Class initialized using 'CodeIgniter\Session\Handlers\FileHandler' driver.
INFO - 2023-05-03 07:45:38 --> Session: Class initialized using 'CodeIgniter\Session\Handlers\FileHandler' driver.
INFO - 2023-05-03 07:46:49 --> Session: Class initialized using 'CodeIgniter\Session\Handlers\FileHandler' driver.
INFO - 2023-05-03 07:46:54 --> Session: Class initialized using 'CodeIgniter\Session\Handlers\FileHandler' driver.
INFO - 2023-05-03 07:46:55 --> Session: Class initialized using 'CodeIgniter\Session\Handlers\FileHandler' driver.
INFO - 2023-05-03 07:47:33 --> Session: Class initialized using 'CodeIgniter\Session\Handlers\FileHandler' driver.
INFO - 2023-05-03 07:47:46 --> Session: Class initialized using 'CodeIgniter\Session\Handlers\FileHandler' driver.
INFO - 2023-05-03 07:47:46 --> Session: Class initialized using 'CodeIgniter\Session\Handlers\FileHandler' driver.
INFO - 2023-05-03 07:48:38 --> Session: Class initialized using 'CodeIgniter\Session\Handlers\FileHandler' driver.
INFO - 2023-05-03 07:48:46 --> Session: Class initialized using 'CodeIgniter\Session\Handlers\FileHandler' driver.
INFO - 2023-05-03 07:48:46 --> Session: Class initialized using 'CodeIgniter\Session\Handlers\FileHandler' driver.
INFO - 2023-05-03 07:54:55 --> Session: Class initialized using 'CodeIgniter\Session\Handlers\FileHandler' driver.
INFO - 2023-05-03 07:55:02 --> Session: Class initialized using 'CodeIgniter\Session\Handlers\FileHandler' driver.
INFO - 2023-05-03 07:55:02 --> Session: Class initialized using 'CodeIgniter\Session\Handlers\FileHandler' driver.
INFO - 2023-05-03 07:55:49 --> Session: Class initialized using 'CodeIgniter\Session\Handlers\FileHandler' driver.
INFO - 2023-05-03 07:55:57 --> Session: Class initialized using 'CodeIgniter\Session\Handlers\FileHandler' driver.
INFO - 2023-05-03 07:55:57 --> Session: Class initialized using 'CodeIgniter\Session\Handlers\FileHandler' driver.
INFO - 2023-05-03 07:56:38 --> Session: Class initialized using 'CodeIgniter\Session\Handlers\FileHandler' driver.
INFO - 2023-05-03 07:56:50 --> Session: Class initialized using 'CodeIgniter\Session\Handlers\FileHandler' driver.
INFO - 2023-05-03 07:56:50 --> Session: Class initialized using 'CodeIgniter\Session\Handlers\FileHandler' driver.
INFO - 2023-05-03 07:57:14 --> Session: Class initialized using 'CodeIgniter\Session\Handlers\FileHandler' driver.
CRITICAL - 2023-05-03 07:57:20 --> Array to string conversion
in SYSTEMPATH\Database\BaseBuilder.php on line 2160.
 1 [internal function]: CodeIgniter\Debug\Exceptions->errorHandler(8, 'Array to string conversion', 'D:\\PROJECT-CI\\pemilu\\system\\Database\\BaseBuilder.php', 2160, [...])
 2 SYSTEMPATH\Database\BaseBuilder.php(2160): implode(',', [...])
 3 [internal function]: CodeIgniter\Database\BaseBuilder::CodeIgniter\Database\{closure}([...])
 4 SYSTEMPATH\Database\BaseBuilder.php(2160): array_map(Object(Closure), [...])
 5 SYSTEMPATH\Database\BaseBuilder.php(2221): CodeIgniter\Database\BaseBuilder->formatValues([...])
 6 SYSTEMPATH\Database\BaseBuilder.php(1792): CodeIgniter\Database\BaseBuilder->_insertBatch('`t_tps`', [...], [...])
 7 SYSTEMPATH\Database\BaseBuilder.php(2192): CodeIgniter\Database\BaseBuilder->batchExecute('_insertBatch', 100)
 8 APPPATH\Models\Tps_model.php(49): CodeIgniter\Database\BaseBuilder->insertBatch([...])
 9 APPPATH\Controllers\Tps.php(41): App\Models\Tps_model->saveTps([...])
10 SYSTEMPATH\CodeIgniter.php(934): App\Controllers\Tps->add()
11 SYSTEMPATH\CodeIgniter.php(499): CodeIgniter\CodeIgniter->runController(Object(App\Controllers\Tps))
12 SYSTEMPATH\CodeIgniter.php(368): CodeIgniter\CodeIgniter->handleRequest(null, Object(Config\Cache), false)
13 FCPATH\index.php(67): CodeIgniter\CodeIgniter->run()
14 SYSTEMPATH\Commands\Server\rewrite.php(47): require_once('D:\\PROJECT-CI\\pemilu\\public\\index.php')
CRITICAL - 2023-05-03 07:57:55 --> Array to string conversion
in SYSTEMPATH\Database\BaseBuilder.php on line 2160.
 1 [internal function]: CodeIgniter\Debug\Exceptions->errorHandler(8, 'Array to string conversion', 'D:\\PROJECT-CI\\pemilu\\system\\Database\\BaseBuilder.php', 2160, [...])
 2 SYSTEMPATH\Database\BaseBuilder.php(2160): implode(',', [...])
 3 [internal function]: CodeIgniter\Database\BaseBuilder::CodeIgniter\Database\{closure}([...])
 4 SYSTEMPATH\Database\BaseBuilder.php(2160): array_map(Object(Closure), [...])
 5 SYSTEMPATH\Database\BaseBuilder.php(2221): CodeIgniter\Database\BaseBuilder->formatValues([...])
 6 SYSTEMPATH\Database\BaseBuilder.php(1792): CodeIgniter\Database\BaseBuilder->_insertBatch('`t_tps`', [...], [...])
 7 SYSTEMPATH\Database\BaseBuilder.php(2192): CodeIgniter\Database\BaseBuilder->batchExecute('_insertBatch', 100)
 8 APPPATH\Models\Tps_model.php(49): CodeIgniter\Database\BaseBuilder->insertBatch([...])
 9 APPPATH\Controllers\Tps.php(41): App\Models\Tps_model->saveTps([...])
10 SYSTEMPATH\CodeIgniter.php(934): App\Controllers\Tps->add()
11 SYSTEMPATH\CodeIgniter.php(499): CodeIgniter\CodeIgniter->runController(Object(App\Controllers\Tps))
12 SYSTEMPATH\CodeIgniter.php(368): CodeIgniter\CodeIgniter->handleRequest(null, Object(Config\Cache), false)
13 FCPATH\index.php(67): CodeIgniter\CodeIgniter->run()
14 SYSTEMPATH\Commands\Server\rewrite.php(47): require_once('D:\\PROJECT-CI\\pemilu\\public\\index.php')
INFO - 2023-05-03 07:58:05 --> Session: Class initialized using 'CodeIgniter\Session\Handlers\FileHandler' driver.
INFO - 2023-05-03 07:58:07 --> Session: Class initialized using 'CodeIgniter\Session\Handlers\FileHandler' driver.
INFO - 2023-05-03 07:58:13 --> Session: Class initialized using 'CodeIgniter\Session\Handlers\FileHandler' driver.
INFO - 2023-05-03 07:58:13 --> Session: Class initialized using 'CodeIgniter\Session\Handlers\FileHandler' driver.
ERROR - 2023-05-03 13:25:50 --> Error connecting to the database: mysqli_sql_exception: No connection could be made because the target machine actively refused it.
 in D:\PROJECT-CI\pemilu\system\Database\MySQLi\Connection.php:174
Stack trace:
#0 D:\PROJECT-CI\pemilu\system\Database\MySQLi\Connection.php(174): mysqli->real_connect('localhost', 'root', 'p4ssw0rd', 'pemilu', 3306, '', 0)
#1 D:\PROJECT-CI\pemilu\system\Database\BaseConnection.php(391): CodeIgniter\Database\MySQLi\Connection->connect(false)
#2 D:\PROJECT-CI\pemilu\system\Database\BaseConnection.php(573): CodeIgniter\Database\BaseConnection->initialize()
#3 D:\PROJECT-CI\pemilu\system\Database\BaseBuilder.php(1616): CodeIgniter\Database\BaseConnection->query('SELECT *\nFROM `...', Array, false)
#4 D:\PROJECT-CI\pemilu\app\Models\Tps_model.php(19): CodeIgniter\Database\BaseBuilder->get()
#5 D:\PROJECT-CI\pemilu\app\Controllers\Tps.php(15): App\Models\Tps_model->getTps()
#6 D:\PROJECT-CI\pemilu\system\CodeIgniter.php(934): App\Controllers\Tps->index()
#7 D:\PROJECT-CI\pemilu\system\CodeIgniter.php(499): CodeIgniter\CodeIgniter->runController(Object(App\Controllers\Tps))
#8 D:\PROJECT-CI\pemilu\system\CodeIgniter.php(368): CodeIgniter\CodeIgniter->handleRequest(NULL, Object(Config\Cache), false)
#9 D:\PROJECT-CI\pemilu\public\index.php(67): CodeIgniter\CodeIgniter->run()
#10 D:\PROJECT-CI\pemilu\system\Commands\Server\rewrite.php(47): require_once('D:\\PROJECT-CI\\p...')
#11 {main}

Next CodeIgniter\Database\Exceptions\DatabaseException: No connection could be made because the target machine actively refused it.
 in D:\PROJECT-CI\pemilu\system\Database\MySQLi\Connection.php:218
Stack trace:
#0 D:\PROJECT-CI\pemilu\system\Database\BaseConnection.php(391): CodeIgniter\Database\MySQLi\Connection->connect(false)
#1 D:\PROJECT-CI\pemilu\system\Database\BaseConnection.php(573): CodeIgniter\Database\BaseConnection->initialize()
#2 D:\PROJECT-CI\pemilu\system\Database\BaseBuilder.php(1616): CodeIgniter\Database\BaseConnection->query('SELECT *\nFROM `...', Array, false)
#3 D:\PROJECT-CI\pemilu\app\Models\Tps_model.php(19): CodeIgniter\Database\BaseBuilder->get()
#4 D:\PROJECT-CI\pemilu\app\Controllers\Tps.php(15): App\Models\Tps_model->getTps()
#5 D:\PROJECT-CI\pemilu\system\CodeIgniter.php(934): App\Controllers\Tps->index()
#6 D:\PROJECT-CI\pemilu\system\CodeIgniter.php(499): CodeIgniter\CodeIgniter->runController(Object(App\Controllers\Tps))
#7 D:\PROJECT-CI\pemilu\system\CodeIgniter.php(368): CodeIgniter\CodeIgniter->handleRequest(NULL, Object(Config\Cache), false)
#8 D:\PROJECT-CI\pemilu\public\index.php(67): CodeIgniter\CodeIgniter->run()
#9 D:\PROJECT-CI\pemilu\system\Commands\Server\rewrite.php(47): require_once('D:\\PROJECT-CI\\p...')
#10 {main}
CRITICAL - 2023-05-03 13:25:50 --> Unable to connect to the database.
Main connection [MySQLi]: No connection could be made because the target machine actively refused it.

in SYSTEMPATH\Database\BaseConnection.php on line 427.
 1 SYSTEMPATH\Database\BaseConnection.php(573): CodeIgniter\Database\BaseConnection->initialize()
 2 SYSTEMPATH\Database\BaseBuilder.php(1616): CodeIgniter\Database\BaseConnection->query('SELECT *
FROM `t_tps`
JOIN `t_kabupaten` ON `t_kabupaten`.`id_kabupaten` = `t_Tps`.`id_kabupaten`
JOIN `t_kecamatan` ON `t_kecamatan`.`id_kecamatan` = `t_Tps`.`id_kecamatan`
JOIN `t_desa` ON `t_desa`.`id_desa` = `t_tps`.`id_desa`
ORDER BY `nm_tps` ASC', [], false)
 3 APPPATH\Models\Tps_model.php(19): CodeIgniter\Database\BaseBuilder->get()
 4 APPPATH\Controllers\Tps.php(15): App\Models\Tps_model->getTps()
 5 SYSTEMPATH\CodeIgniter.php(934): App\Controllers\Tps->index()
 6 SYSTEMPATH\CodeIgniter.php(499): CodeIgniter\CodeIgniter->runController(Object(App\Controllers\Tps))
 7 SYSTEMPATH\CodeIgniter.php(368): CodeIgniter\CodeIgniter->handleRequest(null, Object(Config\Cache), false)
 8 FCPATH\index.php(67): CodeIgniter\CodeIgniter->run()
 9 SYSTEMPATH\Commands\Server\rewrite.php(47): require_once('D:\\PROJECT-CI\\pemilu\\public\\index.php')
ERROR - 2023-05-03 13:26:16 --> Error connecting to the database: mysqli_sql_exception: No connection could be made because the target machine actively refused it.
 in D:\PROJECT-CI\pemilu\system\Database\MySQLi\Connection.php:174
Stack trace:
#0 D:\PROJECT-CI\pemilu\system\Database\MySQLi\Connection.php(174): mysqli->real_connect('localhost', 'root', 'p4ssw0rd', 'pemilu', 3306, '', 0)
#1 D:\PROJECT-CI\pemilu\system\Database\BaseConnection.php(391): CodeIgniter\Database\MySQLi\Connection->connect(false)
#2 D:\PROJECT-CI\pemilu\system\Database\BaseConnection.php(573): CodeIgniter\Database\BaseConnection->initialize()
#3 D:\PROJECT-CI\pemilu\system\Database\BaseBuilder.php(1616): CodeIgniter\Database\BaseConnection->query('SELECT *\nFROM `...', Array, false)
#4 D:\PROJECT-CI\pemilu\app\Models\Tps_model.php(19): CodeIgniter\Database\BaseBuilder->get()
#5 D:\PROJECT-CI\pemilu\app\Controllers\Tps.php(15): App\Models\Tps_model->getTps()
#6 D:\PROJECT-CI\pemilu\system\CodeIgniter.php(934): App\Controllers\Tps->index()
#7 D:\PROJECT-CI\pemilu\system\CodeIgniter.php(499): CodeIgniter\CodeIgniter->runController(Object(App\Controllers\Tps))
#8 D:\PROJECT-CI\pemilu\system\CodeIgniter.php(368): CodeIgniter\CodeIgniter->handleRequest(NULL, Object(Config\Cache), false)
#9 D:\PROJECT-CI\pemilu\public\index.php(67): CodeIgniter\CodeIgniter->run()
#10 D:\PROJECT-CI\pemilu\system\Commands\Server\rewrite.php(47): require_once('D:\\PROJECT-CI\\p...')
#11 {main}

Next CodeIgniter\Database\Exceptions\DatabaseException: No connection could be made because the target machine actively refused it.
 in D:\PROJECT-CI\pemilu\system\Database\MySQLi\Connection.php:218
Stack trace:
#0 D:\PROJECT-CI\pemilu\system\Database\BaseConnection.php(391): CodeIgniter\Database\MySQLi\Connection->connect(false)
#1 D:\PROJECT-CI\pemilu\system\Database\BaseConnection.php(573): CodeIgniter\Database\BaseConnection->initialize()
#2 D:\PROJECT-CI\pemilu\system\Database\BaseBuilder.php(1616): CodeIgniter\Database\BaseConnection->query('SELECT *\nFROM `...', Array, false)
#3 D:\PROJECT-CI\pemilu\app\Models\Tps_model.php(19): CodeIgniter\Database\BaseBuilder->get()
#4 D:\PROJECT-CI\pemilu\app\Controllers\Tps.php(15): App\Models\Tps_model->getTps()
#5 D:\PROJECT-CI\pemilu\system\CodeIgniter.php(934): App\Controllers\Tps->index()
#6 D:\PROJECT-CI\pemilu\system\CodeIgniter.php(499): CodeIgniter\CodeIgniter->runController(Object(App\Controllers\Tps))
#7 D:\PROJECT-CI\pemilu\system\CodeIgniter.php(368): CodeIgniter\CodeIgniter->handleRequest(NULL, Object(Config\Cache), false)
#8 D:\PROJECT-CI\pemilu\public\index.php(67): CodeIgniter\CodeIgniter->run()
#9 D:\PROJECT-CI\pemilu\system\Commands\Server\rewrite.php(47): require_once('D:\\PROJECT-CI\\p...')
#10 {main}
CRITICAL - 2023-05-03 13:26:16 --> Unable to connect to the database.
Main connection [MySQLi]: No connection could be made because the target machine actively refused it.

in SYSTEMPATH\Database\BaseConnection.php on line 427.
 1 SYSTEMPATH\Database\BaseConnection.php(573): CodeIgniter\Database\BaseConnection->initialize()
 2 SYSTEMPATH\Database\BaseBuilder.php(1616): CodeIgniter\Database\BaseConnection->query('SELECT *
FROM `t_tps`
JOIN `t_kabupaten` ON `t_kabupaten`.`id_kabupaten` = `t_Tps`.`id_kabupaten`
JOIN `t_kecamatan` ON `t_kecamatan`.`id_kecamatan` = `t_Tps`.`id_kecamatan`
JOIN `t_desa` ON `t_desa`.`id_desa` = `t_tps`.`id_desa`
ORDER BY `nm_tps` ASC', [], false)
 3 APPPATH\Models\Tps_model.php(19): CodeIgniter\Database\BaseBuilder->get()
 4 APPPATH\Controllers\Tps.php(15): App\Models\Tps_model->getTps()
 5 SYSTEMPATH\CodeIgniter.php(934): App\Controllers\Tps->index()
 6 SYSTEMPATH\CodeIgniter.php(499): CodeIgniter\CodeIgniter->runController(Object(App\Controllers\Tps))
 7 SYSTEMPATH\CodeIgniter.php(368): CodeIgniter\CodeIgniter->handleRequest(null, Object(Config\Cache), false)
 8 FCPATH\index.php(67): CodeIgniter\CodeIgniter->run()
 9 SYSTEMPATH\Commands\Server\rewrite.php(47): require_once('D:\\PROJECT-CI\\pemilu\\public\\index.php')
INFO - 2023-05-03 13:26:29 --> Session: Class initialized using 'CodeIgniter\Session\Handlers\FileHandler' driver.
INFO - 2023-05-03 13:50:56 --> Session: Class initialized using 'CodeIgniter\Session\Handlers\FileHandler' driver.
INFO - 2023-05-03 13:51:09 --> Session: Class initialized using 'CodeIgniter\Session\Handlers\FileHandler' driver.
INFO - 2023-05-03 13:51:20 --> Session: Class initialized using 'CodeIgniter\Session\Handlers\FileHandler' driver.
INFO - 2023-05-03 13:51:21 --> Session: Class initialized using 'CodeIgniter\Session\Handlers\FileHandler' driver.
INFO - 2023-05-03 13:52:31 --> Session: Class initialized using 'CodeIgniter\Session\Handlers\FileHandler' driver.
INFO - 2023-05-03 13:52:40 --> Session: Class initialized using 'CodeIgniter\Session\Handlers\FileHandler' driver.
INFO - 2023-05-03 13:52:40 --> Session: Class initialized using 'CodeIgniter\Session\Handlers\FileHandler' driver.
CRITICAL - 2023-05-03 13:54:05 --> syntax error, unexpected 'for' (T_FOR), expecting ']'
in APPPATH\Controllers\Tps.php on line 36.
 1 SYSTEMPATH\Router\Router.php(507): CodeIgniter\Router\AutoRouter->getRoute('Tps')
 2 SYSTEMPATH\Router\Router.php(206): CodeIgniter\Router\Router->autoRoute('Tps')
 3 SYSTEMPATH\CodeIgniter.php(815): CodeIgniter\Router\Router->handle('Tps')
 4 SYSTEMPATH\CodeIgniter.php(449): CodeIgniter\CodeIgniter->tryToRouteIt(Object(CodeIgniter\Router\RouteCollection))
 5 SYSTEMPATH\CodeIgniter.php(368): CodeIgniter\CodeIgniter->handleRequest(null, Object(Config\Cache), false)
 6 FCPATH\index.php(67): CodeIgniter\CodeIgniter->run()
 7 SYSTEMPATH\Commands\Server\rewrite.php(47): require_once('D:\\PROJECT-CI\\pemilu\\public\\index.php')
INFO - 2023-05-03 14:06:15 --> Session: Class initialized using 'CodeIgniter\Session\Handlers\FileHandler' driver.
INFO - 2023-05-03 14:06:28 --> Session: Class initialized using 'CodeIgniter\Session\Handlers\FileHandler' driver.
INFO - 2023-05-03 14:06:29 --> Session: Class initialized using 'CodeIgniter\Session\Handlers\FileHandler' driver.
INFO - 2023-05-03 14:06:47 --> Session: Class initialized using 'CodeIgniter\Session\Handlers\FileHandler' driver.
ERROR - 2023-05-03 14:07:20 --> mysqli_sql_exception: You have an error in your SQL syntax; check the manual that corresponds to your MariaDB server version for the right syntax to use near '0) VALUES (:0:)' at line 1 in D:\PROJECT-CI\pemilu\system\Database\MySQLi\Connection.php:295
Stack trace:
#0 D:\PROJECT-CI\pemilu\system\Database\MySQLi\Connection.php(295): mysqli->query('INSERT INTO `t_...', 0)
#1 D:\PROJECT-CI\pemilu\system\Database\BaseConnection.php(691): CodeIgniter\Database\MySQLi\Connection->execute('INSERT INTO `t_...')
#2 D:\PROJECT-CI\pemilu\system\Database\BaseConnection.php(605): CodeIgniter\Database\BaseConnection->simpleQuery('INSERT INTO `t_...')
#3 D:\PROJECT-CI\pemilu\system\Database\BaseBuilder.php(2309): CodeIgniter\Database\BaseConnection->query('INSERT INTO `t_...', Array, false)
#4 D:\PROJECT-CI\pemilu\app\Models\Tps_model.php(49): CodeIgniter\Database\BaseBuilder->insert(Array)
#5 D:\PROJECT-CI\pemilu\app\Controllers\Tps.php(50): App\Models\Tps_model->saveTps(Array)
#6 D:\PROJECT-CI\pemilu\system\CodeIgniter.php(934): App\Controllers\Tps->add()
#7 D:\PROJECT-CI\pemilu\system\CodeIgniter.php(499): CodeIgniter\CodeIgniter->runController(Object(App\Controllers\Tps))
#8 D:\PROJECT-CI\pemilu\system\CodeIgniter.php(368): CodeIgniter\CodeIgniter->handleRequest(NULL, Object(Config\Cache), false)
#9 D:\PROJECT-CI\pemilu\public\index.php(67): CodeIgniter\CodeIgniter->run()
#10 D:\PROJECT-CI\pemilu\system\Commands\Server\rewrite.php(47): require_once('D:\\PROJECT-CI\\p...')
#11 {main}
CRITICAL - 2023-05-03 14:07:20 --> You have an error in your SQL syntax; check the manual that corresponds to your MariaDB server version for the right syntax to use near '0) VALUES (:0:)' at line 1
in SYSTEMPATH\Database\MySQLi\Connection.php on line 295.
 1 SYSTEMPATH\Database\MySQLi\Connection.php(295): mysqli->query('INSERT INTO `t_tps` (0) VALUES (:0:)', 0)
 2 SYSTEMPATH\Database\BaseConnection.php(691): CodeIgniter\Database\MySQLi\Connection->execute('INSERT INTO `t_tps` (0) VALUES (:0:)')
 3 SYSTEMPATH\Database\BaseConnection.php(605): CodeIgniter\Database\BaseConnection->simpleQuery('INSERT INTO `t_tps` (0) VALUES (:0:)')
 4 SYSTEMPATH\Database\BaseBuilder.php(2309): CodeIgniter\Database\BaseConnection->query('INSERT INTO `t_tps` (0) VALUES (:0:)', [...], false)
 5 APPPATH\Models\Tps_model.php(49): CodeIgniter\Database\BaseBuilder->insert([...])
 6 APPPATH\Controllers\Tps.php(50): App\Models\Tps_model->saveTps([...])
 7 SYSTEMPATH\CodeIgniter.php(934): App\Controllers\Tps->add()
 8 SYSTEMPATH\CodeIgniter.php(499): CodeIgniter\CodeIgniter->runController(Object(App\Controllers\Tps))
 9 SYSTEMPATH\CodeIgniter.php(368): CodeIgniter\CodeIgniter->handleRequest(null, Object(Config\Cache), false)
10 FCPATH\index.php(67): CodeIgniter\CodeIgniter->run()
11 SYSTEMPATH\Commands\Server\rewrite.php(47): require_once('D:\\PROJECT-CI\\pemilu\\public\\index.php')
INFO - 2023-05-03 14:07:30 --> Session: Class initialized using 'CodeIgniter\Session\Handlers\FileHandler' driver.
INFO - 2023-05-03 14:07:30 --> Session: Class initialized using 'CodeIgniter\Session\Handlers\FileHandler' driver.
INFO - 2023-05-03 14:08:32 --> Session: Class initialized using 'CodeIgniter\Session\Handlers\FileHandler' driver.
INFO - 2023-05-03 14:08:52 --> Session: Class initialized using 'CodeIgniter\Session\Handlers\FileHandler' driver.
INFO - 2023-05-03 14:08:52 --> Session: Class initialized using 'CodeIgniter\Session\Handlers\FileHandler' driver.
INFO - 2023-05-03 14:09:09 --> Session: Class initialized using 'CodeIgniter\Session\Handlers\FileHandler' driver.
INFO - 2023-05-03 14:12:37 --> Session: Class initialized using 'CodeIgniter\Session\Handlers\FileHandler' driver.
INFO - 2023-05-03 14:12:58 --> Session: Class initialized using 'CodeIgniter\Session\Handlers\FileHandler' driver.
INFO - 2023-05-03 14:12:58 --> Session: Class initialized using 'CodeIgniter\Session\Handlers\FileHandler' driver.
INFO - 2023-05-03 14:13:38 --> Session: Class initialized using 'CodeIgniter\Session\Handlers\FileHandler' driver.
INFO - 2023-05-03 14:13:38 --> Session: Class initialized using 'CodeIgniter\Session\Handlers\FileHandler' driver.
INFO - 2023-05-03 14:13:50 --> Session: Class initialized using 'CodeIgniter\Session\Handlers\FileHandler' driver.
INFO - 2023-05-03 14:15:02 --> Session: Class initialized using 'CodeIgniter\Session\Handlers\FileHandler' driver.
INFO - 2023-05-03 14:15:05 --> Session: Class initialized using 'CodeIgniter\Session\Handlers\FileHandler' driver.
INFO - 2023-05-03 14:15:05 --> Session: Class initialized using 'CodeIgniter\Session\Handlers\FileHandler' driver.
INFO - 2023-05-03 14:16:59 --> Session: Class initialized using 'CodeIgniter\Session\Handlers\FileHandler' driver.
INFO - 2023-05-03 14:17:06 --> Session: Class initialized using 'CodeIgniter\Session\Handlers\FileHandler' driver.
INFO - 2023-05-03 14:17:06 --> Session: Class initialized using 'CodeIgniter\Session\Handlers\FileHandler' driver.
INFO - 2023-05-03 14:17:30 --> Session: Class initialized using 'CodeIgniter\Session\Handlers\FileHandler' driver.
INFO - 2023-05-03 14:17:36 --> Session: Class initialized using 'CodeIgniter\Session\Handlers\FileHandler' driver.
INFO - 2023-05-03 14:17:36 --> Session: Class initialized using 'CodeIgniter\Session\Handlers\FileHandler' driver.
INFO - 2023-05-03 14:17:43 --> Session: Class initialized using 'CodeIgniter\Session\Handlers\FileHandler' driver.
INFO - 2023-05-03 14:17:43 --> Session: Class initialized using 'CodeIgniter\Session\Handlers\FileHandler' driver.
INFO - 2023-05-03 14:18:02 --> Session: Class initialized using 'CodeIgniter\Session\Handlers\FileHandler' driver.
