INFO - 2023-05-08 01:54:35 --> Session: Class initialized using 'CodeIgniter\Session\Handlers\FileHandler' driver.
INFO - 2023-05-08 01:54:39 --> Session: Class initialized using 'CodeIgniter\Session\Handlers\FileHandler' driver.
INFO - 2023-05-08 01:54:39 --> Session: Class initialized using 'CodeIgniter\Session\Handlers\FileHandler' driver.
INFO - 2023-05-08 01:55:12 --> Session: Class initialized using 'CodeIgniter\Session\Handlers\FileHandler' driver.
INFO - 2023-05-08 01:55:16 --> Session: Class initialized using 'CodeIgniter\Session\Handlers\FileHandler' driver.
INFO - 2023-05-08 01:57:41 --> Session: Class initialized using 'CodeIgniter\Session\Handlers\FileHandler' driver.
INFO - 2023-05-08 02:00:01 --> Session: Class initialized using 'CodeIgniter\Session\Handlers\FileHandler' driver.
INFO - 2023-05-08 02:00:20 --> Session: Class initialized using 'CodeIgniter\Session\Handlers\FileHandler' driver.
INFO - 2023-05-08 02:01:05 --> Session: Class initialized using 'CodeIgniter\Session\Handlers\FileHandler' driver.
INFO - 2023-05-08 02:01:35 --> Session: Class initialized using 'CodeIgniter\Session\Handlers\FileHandler' driver.
INFO - 2023-05-08 02:01:57 --> Session: Class initialized using 'CodeIgniter\Session\Handlers\FileHandler' driver.
INFO - 2023-05-08 02:03:13 --> Session: Class initialized using 'CodeIgniter\Session\Handlers\FileHandler' driver.
INFO - 2023-05-08 02:04:36 --> Session: Class initialized using 'CodeIgniter\Session\Handlers\FileHandler' driver.
INFO - 2023-05-08 02:04:41 --> Session: Class initialized using 'CodeIgniter\Session\Handlers\FileHandler' driver.
INFO - 2023-05-08 02:13:04 --> Session: Class initialized using 'CodeIgniter\Session\Handlers\FileHandler' driver.
INFO - 2023-05-08 02:14:38 --> Session: Class initialized using 'CodeIgniter\Session\Handlers\FileHandler' driver.
INFO - 2023-05-08 02:15:45 --> Session: Class initialized using 'CodeIgniter\Session\Handlers\FileHandler' driver.
INFO - 2023-05-08 02:15:51 --> Session: Class initialized using 'CodeIgniter\Session\Handlers\FileHandler' driver.
INFO - 2023-05-08 02:21:54 --> Session: Class initialized using 'CodeIgniter\Session\Handlers\FileHandler' driver.
INFO - 2023-05-08 02:26:44 --> Session: Class initialized using 'CodeIgniter\Session\Handlers\FileHandler' driver.
CRITICAL - 2023-05-08 02:35:54 --> Undefined index: id_kabupaten
in APPPATH\Views\master\kecamatan.php on line 17.
 1 APPPATH\Views\master\kecamatan.php(17): CodeIgniter\Debug\Exceptions->errorHandler(8, 'Undefined index: id_kabupaten', 'D:\\PROJECT-CI\\pemilu\\app\\Views\\master\\kecamatan.php', 17, [...])
 2 SYSTEMPATH\View\View.php(213): include('D:\\PROJECT-CI\\pemilu\\app\\Views\\master\\kecamatan.php')
 3 SYSTEMPATH\View\View.php(216): CodeIgniter\View\View->CodeIgniter\View\{closure}()
 4 SYSTEMPATH\Common.php(1184): CodeIgniter\View\View->render('master/kecamatan', [], true)
 5 APPPATH\Controllers\Kecamatan.php(20): view('master/kecamatan', [...])
 6 SYSTEMPATH\CodeIgniter.php(934): App\Controllers\Kecamatan->index()
 7 SYSTEMPATH\CodeIgniter.php(499): CodeIgniter\CodeIgniter->runController(Object(App\Controllers\Kecamatan))
 8 SYSTEMPATH\CodeIgniter.php(368): CodeIgniter\CodeIgniter->handleRequest(null, Object(Config\Cache), false)
 9 FCPATH\index.php(67): CodeIgniter\CodeIgniter->run()
10 SYSTEMPATH\Commands\Server\rewrite.php(47): require_once('D:\\PROJECT-CI\\pemilu\\public\\index.php')
INFO - 2023-05-08 02:36:08 --> Session: Class initialized using 'CodeIgniter\Session\Handlers\FileHandler' driver.
CRITICAL - 2023-05-08 02:36:58 --> Undefined index: id_kabupaten
in APPPATH\Views\master\kecamatan.php on line 42.
 1 APPPATH\Views\master\kecamatan.php(42): CodeIgniter\Debug\Exceptions->errorHandler(8, 'Undefined index: id_kabupaten', 'D:\\PROJECT-CI\\pemilu\\app\\Views\\master\\kecamatan.php', 42, [...])
 2 SYSTEMPATH\View\View.php(213): include('D:\\PROJECT-CI\\pemilu\\app\\Views\\master\\kecamatan.php')
 3 SYSTEMPATH\View\View.php(216): CodeIgniter\View\View->CodeIgniter\View\{closure}()
 4 SYSTEMPATH\Common.php(1184): CodeIgniter\View\View->render('master/kecamatan', [], true)
 5 APPPATH\Controllers\Kecamatan.php(20): view('master/kecamatan', [...])
 6 SYSTEMPATH\CodeIgniter.php(934): App\Controllers\Kecamatan->index()
 7 SYSTEMPATH\CodeIgniter.php(499): CodeIgniter\CodeIgniter->runController(Object(App\Controllers\Kecamatan))
 8 SYSTEMPATH\CodeIgniter.php(368): CodeIgniter\CodeIgniter->handleRequest(null, Object(Config\Cache), false)
 9 FCPATH\index.php(67): CodeIgniter\CodeIgniter->run()
10 SYSTEMPATH\Commands\Server\rewrite.php(47): require_once('D:\\PROJECT-CI\\pemilu\\public\\index.php')
CRITICAL - 2023-05-08 02:38:55 --> Trying to get property 'nm_kabupaten' of non-object
in APPPATH\Views\master\kecamatan.php on line 44.
 1 APPPATH\Views\master\kecamatan.php(44): CodeIgniter\Debug\Exceptions->errorHandler(8, 'Trying to get property \'nm_kabupaten\' of non-object', 'D:\\PROJECT-CI\\pemilu\\app\\Views\\master\\kecamatan.php', 44, [...])
 2 SYSTEMPATH\View\View.php(213): include('D:\\PROJECT-CI\\pemilu\\app\\Views\\master\\kecamatan.php')
 3 SYSTEMPATH\View\View.php(216): CodeIgniter\View\View->CodeIgniter\View\{closure}()
 4 SYSTEMPATH\Common.php(1184): CodeIgniter\View\View->render('master/kecamatan', [], true)
 5 APPPATH\Controllers\Kecamatan.php(22): view('master/kecamatan', [...])
 6 SYSTEMPATH\CodeIgniter.php(934): App\Controllers\Kecamatan->index()
 7 SYSTEMPATH\CodeIgniter.php(499): CodeIgniter\CodeIgniter->runController(Object(App\Controllers\Kecamatan))
 8 SYSTEMPATH\CodeIgniter.php(368): CodeIgniter\CodeIgniter->handleRequest(null, Object(Config\Cache), false)
 9 FCPATH\index.php(67): CodeIgniter\CodeIgniter->run()
10 SYSTEMPATH\Commands\Server\rewrite.php(47): require_once('D:\\PROJECT-CI\\pemilu\\public\\index.php')
INFO - 2023-05-08 02:40:26 --> Session: Class initialized using 'CodeIgniter\Session\Handlers\FileHandler' driver.
INFO - 2023-05-08 02:41:23 --> Session: Class initialized using 'CodeIgniter\Session\Handlers\FileHandler' driver.
INFO - 2023-05-08 02:41:28 --> Session: Class initialized using 'CodeIgniter\Session\Handlers\FileHandler' driver.
INFO - 2023-05-08 02:41:30 --> Session: Class initialized using 'CodeIgniter\Session\Handlers\FileHandler' driver.
INFO - 2023-05-08 02:41:32 --> Session: Class initialized using 'CodeIgniter\Session\Handlers\FileHandler' driver.
INFO - 2023-05-08 02:41:32 --> Session: Class initialized using 'CodeIgniter\Session\Handlers\FileHandler' driver.
INFO - 2023-05-08 02:41:34 --> Session: Class initialized using 'CodeIgniter\Session\Handlers\FileHandler' driver.
INFO - 2023-05-08 02:43:56 --> Session: Class initialized using 'CodeIgniter\Session\Handlers\FileHandler' driver.
INFO - 2023-05-08 02:44:00 --> Session: Class initialized using 'CodeIgniter\Session\Handlers\FileHandler' driver.
INFO - 2023-05-08 02:44:10 --> Session: Class initialized using 'CodeIgniter\Session\Handlers\FileHandler' driver.
INFO - 2023-05-08 02:44:10 --> Session: Class initialized using 'CodeIgniter\Session\Handlers\FileHandler' driver.
INFO - 2023-05-08 02:44:18 --> Session: Class initialized using 'CodeIgniter\Session\Handlers\FileHandler' driver.
INFO - 2023-05-08 02:46:02 --> Session: Class initialized using 'CodeIgniter\Session\Handlers\FileHandler' driver.
INFO - 2023-05-08 02:46:04 --> Session: Class initialized using 'CodeIgniter\Session\Handlers\FileHandler' driver.
INFO - 2023-05-08 02:46:06 --> Session: Class initialized using 'CodeIgniter\Session\Handlers\FileHandler' driver.
INFO - 2023-05-08 02:47:37 --> Session: Class initialized using 'CodeIgniter\Session\Handlers\FileHandler' driver.
INFO - 2023-05-08 02:47:41 --> Session: Class initialized using 'CodeIgniter\Session\Handlers\FileHandler' driver.
INFO - 2023-05-08 02:49:14 --> Session: Class initialized using 'CodeIgniter\Session\Handlers\FileHandler' driver.
INFO - 2023-05-08 02:49:16 --> Session: Class initialized using 'CodeIgniter\Session\Handlers\FileHandler' driver.
INFO - 2023-05-08 02:50:24 --> Session: Class initialized using 'CodeIgniter\Session\Handlers\FileHandler' driver.
INFO - 2023-05-08 02:50:28 --> Session: Class initialized using 'CodeIgniter\Session\Handlers\FileHandler' driver.
INFO - 2023-05-08 02:51:58 --> Session: Class initialized using 'CodeIgniter\Session\Handlers\FileHandler' driver.
INFO - 2023-05-08 02:52:02 --> Session: Class initialized using 'CodeIgniter\Session\Handlers\FileHandler' driver.
ERROR - 2023-05-08 02:52:52 --> mysqli_sql_exception: Column 'id_kabupaten' in where clause is ambiguous in D:\PROJECT-CI\pemilu\system\Database\MySQLi\Connection.php:295
Stack trace:
#0 D:\PROJECT-CI\pemilu\system\Database\MySQLi\Connection.php(295): mysqli->query('SELECT `t_kecam...', 0)
#1 D:\PROJECT-CI\pemilu\system\Database\BaseConnection.php(691): CodeIgniter\Database\MySQLi\Connection->execute('SELECT `t_kecam...')
#2 D:\PROJECT-CI\pemilu\system\Database\BaseConnection.php(605): CodeIgniter\Database\BaseConnection->simpleQuery('SELECT `t_kecam...')
#3 D:\PROJECT-CI\pemilu\system\Database\BaseBuilder.php(1616): CodeIgniter\Database\BaseConnection->query('SELECT `t_kecam...', Array, false)
#4 D:\PROJECT-CI\pemilu\app\Models\Kecamatan_model.php(25): CodeIgniter\Database\BaseBuilder->get()
#5 D:\PROJECT-CI\pemilu\app\Controllers\Kecamatan.php(16): App\Models\Kecamatan_model->getKecamatan('3')
#6 D:\PROJECT-CI\pemilu\system\CodeIgniter.php(934): App\Controllers\Kecamatan->index()
#7 D:\PROJECT-CI\pemilu\system\CodeIgniter.php(499): CodeIgniter\CodeIgniter->runController(Object(App\Controllers\Kecamatan))
#8 D:\PROJECT-CI\pemilu\system\CodeIgniter.php(368): CodeIgniter\CodeIgniter->handleRequest(NULL, Object(Config\Cache), false)
#9 D:\PROJECT-CI\pemilu\public\index.php(67): CodeIgniter\CodeIgniter->run()
#10 D:\PROJECT-CI\pemilu\system\Commands\Server\rewrite.php(47): require_once('D:\\PROJECT-CI\\p...')
#11 {main}
CRITICAL - 2023-05-08 02:52:52 --> Column 'id_kabupaten' in where clause is ambiguous
in SYSTEMPATH\Database\MySQLi\Connection.php on line 295.
 1 SYSTEMPATH\Database\MySQLi\Connection.php(295): mysqli->query('SELECT `t_kecamatan`.`id_kecamatan` as `id_kecamatan`, `t_kabupaten`.`nm_kabupaten` as `nm_kabupaten`, `t_kecamatan`.`nm_kecamatan` as `nm_kecamatan`, `t_kecamatan`.`target` as `target`, `t_kabupaten`.`id_kabupaten` as `id_kabupaten`
FROM `t_kecamatan`
JOIN `t_kabupaten` ON `t_kabupaten`.`id_kabupaten` = `t_kecamatan`.`id_kabupaten`
WHERE `id_kabupaten` = \'3\'
ORDER BY `nm_kabupaten` ASC, `nm_kecamatan` ASC', 0)
 2 SYSTEMPATH\Database\BaseConnection.php(691): CodeIgniter\Database\MySQLi\Connection->execute('SELECT `t_kecamatan`.`id_kecamatan` as `id_kecamatan`, `t_kabupaten`.`nm_kabupaten` as `nm_kabupaten`, `t_kecamatan`.`nm_kecamatan` as `nm_kecamatan`, `t_kecamatan`.`target` as `target`, `t_kabupaten`.`id_kabupaten` as `id_kabupaten`
FROM `t_kecamatan`
JOIN `t_kabupaten` ON `t_kabupaten`.`id_kabupaten` = `t_kecamatan`.`id_kabupaten`
WHERE `id_kabupaten` = \'3\'
ORDER BY `nm_kabupaten` ASC, `nm_kecamatan` ASC')
 3 SYSTEMPATH\Database\BaseConnection.php(605): CodeIgniter\Database\BaseConnection->simpleQuery('SELECT `t_kecamatan`.`id_kecamatan` as `id_kecamatan`, `t_kabupaten`.`nm_kabupaten` as `nm_kabupaten`, `t_kecamatan`.`nm_kecamatan` as `nm_kecamatan`, `t_kecamatan`.`target` as `target`, `t_kabupaten`.`id_kabupaten` as `id_kabupaten`
FROM `t_kecamatan`
JOIN `t_kabupaten` ON `t_kabupaten`.`id_kabupaten` = `t_kecamatan`.`id_kabupaten`
WHERE `id_kabupaten` = \'3\'
ORDER BY `nm_kabupaten` ASC, `nm_kecamatan` ASC')
 4 SYSTEMPATH\Database\BaseBuilder.php(1616): CodeIgniter\Database\BaseConnection->query('SELECT `t_kecamatan`.`id_kecamatan` as `id_kecamatan`, `t_kabupaten`.`nm_kabupaten` as `nm_kabupaten`, `t_kecamatan`.`nm_kecamatan` as `nm_kecamatan`, `t_kecamatan`.`target` as `target`, `t_kabupaten`.`id_kabupaten` as `id_kabupaten`
FROM `t_kecamatan`
JOIN `t_kabupaten` ON `t_kabupaten`.`id_kabupaten` = `t_kecamatan`.`id_kabupaten`
WHERE `id_kabupaten` = :id_kabupaten:
ORDER BY `nm_kabupaten` ASC, `nm_kecamatan` ASC', [...], false)
 5 APPPATH\Models\Kecamatan_model.php(25): CodeIgniter\Database\BaseBuilder->get()
 6 APPPATH\Controllers\Kecamatan.php(16): App\Models\Kecamatan_model->getKecamatan('3')
 7 SYSTEMPATH\CodeIgniter.php(934): App\Controllers\Kecamatan->index()
 8 SYSTEMPATH\CodeIgniter.php(499): CodeIgniter\CodeIgniter->runController(Object(App\Controllers\Kecamatan))
 9 SYSTEMPATH\CodeIgniter.php(368): CodeIgniter\CodeIgniter->handleRequest(null, Object(Config\Cache), false)
10 FCPATH\index.php(67): CodeIgniter\CodeIgniter->run()
11 SYSTEMPATH\Commands\Server\rewrite.php(47): require_once('D:\\PROJECT-CI\\pemilu\\public\\index.php')
INFO - 2023-05-08 02:53:11 --> Session: Class initialized using 'CodeIgniter\Session\Handlers\FileHandler' driver.
INFO - 2023-05-08 02:53:14 --> Session: Class initialized using 'CodeIgniter\Session\Handlers\FileHandler' driver.
INFO - 2023-05-08 02:53:17 --> Session: Class initialized using 'CodeIgniter\Session\Handlers\FileHandler' driver.
INFO - 2023-05-08 02:53:36 --> Session: Class initialized using 'CodeIgniter\Session\Handlers\FileHandler' driver.
INFO - 2023-05-08 02:56:19 --> Session: Class initialized using 'CodeIgniter\Session\Handlers\FileHandler' driver.
INFO - 2023-05-08 02:56:23 --> Session: Class initialized using 'CodeIgniter\Session\Handlers\FileHandler' driver.
INFO - 2023-05-08 02:56:27 --> Session: Class initialized using 'CodeIgniter\Session\Handlers\FileHandler' driver.
INFO - 2023-05-08 02:56:44 --> Session: Class initialized using 'CodeIgniter\Session\Handlers\FileHandler' driver.
INFO - 2023-05-08 02:56:49 --> Session: Class initialized using 'CodeIgniter\Session\Handlers\FileHandler' driver.
INFO - 2023-05-08 02:57:07 --> Session: Class initialized using 'CodeIgniter\Session\Handlers\FileHandler' driver.
INFO - 2023-05-08 02:57:11 --> Session: Class initialized using 'CodeIgniter\Session\Handlers\FileHandler' driver.
INFO - 2023-05-08 02:57:17 --> Session: Class initialized using 'CodeIgniter\Session\Handlers\FileHandler' driver.
INFO - 2023-05-08 02:57:35 --> Session: Class initialized using 'CodeIgniter\Session\Handlers\FileHandler' driver.
INFO - 2023-05-08 02:57:38 --> Session: Class initialized using 'CodeIgniter\Session\Handlers\FileHandler' driver.
INFO - 2023-05-08 02:57:55 --> Session: Class initialized using 'CodeIgniter\Session\Handlers\FileHandler' driver.
INFO - 2023-05-08 02:57:55 --> Session: Class initialized using 'CodeIgniter\Session\Handlers\FileHandler' driver.
INFO - 2023-05-08 02:58:28 --> Session: Class initialized using 'CodeIgniter\Session\Handlers\FileHandler' driver.
INFO - 2023-05-08 02:58:56 --> Session: Class initialized using 'CodeIgniter\Session\Handlers\FileHandler' driver.
INFO - 2023-05-08 02:58:58 --> Session: Class initialized using 'CodeIgniter\Session\Handlers\FileHandler' driver.
INFO - 2023-05-08 02:59:00 --> Session: Class initialized using 'CodeIgniter\Session\Handlers\FileHandler' driver.
INFO - 2023-05-08 03:00:21 --> Session: Class initialized using 'CodeIgniter\Session\Handlers\FileHandler' driver.
CRITICAL - 2023-05-08 03:06:46 --> syntax error, unexpected '->' (T_OBJECT_OPERATOR)
in APPPATH\Models\Desa_model.php on line 17.
 1 SYSTEMPATH\Autoloader\Autoloader.php(289): CodeIgniter\Autoloader\Autoloader->includeFile('D:\\PROJECT-CI\\pemilu\\app\\Models\\Desa_model.php')
 2 SYSTEMPATH\Autoloader\Autoloader.php(267): CodeIgniter\Autoloader\Autoloader->loadInNamespace('App\\Models\\Desa_model')
 3 [internal function]: CodeIgniter\Autoloader\Autoloader->loadClass('App\\Models\\Desa_model')
 4 APPPATH\Controllers\Desa.php(11): spl_autoload_call('App\\Models\\Desa_model')
 5 SYSTEMPATH\CodeIgniter.php(934): App\Controllers\Desa->index()
 6 SYSTEMPATH\CodeIgniter.php(499): CodeIgniter\CodeIgniter->runController(Object(App\Controllers\Desa))
 7 SYSTEMPATH\CodeIgniter.php(368): CodeIgniter\CodeIgniter->handleRequest(null, Object(Config\Cache), false)
 8 FCPATH\index.php(67): CodeIgniter\CodeIgniter->run()
 9 SYSTEMPATH\Commands\Server\rewrite.php(47): require_once('D:\\PROJECT-CI\\pemilu\\public\\index.php')
CRITICAL - 2023-05-08 03:06:57 --> Too few arguments to function App\Models\Desa_model::getDesa(), 0 passed in D:\PROJECT-CI\pemilu\app\Controllers\Desa.php on line 15 and exactly 1 expected
in APPPATH\Models\Desa_model.php on line 11.
 1 APPPATH\Controllers\Desa.php(15): App\Models\Desa_model->getDesa()
 2 SYSTEMPATH\CodeIgniter.php(934): App\Controllers\Desa->index()
 3 SYSTEMPATH\CodeIgniter.php(499): CodeIgniter\CodeIgniter->runController(Object(App\Controllers\Desa))
 4 SYSTEMPATH\CodeIgniter.php(368): CodeIgniter\CodeIgniter->handleRequest(null, Object(Config\Cache), false)
 5 FCPATH\index.php(67): CodeIgniter\CodeIgniter->run()
 6 SYSTEMPATH\Commands\Server\rewrite.php(47): require_once('D:\\PROJECT-CI\\pemilu\\public\\index.php')
INFO - 2023-05-08 03:08:08 --> Session: Class initialized using 'CodeIgniter\Session\Handlers\FileHandler' driver.
INFO - 2023-05-08 03:08:14 --> Session: Class initialized using 'CodeIgniter\Session\Handlers\FileHandler' driver.
INFO - 2023-05-08 03:08:20 --> Session: Class initialized using 'CodeIgniter\Session\Handlers\FileHandler' driver.
INFO - 2023-05-08 03:08:27 --> Session: Class initialized using 'CodeIgniter\Session\Handlers\FileHandler' driver.
INFO - 2023-05-08 03:08:31 --> Session: Class initialized using 'CodeIgniter\Session\Handlers\FileHandler' driver.
INFO - 2023-05-08 03:08:39 --> Session: Class initialized using 'CodeIgniter\Session\Handlers\FileHandler' driver.
INFO - 2023-05-08 03:11:58 --> Session: Class initialized using 'CodeIgniter\Session\Handlers\FileHandler' driver.
INFO - 2023-05-08 03:12:17 --> Session: Class initialized using 'CodeIgniter\Session\Handlers\FileHandler' driver.
CRITICAL - 2023-05-08 03:15:23 --> Too few arguments to function App\Models\Tps_model::getTps(), 0 passed in D:\PROJECT-CI\pemilu\app\Controllers\Tps.php on line 15 and exactly 1 expected
in APPPATH\Models\Tps_model.php on line 11.
 1 APPPATH\Controllers\Tps.php(15): App\Models\Tps_model->getTps()
 2 SYSTEMPATH\CodeIgniter.php(934): App\Controllers\Tps->index()
 3 SYSTEMPATH\CodeIgniter.php(499): CodeIgniter\CodeIgniter->runController(Object(App\Controllers\Tps))
 4 SYSTEMPATH\CodeIgniter.php(368): CodeIgniter\CodeIgniter->handleRequest(null, Object(Config\Cache), false)
 5 FCPATH\index.php(67): CodeIgniter\CodeIgniter->run()
 6 SYSTEMPATH\Commands\Server\rewrite.php(47): require_once('D:\\PROJECT-CI\\pemilu\\public\\index.php')
INFO - 2023-05-08 03:16:27 --> Session: Class initialized using 'CodeIgniter\Session\Handlers\FileHandler' driver.
INFO - 2023-05-08 03:16:36 --> Session: Class initialized using 'CodeIgniter\Session\Handlers\FileHandler' driver.
INFO - 2023-05-08 03:16:45 --> Session: Class initialized using 'CodeIgniter\Session\Handlers\FileHandler' driver.
INFO - 2023-05-08 03:20:02 --> Session: Class initialized using 'CodeIgniter\Session\Handlers\FileHandler' driver.
INFO - 2023-05-08 03:20:05 --> Session: Class initialized using 'CodeIgniter\Session\Handlers\FileHandler' driver.
INFO - 2023-05-08 03:33:33 --> Session: Class initialized using 'CodeIgniter\Session\Handlers\FileHandler' driver.
INFO - 2023-05-08 03:33:34 --> Session: Class initialized using 'CodeIgniter\Session\Handlers\FileHandler' driver.
INFO - 2023-05-08 03:33:41 --> Session: Class initialized using 'CodeIgniter\Session\Handlers\FileHandler' driver.
INFO - 2023-05-08 03:33:41 --> Session: Class initialized using 'CodeIgniter\Session\Handlers\FileHandler' driver.
INFO - 2023-05-08 03:42:27 --> Session: Class initialized using 'CodeIgniter\Session\Handlers\FileHandler' driver.
CRITICAL - 2023-05-08 03:42:27 --> Undefined variable: getKabupaten
in APPPATH\Views\master\user.php on line 225.
 1 APPPATH\Views\master\user.php(225): CodeIgniter\Debug\Exceptions->errorHandler(8, 'Undefined variable: getKabupaten', 'D:\\PROJECT-CI\\pemilu\\app\\Views\\master\\user.php', 225, [...])
 2 SYSTEMPATH\View\View.php(213): include('D:\\PROJECT-CI\\pemilu\\app\\Views\\master\\user.php')
 3 SYSTEMPATH\View\View.php(216): CodeIgniter\View\View->CodeIgniter\View\{closure}()
 4 SYSTEMPATH\Common.php(1184): CodeIgniter\View\View->render('master/user', [], true)
 5 APPPATH\Controllers\User.php(21): view('master/user', [...])
 6 SYSTEMPATH\CodeIgniter.php(934): App\Controllers\User->index()
 7 SYSTEMPATH\CodeIgniter.php(499): CodeIgniter\CodeIgniter->runController(Object(App\Controllers\User))
 8 SYSTEMPATH\CodeIgniter.php(368): CodeIgniter\CodeIgniter->handleRequest(null, Object(Config\Cache), false)
 9 FCPATH\index.php(67): CodeIgniter\CodeIgniter->run()
10 SYSTEMPATH\Commands\Server\rewrite.php(47): require_once('D:\\PROJECT-CI\\pemilu\\public\\index.php')
INFO - 2023-05-08 03:43:22 --> Session: Class initialized using 'CodeIgniter\Session\Handlers\FileHandler' driver.
INFO - 2023-05-08 03:49:39 --> Session: Class initialized using 'CodeIgniter\Session\Handlers\FileHandler' driver.
INFO - 2023-05-08 03:50:04 --> Session: Class initialized using 'CodeIgniter\Session\Handlers\FileHandler' driver.
INFO - 2023-05-08 03:52:09 --> Session: Class initialized using 'CodeIgniter\Session\Handlers\FileHandler' driver.
CRITICAL - 2023-05-08 04:09:05 --> Too few arguments to function App\Models\User_model::getUser(), 0 passed in D:\PROJECT-CI\pemilu\app\Controllers\User.php on line 16 and exactly 1 expected
in APPPATH\Models\User_model.php on line 11.
 1 APPPATH\Controllers\User.php(16): App\Models\User_model->getUser()
 2 SYSTEMPATH\CodeIgniter.php(934): App\Controllers\User->index()
 3 SYSTEMPATH\CodeIgniter.php(499): CodeIgniter\CodeIgniter->runController(Object(App\Controllers\User))
 4 SYSTEMPATH\CodeIgniter.php(368): CodeIgniter\CodeIgniter->handleRequest(null, Object(Config\Cache), false)
 5 FCPATH\index.php(67): CodeIgniter\CodeIgniter->run()
 6 SYSTEMPATH\Commands\Server\rewrite.php(47): require_once('D:\\PROJECT-CI\\pemilu\\public\\index.php')
ERROR - 2023-05-08 04:10:20 --> mysqli_sql_exception: Unknown column 't_user.id_kabupaten' in 'on clause' in D:\PROJECT-CI\pemilu\system\Database\MySQLi\Connection.php:295
Stack trace:
#0 D:\PROJECT-CI\pemilu\system\Database\MySQLi\Connection.php(295): mysqli->query('SELECT `t_kabup...', 0)
#1 D:\PROJECT-CI\pemilu\system\Database\BaseConnection.php(691): CodeIgniter\Database\MySQLi\Connection->execute('SELECT `t_kabup...')
#2 D:\PROJECT-CI\pemilu\system\Database\BaseConnection.php(605): CodeIgniter\Database\BaseConnection->simpleQuery('SELECT `t_kabup...')
#3 D:\PROJECT-CI\pemilu\system\Database\BaseBuilder.php(1616): CodeIgniter\Database\BaseConnection->query('SELECT `t_kabup...', Array, false)
#4 D:\PROJECT-CI\pemilu\app\Models\User_model.php(20): CodeIgniter\Database\BaseBuilder->get()
#5 D:\PROJECT-CI\pemilu\app\Controllers\User.php(16): App\Models\User_model->getUser()
#6 D:\PROJECT-CI\pemilu\system\CodeIgniter.php(934): App\Controllers\User->index()
#7 D:\PROJECT-CI\pemilu\system\CodeIgniter.php(499): CodeIgniter\CodeIgniter->runController(Object(App\Controllers\User))
#8 D:\PROJECT-CI\pemilu\system\CodeIgniter.php(368): CodeIgniter\CodeIgniter->handleRequest(NULL, Object(Config\Cache), false)
#9 D:\PROJECT-CI\pemilu\public\index.php(67): CodeIgniter\CodeIgniter->run()
#10 D:\PROJECT-CI\pemilu\system\Commands\Server\rewrite.php(47): require_once('D:\\PROJECT-CI\\p...')
#11 {main}
CRITICAL - 2023-05-08 04:10:20 --> Unknown column 't_user.id_kabupaten' in 'on clause'
in SYSTEMPATH\Database\MySQLi\Connection.php on line 295.
 1 SYSTEMPATH\Database\MySQLi\Connection.php(295): mysqli->query('SELECT `t_kabupaten`.`nm_kabupaten` as `nm_kabupaten`, `t_kecamatan`.`nm_kecamatan` as `nm_kecamatan`, `t_desa`.`nm_desa` as `nm_desa`, `t_tps`.`nm_tps` as `nm_tps`, `id_user`, `username`, `status`
FROM `t_user`
JOIN `t_kabupaten` ON `t_kabupaten`.`id_kabupaten` = `t_user`.`id_kabupaten`
JOIN `t_kecamatan` ON `t_kecamatan`.`id_kecamatan` = `t_user`.`id_kecamatan`
JOIN `t_desa` ON `t_desa`.`id_desa` = `t_user`.`id_desa`
JOIN `t_tps` ON `t_tps`.`id_desa` = `t_user`.`id_tps`
ORDER BY `id_user` DESC', 0)
 2 SYSTEMPATH\Database\BaseConnection.php(691): CodeIgniter\Database\MySQLi\Connection->execute('SELECT `t_kabupaten`.`nm_kabupaten` as `nm_kabupaten`, `t_kecamatan`.`nm_kecamatan` as `nm_kecamatan`, `t_desa`.`nm_desa` as `nm_desa`, `t_tps`.`nm_tps` as `nm_tps`, `id_user`, `username`, `status`
FROM `t_user`
JOIN `t_kabupaten` ON `t_kabupaten`.`id_kabupaten` = `t_user`.`id_kabupaten`
JOIN `t_kecamatan` ON `t_kecamatan`.`id_kecamatan` = `t_user`.`id_kecamatan`
JOIN `t_desa` ON `t_desa`.`id_desa` = `t_user`.`id_desa`
JOIN `t_tps` ON `t_tps`.`id_desa` = `t_user`.`id_tps`
ORDER BY `id_user` DESC')
 3 SYSTEMPATH\Database\BaseConnection.php(605): CodeIgniter\Database\BaseConnection->simpleQuery('SELECT `t_kabupaten`.`nm_kabupaten` as `nm_kabupaten`, `t_kecamatan`.`nm_kecamatan` as `nm_kecamatan`, `t_desa`.`nm_desa` as `nm_desa`, `t_tps`.`nm_tps` as `nm_tps`, `id_user`, `username`, `status`
FROM `t_user`
JOIN `t_kabupaten` ON `t_kabupaten`.`id_kabupaten` = `t_user`.`id_kabupaten`
JOIN `t_kecamatan` ON `t_kecamatan`.`id_kecamatan` = `t_user`.`id_kecamatan`
JOIN `t_desa` ON `t_desa`.`id_desa` = `t_user`.`id_desa`
JOIN `t_tps` ON `t_tps`.`id_desa` = `t_user`.`id_tps`
ORDER BY `id_user` DESC')
 4 SYSTEMPATH\Database\BaseBuilder.php(1616): CodeIgniter\Database\BaseConnection->query('SELECT `t_kabupaten`.`nm_kabupaten` as `nm_kabupaten`, `t_kecamatan`.`nm_kecamatan` as `nm_kecamatan`, `t_desa`.`nm_desa` as `nm_desa`, `t_tps`.`nm_tps` as `nm_tps`, `id_user`, `username`, `status`
FROM `t_user`
JOIN `t_kabupaten` ON `t_kabupaten`.`id_kabupaten` = `t_user`.`id_kabupaten`
JOIN `t_kecamatan` ON `t_kecamatan`.`id_kecamatan` = `t_user`.`id_kecamatan`
JOIN `t_desa` ON `t_desa`.`id_desa` = `t_user`.`id_desa`
JOIN `t_tps` ON `t_tps`.`id_desa` = `t_user`.`id_tps`
ORDER BY `id_user` DESC', [], false)
 5 APPPATH\Models\User_model.php(20): CodeIgniter\Database\BaseBuilder->get()
 6 APPPATH\Controllers\User.php(16): App\Models\User_model->getUser()
 7 SYSTEMPATH\CodeIgniter.php(934): App\Controllers\User->index()
 8 SYSTEMPATH\CodeIgniter.php(499): CodeIgniter\CodeIgniter->runController(Object(App\Controllers\User))
 9 SYSTEMPATH\CodeIgniter.php(368): CodeIgniter\CodeIgniter->handleRequest(null, Object(Config\Cache), false)
10 FCPATH\index.php(67): CodeIgniter\CodeIgniter->run()
11 SYSTEMPATH\Commands\Server\rewrite.php(47): require_once('D:\\PROJECT-CI\\pemilu\\public\\index.php')
INFO - 2023-05-08 04:11:57 --> Session: Class initialized using 'CodeIgniter\Session\Handlers\FileHandler' driver.
CRITICAL - 2023-05-08 04:12:35 --> syntax error, unexpected 'join' (T_STRING), expecting ';'
in APPPATH\Models\User_model.php on line 15.
 1 SYSTEMPATH\Autoloader\Autoloader.php(289): CodeIgniter\Autoloader\Autoloader->includeFile('D:\\PROJECT-CI\\pemilu\\app\\Models\\User_model.php')
 2 SYSTEMPATH\Autoloader\Autoloader.php(267): CodeIgniter\Autoloader\Autoloader->loadInNamespace('App\\Models\\User_model')
 3 [internal function]: CodeIgniter\Autoloader\Autoloader->loadClass('App\\Models\\User_model')
 4 APPPATH\Controllers\User.php(11): spl_autoload_call('App\\Models\\User_model')
 5 SYSTEMPATH\CodeIgniter.php(934): App\Controllers\User->index()
 6 SYSTEMPATH\CodeIgniter.php(499): CodeIgniter\CodeIgniter->runController(Object(App\Controllers\User))
 7 SYSTEMPATH\CodeIgniter.php(368): CodeIgniter\CodeIgniter->handleRequest(null, Object(Config\Cache), false)
 8 FCPATH\index.php(67): CodeIgniter\CodeIgniter->run()
 9 SYSTEMPATH\Commands\Server\rewrite.php(47): require_once('D:\\PROJECT-CI\\pemilu\\public\\index.php')
CRITICAL - 2023-05-08 04:12:47 --> Call to undefined method CodeIgniter\Database\MySQLi\Builder::leftjoin()
in APPPATH\Models\User_model.php on line 15.
 1 APPPATH\Controllers\User.php(16): App\Models\User_model->getUser()
 2 SYSTEMPATH\CodeIgniter.php(934): App\Controllers\User->index()
 3 SYSTEMPATH\CodeIgniter.php(499): CodeIgniter\CodeIgniter->runController(Object(App\Controllers\User))
 4 SYSTEMPATH\CodeIgniter.php(368): CodeIgniter\CodeIgniter->handleRequest(null, Object(Config\Cache), false)
 5 FCPATH\index.php(67): CodeIgniter\CodeIgniter->run()
 6 SYSTEMPATH\Commands\Server\rewrite.php(47): require_once('D:\\PROJECT-CI\\pemilu\\public\\index.php')
INFO - 2023-05-08 04:13:47 --> Session: Class initialized using 'CodeIgniter\Session\Handlers\FileHandler' driver.
CRITICAL - 2023-05-08 04:13:47 --> Undefined index: nama
in APPPATH\Views\master\user.php on line 59.
 1 APPPATH\Views\master\user.php(59): CodeIgniter\Debug\Exceptions->errorHandler(8, 'Undefined index: nama', 'D:\\PROJECT-CI\\pemilu\\app\\Views\\master\\user.php', 59, [...])
 2 SYSTEMPATH\View\View.php(213): include('D:\\PROJECT-CI\\pemilu\\app\\Views\\master\\user.php')
 3 SYSTEMPATH\View\View.php(216): CodeIgniter\View\View->CodeIgniter\View\{closure}()
 4 SYSTEMPATH\Common.php(1184): CodeIgniter\View\View->render('master/user', [], true)
 5 APPPATH\Controllers\User.php(22): view('master/user', [...])
 6 SYSTEMPATH\CodeIgniter.php(934): App\Controllers\User->index()
 7 SYSTEMPATH\CodeIgniter.php(499): CodeIgniter\CodeIgniter->runController(Object(App\Controllers\User))
 8 SYSTEMPATH\CodeIgniter.php(368): CodeIgniter\CodeIgniter->handleRequest(null, Object(Config\Cache), false)
 9 FCPATH\index.php(67): CodeIgniter\CodeIgniter->run()
10 SYSTEMPATH\Commands\Server\rewrite.php(47): require_once('D:\\PROJECT-CI\\pemilu\\public\\index.php')
INFO - 2023-05-08 04:14:15 --> Session: Class initialized using 'CodeIgniter\Session\Handlers\FileHandler' driver.
INFO - 2023-05-08 04:15:29 --> Session: Class initialized using 'CodeIgniter\Session\Handlers\FileHandler' driver.
INFO - 2023-05-08 04:15:29 --> Session: Class initialized using 'CodeIgniter\Session\Handlers\FileHandler' driver.
INFO - 2023-05-08 04:16:07 --> Session: Class initialized using 'CodeIgniter\Session\Handlers\FileHandler' driver.
INFO - 2023-05-08 04:17:18 --> Session: Class initialized using 'CodeIgniter\Session\Handlers\FileHandler' driver.
INFO - 2023-05-08 04:17:56 --> Session: Class initialized using 'CodeIgniter\Session\Handlers\FileHandler' driver.
INFO - 2023-05-08 04:17:57 --> Session: Class initialized using 'CodeIgniter\Session\Handlers\FileHandler' driver.
INFO - 2023-05-08 04:18:09 --> Session: Class initialized using 'CodeIgniter\Session\Handlers\FileHandler' driver.
INFO - 2023-05-08 04:18:09 --> Session: Class initialized using 'CodeIgniter\Session\Handlers\FileHandler' driver.
INFO - 2023-05-08 04:18:47 --> Session: Class initialized using 'CodeIgniter\Session\Handlers\FileHandler' driver.
INFO - 2023-05-08 04:18:47 --> Session: Class initialized using 'CodeIgniter\Session\Handlers\FileHandler' driver.
INFO - 2023-05-08 04:37:42 --> Session: Class initialized using 'CodeIgniter\Session\Handlers\FileHandler' driver.
CRITICAL - 2023-05-08 04:37:42 --> Undefined index: id_kabupaten
in APPPATH\Views\master\user.php on line 112.
 1 APPPATH\Views\master\user.php(112): CodeIgniter\Debug\Exceptions->errorHandler(8, 'Undefined index: id_kabupaten', 'D:\\PROJECT-CI\\pemilu\\app\\Views\\master\\user.php', 112, [...])
 2 SYSTEMPATH\View\View.php(213): include('D:\\PROJECT-CI\\pemilu\\app\\Views\\master\\user.php')
 3 SYSTEMPATH\View\View.php(216): CodeIgniter\View\View->CodeIgniter\View\{closure}()
 4 SYSTEMPATH\Common.php(1184): CodeIgniter\View\View->render('master/user', [], true)
 5 APPPATH\Controllers\User.php(22): view('master/user', [...])
 6 SYSTEMPATH\CodeIgniter.php(934): App\Controllers\User->index()
 7 SYSTEMPATH\CodeIgniter.php(499): CodeIgniter\CodeIgniter->runController(Object(App\Controllers\User))
 8 SYSTEMPATH\CodeIgniter.php(368): CodeIgniter\CodeIgniter->handleRequest(null, Object(Config\Cache), false)
 9 FCPATH\index.php(67): CodeIgniter\CodeIgniter->run()
10 SYSTEMPATH\Commands\Server\rewrite.php(47): require_once('D:\\PROJECT-CI\\pemilu\\public\\index.php')
ERROR - 2023-05-08 04:38:55 --> mysqli_sql_exception: Column 'id_kabupaten' in field list is ambiguous in D:\PROJECT-CI\pemilu\system\Database\MySQLi\Connection.php:295
Stack trace:
#0 D:\PROJECT-CI\pemilu\system\Database\MySQLi\Connection.php(295): mysqli->query('SELECT `t_kabup...', 0)
#1 D:\PROJECT-CI\pemilu\system\Database\BaseConnection.php(691): CodeIgniter\Database\MySQLi\Connection->execute('SELECT `t_kabup...')
#2 D:\PROJECT-CI\pemilu\system\Database\BaseConnection.php(605): CodeIgniter\Database\BaseConnection->simpleQuery('SELECT `t_kabup...')
#3 D:\PROJECT-CI\pemilu\system\Database\BaseBuilder.php(1616): CodeIgniter\Database\BaseConnection->query('SELECT `t_kabup...', Array, false)
#4 D:\PROJECT-CI\pemilu\app\Models\User_model.php(20): CodeIgniter\Database\BaseBuilder->get()
#5 D:\PROJECT-CI\pemilu\app\Controllers\User.php(16): App\Models\User_model->getUser()
#6 D:\PROJECT-CI\pemilu\system\CodeIgniter.php(934): App\Controllers\User->index()
#7 D:\PROJECT-CI\pemilu\system\CodeIgniter.php(499): CodeIgniter\CodeIgniter->runController(Object(App\Controllers\User))
#8 D:\PROJECT-CI\pemilu\system\CodeIgniter.php(368): CodeIgniter\CodeIgniter->handleRequest(NULL, Object(Config\Cache), false)
#9 D:\PROJECT-CI\pemilu\public\index.php(67): CodeIgniter\CodeIgniter->run()
#10 D:\PROJECT-CI\pemilu\system\Commands\Server\rewrite.php(47): require_once('D:\\PROJECT-CI\\p...')
#11 {main}
CRITICAL - 2023-05-08 04:38:55 --> Column 'id_kabupaten' in field list is ambiguous
in SYSTEMPATH\Database\MySQLi\Connection.php on line 295.
 1 SYSTEMPATH\Database\MySQLi\Connection.php(295): mysqli->query('SELECT `t_kabupaten`.`nm_kabupaten` as `nm_kabupaten`, `t_kecamatan`.`nm_kecamatan` as `nm_kecamatan`, `t_desa`.`nm_desa` as `nm_desa`, `t_tps`.`nm_tps` as `nm_tps`, `id_user`, `username`, `status`, `nama`, `id_kabupaten`, `id_kecamatan`, `id_desa`, `id_tps`
FROM `t_user`
LEFT JOIN `t_kabupaten` ON `t_kabupaten`.`id_kabupaten` = `t_user`.`id_kabupaten`
LEFT JOIN `t_kecamatan` ON `t_kecamatan`.`id_kecamatan` = `t_user`.`id_kecamatan`
LEFT JOIN `t_desa` ON `t_desa`.`id_desa` = `t_user`.`id_desa`
LEFT JOIN `t_tps` ON `t_tps`.`id_tps` = `t_user`.`id_tps`
ORDER BY `t_user`.`id_user` DESC', 0)
 2 SYSTEMPATH\Database\BaseConnection.php(691): CodeIgniter\Database\MySQLi\Connection->execute('SELECT `t_kabupaten`.`nm_kabupaten` as `nm_kabupaten`, `t_kecamatan`.`nm_kecamatan` as `nm_kecamatan`, `t_desa`.`nm_desa` as `nm_desa`, `t_tps`.`nm_tps` as `nm_tps`, `id_user`, `username`, `status`, `nama`, `id_kabupaten`, `id_kecamatan`, `id_desa`, `id_tps`
FROM `t_user`
LEFT JOIN `t_kabupaten` ON `t_kabupaten`.`id_kabupaten` = `t_user`.`id_kabupaten`
LEFT JOIN `t_kecamatan` ON `t_kecamatan`.`id_kecamatan` = `t_user`.`id_kecamatan`
LEFT JOIN `t_desa` ON `t_desa`.`id_desa` = `t_user`.`id_desa`
LEFT JOIN `t_tps` ON `t_tps`.`id_tps` = `t_user`.`id_tps`
ORDER BY `t_user`.`id_user` DESC')
 3 SYSTEMPATH\Database\BaseConnection.php(605): CodeIgniter\Database\BaseConnection->simpleQuery('SELECT `t_kabupaten`.`nm_kabupaten` as `nm_kabupaten`, `t_kecamatan`.`nm_kecamatan` as `nm_kecamatan`, `t_desa`.`nm_desa` as `nm_desa`, `t_tps`.`nm_tps` as `nm_tps`, `id_user`, `username`, `status`, `nama`, `id_kabupaten`, `id_kecamatan`, `id_desa`, `id_tps`
FROM `t_user`
LEFT JOIN `t_kabupaten` ON `t_kabupaten`.`id_kabupaten` = `t_user`.`id_kabupaten`
LEFT JOIN `t_kecamatan` ON `t_kecamatan`.`id_kecamatan` = `t_user`.`id_kecamatan`
LEFT JOIN `t_desa` ON `t_desa`.`id_desa` = `t_user`.`id_desa`
LEFT JOIN `t_tps` ON `t_tps`.`id_tps` = `t_user`.`id_tps`
ORDER BY `t_user`.`id_user` DESC')
 4 SYSTEMPATH\Database\BaseBuilder.php(1616): CodeIgniter\Database\BaseConnection->query('SELECT `t_kabupaten`.`nm_kabupaten` as `nm_kabupaten`, `t_kecamatan`.`nm_kecamatan` as `nm_kecamatan`, `t_desa`.`nm_desa` as `nm_desa`, `t_tps`.`nm_tps` as `nm_tps`, `id_user`, `username`, `status`, `nama`, `id_kabupaten`, `id_kecamatan`, `id_desa`, `id_tps`
FROM `t_user`
LEFT JOIN `t_kabupaten` ON `t_kabupaten`.`id_kabupaten` = `t_user`.`id_kabupaten`
LEFT JOIN `t_kecamatan` ON `t_kecamatan`.`id_kecamatan` = `t_user`.`id_kecamatan`
LEFT JOIN `t_desa` ON `t_desa`.`id_desa` = `t_user`.`id_desa`
LEFT JOIN `t_tps` ON `t_tps`.`id_tps` = `t_user`.`id_tps`
ORDER BY `t_user`.`id_user` DESC', [], false)
 5 APPPATH\Models\User_model.php(20): CodeIgniter\Database\BaseBuilder->get()
 6 APPPATH\Controllers\User.php(16): App\Models\User_model->getUser()
 7 SYSTEMPATH\CodeIgniter.php(934): App\Controllers\User->index()
 8 SYSTEMPATH\CodeIgniter.php(499): CodeIgniter\CodeIgniter->runController(Object(App\Controllers\User))
 9 SYSTEMPATH\CodeIgniter.php(368): CodeIgniter\CodeIgniter->handleRequest(null, Object(Config\Cache), false)
10 FCPATH\index.php(67): CodeIgniter\CodeIgniter->run()
11 SYSTEMPATH\Commands\Server\rewrite.php(47): require_once('D:\\PROJECT-CI\\pemilu\\public\\index.php')
INFO - 2023-05-08 04:40:14 --> Session: Class initialized using 'CodeIgniter\Session\Handlers\FileHandler' driver.
CRITICAL - 2023-05-08 04:40:14 --> Undefined variable: getKecamatan
in APPPATH\Views\master\user.php on line 123.
 1 APPPATH\Views\master\user.php(123): CodeIgniter\Debug\Exceptions->errorHandler(8, 'Undefined variable: getKecamatan', 'D:\\PROJECT-CI\\pemilu\\app\\Views\\master\\user.php', 123, [...])
 2 SYSTEMPATH\View\View.php(213): include('D:\\PROJECT-CI\\pemilu\\app\\Views\\master\\user.php')
 3 SYSTEMPATH\View\View.php(216): CodeIgniter\View\View->CodeIgniter\View\{closure}()
 4 SYSTEMPATH\Common.php(1184): CodeIgniter\View\View->render('master/user', [], true)
 5 APPPATH\Controllers\User.php(22): view('master/user', [...])
 6 SYSTEMPATH\CodeIgniter.php(934): App\Controllers\User->index()
 7 SYSTEMPATH\CodeIgniter.php(499): CodeIgniter\CodeIgniter->runController(Object(App\Controllers\User))
 8 SYSTEMPATH\CodeIgniter.php(368): CodeIgniter\CodeIgniter->handleRequest(null, Object(Config\Cache), false)
 9 FCPATH\index.php(67): CodeIgniter\CodeIgniter->run()
10 SYSTEMPATH\Commands\Server\rewrite.php(47): require_once('D:\\PROJECT-CI\\pemilu\\public\\index.php')
CRITICAL - 2023-05-08 04:41:19 --> Call to undefined method App\Models\User_model::getKecamatan
in SYSTEMPATH\Model.php on line 842.
 1 APPPATH\Controllers\User.php(16): CodeIgniter\Model->__call('getKecamatan', [])
 2 SYSTEMPATH\CodeIgniter.php(934): App\Controllers\User->index()
 3 SYSTEMPATH\CodeIgniter.php(499): CodeIgniter\CodeIgniter->runController(Object(App\Controllers\User))
 4 SYSTEMPATH\CodeIgniter.php(368): CodeIgniter\CodeIgniter->handleRequest(null, Object(Config\Cache), false)
 5 FCPATH\index.php(67): CodeIgniter\CodeIgniter->run()
 6 SYSTEMPATH\Commands\Server\rewrite.php(47): require_once('D:\\PROJECT-CI\\pemilu\\public\\index.php')
INFO - 2023-05-08 04:42:35 --> Session: Class initialized using 'CodeIgniter\Session\Handlers\FileHandler' driver.
INFO - 2023-05-08 04:45:11 --> Session: Class initialized using 'CodeIgniter\Session\Handlers\FileHandler' driver.
INFO - 2023-05-08 04:45:24 --> Session: Class initialized using 'CodeIgniter\Session\Handlers\FileHandler' driver.
INFO - 2023-05-08 04:45:24 --> Session: Class initialized using 'CodeIgniter\Session\Handlers\FileHandler' driver.
INFO - 2023-05-08 04:45:32 --> Session: Class initialized using 'CodeIgniter\Session\Handlers\FileHandler' driver.
INFO - 2023-05-08 04:45:32 --> Session: Class initialized using 'CodeIgniter\Session\Handlers\FileHandler' driver.
INFO - 2023-05-08 04:51:51 --> Session: Class initialized using 'CodeIgniter\Session\Handlers\FileHandler' driver.
INFO - 2023-05-08 04:52:28 --> Session: Class initialized using 'CodeIgniter\Session\Handlers\FileHandler' driver.
INFO - 2023-05-08 04:53:31 --> Session: Class initialized using 'CodeIgniter\Session\Handlers\FileHandler' driver.
INFO - 2023-05-08 04:53:31 --> Session: Class initialized using 'CodeIgniter\Session\Handlers\FileHandler' driver.
INFO - 2023-05-08 04:53:43 --> Session: Class initialized using 'CodeIgniter\Session\Handlers\FileHandler' driver.
INFO - 2023-05-08 06:15:30 --> Session: Class initialized using 'CodeIgniter\Session\Handlers\FileHandler' driver.
INFO - 2023-05-08 06:22:15 --> Session: Class initialized using 'CodeIgniter\Session\Handlers\FileHandler' driver.
INFO - 2023-05-08 06:22:15 --> Session: Class initialized using 'CodeIgniter\Session\Handlers\FileHandler' driver.
INFO - 2023-05-08 06:22:24 --> Session: Class initialized using 'CodeIgniter\Session\Handlers\FileHandler' driver.
INFO - 2023-05-08 06:22:24 --> Session: Class initialized using 'CodeIgniter\Session\Handlers\FileHandler' driver.
INFO - 2023-05-08 06:22:38 --> Session: Class initialized using 'CodeIgniter\Session\Handlers\FileHandler' driver.
INFO - 2023-05-08 06:22:38 --> Session: Class initialized using 'CodeIgniter\Session\Handlers\FileHandler' driver.
INFO - 2023-05-08 06:24:27 --> Session: Class initialized using 'CodeIgniter\Session\Handlers\FileHandler' driver.
INFO - 2023-05-08 06:28:44 --> Session: Class initialized using 'CodeIgniter\Session\Handlers\FileHandler' driver.
INFO - 2023-05-08 06:30:09 --> Session: Class initialized using 'CodeIgniter\Session\Handlers\FileHandler' driver.
INFO - 2023-05-08 06:31:02 --> Session: Class initialized using 'CodeIgniter\Session\Handlers\FileHandler' driver.
INFO - 2023-05-08 06:37:03 --> Session: Class initialized using 'CodeIgniter\Session\Handlers\FileHandler' driver.
INFO - 2023-05-08 06:37:03 --> Session: Class initialized using 'CodeIgniter\Session\Handlers\FileHandler' driver.
INFO - 2023-05-08 06:37:08 --> Session: Class initialized using 'CodeIgniter\Session\Handlers\FileHandler' driver.
INFO - 2023-05-08 06:37:08 --> Session: Class initialized using 'CodeIgniter\Session\Handlers\FileHandler' driver.
INFO - 2023-05-08 06:42:16 --> Session: Class initialized using 'CodeIgniter\Session\Handlers\FileHandler' driver.
INFO - 2023-05-08 06:43:09 --> Session: Class initialized using 'CodeIgniter\Session\Handlers\FileHandler' driver.
INFO - 2023-05-08 06:44:33 --> Session: Class initialized using 'CodeIgniter\Session\Handlers\FileHandler' driver.
INFO - 2023-05-08 06:45:15 --> Session: Class initialized using 'CodeIgniter\Session\Handlers\FileHandler' driver.
INFO - 2023-05-08 06:46:04 --> Session: Class initialized using 'CodeIgniter\Session\Handlers\FileHandler' driver.
INFO - 2023-05-08 06:46:18 --> Session: Class initialized using 'CodeIgniter\Session\Handlers\FileHandler' driver.
INFO - 2023-05-08 06:46:29 --> Session: Class initialized using 'CodeIgniter\Session\Handlers\FileHandler' driver.
INFO - 2023-05-08 06:46:48 --> Session: Class initialized using 'CodeIgniter\Session\Handlers\FileHandler' driver.
INFO - 2023-05-08 06:48:13 --> Session: Class initialized using 'CodeIgniter\Session\Handlers\FileHandler' driver.
CRITICAL - 2023-05-08 06:48:13 --> Undefined variable: id
in APPPATH\Views\home\hometps.php on line 49.
 1 APPPATH\Views\home\hometps.php(49): CodeIgniter\Debug\Exceptions->errorHandler(8, 'Undefined variable: id', 'D:\\PROJECT-CI\\pemilu\\app\\Views\\home\\hometps.php', 49, [...])
 2 SYSTEMPATH\View\View.php(213): include('D:\\PROJECT-CI\\pemilu\\app\\Views\\home\\hometps.php')
 3 SYSTEMPATH\View\View.php(216): CodeIgniter\View\View->CodeIgniter\View\{closure}()
 4 SYSTEMPATH\Common.php(1184): CodeIgniter\View\View->render('home/hometps', [], true)
 5 APPPATH\Controllers\Home.php(30): view('home/hometps', [...])
 6 SYSTEMPATH\CodeIgniter.php(934): App\Controllers\Home->index()
 7 SYSTEMPATH\CodeIgniter.php(499): CodeIgniter\CodeIgniter->runController(Object(App\Controllers\Home))
 8 SYSTEMPATH\CodeIgniter.php(368): CodeIgniter\CodeIgniter->handleRequest(null, Object(Config\Cache), false)
 9 FCPATH\index.php(67): CodeIgniter\CodeIgniter->run()
10 SYSTEMPATH\Commands\Server\rewrite.php(47): require_once('D:\\PROJECT-CI\\pemilu\\public\\index.php')
INFO - 2023-05-08 06:48:53 --> Session: Class initialized using 'CodeIgniter\Session\Handlers\FileHandler' driver.
INFO - 2023-05-08 06:49:02 --> Session: Class initialized using 'CodeIgniter\Session\Handlers\FileHandler' driver.
INFO - 2023-05-08 06:50:23 --> Session: Class initialized using 'CodeIgniter\Session\Handlers\FileHandler' driver.
INFO - 2023-05-08 06:51:22 --> Session: Class initialized using 'CodeIgniter\Session\Handlers\FileHandler' driver.
INFO - 2023-05-08 06:51:50 --> Session: Class initialized using 'CodeIgniter\Session\Handlers\FileHandler' driver.
INFO - 2023-05-08 06:51:59 --> Session: Class initialized using 'CodeIgniter\Session\Handlers\FileHandler' driver.
INFO - 2023-05-08 06:53:49 --> Session: Class initialized using 'CodeIgniter\Session\Handlers\FileHandler' driver.
INFO - 2023-05-08 06:55:49 --> Session: Class initialized using 'CodeIgniter\Session\Handlers\FileHandler' driver.
INFO - 2023-05-08 06:55:53 --> Session: Class initialized using 'CodeIgniter\Session\Handlers\FileHandler' driver.
INFO - 2023-05-08 06:55:56 --> Session: Class initialized using 'CodeIgniter\Session\Handlers\FileHandler' driver.
INFO - 2023-05-08 06:56:07 --> Session: Class initialized using 'CodeIgniter\Session\Handlers\FileHandler' driver.
INFO - 2023-05-08 06:57:51 --> Session: Class initialized using 'CodeIgniter\Session\Handlers\FileHandler' driver.
INFO - 2023-05-08 06:57:56 --> Session: Class initialized using 'CodeIgniter\Session\Handlers\FileHandler' driver.
INFO - 2023-05-08 06:59:16 --> Session: Class initialized using 'CodeIgniter\Session\Handlers\FileHandler' driver.
INFO - 2023-05-08 06:59:19 --> Session: Class initialized using 'CodeIgniter\Session\Handlers\FileHandler' driver.
INFO - 2023-05-08 07:00:36 --> Session: Class initialized using 'CodeIgniter\Session\Handlers\FileHandler' driver.
INFO - 2023-05-08 07:00:42 --> Session: Class initialized using 'CodeIgniter\Session\Handlers\FileHandler' driver.
INFO - 2023-05-08 07:07:17 --> Session: Class initialized using 'CodeIgniter\Session\Handlers\FileHandler' driver.
INFO - 2023-05-08 07:09:13 --> Session: Class initialized using 'CodeIgniter\Session\Handlers\FileHandler' driver.
INFO - 2023-05-08 07:10:06 --> Session: Class initialized using 'CodeIgniter\Session\Handlers\FileHandler' driver.
INFO - 2023-05-08 07:10:30 --> Session: Class initialized using 'CodeIgniter\Session\Handlers\FileHandler' driver.
INFO - 2023-05-08 07:11:49 --> Session: Class initialized using 'CodeIgniter\Session\Handlers\FileHandler' driver.
INFO - 2023-05-08 07:12:15 --> Session: Class initialized using 'CodeIgniter\Session\Handlers\FileHandler' driver.
INFO - 2023-05-08 07:12:51 --> Session: Class initialized using 'CodeIgniter\Session\Handlers\FileHandler' driver.
INFO - 2023-05-08 07:13:23 --> Session: Class initialized using 'CodeIgniter\Session\Handlers\FileHandler' driver.
INFO - 2023-05-08 07:13:38 --> Session: Class initialized using 'CodeIgniter\Session\Handlers\FileHandler' driver.
INFO - 2023-05-08 07:13:38 --> Session: Class initialized using 'CodeIgniter\Session\Handlers\FileHandler' driver.
INFO - 2023-05-08 07:15:15 --> Session: Class initialized using 'CodeIgniter\Session\Handlers\FileHandler' driver.
INFO - 2023-05-08 07:15:15 --> Session: Class initialized using 'CodeIgniter\Session\Handlers\FileHandler' driver.
INFO - 2023-05-08 07:24:34 --> Session: Class initialized using 'CodeIgniter\Session\Handlers\FileHandler' driver.
ERROR - 2023-05-08 07:24:34 --> mysqli_sql_exception: Column 'id_kecamatan' in where clause is ambiguous in D:\PROJECT-CI\pemilu\system\Database\MySQLi\Connection.php:295
Stack trace:
#0 D:\PROJECT-CI\pemilu\system\Database\MySQLi\Connection.php(295): mysqli->query('SELECT * FROM t...', 0)
#1 D:\PROJECT-CI\pemilu\system\Database\BaseConnection.php(691): CodeIgniter\Database\MySQLi\Connection->execute('SELECT * FROM t...')
#2 D:\PROJECT-CI\pemilu\system\Database\BaseConnection.php(605): CodeIgniter\Database\BaseConnection->simpleQuery('SELECT * FROM t...')
#3 D:\PROJECT-CI\pemilu\app\Views\home\homekecamatan.php(7): CodeIgniter\Database\BaseConnection->query('SELECT * FROM t...')
#4 D:\PROJECT-CI\pemilu\system\View\View.php(213): include('D:\\PROJECT-CI\\p...')
#5 D:\PROJECT-CI\pemilu\system\View\View.php(216): CodeIgniter\View\View->CodeIgniter\View\{closure}()
#6 D:\PROJECT-CI\pemilu\system\Common.php(1184): CodeIgniter\View\View->render('home/homekecama...', Array, true)
#7 D:\PROJECT-CI\pemilu\app\Controllers\Home.php(32): view('home/homekecama...', Array)
#8 D:\PROJECT-CI\pemilu\system\CodeIgniter.php(934): App\Controllers\Home->index()
#9 D:\PROJECT-CI\pemilu\system\CodeIgniter.php(499): CodeIgniter\CodeIgniter->runController(Object(App\Controllers\Home))
#10 D:\PROJECT-CI\pemilu\system\CodeIgniter.php(368): CodeIgniter\CodeIgniter->handleRequest(NULL, Object(Config\Cache), false)
#11 D:\PROJECT-CI\pemilu\public\index.php(67): CodeIgniter\CodeIgniter->run()
#12 D:\PROJECT-CI\pemilu\system\Commands\Server\rewrite.php(47): require_once('D:\\PROJECT-CI\\p...')
#13 {main}
CRITICAL - 2023-05-08 07:24:34 --> Column 'id_kecamatan' in where clause is ambiguous
in SYSTEMPATH\Database\MySQLi\Connection.php on line 295.
 1 SYSTEMPATH\Database\MySQLi\Connection.php(295): mysqli->query('SELECT * FROM t_hasil_kecamatan 
Join t_kecamatan ON t_kecamatan.id_kecamatan = t_hasil_kecamatan.id_kecamatan
where id_kecamatan=\'2\'', 0)
 2 SYSTEMPATH\Database\BaseConnection.php(691): CodeIgniter\Database\MySQLi\Connection->execute('SELECT * FROM t_hasil_kecamatan 
Join t_kecamatan ON t_kecamatan.id_kecamatan = t_hasil_kecamatan.id_kecamatan
where id_kecamatan=\'2\'')
 3 SYSTEMPATH\Database\BaseConnection.php(605): CodeIgniter\Database\BaseConnection->simpleQuery('SELECT * FROM t_hasil_kecamatan 
Join t_kecamatan ON t_kecamatan.id_kecamatan = t_hasil_kecamatan.id_kecamatan
where id_kecamatan=\'2\'')
 4 APPPATH\Views\home\homekecamatan.php(7): CodeIgniter\Database\BaseConnection->query('SELECT * FROM t_hasil_kecamatan 
Join t_kecamatan ON t_kecamatan.id_kecamatan = t_hasil_kecamatan.id_kecamatan
where id_kecamatan=\'2\'')
 5 SYSTEMPATH\View\View.php(213): include('D:\\PROJECT-CI\\pemilu\\app\\Views\\home\\homekecamatan.php')
 6 SYSTEMPATH\View\View.php(216): CodeIgniter\View\View->CodeIgniter\View\{closure}()
 7 SYSTEMPATH\Common.php(1184): CodeIgniter\View\View->render('home/homekecamatan', [], true)
 8 APPPATH\Controllers\Home.php(32): view('home/homekecamatan', [...])
 9 SYSTEMPATH\CodeIgniter.php(934): App\Controllers\Home->index()
10 SYSTEMPATH\CodeIgniter.php(499): CodeIgniter\CodeIgniter->runController(Object(App\Controllers\Home))
11 SYSTEMPATH\CodeIgniter.php(368): CodeIgniter\CodeIgniter->handleRequest(null, Object(Config\Cache), false)
12 FCPATH\index.php(67): CodeIgniter\CodeIgniter->run()
13 SYSTEMPATH\Commands\Server\rewrite.php(47): require_once('D:\\PROJECT-CI\\pemilu\\public\\index.php')
INFO - 2023-05-08 07:25:33 --> Session: Class initialized using 'CodeIgniter\Session\Handlers\FileHandler' driver.
ERROR - 2023-05-08 07:25:33 --> mysqli_sql_exception: Column 'id_kecamatan' in where clause is ambiguous in D:\PROJECT-CI\pemilu\system\Database\MySQLi\Connection.php:295
Stack trace:
#0 D:\PROJECT-CI\pemilu\system\Database\MySQLi\Connection.php(295): mysqli->query('SELECT * FROM t...', 0)
#1 D:\PROJECT-CI\pemilu\system\Database\BaseConnection.php(691): CodeIgniter\Database\MySQLi\Connection->execute('SELECT * FROM t...')
#2 D:\PROJECT-CI\pemilu\system\Database\BaseConnection.php(605): CodeIgniter\Database\BaseConnection->simpleQuery('SELECT * FROM t...')
#3 D:\PROJECT-CI\pemilu\app\Views\home\homekecamatan.php(7): CodeIgniter\Database\BaseConnection->query('SELECT * FROM t...')
#4 D:\PROJECT-CI\pemilu\system\View\View.php(213): include('D:\\PROJECT-CI\\p...')
#5 D:\PROJECT-CI\pemilu\system\View\View.php(216): CodeIgniter\View\View->CodeIgniter\View\{closure}()
#6 D:\PROJECT-CI\pemilu\system\Common.php(1184): CodeIgniter\View\View->render('home/homekecama...', Array, true)
#7 D:\PROJECT-CI\pemilu\app\Controllers\Home.php(32): view('home/homekecama...', Array)
#8 D:\PROJECT-CI\pemilu\system\CodeIgniter.php(934): App\Controllers\Home->index()
#9 D:\PROJECT-CI\pemilu\system\CodeIgniter.php(499): CodeIgniter\CodeIgniter->runController(Object(App\Controllers\Home))
#10 D:\PROJECT-CI\pemilu\system\CodeIgniter.php(368): CodeIgniter\CodeIgniter->handleRequest(NULL, Object(Config\Cache), false)
#11 D:\PROJECT-CI\pemilu\public\index.php(67): CodeIgniter\CodeIgniter->run()
#12 D:\PROJECT-CI\pemilu\system\Commands\Server\rewrite.php(47): require_once('D:\\PROJECT-CI\\p...')
#13 {main}
CRITICAL - 2023-05-08 07:25:33 --> Column 'id_kecamatan' in where clause is ambiguous
in SYSTEMPATH\Database\MySQLi\Connection.php on line 295.
 1 SYSTEMPATH\Database\MySQLi\Connection.php(295): mysqli->query('SELECT * FROM t_hasil_kecamatan 
Join t_kecamatan ON t_kecamatan.id_kecamatan = t_hasil_kecamatan.id_kecamatan
where id_kecamatan=\'2\'', 0)
 2 SYSTEMPATH\Database\BaseConnection.php(691): CodeIgniter\Database\MySQLi\Connection->execute('SELECT * FROM t_hasil_kecamatan 
Join t_kecamatan ON t_kecamatan.id_kecamatan = t_hasil_kecamatan.id_kecamatan
where id_kecamatan=\'2\'')
 3 SYSTEMPATH\Database\BaseConnection.php(605): CodeIgniter\Database\BaseConnection->simpleQuery('SELECT * FROM t_hasil_kecamatan 
Join t_kecamatan ON t_kecamatan.id_kecamatan = t_hasil_kecamatan.id_kecamatan
where id_kecamatan=\'2\'')
 4 APPPATH\Views\home\homekecamatan.php(7): CodeIgniter\Database\BaseConnection->query('SELECT * FROM t_hasil_kecamatan 
Join t_kecamatan ON t_kecamatan.id_kecamatan = t_hasil_kecamatan.id_kecamatan
where id_kecamatan=\'2\'')
 5 SYSTEMPATH\View\View.php(213): include('D:\\PROJECT-CI\\pemilu\\app\\Views\\home\\homekecamatan.php')
 6 SYSTEMPATH\View\View.php(216): CodeIgniter\View\View->CodeIgniter\View\{closure}()
 7 SYSTEMPATH\Common.php(1184): CodeIgniter\View\View->render('home/homekecamatan', [], true)
 8 APPPATH\Controllers\Home.php(32): view('home/homekecamatan', [...])
 9 SYSTEMPATH\CodeIgniter.php(934): App\Controllers\Home->index()
10 SYSTEMPATH\CodeIgniter.php(499): CodeIgniter\CodeIgniter->runController(Object(App\Controllers\Home))
11 SYSTEMPATH\CodeIgniter.php(368): CodeIgniter\CodeIgniter->handleRequest(null, Object(Config\Cache), false)
12 FCPATH\index.php(67): CodeIgniter\CodeIgniter->run()
13 SYSTEMPATH\Commands\Server\rewrite.php(47): require_once('D:\\PROJECT-CI\\pemilu\\public\\index.php')
INFO - 2023-05-08 07:26:09 --> Session: Class initialized using 'CodeIgniter\Session\Handlers\FileHandler' driver.
ERROR - 2023-05-08 07:26:09 --> mysqli_sql_exception: Column 'id_kecamatan' in where clause is ambiguous in D:\PROJECT-CI\pemilu\system\Database\MySQLi\Connection.php:295
Stack trace:
#0 D:\PROJECT-CI\pemilu\system\Database\MySQLi\Connection.php(295): mysqli->query('SELECT * FROM t...', 0)
#1 D:\PROJECT-CI\pemilu\system\Database\BaseConnection.php(691): CodeIgniter\Database\MySQLi\Connection->execute('SELECT * FROM t...')
#2 D:\PROJECT-CI\pemilu\system\Database\BaseConnection.php(605): CodeIgniter\Database\BaseConnection->simpleQuery('SELECT * FROM t...')
#3 D:\PROJECT-CI\pemilu\app\Views\home\homekecamatan.php(7): CodeIgniter\Database\BaseConnection->query('SELECT * FROM t...')
#4 D:\PROJECT-CI\pemilu\system\View\View.php(213): include('D:\\PROJECT-CI\\p...')
#5 D:\PROJECT-CI\pemilu\system\View\View.php(216): CodeIgniter\View\View->CodeIgniter\View\{closure}()
#6 D:\PROJECT-CI\pemilu\system\Common.php(1184): CodeIgniter\View\View->render('home/homekecama...', Array, true)
#7 D:\PROJECT-CI\pemilu\app\Controllers\Home.php(32): view('home/homekecama...', Array)
#8 D:\PROJECT-CI\pemilu\system\CodeIgniter.php(934): App\Controllers\Home->index()
#9 D:\PROJECT-CI\pemilu\system\CodeIgniter.php(499): CodeIgniter\CodeIgniter->runController(Object(App\Controllers\Home))
#10 D:\PROJECT-CI\pemilu\system\CodeIgniter.php(368): CodeIgniter\CodeIgniter->handleRequest(NULL, Object(Config\Cache), false)
#11 D:\PROJECT-CI\pemilu\public\index.php(67): CodeIgniter\CodeIgniter->run()
#12 D:\PROJECT-CI\pemilu\system\Commands\Server\rewrite.php(47): require_once('D:\\PROJECT-CI\\p...')
#13 {main}
CRITICAL - 2023-05-08 07:26:09 --> Column 'id_kecamatan' in where clause is ambiguous
in SYSTEMPATH\Database\MySQLi\Connection.php on line 295.
 1 SYSTEMPATH\Database\MySQLi\Connection.php(295): mysqli->query('SELECT * FROM t_hasil_kecamatan 
Join t_kecamatan ON t_kecamatan.id_kecamatan = t_hasil_kecamatan.id_kecamatan
where id_kecamatan=\'5\'', 0)
 2 SYSTEMPATH\Database\BaseConnection.php(691): CodeIgniter\Database\MySQLi\Connection->execute('SELECT * FROM t_hasil_kecamatan 
Join t_kecamatan ON t_kecamatan.id_kecamatan = t_hasil_kecamatan.id_kecamatan
where id_kecamatan=\'5\'')
 3 SYSTEMPATH\Database\BaseConnection.php(605): CodeIgniter\Database\BaseConnection->simpleQuery('SELECT * FROM t_hasil_kecamatan 
Join t_kecamatan ON t_kecamatan.id_kecamatan = t_hasil_kecamatan.id_kecamatan
where id_kecamatan=\'5\'')
 4 APPPATH\Views\home\homekecamatan.php(7): CodeIgniter\Database\BaseConnection->query('SELECT * FROM t_hasil_kecamatan 
Join t_kecamatan ON t_kecamatan.id_kecamatan = t_hasil_kecamatan.id_kecamatan
where id_kecamatan=\'5\'')
 5 SYSTEMPATH\View\View.php(213): include('D:\\PROJECT-CI\\pemilu\\app\\Views\\home\\homekecamatan.php')
 6 SYSTEMPATH\View\View.php(216): CodeIgniter\View\View->CodeIgniter\View\{closure}()
 7 SYSTEMPATH\Common.php(1184): CodeIgniter\View\View->render('home/homekecamatan', [], true)
 8 APPPATH\Controllers\Home.php(32): view('home/homekecamatan', [...])
 9 SYSTEMPATH\CodeIgniter.php(934): App\Controllers\Home->index()
10 SYSTEMPATH\CodeIgniter.php(499): CodeIgniter\CodeIgniter->runController(Object(App\Controllers\Home))
11 SYSTEMPATH\CodeIgniter.php(368): CodeIgniter\CodeIgniter->handleRequest(null, Object(Config\Cache), false)
12 FCPATH\index.php(67): CodeIgniter\CodeIgniter->run()
13 SYSTEMPATH\Commands\Server\rewrite.php(47): require_once('D:\\PROJECT-CI\\pemilu\\public\\index.php')
INFO - 2023-05-08 07:26:20 --> Session: Class initialized using 'CodeIgniter\Session\Handlers\FileHandler' driver.
INFO - 2023-05-08 07:27:47 --> Session: Class initialized using 'CodeIgniter\Session\Handlers\FileHandler' driver.
INFO - 2023-05-08 07:29:47 --> Session: Class initialized using 'CodeIgniter\Session\Handlers\FileHandler' driver.
CRITICAL - 2023-05-08 07:29:48 --> syntax error, unexpected '$jml_tps' (T_VARIABLE)
in APPPATH\Views\home\homekecamatan.php on line 58.
 1 SYSTEMPATH\View\View.php(216): CodeIgniter\View\View->CodeIgniter\View\{closure}()
 2 SYSTEMPATH\Common.php(1184): CodeIgniter\View\View->render('home/homekecamatan', [], true)
 3 APPPATH\Controllers\Home.php(32): view('home/homekecamatan', [...])
 4 SYSTEMPATH\CodeIgniter.php(934): App\Controllers\Home->index()
 5 SYSTEMPATH\CodeIgniter.php(499): CodeIgniter\CodeIgniter->runController(Object(App\Controllers\Home))
 6 SYSTEMPATH\CodeIgniter.php(368): CodeIgniter\CodeIgniter->handleRequest(null, Object(Config\Cache), false)
 7 FCPATH\index.php(67): CodeIgniter\CodeIgniter->run()
 8 SYSTEMPATH\Commands\Server\rewrite.php(47): require_once('D:\\PROJECT-CI\\pemilu\\public\\index.php')
INFO - 2023-05-08 07:29:56 --> Session: Class initialized using 'CodeIgniter\Session\Handlers\FileHandler' driver.
INFO - 2023-05-08 07:30:30 --> Session: Class initialized using 'CodeIgniter\Session\Handlers\FileHandler' driver.
INFO - 2023-05-08 07:32:29 --> Session: Class initialized using 'CodeIgniter\Session\Handlers\FileHandler' driver.
INFO - 2023-05-08 07:34:39 --> Session: Class initialized using 'CodeIgniter\Session\Handlers\FileHandler' driver.
CRITICAL - 2023-05-08 07:34:39 --> Undefined variable: jml_tps
in APPPATH\Views\home\homekecamatan.php on line 94.
 1 APPPATH\Views\home\homekecamatan.php(94): CodeIgniter\Debug\Exceptions->errorHandler(8, 'Undefined variable: jml_tps', 'D:\\PROJECT-CI\\pemilu\\app\\Views\\home\\homekecamatan.php', 94, [...])
 2 SYSTEMPATH\View\View.php(213): include('D:\\PROJECT-CI\\pemilu\\app\\Views\\home\\homekecamatan.php')
 3 SYSTEMPATH\View\View.php(216): CodeIgniter\View\View->CodeIgniter\View\{closure}()
 4 SYSTEMPATH\Common.php(1184): CodeIgniter\View\View->render('home/homekecamatan', [], true)
 5 APPPATH\Controllers\Home.php(32): view('home/homekecamatan', [...])
 6 SYSTEMPATH\CodeIgniter.php(934): App\Controllers\Home->index()
 7 SYSTEMPATH\CodeIgniter.php(499): CodeIgniter\CodeIgniter->runController(Object(App\Controllers\Home))
 8 SYSTEMPATH\CodeIgniter.php(368): CodeIgniter\CodeIgniter->handleRequest(null, Object(Config\Cache), false)
 9 FCPATH\index.php(67): CodeIgniter\CodeIgniter->run()
10 SYSTEMPATH\Commands\Server\rewrite.php(47): require_once('D:\\PROJECT-CI\\pemilu\\public\\index.php')
INFO - 2023-05-08 07:35:41 --> Session: Class initialized using 'CodeIgniter\Session\Handlers\FileHandler' driver.
CRITICAL - 2023-05-08 07:35:41 --> Undefined variable: jml_tps
in APPPATH\Views\home\homekecamatan.php on line 94.
 1 APPPATH\Views\home\homekecamatan.php(94): CodeIgniter\Debug\Exceptions->errorHandler(8, 'Undefined variable: jml_tps', 'D:\\PROJECT-CI\\pemilu\\app\\Views\\home\\homekecamatan.php', 94, [...])
 2 SYSTEMPATH\View\View.php(213): include('D:\\PROJECT-CI\\pemilu\\app\\Views\\home\\homekecamatan.php')
 3 SYSTEMPATH\View\View.php(216): CodeIgniter\View\View->CodeIgniter\View\{closure}()
 4 SYSTEMPATH\Common.php(1184): CodeIgniter\View\View->render('home/homekecamatan', [], true)
 5 APPPATH\Controllers\Home.php(32): view('home/homekecamatan', [...])
 6 SYSTEMPATH\CodeIgniter.php(934): App\Controllers\Home->index()
 7 SYSTEMPATH\CodeIgniter.php(499): CodeIgniter\CodeIgniter->runController(Object(App\Controllers\Home))
 8 SYSTEMPATH\CodeIgniter.php(368): CodeIgniter\CodeIgniter->handleRequest(null, Object(Config\Cache), false)
 9 FCPATH\index.php(67): CodeIgniter\CodeIgniter->run()
10 SYSTEMPATH\Commands\Server\rewrite.php(47): require_once('D:\\PROJECT-CI\\pemilu\\public\\index.php')
INFO - 2023-05-08 07:36:03 --> Session: Class initialized using 'CodeIgniter\Session\Handlers\FileHandler' driver.
CRITICAL - 2023-05-08 07:36:03 --> Undefined variable: jml_tps
in APPPATH\Views\home\homekecamatan.php on line 58.
 1 APPPATH\Views\home\homekecamatan.php(58): CodeIgniter\Debug\Exceptions->errorHandler(8, 'Undefined variable: jml_tps', 'D:\\PROJECT-CI\\pemilu\\app\\Views\\home\\homekecamatan.php', 58, [...])
 2 SYSTEMPATH\View\View.php(213): include('D:\\PROJECT-CI\\pemilu\\app\\Views\\home\\homekecamatan.php')
 3 SYSTEMPATH\View\View.php(216): CodeIgniter\View\View->CodeIgniter\View\{closure}()
 4 SYSTEMPATH\Common.php(1184): CodeIgniter\View\View->render('home/homekecamatan', [], true)
 5 APPPATH\Controllers\Home.php(32): view('home/homekecamatan', [...])
 6 SYSTEMPATH\CodeIgniter.php(934): App\Controllers\Home->index()
 7 SYSTEMPATH\CodeIgniter.php(499): CodeIgniter\CodeIgniter->runController(Object(App\Controllers\Home))
 8 SYSTEMPATH\CodeIgniter.php(368): CodeIgniter\CodeIgniter->handleRequest(null, Object(Config\Cache), false)
 9 FCPATH\index.php(67): CodeIgniter\CodeIgniter->run()
10 SYSTEMPATH\Commands\Server\rewrite.php(47): require_once('D:\\PROJECT-CI\\pemilu\\public\\index.php')
INFO - 2023-05-08 07:36:14 --> Session: Class initialized using 'CodeIgniter\Session\Handlers\FileHandler' driver.
INFO - 2023-05-08 07:38:01 --> Session: Class initialized using 'CodeIgniter\Session\Handlers\FileHandler' driver.
INFO - 2023-05-08 07:39:29 --> Session: Class initialized using 'CodeIgniter\Session\Handlers\FileHandler' driver.
INFO - 2023-05-08 07:45:40 --> Session: Class initialized using 'CodeIgniter\Session\Handlers\FileHandler' driver.
INFO - 2023-05-08 07:50:04 --> Session: Class initialized using 'CodeIgniter\Session\Handlers\FileHandler' driver.
INFO - 2023-05-08 07:51:24 --> Session: Class initialized using 'CodeIgniter\Session\Handlers\FileHandler' driver.
INFO - 2023-05-08 07:53:23 --> Session: Class initialized using 'CodeIgniter\Session\Handlers\FileHandler' driver.
CRITICAL - 2023-05-08 07:53:23 --> Undefined property: stdClass::$jml_tps
in APPPATH\Views\home\homekecamatan.php on line 59.
 1 APPPATH\Views\home\homekecamatan.php(59): CodeIgniter\Debug\Exceptions->errorHandler(8, 'Undefined property: stdClass::$jml_tps', 'D:\\PROJECT-CI\\pemilu\\app\\Views\\home\\homekecamatan.php', 59, [...])
 2 SYSTEMPATH\View\View.php(213): include('D:\\PROJECT-CI\\pemilu\\app\\Views\\home\\homekecamatan.php')
 3 SYSTEMPATH\View\View.php(216): CodeIgniter\View\View->CodeIgniter\View\{closure}()
 4 SYSTEMPATH\Common.php(1184): CodeIgniter\View\View->render('home/homekecamatan', [], true)
 5 APPPATH\Controllers\Home.php(32): view('home/homekecamatan', [...])
 6 SYSTEMPATH\CodeIgniter.php(934): App\Controllers\Home->index()
 7 SYSTEMPATH\CodeIgniter.php(499): CodeIgniter\CodeIgniter->runController(Object(App\Controllers\Home))
 8 SYSTEMPATH\CodeIgniter.php(368): CodeIgniter\CodeIgniter->handleRequest(null, Object(Config\Cache), false)
 9 FCPATH\index.php(67): CodeIgniter\CodeIgniter->run()
10 SYSTEMPATH\Commands\Server\rewrite.php(47): require_once('D:\\PROJECT-CI\\pemilu\\public\\index.php')
INFO - 2023-05-08 07:54:07 --> Session: Class initialized using 'CodeIgniter\Session\Handlers\FileHandler' driver.
INFO - 2023-05-08 07:55:42 --> Session: Class initialized using 'CodeIgniter\Session\Handlers\FileHandler' driver.
INFO - 2023-05-08 07:57:09 --> Session: Class initialized using 'CodeIgniter\Session\Handlers\FileHandler' driver.
CRITICAL - 2023-05-08 07:57:09 --> Undefined variable: jml_kec
in APPPATH\Views\home\homekecamatan.php on line 118.
 1 APPPATH\Views\home\homekecamatan.php(118): CodeIgniter\Debug\Exceptions->errorHandler(8, 'Undefined variable: jml_kec', 'D:\\PROJECT-CI\\pemilu\\app\\Views\\home\\homekecamatan.php', 118, [...])
 2 SYSTEMPATH\View\View.php(213): include('D:\\PROJECT-CI\\pemilu\\app\\Views\\home\\homekecamatan.php')
 3 SYSTEMPATH\View\View.php(216): CodeIgniter\View\View->CodeIgniter\View\{closure}()
 4 SYSTEMPATH\Common.php(1184): CodeIgniter\View\View->render('home/homekecamatan', [], true)
 5 APPPATH\Controllers\Home.php(32): view('home/homekecamatan', [...])
 6 SYSTEMPATH\CodeIgniter.php(934): App\Controllers\Home->index()
 7 SYSTEMPATH\CodeIgniter.php(499): CodeIgniter\CodeIgniter->runController(Object(App\Controllers\Home))
 8 SYSTEMPATH\CodeIgniter.php(368): CodeIgniter\CodeIgniter->handleRequest(null, Object(Config\Cache), false)
 9 FCPATH\index.php(67): CodeIgniter\CodeIgniter->run()
10 SYSTEMPATH\Commands\Server\rewrite.php(47): require_once('D:\\PROJECT-CI\\pemilu\\public\\index.php')
INFO - 2023-05-08 07:57:19 --> Session: Class initialized using 'CodeIgniter\Session\Handlers\FileHandler' driver.
CRITICAL - 2023-05-08 07:57:20 --> Undefined variable: pres_kec
in APPPATH\Views\home\homekecamatan.php on line 108.
 1 APPPATH\Views\home\homekecamatan.php(108): CodeIgniter\Debug\Exceptions->errorHandler(8, 'Undefined variable: pres_kec', 'D:\\PROJECT-CI\\pemilu\\app\\Views\\home\\homekecamatan.php', 108, [...])
 2 SYSTEMPATH\View\View.php(213): include('D:\\PROJECT-CI\\pemilu\\app\\Views\\home\\homekecamatan.php')
 3 SYSTEMPATH\View\View.php(216): CodeIgniter\View\View->CodeIgniter\View\{closure}()
 4 SYSTEMPATH\Common.php(1184): CodeIgniter\View\View->render('home/homekecamatan', [], true)
 5 APPPATH\Controllers\Home.php(32): view('home/homekecamatan', [...])
 6 SYSTEMPATH\CodeIgniter.php(934): App\Controllers\Home->index()
 7 SYSTEMPATH\CodeIgniter.php(499): CodeIgniter\CodeIgniter->runController(Object(App\Controllers\Home))
 8 SYSTEMPATH\CodeIgniter.php(368): CodeIgniter\CodeIgniter->handleRequest(null, Object(Config\Cache), false)
 9 FCPATH\index.php(67): CodeIgniter\CodeIgniter->run()
10 SYSTEMPATH\Commands\Server\rewrite.php(47): require_once('D:\\PROJECT-CI\\pemilu\\public\\index.php')
INFO - 2023-05-08 07:57:35 --> Session: Class initialized using 'CodeIgniter\Session\Handlers\FileHandler' driver.
INFO - 2023-05-08 07:59:44 --> Session: Class initialized using 'CodeIgniter\Session\Handlers\FileHandler' driver.
INFO - 2023-05-08 08:01:05 --> Session: Class initialized using 'CodeIgniter\Session\Handlers\FileHandler' driver.
INFO - 2023-05-08 08:01:14 --> Session: Class initialized using 'CodeIgniter\Session\Handlers\FileHandler' driver.
