INFO - 2023-06-22 02:44:09 --> Session: Class initialized using 'CodeIgniter\Session\Handlers\FileHandler' driver.
INFO - 2023-06-22 02:44:16 --> Session: Class initialized using 'CodeIgniter\Session\Handlers\FileHandler' driver.
INFO - 2023-06-22 02:44:16 --> Session: Class initialized using 'CodeIgniter\Session\Handlers\FileHandler' driver.
INFO - 2023-06-22 02:44:23 --> Session: Class initialized using 'CodeIgniter\Session\Handlers\FileHandler' driver.
INFO - 2023-06-22 02:44:53 --> Session: Class initialized using 'CodeIgniter\Session\Handlers\FileHandler' driver.
INFO - 2023-06-22 02:44:53 --> Session: Class initialized using 'CodeIgniter\Session\Handlers\FileHandler' driver.
INFO - 2023-06-22 02:48:14 --> Session: Class initialized using 'CodeIgniter\Session\Handlers\FileHandler' driver.
INFO - 2023-06-22 03:05:29 --> Session: Class initialized using 'CodeIgniter\Session\Handlers\FileHandler' driver.
INFO - 2023-06-22 03:05:32 --> Session: Class initialized using 'CodeIgniter\Session\Handlers\FileHandler' driver.
INFO - 2023-06-22 03:06:02 --> Session: Class initialized using 'CodeIgniter\Session\Handlers\FileHandler' driver.
INFO - 2023-06-22 03:06:02 --> Session: Class initialized using 'CodeIgniter\Session\Handlers\FileHandler' driver.
INFO - 2023-06-22 03:08:10 --> Session: Class initialized using 'CodeIgniter\Session\Handlers\FileHandler' driver.
ERROR - 2023-06-22 03:08:17 --> mysqli_sql_exception: Column 'id_lok' cannot be null in D:\PROJECT-CI\asset\system\Database\MySQLi\Connection.php:295
Stack trace:
#0 D:\PROJECT-CI\asset\system\Database\MySQLi\Connection.php(295): mysqli->query('INSERT INTO `t_...', 0)
#1 D:\PROJECT-CI\asset\system\Database\BaseConnection.php(691): CodeIgniter\Database\MySQLi\Connection->execute('INSERT INTO `t_...')
#2 D:\PROJECT-CI\asset\system\Database\BaseConnection.php(605): CodeIgniter\Database\BaseConnection->simpleQuery('INSERT INTO `t_...')
#3 D:\PROJECT-CI\asset\system\Database\BaseBuilder.php(2309): CodeIgniter\Database\BaseConnection->query('INSERT INTO `t_...', Array, false)
#4 D:\PROJECT-CI\asset\app\Models\Barang_model.php(37): CodeIgniter\Database\BaseBuilder->insert(Array)
#5 D:\PROJECT-CI\asset\app\Controllers\Barang.php(57): App\Models\Barang_model->saveBarang(Array)
#6 D:\PROJECT-CI\asset\system\CodeIgniter.php(934): App\Controllers\Barang->add()
#7 D:\PROJECT-CI\asset\system\CodeIgniter.php(499): CodeIgniter\CodeIgniter->runController(Object(App\Controllers\Barang))
#8 D:\PROJECT-CI\asset\system\CodeIgniter.php(368): CodeIgniter\CodeIgniter->handleRequest(NULL, Object(Config\Cache), false)
#9 D:\PROJECT-CI\asset\public\index.php(67): CodeIgniter\CodeIgniter->run()
#10 D:\PROJECT-CI\asset\system\Commands\Server\rewrite.php(47): require_once('D:\\PROJECT-CI\\a...')
#11 {main}
CRITICAL - 2023-06-22 03:08:17 --> Column 'id_lok' cannot be null
in SYSTEMPATH\Database\MySQLi\Connection.php on line 295.
 1 SYSTEMPATH\Database\MySQLi\Connection.php(295): mysqli->query('INSERT INTO `t_barang` (`kode_barang`, `nm_barang`, `id_lok`, `id_kond`, `tgl_barang`) VALUES (\'B01\', \'Laptop Assus\', NULL, NULL, \'2023-06-22\')', 0)
 2 SYSTEMPATH\Database\BaseConnection.php(691): CodeIgniter\Database\MySQLi\Connection->execute('INSERT INTO `t_barang` (`kode_barang`, `nm_barang`, `id_lok`, `id_kond`, `tgl_barang`) VALUES (\'B01\', \'Laptop Assus\', NULL, NULL, \'2023-06-22\')')
 3 SYSTEMPATH\Database\BaseConnection.php(605): CodeIgniter\Database\BaseConnection->simpleQuery('INSERT INTO `t_barang` (`kode_barang`, `nm_barang`, `id_lok`, `id_kond`, `tgl_barang`) VALUES (\'B01\', \'Laptop Assus\', NULL, NULL, \'2023-06-22\')')
 4 SYSTEMPATH\Database\BaseBuilder.php(2309): CodeIgniter\Database\BaseConnection->query('INSERT INTO `t_barang` (`kode_barang`, `nm_barang`, `id_lok`, `id_kond`, `tgl_barang`) VALUES (:kode_barang:, :nm_barang:, :id_lok:, :id_kond:, :tgl_barang:)', [...], false)
 5 APPPATH\Models\Barang_model.php(37): CodeIgniter\Database\BaseBuilder->insert([...])
 6 APPPATH\Controllers\Barang.php(57): App\Models\Barang_model->saveBarang([...])
 7 SYSTEMPATH\CodeIgniter.php(934): App\Controllers\Barang->add()
 8 SYSTEMPATH\CodeIgniter.php(499): CodeIgniter\CodeIgniter->runController(Object(App\Controllers\Barang))
 9 SYSTEMPATH\CodeIgniter.php(368): CodeIgniter\CodeIgniter->handleRequest(null, Object(Config\Cache), false)
10 FCPATH\index.php(67): CodeIgniter\CodeIgniter->run()
11 SYSTEMPATH\Commands\Server\rewrite.php(47): require_once('D:\\PROJECT-CI\\asset\\public\\index.php')
INFO - 2023-06-22 03:09:08 --> Session: Class initialized using 'CodeIgniter\Session\Handlers\FileHandler' driver.
INFO - 2023-06-22 03:09:09 --> Session: Class initialized using 'CodeIgniter\Session\Handlers\FileHandler' driver.
INFO - 2023-06-22 03:09:27 --> Session: Class initialized using 'CodeIgniter\Session\Handlers\FileHandler' driver.
INFO - 2023-06-22 03:09:27 --> Session: Class initialized using 'CodeIgniter\Session\Handlers\FileHandler' driver.
CRITICAL - 2023-06-22 03:09:27 --> Undefined index: tgl
in APPPATH\Views\master\barang.php on line 53.
 1 APPPATH\Views\master\barang.php(53): CodeIgniter\Debug\Exceptions->errorHandler(8, 'Undefined index: tgl', 'D:\\PROJECT-CI\\asset\\app\\Views\\master\\barang.php', 53, [...])
 2 SYSTEMPATH\View\View.php(213): include('D:\\PROJECT-CI\\asset\\app\\Views\\master\\barang.php')
 3 SYSTEMPATH\View\View.php(216): CodeIgniter\View\View->CodeIgniter\View\{closure}()
 4 SYSTEMPATH\Common.php(1184): CodeIgniter\View\View->render('master/barang', [], true)
 5 APPPATH\Controllers\Barang.php(32): view('master/barang', [...])
 6 SYSTEMPATH\CodeIgniter.php(934): App\Controllers\Barang->index()
 7 SYSTEMPATH\CodeIgniter.php(499): CodeIgniter\CodeIgniter->runController(Object(App\Controllers\Barang))
 8 SYSTEMPATH\CodeIgniter.php(368): CodeIgniter\CodeIgniter->handleRequest(null, Object(Config\Cache), false)
 9 FCPATH\index.php(67): CodeIgniter\CodeIgniter->run()
10 SYSTEMPATH\Commands\Server\rewrite.php(47): require_once('D:\\PROJECT-CI\\asset\\public\\index.php')
INFO - 2023-06-22 03:09:45 --> Session: Class initialized using 'CodeIgniter\Session\Handlers\FileHandler' driver.
INFO - 2023-06-22 03:16:15 --> Session: Class initialized using 'CodeIgniter\Session\Handlers\FileHandler' driver.
INFO - 2023-06-22 03:16:40 --> Session: Class initialized using 'CodeIgniter\Session\Handlers\FileHandler' driver.
INFO - 2023-06-22 03:16:40 --> Session: Class initialized using 'CodeIgniter\Session\Handlers\FileHandler' driver.
INFO - 2023-06-22 03:17:02 --> Session: Class initialized using 'CodeIgniter\Session\Handlers\FileHandler' driver.
INFO - 2023-06-22 03:17:04 --> Session: Class initialized using 'CodeIgniter\Session\Handlers\FileHandler' driver.
INFO - 2023-06-22 03:17:04 --> Session: Class initialized using 'CodeIgniter\Session\Handlers\FileHandler' driver.
INFO - 2023-06-22 03:17:13 --> Session: Class initialized using 'CodeIgniter\Session\Handlers\FileHandler' driver.
INFO - 2023-06-22 03:17:13 --> Session: Class initialized using 'CodeIgniter\Session\Handlers\FileHandler' driver.
INFO - 2023-06-22 03:17:33 --> Session: Class initialized using 'CodeIgniter\Session\Handlers\FileHandler' driver.
INFO - 2023-06-22 03:24:11 --> Session: Class initialized using 'CodeIgniter\Session\Handlers\FileHandler' driver.
INFO - 2023-06-22 03:24:15 --> Session: Class initialized using 'CodeIgniter\Session\Handlers\FileHandler' driver.
INFO - 2023-06-22 03:24:26 --> Session: Class initialized using 'CodeIgniter\Session\Handlers\FileHandler' driver.
INFO - 2023-06-22 03:24:36 --> Session: Class initialized using 'CodeIgniter\Session\Handlers\FileHandler' driver.
INFO - 2023-06-22 03:24:36 --> Session: Class initialized using 'CodeIgniter\Session\Handlers\FileHandler' driver.
CRITICAL - 2023-06-22 03:24:36 --> Undefined variable: data_lok
in APPPATH\Views\master\barang.php on line 88.
 1 APPPATH\Views\master\barang.php(88): CodeIgniter\Debug\Exceptions->errorHandler(8, 'Undefined variable: data_lok', 'D:\\PROJECT-CI\\asset\\app\\Views\\master\\barang.php', 88, [...])
 2 SYSTEMPATH\View\View.php(213): include('D:\\PROJECT-CI\\asset\\app\\Views\\master\\barang.php')
 3 SYSTEMPATH\View\View.php(216): CodeIgniter\View\View->CodeIgniter\View\{closure}()
 4 SYSTEMPATH\Common.php(1184): CodeIgniter\View\View->render('master/barang', [], true)
 5 APPPATH\Controllers\Barang.php(33): view('master/barang', [...])
 6 SYSTEMPATH\CodeIgniter.php(934): App\Controllers\Barang->index()
 7 SYSTEMPATH\CodeIgniter.php(499): CodeIgniter\CodeIgniter->runController(Object(App\Controllers\Barang))
 8 SYSTEMPATH\CodeIgniter.php(368): CodeIgniter\CodeIgniter->handleRequest(null, Object(Config\Cache), false)
 9 FCPATH\index.php(67): CodeIgniter\CodeIgniter->run()
10 SYSTEMPATH\Commands\Server\rewrite.php(47): require_once('D:\\PROJECT-CI\\asset\\public\\index.php')
INFO - 2023-06-22 03:25:04 --> Session: Class initialized using 'CodeIgniter\Session\Handlers\FileHandler' driver.
INFO - 2023-06-22 03:25:16 --> Session: Class initialized using 'CodeIgniter\Session\Handlers\FileHandler' driver.
INFO - 2023-06-22 03:25:16 --> Session: Class initialized using 'CodeIgniter\Session\Handlers\FileHandler' driver.
INFO - 2023-06-22 03:25:40 --> Session: Class initialized using 'CodeIgniter\Session\Handlers\FileHandler' driver.
INFO - 2023-06-22 03:25:41 --> Session: Class initialized using 'CodeIgniter\Session\Handlers\FileHandler' driver.
INFO - 2023-06-22 03:33:34 --> Session: Class initialized using 'CodeIgniter\Session\Handlers\FileHandler' driver.
INFO - 2023-06-22 03:33:35 --> Session: Class initialized using 'CodeIgniter\Session\Handlers\FileHandler' driver.
INFO - 2023-06-22 03:33:37 --> Session: Class initialized using 'CodeIgniter\Session\Handlers\FileHandler' driver.
INFO - 2023-06-22 03:33:39 --> Session: Class initialized using 'CodeIgniter\Session\Handlers\FileHandler' driver.
INFO - 2023-06-22 03:34:04 --> Session: Class initialized using 'CodeIgniter\Session\Handlers\FileHandler' driver.
INFO - 2023-06-22 08:10:11 --> Session: Class initialized using 'CodeIgniter\Session\Handlers\FileHandler' driver.
INFO - 2023-06-22 08:10:20 --> Session: Class initialized using 'CodeIgniter\Session\Handlers\FileHandler' driver.
INFO - 2023-06-22 08:10:20 --> Session: Class initialized using 'CodeIgniter\Session\Handlers\FileHandler' driver.
INFO - 2023-06-22 08:10:24 --> Session: Class initialized using 'CodeIgniter\Session\Handlers\FileHandler' driver.
INFO - 2023-06-22 08:10:24 --> Session: Class initialized using 'CodeIgniter\Session\Handlers\FileHandler' driver.
INFO - 2023-06-22 08:12:19 --> Session: Class initialized using 'CodeIgniter\Session\Handlers\FileHandler' driver.
INFO - 2023-06-22 08:18:49 --> Session: Class initialized using 'CodeIgniter\Session\Handlers\FileHandler' driver.
CRITICAL - 2023-06-22 08:18:49 --> Call to undefined function rupiah()
in APPPATH\Views\master\barang.php on line 56.
 1 SYSTEMPATH\View\View.php(213): include()
 2 SYSTEMPATH\View\View.php(216): CodeIgniter\View\View->CodeIgniter\View\{closure}()
 3 SYSTEMPATH\Common.php(1184): CodeIgniter\View\View->render('master/barang', [], true)
 4 APPPATH\Controllers\Barang.php(33): view('master/barang', [...])
 5 SYSTEMPATH\CodeIgniter.php(934): App\Controllers\Barang->index()
 6 SYSTEMPATH\CodeIgniter.php(499): CodeIgniter\CodeIgniter->runController(Object(App\Controllers\Barang))
 7 SYSTEMPATH\CodeIgniter.php(368): CodeIgniter\CodeIgniter->handleRequest(null, Object(Config\Cache), false)
 8 FCPATH\index.php(67): CodeIgniter\CodeIgniter->run()
 9 SYSTEMPATH\Commands\Server\rewrite.php(47): require_once('D:\\PROJECT-CI\\asset\\public\\index.php')
INFO - 2023-06-22 08:19:11 --> Session: Class initialized using 'CodeIgniter\Session\Handlers\FileHandler' driver.
CRITICAL - 2023-06-22 08:19:11 --> Call to undefined function rupiah()
in APPPATH\Views\master\barang.php on line 56.
 1 SYSTEMPATH\View\View.php(213): include()
 2 SYSTEMPATH\View\View.php(216): CodeIgniter\View\View->CodeIgniter\View\{closure}()
 3 SYSTEMPATH\Common.php(1184): CodeIgniter\View\View->render('master/barang', [], true)
 4 APPPATH\Controllers\Barang.php(33): view('master/barang', [...])
 5 SYSTEMPATH\CodeIgniter.php(934): App\Controllers\Barang->index()
 6 SYSTEMPATH\CodeIgniter.php(499): CodeIgniter\CodeIgniter->runController(Object(App\Controllers\Barang))
 7 SYSTEMPATH\CodeIgniter.php(368): CodeIgniter\CodeIgniter->handleRequest(null, Object(Config\Cache), false)
 8 FCPATH\index.php(67): CodeIgniter\CodeIgniter->run()
 9 SYSTEMPATH\Commands\Server\rewrite.php(47): require_once('D:\\PROJECT-CI\\asset\\public\\index.php')
INFO - 2023-06-22 08:20:18 --> Session: Class initialized using 'CodeIgniter\Session\Handlers\FileHandler' driver.
INFO - 2023-06-22 08:24:58 --> Session: Class initialized using 'CodeIgniter\Session\Handlers\FileHandler' driver.
INFO - 2023-06-22 08:24:58 --> Session: Class initialized using 'CodeIgniter\Session\Handlers\FileHandler' driver.
INFO - 2023-06-22 08:41:54 --> Session: Class initialized using 'CodeIgniter\Session\Handlers\FileHandler' driver.
INFO - 2023-06-22 08:41:58 --> Session: Class initialized using 'CodeIgniter\Session\Handlers\FileHandler' driver.
ERROR - 2023-06-22 08:41:58 --> mysqli_sql_exception: Unknown column 'id_penyusutan' in 'order clause' in D:\PROJECT-CI\asset\system\Database\MySQLi\Connection.php:295
Stack trace:
#0 D:\PROJECT-CI\asset\system\Database\MySQLi\Connection.php(295): mysqli->query('SELECT *\nFROM `...', 0)
#1 D:\PROJECT-CI\asset\system\Database\BaseConnection.php(691): CodeIgniter\Database\MySQLi\Connection->execute('SELECT *\nFROM `...')
#2 D:\PROJECT-CI\asset\system\Database\BaseConnection.php(605): CodeIgniter\Database\BaseConnection->simpleQuery('SELECT *\nFROM `...')
#3 D:\PROJECT-CI\asset\system\Database\BaseBuilder.php(1616): CodeIgniter\Database\BaseConnection->query('SELECT *\nFROM `...', Array, false)
#4 D:\PROJECT-CI\asset\app\Models\Penyusutan_model.php(16): CodeIgniter\Database\BaseBuilder->get()
#5 D:\PROJECT-CI\asset\app\Controllers\Penyusutan.php(24): App\Models\Penyusutan_model->getPenyusutan()
#6 D:\PROJECT-CI\asset\system\CodeIgniter.php(934): App\Controllers\Penyusutan->index()
#7 D:\PROJECT-CI\asset\system\CodeIgniter.php(499): CodeIgniter\CodeIgniter->runController(Object(App\Controllers\Penyusutan))
#8 D:\PROJECT-CI\asset\system\CodeIgniter.php(368): CodeIgniter\CodeIgniter->handleRequest(NULL, Object(Config\Cache), false)
#9 D:\PROJECT-CI\asset\public\index.php(67): CodeIgniter\CodeIgniter->run()
#10 D:\PROJECT-CI\asset\system\Commands\Server\rewrite.php(47): require_once('D:\\PROJECT-CI\\a...')
#11 {main}
CRITICAL - 2023-06-22 08:41:58 --> Unknown column 'id_penyusutan' in 'order clause'
in SYSTEMPATH\Database\MySQLi\Connection.php on line 295.
 1 SYSTEMPATH\Database\MySQLi\Connection.php(295): mysqli->query('SELECT *
FROM `t_penyusutan`
JOIN `t_barang` ON `t_barang`.`id_barang` = `t_penyusutan`.`id_barang`
ORDER BY `id_penyusutan` ASC', 0)
 2 SYSTEMPATH\Database\BaseConnection.php(691): CodeIgniter\Database\MySQLi\Connection->execute('SELECT *
FROM `t_penyusutan`
JOIN `t_barang` ON `t_barang`.`id_barang` = `t_penyusutan`.`id_barang`
ORDER BY `id_penyusutan` ASC')
 3 SYSTEMPATH\Database\BaseConnection.php(605): CodeIgniter\Database\BaseConnection->simpleQuery('SELECT *
FROM `t_penyusutan`
JOIN `t_barang` ON `t_barang`.`id_barang` = `t_penyusutan`.`id_barang`
ORDER BY `id_penyusutan` ASC')
 4 SYSTEMPATH\Database\BaseBuilder.php(1616): CodeIgniter\Database\BaseConnection->query('SELECT *
FROM `t_penyusutan`
JOIN `t_barang` ON `t_barang`.`id_barang` = `t_penyusutan`.`id_barang`
ORDER BY `id_penyusutan` ASC', [], false)
 5 APPPATH\Models\Penyusutan_model.php(16): CodeIgniter\Database\BaseBuilder->get()
 6 APPPATH\Controllers\Penyusutan.php(24): App\Models\Penyusutan_model->getPenyusutan()
 7 SYSTEMPATH\CodeIgniter.php(934): App\Controllers\Penyusutan->index()
 8 SYSTEMPATH\CodeIgniter.php(499): CodeIgniter\CodeIgniter->runController(Object(App\Controllers\Penyusutan))
 9 SYSTEMPATH\CodeIgniter.php(368): CodeIgniter\CodeIgniter->handleRequest(null, Object(Config\Cache), false)
10 FCPATH\index.php(67): CodeIgniter\CodeIgniter->run()
11 SYSTEMPATH\Commands\Server\rewrite.php(47): require_once('D:\\PROJECT-CI\\asset\\public\\index.php')
INFO - 2023-06-22 08:42:20 --> Session: Class initialized using 'CodeIgniter\Session\Handlers\FileHandler' driver.
CRITICAL - 2023-06-22 08:42:20 --> Invalid file: "master/Penyusutan.php"
in SYSTEMPATH\Exceptions\FrameworkException.php on line 33.
 1 SYSTEMPATH\View\View.php(201): CodeIgniter\Exceptions\FrameworkException::forInvalidFile('master/Penyusutan.php')
 2 SYSTEMPATH\Common.php(1184): CodeIgniter\View\View->render('master/Penyusutan', [], true)
 3 APPPATH\Controllers\Penyusutan.php(30): view('master/Penyusutan', [...])
 4 SYSTEMPATH\CodeIgniter.php(934): App\Controllers\Penyusutan->index()
 5 SYSTEMPATH\CodeIgniter.php(499): CodeIgniter\CodeIgniter->runController(Object(App\Controllers\Penyusutan))
 6 SYSTEMPATH\CodeIgniter.php(368): CodeIgniter\CodeIgniter->handleRequest(null, Object(Config\Cache), false)
 7 FCPATH\index.php(67): CodeIgniter\CodeIgniter->run()
 8 SYSTEMPATH\Commands\Server\rewrite.php(47): require_once('D:\\PROJECT-CI\\asset\\public\\index.php')
INFO - 2023-06-22 08:42:32 --> Session: Class initialized using 'CodeIgniter\Session\Handlers\FileHandler' driver.
CRITICAL - 2023-06-22 08:42:32 --> Invalid file: "master/Penyusutan.php"
in SYSTEMPATH\Exceptions\FrameworkException.php on line 33.
 1 SYSTEMPATH\View\View.php(201): CodeIgniter\Exceptions\FrameworkException::forInvalidFile('master/Penyusutan.php')
 2 SYSTEMPATH\Common.php(1184): CodeIgniter\View\View->render('master/Penyusutan', [], true)
 3 APPPATH\Controllers\Penyusutan.php(30): view('master/Penyusutan', [...])
 4 SYSTEMPATH\CodeIgniter.php(934): App\Controllers\Penyusutan->index()
 5 SYSTEMPATH\CodeIgniter.php(499): CodeIgniter\CodeIgniter->runController(Object(App\Controllers\Penyusutan))
 6 SYSTEMPATH\CodeIgniter.php(368): CodeIgniter\CodeIgniter->handleRequest(null, Object(Config\Cache), false)
 7 FCPATH\index.php(67): CodeIgniter\CodeIgniter->run()
 8 SYSTEMPATH\Commands\Server\rewrite.php(47): require_once('D:\\PROJECT-CI\\asset\\public\\index.php')
INFO - 2023-06-22 08:43:34 --> Session: Class initialized using 'CodeIgniter\Session\Handlers\FileHandler' driver.
CRITICAL - 2023-06-22 08:43:34 --> Invalid file: "master/penyusutan.php"
in SYSTEMPATH\Exceptions\FrameworkException.php on line 33.
 1 SYSTEMPATH\View\View.php(201): CodeIgniter\Exceptions\FrameworkException::forInvalidFile('master/penyusutan.php')
 2 SYSTEMPATH\Common.php(1184): CodeIgniter\View\View->render('master/penyusutan', [], true)
 3 APPPATH\Controllers\Penyusutan.php(30): view('master/penyusutan', [...])
 4 SYSTEMPATH\CodeIgniter.php(934): App\Controllers\Penyusutan->index()
 5 SYSTEMPATH\CodeIgniter.php(499): CodeIgniter\CodeIgniter->runController(Object(App\Controllers\Penyusutan))
 6 SYSTEMPATH\CodeIgniter.php(368): CodeIgniter\CodeIgniter->handleRequest(null, Object(Config\Cache), false)
 7 FCPATH\index.php(67): CodeIgniter\CodeIgniter->run()
 8 SYSTEMPATH\Commands\Server\rewrite.php(47): require_once('D:\\PROJECT-CI\\asset\\public\\index.php')
INFO - 2023-06-22 08:44:08 --> Session: Class initialized using 'CodeIgniter\Session\Handlers\FileHandler' driver.
CRITICAL - 2023-06-22 08:44:09 --> Invalid file: "master/penyusutan.php"
in SYSTEMPATH\Exceptions\FrameworkException.php on line 33.
 1 SYSTEMPATH\View\View.php(201): CodeIgniter\Exceptions\FrameworkException::forInvalidFile('master/penyusutan.php')
 2 SYSTEMPATH\Common.php(1184): CodeIgniter\View\View->render('master/penyusutan', [], true)
 3 APPPATH\Controllers\Penyusutan.php(30): view('master/penyusutan', [...])
 4 SYSTEMPATH\CodeIgniter.php(934): App\Controllers\Penyusutan->index()
 5 SYSTEMPATH\CodeIgniter.php(499): CodeIgniter\CodeIgniter->runController(Object(App\Controllers\Penyusutan))
 6 SYSTEMPATH\CodeIgniter.php(368): CodeIgniter\CodeIgniter->handleRequest(null, Object(Config\Cache), false)
 7 FCPATH\index.php(67): CodeIgniter\CodeIgniter->run()
 8 SYSTEMPATH\Commands\Server\rewrite.php(47): require_once('D:\\PROJECT-CI\\asset\\public\\index.php')
INFO - 2023-06-22 08:48:01 --> Session: Class initialized using 'CodeIgniter\Session\Handlers\FileHandler' driver.
CRITICAL - 2023-06-22 08:48:01 --> Invalid file: "master/penyusutan.php"
in SYSTEMPATH\Exceptions\FrameworkException.php on line 33.
 1 SYSTEMPATH\View\View.php(201): CodeIgniter\Exceptions\FrameworkException::forInvalidFile('master/penyusutan.php')
 2 SYSTEMPATH\Common.php(1184): CodeIgniter\View\View->render('master/penyusutan', [], true)
 3 APPPATH\Controllers\Penyusutan.php(30): view('master/penyusutan', [...])
 4 SYSTEMPATH\CodeIgniter.php(934): App\Controllers\Penyusutan->index()
 5 SYSTEMPATH\CodeIgniter.php(499): CodeIgniter\CodeIgniter->runController(Object(App\Controllers\Penyusutan))
 6 SYSTEMPATH\CodeIgniter.php(368): CodeIgniter\CodeIgniter->handleRequest(null, Object(Config\Cache), false)
 7 FCPATH\index.php(67): CodeIgniter\CodeIgniter->run()
 8 SYSTEMPATH\Commands\Server\rewrite.php(47): require_once('D:\\PROJECT-CI\\asset\\public\\index.php')
INFO - 2023-06-22 08:48:26 --> Session: Class initialized using 'CodeIgniter\Session\Handlers\FileHandler' driver.
INFO - 2023-06-22 08:49:30 --> Session: Class initialized using 'CodeIgniter\Session\Handlers\FileHandler' driver.
INFO - 2023-06-22 08:50:10 --> Session: Class initialized using 'CodeIgniter\Session\Handlers\FileHandler' driver.
INFO - 2023-06-22 08:51:25 --> Session: Class initialized using 'CodeIgniter\Session\Handlers\FileHandler' driver.
INFO - 2023-06-22 08:52:31 --> Session: Class initialized using 'CodeIgniter\Session\Handlers\FileHandler' driver.
INFO - 2023-06-22 08:52:58 --> Session: Class initialized using 'CodeIgniter\Session\Handlers\FileHandler' driver.
INFO - 2023-06-22 08:53:37 --> Session: Class initialized using 'CodeIgniter\Session\Handlers\FileHandler' driver.
INFO - 2023-06-22 09:06:27 --> Session: Class initialized using 'CodeIgniter\Session\Handlers\FileHandler' driver.
INFO - 2023-06-22 09:06:53 --> Session: Class initialized using 'CodeIgniter\Session\Handlers\FileHandler' driver.
INFO - 2023-06-22 09:07:30 --> Session: Class initialized using 'CodeIgniter\Session\Handlers\FileHandler' driver.
INFO - 2023-06-22 09:11:16 --> Session: Class initialized using 'CodeIgniter\Session\Handlers\FileHandler' driver.
INFO - 2023-06-22 09:14:22 --> Session: Class initialized using 'CodeIgniter\Session\Handlers\FileHandler' driver.
INFO - 2023-06-22 09:14:51 --> Session: Class initialized using 'CodeIgniter\Session\Handlers\FileHandler' driver.
INFO - 2023-06-22 09:14:51 --> Session: Class initialized using 'CodeIgniter\Session\Handlers\FileHandler' driver.
CRITICAL - 2023-06-22 09:14:51 --> Undefined index: kode_asset
in APPPATH\Views\transaksi\penyusutan.php on line 74.
 1 APPPATH\Views\transaksi\penyusutan.php(74): CodeIgniter\Debug\Exceptions->errorHandler(8, 'Undefined index: kode_asset', 'D:\\PROJECT-CI\\asset\\app\\Views\\transaksi\\penyusutan.php', 74, [...])
 2 SYSTEMPATH\View\View.php(213): include('D:\\PROJECT-CI\\asset\\app\\Views\\transaksi\\penyusutan.php')
 3 SYSTEMPATH\View\View.php(216): CodeIgniter\View\View->CodeIgniter\View\{closure}()
 4 SYSTEMPATH\Common.php(1184): CodeIgniter\View\View->render('transaksi/penyusutan', [], true)
 5 APPPATH\Controllers\Penyusutan.php(31): view('transaksi/penyusutan', [...])
 6 SYSTEMPATH\CodeIgniter.php(934): App\Controllers\Penyusutan->index()
 7 SYSTEMPATH\CodeIgniter.php(499): CodeIgniter\CodeIgniter->runController(Object(App\Controllers\Penyusutan))
 8 SYSTEMPATH\CodeIgniter.php(368): CodeIgniter\CodeIgniter->handleRequest(null, Object(Config\Cache), false)
 9 FCPATH\index.php(67): CodeIgniter\CodeIgniter->run()
10 SYSTEMPATH\Commands\Server\rewrite.php(47): require_once('D:\\PROJECT-CI\\asset\\public\\index.php')
INFO - 2023-06-22 09:15:11 --> Session: Class initialized using 'CodeIgniter\Session\Handlers\FileHandler' driver.
CRITICAL - 2023-06-22 09:15:11 --> Undefined index: nm_Penyusutan
in APPPATH\Views\transaksi\penyusutan.php on line 137.
 1 APPPATH\Views\transaksi\penyusutan.php(137): CodeIgniter\Debug\Exceptions->errorHandler(8, 'Undefined index: nm_Penyusutan', 'D:\\PROJECT-CI\\asset\\app\\Views\\transaksi\\penyusutan.php', 137, [...])
 2 SYSTEMPATH\View\View.php(213): include('D:\\PROJECT-CI\\asset\\app\\Views\\transaksi\\penyusutan.php')
 3 SYSTEMPATH\View\View.php(216): CodeIgniter\View\View->CodeIgniter\View\{closure}()
 4 SYSTEMPATH\Common.php(1184): CodeIgniter\View\View->render('transaksi/penyusutan', [], true)
 5 APPPATH\Controllers\Penyusutan.php(31): view('transaksi/penyusutan', [...])
 6 SYSTEMPATH\CodeIgniter.php(934): App\Controllers\Penyusutan->index()
 7 SYSTEMPATH\CodeIgniter.php(499): CodeIgniter\CodeIgniter->runController(Object(App\Controllers\Penyusutan))
 8 SYSTEMPATH\CodeIgniter.php(368): CodeIgniter\CodeIgniter->handleRequest(null, Object(Config\Cache), false)
 9 FCPATH\index.php(67): CodeIgniter\CodeIgniter->run()
10 SYSTEMPATH\Commands\Server\rewrite.php(47): require_once('D:\\PROJECT-CI\\asset\\public\\index.php')
INFO - 2023-06-22 09:15:25 --> Session: Class initialized using 'CodeIgniter\Session\Handlers\FileHandler' driver.
INFO - 2023-06-22 09:16:51 --> Session: Class initialized using 'CodeIgniter\Session\Handlers\FileHandler' driver.
INFO - 2023-06-22 09:16:59 --> Session: Class initialized using 'CodeIgniter\Session\Handlers\FileHandler' driver.
INFO - 2023-06-22 09:16:59 --> Session: Class initialized using 'CodeIgniter\Session\Handlers\FileHandler' driver.
INFO - 2023-06-22 09:18:11 --> Session: Class initialized using 'CodeIgniter\Session\Handlers\FileHandler' driver.
INFO - 2023-06-22 09:18:16 --> Session: Class initialized using 'CodeIgniter\Session\Handlers\FileHandler' driver.
INFO - 2023-06-22 09:18:22 --> Session: Class initialized using 'CodeIgniter\Session\Handlers\FileHandler' driver.
INFO - 2023-06-22 09:18:22 --> Session: Class initialized using 'CodeIgniter\Session\Handlers\FileHandler' driver.
INFO - 2023-06-22 09:18:34 --> Session: Class initialized using 'CodeIgniter\Session\Handlers\FileHandler' driver.
INFO - 2023-06-22 09:18:43 --> Session: Class initialized using 'CodeIgniter\Session\Handlers\FileHandler' driver.
INFO - 2023-06-22 09:18:43 --> Session: Class initialized using 'CodeIgniter\Session\Handlers\FileHandler' driver.
INFO - 2023-06-22 09:19:44 --> Session: Class initialized using 'CodeIgniter\Session\Handlers\FileHandler' driver.
INFO - 2023-06-22 09:19:51 --> Session: Class initialized using 'CodeIgniter\Session\Handlers\FileHandler' driver.
INFO - 2023-06-22 09:19:51 --> Session: Class initialized using 'CodeIgniter\Session\Handlers\FileHandler' driver.
INFO - 2023-06-22 09:19:58 --> Session: Class initialized using 'CodeIgniter\Session\Handlers\FileHandler' driver.
INFO - 2023-06-22 09:19:58 --> Session: Class initialized using 'CodeIgniter\Session\Handlers\FileHandler' driver.
INFO - 2023-06-22 09:20:36 --> Session: Class initialized using 'CodeIgniter\Session\Handlers\FileHandler' driver.
ERROR - 2023-06-22 09:24:20 --> mysqli_sql_exception: Unknown column 'id_Penyusutan' in 'where clause' in D:\PROJECT-CI\asset\system\Database\MySQLi\Connection.php:295
Stack trace:
#0 D:\PROJECT-CI\asset\system\Database\MySQLi\Connection.php(295): mysqli->query('DELETE FROM `t_...', 0)
#1 D:\PROJECT-CI\asset\system\Database\BaseConnection.php(691): CodeIgniter\Database\MySQLi\Connection->execute('DELETE FROM `t_...')
#2 D:\PROJECT-CI\asset\system\Database\BaseConnection.php(605): CodeIgniter\Database\BaseConnection->simpleQuery('DELETE FROM `t_...')
#3 D:\PROJECT-CI\asset\system\Database\BaseBuilder.php(2791): CodeIgniter\Database\BaseConnection->query('DELETE FROM `t_...', Array, false)
#4 D:\PROJECT-CI\asset\app\Models\Penyusutan_model.php(49): CodeIgniter\Database\BaseBuilder->delete(Array)
#5 D:\PROJECT-CI\asset\app\Controllers\Penyusutan.php(91): App\Models\Penyusutan_model->hapusPenyusutan('3')
#6 D:\PROJECT-CI\asset\system\CodeIgniter.php(934): App\Controllers\Penyusutan->hapus()
#7 D:\PROJECT-CI\asset\system\CodeIgniter.php(499): CodeIgniter\CodeIgniter->runController(Object(App\Controllers\Penyusutan))
#8 D:\PROJECT-CI\asset\system\CodeIgniter.php(368): CodeIgniter\CodeIgniter->handleRequest(NULL, Object(Config\Cache), false)
#9 D:\PROJECT-CI\asset\public\index.php(67): CodeIgniter\CodeIgniter->run()
#10 D:\PROJECT-CI\asset\system\Commands\Server\rewrite.php(47): require_once('D:\\PROJECT-CI\\a...')
#11 {main}
CRITICAL - 2023-06-22 09:24:20 --> Unknown column 'id_Penyusutan' in 'where clause'
in SYSTEMPATH\Database\MySQLi\Connection.php on line 295.
 1 SYSTEMPATH\Database\MySQLi\Connection.php(295): mysqli->query('DELETE FROM `t_penyusutan`
WHERE `id_Penyusutan` = \'3\'', 0)
 2 SYSTEMPATH\Database\BaseConnection.php(691): CodeIgniter\Database\MySQLi\Connection->execute('DELETE FROM `t_penyusutan`
WHERE `id_Penyusutan` = \'3\'')
 3 SYSTEMPATH\Database\BaseConnection.php(605): CodeIgniter\Database\BaseConnection->simpleQuery('DELETE FROM `t_penyusutan`
WHERE `id_Penyusutan` = \'3\'')
 4 SYSTEMPATH\Database\BaseBuilder.php(2791): CodeIgniter\Database\BaseConnection->query('DELETE FROM `t_penyusutan`
WHERE `id_Penyusutan` = :id_Penyusutan:', [...], false)
 5 APPPATH\Models\Penyusutan_model.php(49): CodeIgniter\Database\BaseBuilder->delete([...])
 6 APPPATH\Controllers\Penyusutan.php(91): App\Models\Penyusutan_model->hapusPenyusutan('3')
 7 SYSTEMPATH\CodeIgniter.php(934): App\Controllers\Penyusutan->hapus()
 8 SYSTEMPATH\CodeIgniter.php(499): CodeIgniter\CodeIgniter->runController(Object(App\Controllers\Penyusutan))
 9 SYSTEMPATH\CodeIgniter.php(368): CodeIgniter\CodeIgniter->handleRequest(null, Object(Config\Cache), false)
10 FCPATH\index.php(67): CodeIgniter\CodeIgniter->run()
11 SYSTEMPATH\Commands\Server\rewrite.php(47): require_once('D:\\PROJECT-CI\\asset\\public\\index.php')
INFO - 2023-06-22 09:24:43 --> Session: Class initialized using 'CodeIgniter\Session\Handlers\FileHandler' driver.
INFO - 2023-06-22 09:24:43 --> Session: Class initialized using 'CodeIgniter\Session\Handlers\FileHandler' driver.
INFO - 2023-06-22 09:25:43 --> Session: Class initialized using 'CodeIgniter\Session\Handlers\FileHandler' driver.
INFO - 2023-06-22 09:25:47 --> Session: Class initialized using 'CodeIgniter\Session\Handlers\FileHandler' driver.
INFO - 2023-06-22 09:25:47 --> Session: Class initialized using 'CodeIgniter\Session\Handlers\FileHandler' driver.
INFO - 2023-06-22 09:25:50 --> Session: Class initialized using 'CodeIgniter\Session\Handlers\FileHandler' driver.
INFO - 2023-06-22 09:25:51 --> Session: Class initialized using 'CodeIgniter\Session\Handlers\FileHandler' driver.
INFO - 2023-06-22 09:25:54 --> Session: Class initialized using 'CodeIgniter\Session\Handlers\FileHandler' driver.
INFO - 2023-06-22 09:25:54 --> Session: Class initialized using 'CodeIgniter\Session\Handlers\FileHandler' driver.
INFO - 2023-06-22 09:25:58 --> Session: Class initialized using 'CodeIgniter\Session\Handlers\FileHandler' driver.
INFO - 2023-06-22 09:26:04 --> Session: Class initialized using 'CodeIgniter\Session\Handlers\FileHandler' driver.
INFO - 2023-06-22 09:26:04 --> Session: Class initialized using 'CodeIgniter\Session\Handlers\FileHandler' driver.
INFO - 2023-06-22 09:50:50 --> Session: Class initialized using 'CodeIgniter\Session\Handlers\FileHandler' driver.
CRITICAL - 2023-06-22 09:50:50 --> Undefined index: tgl_susut
in APPPATH\Views\transaksi\penyusutan.php on line 74.
 1 APPPATH\Views\transaksi\penyusutan.php(74): CodeIgniter\Debug\Exceptions->errorHandler(8, 'Undefined index: tgl_susut', 'D:\\PROJECT-CI\\asset\\app\\Views\\transaksi\\penyusutan.php', 74, [...])
 2 SYSTEMPATH\View\View.php(213): include('D:\\PROJECT-CI\\asset\\app\\Views\\transaksi\\penyusutan.php')
 3 SYSTEMPATH\View\View.php(216): CodeIgniter\View\View->CodeIgniter\View\{closure}()
 4 SYSTEMPATH\Common.php(1184): CodeIgniter\View\View->render('transaksi/penyusutan', [], true)
 5 APPPATH\Controllers\Penyusutan.php(31): view('transaksi/penyusutan', [...])
 6 SYSTEMPATH\CodeIgniter.php(934): App\Controllers\Penyusutan->index()
 7 SYSTEMPATH\CodeIgniter.php(499): CodeIgniter\CodeIgniter->runController(Object(App\Controllers\Penyusutan))
 8 SYSTEMPATH\CodeIgniter.php(368): CodeIgniter\CodeIgniter->handleRequest(null, Object(Config\Cache), false)
 9 FCPATH\index.php(67): CodeIgniter\CodeIgniter->run()
10 SYSTEMPATH\Commands\Server\rewrite.php(47): require_once('D:\\PROJECT-CI\\asset\\public\\index.php')
INFO - 2023-06-22 09:51:10 --> Session: Class initialized using 'CodeIgniter\Session\Handlers\FileHandler' driver.
CRITICAL - 2023-06-22 09:51:10 --> Undefined index: tgl_susut
in APPPATH\Views\transaksi\penyusutan.php on line 107.
 1 APPPATH\Views\transaksi\penyusutan.php(107): CodeIgniter\Debug\Exceptions->errorHandler(8, 'Undefined index: tgl_susut', 'D:\\PROJECT-CI\\asset\\app\\Views\\transaksi\\penyusutan.php', 107, [...])
 2 SYSTEMPATH\View\View.php(213): include('D:\\PROJECT-CI\\asset\\app\\Views\\transaksi\\penyusutan.php')
 3 SYSTEMPATH\View\View.php(216): CodeIgniter\View\View->CodeIgniter\View\{closure}()
 4 SYSTEMPATH\Common.php(1184): CodeIgniter\View\View->render('transaksi/penyusutan', [], true)
 5 APPPATH\Controllers\Penyusutan.php(31): view('transaksi/penyusutan', [...])
 6 SYSTEMPATH\CodeIgniter.php(934): App\Controllers\Penyusutan->index()
 7 SYSTEMPATH\CodeIgniter.php(499): CodeIgniter\CodeIgniter->runController(Object(App\Controllers\Penyusutan))
 8 SYSTEMPATH\CodeIgniter.php(368): CodeIgniter\CodeIgniter->handleRequest(null, Object(Config\Cache), false)
 9 FCPATH\index.php(67): CodeIgniter\CodeIgniter->run()
10 SYSTEMPATH\Commands\Server\rewrite.php(47): require_once('D:\\PROJECT-CI\\asset\\public\\index.php')
INFO - 2023-06-22 09:51:24 --> Session: Class initialized using 'CodeIgniter\Session\Handlers\FileHandler' driver.
INFO - 2023-06-22 09:51:28 --> Session: Class initialized using 'CodeIgniter\Session\Handlers\FileHandler' driver.
INFO - 2023-06-22 09:51:29 --> Session: Class initialized using 'CodeIgniter\Session\Handlers\FileHandler' driver.
INFO - 2023-06-22 09:51:36 --> Session: Class initialized using 'CodeIgniter\Session\Handlers\FileHandler' driver.
INFO - 2023-06-22 09:51:36 --> Session: Class initialized using 'CodeIgniter\Session\Handlers\FileHandler' driver.
INFO - 2023-06-22 09:52:03 --> Session: Class initialized using 'CodeIgniter\Session\Handlers\FileHandler' driver.
INFO - 2023-06-22 09:52:10 --> Session: Class initialized using 'CodeIgniter\Session\Handlers\FileHandler' driver.
INFO - 2023-06-22 09:52:10 --> Session: Class initialized using 'CodeIgniter\Session\Handlers\FileHandler' driver.
INFO - 2023-06-22 10:03:51 --> Session: Class initialized using 'CodeIgniter\Session\Handlers\FileHandler' driver.
INFO - 2023-06-22 10:03:52 --> Session: Class initialized using 'CodeIgniter\Session\Handlers\FileHandler' driver.
INFO - 2023-06-22 10:04:06 --> Session: Class initialized using 'CodeIgniter\Session\Handlers\FileHandler' driver.
INFO - 2023-06-22 10:04:23 --> Session: Class initialized using 'CodeIgniter\Session\Handlers\FileHandler' driver.
INFO - 2023-06-22 10:04:24 --> Session: Class initialized using 'CodeIgniter\Session\Handlers\FileHandler' driver.
INFO - 2023-06-22 10:04:27 --> Session: Class initialized using 'CodeIgniter\Session\Handlers\FileHandler' driver.
INFO - 2023-06-22 10:08:42 --> Session: Class initialized using 'CodeIgniter\Session\Handlers\FileHandler' driver.
INFO - 2023-06-22 10:09:01 --> Session: Class initialized using 'CodeIgniter\Session\Handlers\FileHandler' driver.
INFO - 2023-06-22 10:09:01 --> Session: Class initialized using 'CodeIgniter\Session\Handlers\FileHandler' driver.
INFO - 2023-06-22 10:10:48 --> Session: Class initialized using 'CodeIgniter\Session\Handlers\FileHandler' driver.
INFO - 2023-06-22 10:10:53 --> Session: Class initialized using 'CodeIgniter\Session\Handlers\FileHandler' driver.
INFO - 2023-06-22 10:10:54 --> Session: Class initialized using 'CodeIgniter\Session\Handlers\FileHandler' driver.
INFO - 2023-06-22 10:11:03 --> Session: Class initialized using 'CodeIgniter\Session\Handlers\FileHandler' driver.
INFO - 2023-06-22 10:11:03 --> Session: Class initialized using 'CodeIgniter\Session\Handlers\FileHandler' driver.
INFO - 2023-06-22 10:11:10 --> Session: Class initialized using 'CodeIgniter\Session\Handlers\FileHandler' driver.
INFO - 2023-06-22 10:11:31 --> Session: Class initialized using 'CodeIgniter\Session\Handlers\FileHandler' driver.
INFO - 2023-06-22 10:15:55 --> Session: Class initialized using 'CodeIgniter\Session\Handlers\FileHandler' driver.
INFO - 2023-06-22 10:16:12 --> Session: Class initialized using 'CodeIgniter\Session\Handlers\FileHandler' driver.
INFO - 2023-06-22 10:16:19 --> Session: Class initialized using 'CodeIgniter\Session\Handlers\FileHandler' driver.
INFO - 2023-06-22 10:16:43 --> Session: Class initialized using 'CodeIgniter\Session\Handlers\FileHandler' driver.
INFO - 2023-06-22 10:16:43 --> Session: Class initialized using 'CodeIgniter\Session\Handlers\FileHandler' driver.
INFO - 2023-06-22 10:17:05 --> Session: Class initialized using 'CodeIgniter\Session\Handlers\FileHandler' driver.
INFO - 2023-06-22 10:17:05 --> Session: Class initialized using 'CodeIgniter\Session\Handlers\FileHandler' driver.
INFO - 2023-06-22 10:18:05 --> Session: Class initialized using 'CodeIgniter\Session\Handlers\FileHandler' driver.
INFO - 2023-06-22 10:18:14 --> Session: Class initialized using 'CodeIgniter\Session\Handlers\FileHandler' driver.
INFO - 2023-06-22 10:18:14 --> Session: Class initialized using 'CodeIgniter\Session\Handlers\FileHandler' driver.
INFO - 2023-06-22 10:18:23 --> Session: Class initialized using 'CodeIgniter\Session\Handlers\FileHandler' driver.
INFO - 2023-06-22 10:18:23 --> Session: Class initialized using 'CodeIgniter\Session\Handlers\FileHandler' driver.
INFO - 2023-06-22 10:18:42 --> Session: Class initialized using 'CodeIgniter\Session\Handlers\FileHandler' driver.
INFO - 2023-06-22 10:18:47 --> Session: Class initialized using 'CodeIgniter\Session\Handlers\FileHandler' driver.
INFO - 2023-06-22 10:18:47 --> Session: Class initialized using 'CodeIgniter\Session\Handlers\FileHandler' driver.
INFO - 2023-06-22 10:18:53 --> Session: Class initialized using 'CodeIgniter\Session\Handlers\FileHandler' driver.
INFO - 2023-06-22 10:18:53 --> Session: Class initialized using 'CodeIgniter\Session\Handlers\FileHandler' driver.
INFO - 2023-06-22 10:19:02 --> Session: Class initialized using 'CodeIgniter\Session\Handlers\FileHandler' driver.
INFO - 2023-06-22 10:19:02 --> Session: Class initialized using 'CodeIgniter\Session\Handlers\FileHandler' driver.
INFO - 2023-06-22 10:32:48 --> Session: Class initialized using 'CodeIgniter\Session\Handlers\FileHandler' driver.
INFO - 2023-06-22 10:32:50 --> Session: Class initialized using 'CodeIgniter\Session\Handlers\FileHandler' driver.
INFO - 2023-06-22 10:33:21 --> Session: Class initialized using 'CodeIgniter\Session\Handlers\FileHandler' driver.
INFO - 2023-06-22 10:50:52 --> Session: Class initialized using 'CodeIgniter\Session\Handlers\FileHandler' driver.
INFO - 2023-06-22 10:51:32 --> Session: Class initialized using 'CodeIgniter\Session\Handlers\FileHandler' driver.
INFO - 2023-06-22 10:52:05 --> Session: Class initialized using 'CodeIgniter\Session\Handlers\FileHandler' driver.
INFO - 2023-06-22 11:05:05 --> Session: Class initialized using 'CodeIgniter\Session\Handlers\FileHandler' driver.
INFO - 2023-06-22 11:08:42 --> Session: Class initialized using 'CodeIgniter\Session\Handlers\FileHandler' driver.
INFO - 2023-06-22 11:09:10 --> Session: Class initialized using 'CodeIgniter\Session\Handlers\FileHandler' driver.
INFO - 2023-06-22 11:09:35 --> Session: Class initialized using 'CodeIgniter\Session\Handlers\FileHandler' driver.
INFO - 2023-06-22 11:09:35 --> Session: Class initialized using 'CodeIgniter\Session\Handlers\FileHandler' driver.
INFO - 2023-06-22 11:10:45 --> Session: Class initialized using 'CodeIgniter\Session\Handlers\FileHandler' driver.
INFO - 2023-06-22 11:10:52 --> Session: Class initialized using 'CodeIgniter\Session\Handlers\FileHandler' driver.
INFO - 2023-06-22 11:10:55 --> Session: Class initialized using 'CodeIgniter\Session\Handlers\FileHandler' driver.
INFO - 2023-06-22 11:10:55 --> Session: Class initialized using 'CodeIgniter\Session\Handlers\FileHandler' driver.
INFO - 2023-06-22 11:10:57 --> Session: Class initialized using 'CodeIgniter\Session\Handlers\FileHandler' driver.
INFO - 2023-06-22 11:11:00 --> Session: Class initialized using 'CodeIgniter\Session\Handlers\FileHandler' driver.
INFO - 2023-06-22 11:11:10 --> Session: Class initialized using 'CodeIgniter\Session\Handlers\FileHandler' driver.
INFO - 2023-06-22 11:11:10 --> Session: Class initialized using 'CodeIgniter\Session\Handlers\FileHandler' driver.
INFO - 2023-06-22 11:11:15 --> Session: Class initialized using 'CodeIgniter\Session\Handlers\FileHandler' driver.
INFO - 2023-06-22 11:11:27 --> Session: Class initialized using 'CodeIgniter\Session\Handlers\FileHandler' driver.
INFO - 2023-06-22 11:11:51 --> Session: Class initialized using 'CodeIgniter\Session\Handlers\FileHandler' driver.
INFO - 2023-06-22 11:11:51 --> Session: Class initialized using 'CodeIgniter\Session\Handlers\FileHandler' driver.
INFO - 2023-06-22 11:12:04 --> Session: Class initialized using 'CodeIgniter\Session\Handlers\FileHandler' driver.
INFO - 2023-06-22 11:13:56 --> Session: Class initialized using 'CodeIgniter\Session\Handlers\FileHandler' driver.
INFO - 2023-06-22 11:14:25 --> Session: Class initialized using 'CodeIgniter\Session\Handlers\FileHandler' driver.
INFO - 2023-06-22 11:14:44 --> Session: Class initialized using 'CodeIgniter\Session\Handlers\FileHandler' driver.
INFO - 2023-06-22 11:14:48 --> Session: Class initialized using 'CodeIgniter\Session\Handlers\FileHandler' driver.
INFO - 2023-06-22 11:15:34 --> Session: Class initialized using 'CodeIgniter\Session\Handlers\FileHandler' driver.
INFO - 2023-06-22 11:15:35 --> Session: Class initialized using 'CodeIgniter\Session\Handlers\FileHandler' driver.
INFO - 2023-06-22 11:16:16 --> Session: Class initialized using 'CodeIgniter\Session\Handlers\FileHandler' driver.
INFO - 2023-06-22 11:16:16 --> Session: Class initialized using 'CodeIgniter\Session\Handlers\FileHandler' driver.
INFO - 2023-06-22 11:16:20 --> Session: Class initialized using 'CodeIgniter\Session\Handlers\FileHandler' driver.
INFO - 2023-06-22 11:16:20 --> Session: Class initialized using 'CodeIgniter\Session\Handlers\FileHandler' driver.
INFO - 2023-06-22 11:18:58 --> Session: Class initialized using 'CodeIgniter\Session\Handlers\FileHandler' driver.
INFO - 2023-06-22 11:19:05 --> Session: Class initialized using 'CodeIgniter\Session\Handlers\FileHandler' driver.
INFO - 2023-06-22 11:19:05 --> Session: Class initialized using 'CodeIgniter\Session\Handlers\FileHandler' driver.
INFO - 2023-06-22 11:19:12 --> Session: Class initialized using 'CodeIgniter\Session\Handlers\FileHandler' driver.
INFO - 2023-06-22 12:10:22 --> Session: Class initialized using 'CodeIgniter\Session\Handlers\FileHandler' driver.
INFO - 2023-06-22 12:10:25 --> Session: Class initialized using 'CodeIgniter\Session\Handlers\FileHandler' driver.
CRITICAL - 2023-06-22 12:10:25 --> Undefined index: cari
in APPPATH\Views\transaksi\history.php on line 46.
 1 APPPATH\Views\transaksi\history.php(46): CodeIgniter\Debug\Exceptions->errorHandler(8, 'Undefined index: cari', 'D:\\PROJECT-CI\\asset\\app\\Views\\transaksi\\history.php', 46, [...])
 2 SYSTEMPATH\View\View.php(213): include('D:\\PROJECT-CI\\asset\\app\\Views\\transaksi\\history.php')
 3 SYSTEMPATH\View\View.php(216): CodeIgniter\View\View->CodeIgniter\View\{closure}()
 4 SYSTEMPATH\Common.php(1184): CodeIgniter\View\View->render('transaksi/history', [], true)
 5 APPPATH\Controllers\History.php(31): view('transaksi/history', [...])
 6 SYSTEMPATH\CodeIgniter.php(934): App\Controllers\History->index()
 7 SYSTEMPATH\CodeIgniter.php(499): CodeIgniter\CodeIgniter->runController(Object(App\Controllers\History))
 8 SYSTEMPATH\CodeIgniter.php(368): CodeIgniter\CodeIgniter->handleRequest(null, Object(Config\Cache), false)
 9 FCPATH\index.php(67): CodeIgniter\CodeIgniter->run()
10 SYSTEMPATH\Commands\Server\rewrite.php(47): require_once('D:\\PROJECT-CI\\asset\\public\\index.php')
INFO - 2023-06-22 12:10:41 --> Session: Class initialized using 'CodeIgniter\Session\Handlers\FileHandler' driver.
INFO - 2023-06-22 12:14:07 --> Session: Class initialized using 'CodeIgniter\Session\Handlers\FileHandler' driver.
CRITICAL - 2023-06-22 12:14:07 --> Too few arguments to function App\Models\History_model::getHistory(), 0 passed in D:\PROJECT-CI\asset\app\Controllers\History.php on line 24 and exactly 1 expected
in APPPATH\Models\History_model.php on line 11.
 1 APPPATH\Controllers\History.php(24): App\Models\History_model->getHistory()
 2 SYSTEMPATH\CodeIgniter.php(934): App\Controllers\History->index()
 3 SYSTEMPATH\CodeIgniter.php(499): CodeIgniter\CodeIgniter->runController(Object(App\Controllers\History))
 4 SYSTEMPATH\CodeIgniter.php(368): CodeIgniter\CodeIgniter->handleRequest(null, Object(Config\Cache), false)
 5 FCPATH\index.php(67): CodeIgniter\CodeIgniter->run()
 6 SYSTEMPATH\Commands\Server\rewrite.php(47): require_once('D:\\PROJECT-CI\\asset\\public\\index.php')
INFO - 2023-06-22 12:14:46 --> Session: Class initialized using 'CodeIgniter\Session\Handlers\FileHandler' driver.
CRITICAL - 2023-06-22 12:14:46 --> Too few arguments to function App\Models\History_model::getHistory(), 0 passed in D:\PROJECT-CI\asset\app\Controllers\History.php on line 24 and exactly 1 expected
in APPPATH\Models\History_model.php on line 11.
 1 APPPATH\Controllers\History.php(24): App\Models\History_model->getHistory()
 2 SYSTEMPATH\CodeIgniter.php(934): App\Controllers\History->index()
 3 SYSTEMPATH\CodeIgniter.php(499): CodeIgniter\CodeIgniter->runController(Object(App\Controllers\History))
 4 SYSTEMPATH\CodeIgniter.php(368): CodeIgniter\CodeIgniter->handleRequest(null, Object(Config\Cache), false)
 5 FCPATH\index.php(67): CodeIgniter\CodeIgniter->run()
 6 SYSTEMPATH\Commands\Server\rewrite.php(47): require_once('D:\\PROJECT-CI\\asset\\public\\index.php')
INFO - 2023-06-22 12:17:09 --> Session: Class initialized using 'CodeIgniter\Session\Handlers\FileHandler' driver.
INFO - 2023-06-22 12:17:17 --> Session: Class initialized using 'CodeIgniter\Session\Handlers\FileHandler' driver.
CRITICAL - 2023-06-22 12:17:17 --> Undefined variable: getAsset
in APPPATH\Views\transaksi\history.php on line 14.
 1 APPPATH\Views\transaksi\history.php(14): CodeIgniter\Debug\Exceptions->errorHandler(8, 'Undefined variable: getAsset', 'D:\\PROJECT-CI\\asset\\app\\Views\\transaksi\\history.php', 14, [...])
 2 SYSTEMPATH\View\View.php(213): include('D:\\PROJECT-CI\\asset\\app\\Views\\transaksi\\history.php')
 3 SYSTEMPATH\View\View.php(216): CodeIgniter\View\View->CodeIgniter\View\{closure}()
 4 SYSTEMPATH\Common.php(1184): CodeIgniter\View\View->render('transaksi/history', [], true)
 5 APPPATH\Controllers\History.php(52): view('transaksi/history', [...])
 6 SYSTEMPATH\CodeIgniter.php(934): App\Controllers\History->proses()
 7 SYSTEMPATH\CodeIgniter.php(499): CodeIgniter\CodeIgniter->runController(Object(App\Controllers\History))
 8 SYSTEMPATH\CodeIgniter.php(368): CodeIgniter\CodeIgniter->handleRequest(null, Object(Config\Cache), false)
 9 FCPATH\index.php(67): CodeIgniter\CodeIgniter->run()
10 SYSTEMPATH\Commands\Server\rewrite.php(47): require_once('D:\\PROJECT-CI\\asset\\public\\index.php')
INFO - 2023-06-22 12:17:56 --> Session: Class initialized using 'CodeIgniter\Session\Handlers\FileHandler' driver.
CRITICAL - 2023-06-22 12:17:56 --> Undefined index: nm_karyawan
in APPPATH\Views\transaksi\history.php on line 57.
 1 APPPATH\Views\transaksi\history.php(57): CodeIgniter\Debug\Exceptions->errorHandler(8, 'Undefined index: nm_karyawan', 'D:\\PROJECT-CI\\asset\\app\\Views\\transaksi\\history.php', 57, [...])
 2 SYSTEMPATH\View\View.php(213): include('D:\\PROJECT-CI\\asset\\app\\Views\\transaksi\\history.php')
 3 SYSTEMPATH\View\View.php(216): CodeIgniter\View\View->CodeIgniter\View\{closure}()
 4 SYSTEMPATH\Common.php(1184): CodeIgniter\View\View->render('transaksi/history', [], true)
 5 APPPATH\Controllers\History.php(53): view('transaksi/history', [...])
 6 SYSTEMPATH\CodeIgniter.php(934): App\Controllers\History->proses()
 7 SYSTEMPATH\CodeIgniter.php(499): CodeIgniter\CodeIgniter->runController(Object(App\Controllers\History))
 8 SYSTEMPATH\CodeIgniter.php(368): CodeIgniter\CodeIgniter->handleRequest(null, Object(Config\Cache), false)
 9 FCPATH\index.php(67): CodeIgniter\CodeIgniter->run()
10 SYSTEMPATH\Commands\Server\rewrite.php(47): require_once('D:\\PROJECT-CI\\asset\\public\\index.php')
INFO - 2023-06-22 12:18:12 --> Session: Class initialized using 'CodeIgniter\Session\Handlers\FileHandler' driver.
INFO - 2023-06-22 12:19:34 --> Session: Class initialized using 'CodeIgniter\Session\Handlers\FileHandler' driver.
INFO - 2023-06-22 12:19:56 --> Session: Class initialized using 'CodeIgniter\Session\Handlers\FileHandler' driver.
INFO - 2023-06-22 12:20:00 --> Session: Class initialized using 'CodeIgniter\Session\Handlers\FileHandler' driver.
INFO - 2023-06-22 12:20:03 --> Session: Class initialized using 'CodeIgniter\Session\Handlers\FileHandler' driver.
INFO - 2023-06-22 12:20:06 --> Session: Class initialized using 'CodeIgniter\Session\Handlers\FileHandler' driver.
INFO - 2023-06-22 12:31:06 --> Session: Class initialized using 'CodeIgniter\Session\Handlers\FileHandler' driver.
INFO - 2023-06-22 12:31:09 --> Session: Class initialized using 'CodeIgniter\Session\Handlers\FileHandler' driver.
ERROR - 2023-06-22 12:31:09 --> mysqli_sql_exception: Unknown column 't_Reportasset.id_kond' in 'on clause' in D:\PROJECT-CI\asset\system\Database\MySQLi\Connection.php:295
Stack trace:
#0 D:\PROJECT-CI\asset\system\Database\MySQLi\Connection.php(295): mysqli->query('SELECT *\nFROM `...', 0)
#1 D:\PROJECT-CI\asset\system\Database\BaseConnection.php(691): CodeIgniter\Database\MySQLi\Connection->execute('SELECT *\nFROM `...')
#2 D:\PROJECT-CI\asset\system\Database\BaseConnection.php(605): CodeIgniter\Database\BaseConnection->simpleQuery('SELECT *\nFROM `...')
#3 D:\PROJECT-CI\asset\system\Database\BaseBuilder.php(1616): CodeIgniter\Database\BaseConnection->query('SELECT *\nFROM `...', Array, false)
#4 D:\PROJECT-CI\asset\app\Models\Reportasset_model.php(18): CodeIgniter\Database\BaseBuilder->get()
#5 D:\PROJECT-CI\asset\app\Controllers\Reportasset.php(24): App\Models\Reportasset_model->getReportasset()
#6 D:\PROJECT-CI\asset\system\CodeIgniter.php(934): App\Controllers\Reportasset->index()
#7 D:\PROJECT-CI\asset\system\CodeIgniter.php(499): CodeIgniter\CodeIgniter->runController(Object(App\Controllers\Reportasset))
#8 D:\PROJECT-CI\asset\system\CodeIgniter.php(368): CodeIgniter\CodeIgniter->handleRequest(NULL, Object(Config\Cache), false)
#9 D:\PROJECT-CI\asset\public\index.php(67): CodeIgniter\CodeIgniter->run()
#10 D:\PROJECT-CI\asset\system\Commands\Server\rewrite.php(47): require_once('D:\\PROJECT-CI\\a...')
#11 {main}
CRITICAL - 2023-06-22 12:31:09 --> Unknown column 't_Reportasset.id_kond' in 'on clause'
in SYSTEMPATH\Database\MySQLi\Connection.php on line 295.
 1 SYSTEMPATH\Database\MySQLi\Connection.php(295): mysqli->query('SELECT *
FROM `t_barang`
LEFT JOIN `r_kondisi` ON `r_kondisi`.`id_kondisi` = `t_Reportasset`.`id_kond`
JOIN `r_lokasi` ON `r_lokasi`.`id_lokasi` = `t_Reportasset`.`id_lok`
JOIN `r_jenis_asset` ON `r_jenis_asset`.`id_jenis_asset` = `t_Reportasset`.`id_jenis`
ORDER BY `id_Reportasset` ASC', 0)
 2 SYSTEMPATH\Database\BaseConnection.php(691): CodeIgniter\Database\MySQLi\Connection->execute('SELECT *
FROM `t_barang`
LEFT JOIN `r_kondisi` ON `r_kondisi`.`id_kondisi` = `t_Reportasset`.`id_kond`
JOIN `r_lokasi` ON `r_lokasi`.`id_lokasi` = `t_Reportasset`.`id_lok`
JOIN `r_jenis_asset` ON `r_jenis_asset`.`id_jenis_asset` = `t_Reportasset`.`id_jenis`
ORDER BY `id_Reportasset` ASC')
 3 SYSTEMPATH\Database\BaseConnection.php(605): CodeIgniter\Database\BaseConnection->simpleQuery('SELECT *
FROM `t_barang`
LEFT JOIN `r_kondisi` ON `r_kondisi`.`id_kondisi` = `t_Reportasset`.`id_kond`
JOIN `r_lokasi` ON `r_lokasi`.`id_lokasi` = `t_Reportasset`.`id_lok`
JOIN `r_jenis_asset` ON `r_jenis_asset`.`id_jenis_asset` = `t_Reportasset`.`id_jenis`
ORDER BY `id_Reportasset` ASC')
 4 SYSTEMPATH\Database\BaseBuilder.php(1616): CodeIgniter\Database\BaseConnection->query('SELECT *
FROM `t_barang`
LEFT JOIN `r_kondisi` ON `r_kondisi`.`id_kondisi` = `t_Reportasset`.`id_kond`
JOIN `r_lokasi` ON `r_lokasi`.`id_lokasi` = `t_Reportasset`.`id_lok`
JOIN `r_jenis_asset` ON `r_jenis_asset`.`id_jenis_asset` = `t_Reportasset`.`id_jenis`
ORDER BY `id_Reportasset` ASC', [], false)
 5 APPPATH\Models\Reportasset_model.php(18): CodeIgniter\Database\BaseBuilder->get()
 6 APPPATH\Controllers\Reportasset.php(24): App\Models\Reportasset_model->getReportasset()
 7 SYSTEMPATH\CodeIgniter.php(934): App\Controllers\Reportasset->index()
 8 SYSTEMPATH\CodeIgniter.php(499): CodeIgniter\CodeIgniter->runController(Object(App\Controllers\Reportasset))
 9 SYSTEMPATH\CodeIgniter.php(368): CodeIgniter\CodeIgniter->handleRequest(null, Object(Config\Cache), false)
10 FCPATH\index.php(67): CodeIgniter\CodeIgniter->run()
11 SYSTEMPATH\Commands\Server\rewrite.php(47): require_once('D:\\PROJECT-CI\\asset\\public\\index.php')
INFO - 2023-06-22 12:32:13 --> Session: Class initialized using 'CodeIgniter\Session\Handlers\FileHandler' driver.
CRITICAL - 2023-06-22 12:32:13 --> Undefined variable: getBarang
in APPPATH\Views\report\asset.php on line 31.
 1 APPPATH\Views\report\asset.php(31): CodeIgniter\Debug\Exceptions->errorHandler(8, 'Undefined variable: getBarang', 'D:\\PROJECT-CI\\asset\\app\\Views\\report\\asset.php', 31, [...])
 2 SYSTEMPATH\View\View.php(213): include('D:\\PROJECT-CI\\asset\\app\\Views\\report\\asset.php')
 3 SYSTEMPATH\View\View.php(216): CodeIgniter\View\View->CodeIgniter\View\{closure}()
 4 SYSTEMPATH\Common.php(1184): CodeIgniter\View\View->render('report/asset', [], true)
 5 APPPATH\Controllers\Reportasset.php(30): view('report/asset', [...])
 6 SYSTEMPATH\CodeIgniter.php(934): App\Controllers\Reportasset->index()
 7 SYSTEMPATH\CodeIgniter.php(499): CodeIgniter\CodeIgniter->runController(Object(App\Controllers\Reportasset))
 8 SYSTEMPATH\CodeIgniter.php(368): CodeIgniter\CodeIgniter->handleRequest(null, Object(Config\Cache), false)
 9 FCPATH\index.php(67): CodeIgniter\CodeIgniter->run()
10 SYSTEMPATH\Commands\Server\rewrite.php(47): require_once('D:\\PROJECT-CI\\asset\\public\\index.php')
INFO - 2023-06-22 12:32:33 --> Session: Class initialized using 'CodeIgniter\Session\Handlers\FileHandler' driver.
INFO - 2023-06-22 12:32:43 --> Session: Class initialized using 'CodeIgniter\Session\Handlers\FileHandler' driver.
INFO - 2023-06-22 13:36:03 --> Session: Class initialized using 'CodeIgniter\Session\Handlers\FileHandler' driver.
INFO - 2023-06-22 13:36:34 --> Session: Class initialized using 'CodeIgniter\Session\Handlers\FileHandler' driver.
INFO - 2023-06-22 13:36:38 --> Session: Class initialized using 'CodeIgniter\Session\Handlers\FileHandler' driver.
INFO - 2023-06-22 13:38:15 --> Session: Class initialized using 'CodeIgniter\Session\Handlers\FileHandler' driver.
INFO - 2023-06-22 13:43:20 --> Session: Class initialized using 'CodeIgniter\Session\Handlers\FileHandler' driver.
INFO - 2023-06-22 13:43:23 --> Session: Class initialized using 'CodeIgniter\Session\Handlers\FileHandler' driver.
CRITICAL - 2023-06-22 13:43:23 --> Undefined variable: getReportasset
in APPPATH\Views\report\asset.php on line 31.
 1 APPPATH\Views\report\asset.php(31): CodeIgniter\Debug\Exceptions->errorHandler(8, 'Undefined variable: getReportasset', 'D:\\PROJECT-CI\\asset\\app\\Views\\report\\asset.php', 31, [...])
 2 SYSTEMPATH\View\View.php(213): include('D:\\PROJECT-CI\\asset\\app\\Views\\report\\asset.php')
 3 SYSTEMPATH\View\View.php(216): CodeIgniter\View\View->CodeIgniter\View\{closure}()
 4 SYSTEMPATH\Common.php(1184): CodeIgniter\View\View->render('report/asset', [], true)
 5 APPPATH\Controllers\Printasset.php(22): view('report/asset', [...])
 6 SYSTEMPATH\CodeIgniter.php(934): App\Controllers\Printasset->index()
 7 SYSTEMPATH\CodeIgniter.php(499): CodeIgniter\CodeIgniter->runController(Object(App\Controllers\Printasset))
 8 SYSTEMPATH\CodeIgniter.php(368): CodeIgniter\CodeIgniter->handleRequest(null, Object(Config\Cache), false)
 9 FCPATH\index.php(67): CodeIgniter\CodeIgniter->run()
10 SYSTEMPATH\Commands\Server\rewrite.php(47): require_once('D:\\PROJECT-CI\\asset\\public\\index.php')
INFO - 2023-06-22 13:43:40 --> Session: Class initialized using 'CodeIgniter\Session\Handlers\FileHandler' driver.
INFO - 2023-06-22 13:43:41 --> Session: Class initialized using 'CodeIgniter\Session\Handlers\FileHandler' driver.
CRITICAL - 2023-06-22 13:43:41 --> Undefined variable: getReportasset
in APPPATH\Views\report\asset.php on line 31.
 1 APPPATH\Views\report\asset.php(31): CodeIgniter\Debug\Exceptions->errorHandler(8, 'Undefined variable: getReportasset', 'D:\\PROJECT-CI\\asset\\app\\Views\\report\\asset.php', 31, [...])
 2 SYSTEMPATH\View\View.php(213): include('D:\\PROJECT-CI\\asset\\app\\Views\\report\\asset.php')
 3 SYSTEMPATH\View\View.php(216): CodeIgniter\View\View->CodeIgniter\View\{closure}()
 4 SYSTEMPATH\Common.php(1184): CodeIgniter\View\View->render('report/asset', [], true)
 5 APPPATH\Controllers\Printasset.php(22): view('report/asset', [...])
 6 SYSTEMPATH\CodeIgniter.php(934): App\Controllers\Printasset->index()
 7 SYSTEMPATH\CodeIgniter.php(499): CodeIgniter\CodeIgniter->runController(Object(App\Controllers\Printasset))
 8 SYSTEMPATH\CodeIgniter.php(368): CodeIgniter\CodeIgniter->handleRequest(null, Object(Config\Cache), false)
 9 FCPATH\index.php(67): CodeIgniter\CodeIgniter->run()
10 SYSTEMPATH\Commands\Server\rewrite.php(47): require_once('D:\\PROJECT-CI\\asset\\public\\index.php')
INFO - 2023-06-22 13:44:46 --> Session: Class initialized using 'CodeIgniter\Session\Handlers\FileHandler' driver.
INFO - 2023-06-22 13:44:47 --> Session: Class initialized using 'CodeIgniter\Session\Handlers\FileHandler' driver.
CRITICAL - 2023-06-22 13:44:47 --> Undefined variable: getReportasset
in APPPATH\Views\report\asset.php on line 31.
 1 APPPATH\Views\report\asset.php(31): CodeIgniter\Debug\Exceptions->errorHandler(8, 'Undefined variable: getReportasset', 'D:\\PROJECT-CI\\asset\\app\\Views\\report\\asset.php', 31, [...])
 2 SYSTEMPATH\View\View.php(213): include('D:\\PROJECT-CI\\asset\\app\\Views\\report\\asset.php')
 3 SYSTEMPATH\View\View.php(216): CodeIgniter\View\View->CodeIgniter\View\{closure}()
 4 SYSTEMPATH\Common.php(1184): CodeIgniter\View\View->render('report/asset', [], true)
 5 APPPATH\Controllers\Printasset.php(22): view('report/asset', [...])
 6 SYSTEMPATH\CodeIgniter.php(934): App\Controllers\Printasset->index()
 7 SYSTEMPATH\CodeIgniter.php(499): CodeIgniter\CodeIgniter->runController(Object(App\Controllers\Printasset))
 8 SYSTEMPATH\CodeIgniter.php(368): CodeIgniter\CodeIgniter->handleRequest(null, Object(Config\Cache), false)
 9 FCPATH\index.php(67): CodeIgniter\CodeIgniter->run()
10 SYSTEMPATH\Commands\Server\rewrite.php(47): require_once('D:\\PROJECT-CI\\asset\\public\\index.php')
INFO - 2023-06-22 13:45:14 --> Session: Class initialized using 'CodeIgniter\Session\Handlers\FileHandler' driver.
INFO - 2023-06-22 13:45:15 --> Session: Class initialized using 'CodeIgniter\Session\Handlers\FileHandler' driver.
INFO - 2023-06-22 13:50:23 --> Session: Class initialized using 'CodeIgniter\Session\Handlers\FileHandler' driver.
INFO - 2023-06-22 13:50:25 --> Session: Class initialized using 'CodeIgniter\Session\Handlers\FileHandler' driver.
CRITICAL - 2023-06-22 13:50:25 --> Invalid file: "master/Reportkaryawan.php"
in SYSTEMPATH\Exceptions\FrameworkException.php on line 33.
 1 SYSTEMPATH\View\View.php(201): CodeIgniter\Exceptions\FrameworkException::forInvalidFile('master/Reportkaryawan.php')
 2 SYSTEMPATH\Common.php(1184): CodeIgniter\View\View->render('master/Reportkaryawan', [], true)
 3 APPPATH\Controllers\Reportkaryawan.php(30): view('master/Reportkaryawan', [...])
 4 SYSTEMPATH\CodeIgniter.php(934): App\Controllers\Reportkaryawan->index()
 5 SYSTEMPATH\CodeIgniter.php(499): CodeIgniter\CodeIgniter->runController(Object(App\Controllers\Reportkaryawan))
 6 SYSTEMPATH\CodeIgniter.php(368): CodeIgniter\CodeIgniter->handleRequest(null, Object(Config\Cache), false)
 7 FCPATH\index.php(67): CodeIgniter\CodeIgniter->run()
 8 SYSTEMPATH\Commands\Server\rewrite.php(47): require_once('D:\\PROJECT-CI\\asset\\public\\index.php')
INFO - 2023-06-22 13:50:45 --> Session: Class initialized using 'CodeIgniter\Session\Handlers\FileHandler' driver.
INFO - 2023-06-22 13:50:53 --> Session: Class initialized using 'CodeIgniter\Session\Handlers\FileHandler' driver.
INFO - 2023-06-22 13:53:12 --> Session: Class initialized using 'CodeIgniter\Session\Handlers\FileHandler' driver.
INFO - 2023-06-22 13:53:14 --> Session: Class initialized using 'CodeIgniter\Session\Handlers\FileHandler' driver.
CRITICAL - 2023-06-22 13:53:14 --> Undefined variable: getReportkaryawan
in APPPATH\Views\report\karyawan.php on line 29.
 1 APPPATH\Views\report\karyawan.php(29): CodeIgniter\Debug\Exceptions->errorHandler(8, 'Undefined variable: getReportkaryawan', 'D:\\PROJECT-CI\\asset\\app\\Views\\report\\karyawan.php', 29, [...])
 2 SYSTEMPATH\View\View.php(213): include('D:\\PROJECT-CI\\asset\\app\\Views\\report\\karyawan.php')
 3 SYSTEMPATH\View\View.php(216): CodeIgniter\View\View->CodeIgniter\View\{closure}()
 4 SYSTEMPATH\Common.php(1184): CodeIgniter\View\View->render('report/karyawan', [], true)
 5 APPPATH\Controllers\Printkaryawan.php(22): view('report/karyawan', [...])
 6 SYSTEMPATH\CodeIgniter.php(934): App\Controllers\Printkaryawan->index()
 7 SYSTEMPATH\CodeIgniter.php(499): CodeIgniter\CodeIgniter->runController(Object(App\Controllers\Printkaryawan))
 8 SYSTEMPATH\CodeIgniter.php(368): CodeIgniter\CodeIgniter->handleRequest(null, Object(Config\Cache), false)
 9 FCPATH\index.php(67): CodeIgniter\CodeIgniter->run()
10 SYSTEMPATH\Commands\Server\rewrite.php(47): require_once('D:\\PROJECT-CI\\asset\\public\\index.php')
INFO - 2023-06-22 13:53:32 --> Session: Class initialized using 'CodeIgniter\Session\Handlers\FileHandler' driver.
INFO - 2023-06-22 13:53:34 --> Session: Class initialized using 'CodeIgniter\Session\Handlers\FileHandler' driver.
INFO - 2023-06-22 13:54:11 --> Session: Class initialized using 'CodeIgniter\Session\Handlers\FileHandler' driver.
INFO - 2023-06-22 13:54:12 --> Session: Class initialized using 'CodeIgniter\Session\Handlers\FileHandler' driver.
INFO - 2023-06-22 13:54:38 --> Session: Class initialized using 'CodeIgniter\Session\Handlers\FileHandler' driver.
INFO - 2023-06-22 13:54:38 --> Session: Class initialized using 'CodeIgniter\Session\Handlers\FileHandler' driver.
