INFO - 2023-08-26 08:28:37 --> Session: Class initialized using 'CodeIgniter\Session\Handlers\FileHandler' driver.
INFO - 2023-08-26 08:38:50 --> Session: Class initialized using 'CodeIgniter\Session\Handlers\FileHandler' driver.
INFO - 2023-08-26 08:38:51 --> Session: Class initialized using 'CodeIgniter\Session\Handlers\FileHandler' driver.
INFO - 2023-08-26 08:39:15 --> Session: Class initialized using 'CodeIgniter\Session\Handlers\FileHandler' driver.
INFO - 2023-08-26 08:39:15 --> Session: Class initialized using 'CodeIgniter\Session\Handlers\FileHandler' driver.
INFO - 2023-08-26 08:39:27 --> Session: Class initialized using 'CodeIgniter\Session\Handlers\FileHandler' driver.
INFO - 2023-08-26 08:39:32 --> Session: Class initialized using 'CodeIgniter\Session\Handlers\FileHandler' driver.
INFO - 2023-08-26 08:39:37 --> Session: Class initialized using 'CodeIgniter\Session\Handlers\FileHandler' driver.
INFO - 2023-08-26 08:39:53 --> Session: Class initialized using 'CodeIgniter\Session\Handlers\FileHandler' driver.
INFO - 2023-08-26 08:40:55 --> Session: Class initialized using 'CodeIgniter\Session\Handlers\FileHandler' driver.
INFO - 2023-08-26 08:40:57 --> Session: Class initialized using 'CodeIgniter\Session\Handlers\FileHandler' driver.
INFO - 2023-08-26 09:59:36 --> Session: Class initialized using 'CodeIgniter\Session\Handlers\FileHandler' driver.
INFO - 2023-08-26 10:08:46 --> Session: Class initialized using 'CodeIgniter\Session\Handlers\FileHandler' driver.
INFO - 2023-08-26 10:18:42 --> Session: Class initialized using 'CodeIgniter\Session\Handlers\FileHandler' driver.
INFO - 2023-08-26 10:19:12 --> Session: Class initialized using 'CodeIgniter\Session\Handlers\FileHandler' driver.
INFO - 2023-08-26 10:24:39 --> Session: Class initialized using 'CodeIgniter\Session\Handlers\FileHandler' driver.
INFO - 2023-08-26 10:27:32 --> Session: Class initialized using 'CodeIgniter\Session\Handlers\FileHandler' driver.
INFO - 2023-08-26 10:27:54 --> Session: Class initialized using 'CodeIgniter\Session\Handlers\FileHandler' driver.
INFO - 2023-08-26 10:33:13 --> Session: Class initialized using 'CodeIgniter\Session\Handlers\FileHandler' driver.
INFO - 2023-08-26 10:38:01 --> Session: Class initialized using 'CodeIgniter\Session\Handlers\FileHandler' driver.
INFO - 2023-08-26 10:38:01 --> Session: Class initialized using 'CodeIgniter\Session\Handlers\FileHandler' driver.
ERROR - 2023-08-26 10:39:58 --> mysqli_sql_exception: Unknown column 'warna_form' in 'field list' in D:\PROJECT-CI\form\system\Database\MySQLi\Connection.php:295
Stack trace:
#0 D:\PROJECT-CI\form\system\Database\MySQLi\Connection.php(295): mysqli->query('SELECT kode_for...', 0)
#1 D:\PROJECT-CI\form\system\Database\BaseConnection.php(691): CodeIgniter\Database\MySQLi\Connection->execute('SELECT kode_for...')
#2 D:\PROJECT-CI\form\system\Database\BaseConnection.php(605): CodeIgniter\Database\BaseConnection->simpleQuery('SELECT kode_for...')
#3 D:\PROJECT-CI\form\app\Controllers\Web.php(18): CodeIgniter\Database\BaseConnection->query('SELECT kode_for...')
#4 D:\PROJECT-CI\form\system\CodeIgniter.php(934): App\Controllers\Web->index('LOMBAMASAK')
#5 D:\PROJECT-CI\form\system\CodeIgniter.php(499): CodeIgniter\CodeIgniter->runController(Object(App\Controllers\Web))
#6 D:\PROJECT-CI\form\system\CodeIgniter.php(368): CodeIgniter\CodeIgniter->handleRequest(NULL, Object(Config\Cache), false)
#7 D:\PROJECT-CI\form\public\index.php(67): CodeIgniter\CodeIgniter->run()
#8 D:\PROJECT-CI\form\system\Commands\Server\rewrite.php(47): require_once('D:\\PROJECT-CI\\f...')
#9 {main}
CRITICAL - 2023-08-26 10:39:58 --> Unknown column 'warna_form' in 'field list'
in SYSTEMPATH\Database\MySQLi\Connection.php on line 295.
 1 SYSTEMPATH\Database\MySQLi\Connection.php(295): mysqli->query('SELECT kode_form,warna_bg,warna_form FROM buat_form where title_form=\'LOMBAMASAK\'', 0)
 2 SYSTEMPATH\Database\BaseConnection.php(691): CodeIgniter\Database\MySQLi\Connection->execute('SELECT kode_form,warna_bg,warna_form FROM buat_form where title_form=\'LOMBAMASAK\'')
 3 SYSTEMPATH\Database\BaseConnection.php(605): CodeIgniter\Database\BaseConnection->simpleQuery('SELECT kode_form,warna_bg,warna_form FROM buat_form where title_form=\'LOMBAMASAK\'')
 4 APPPATH\Controllers\Web.php(18): CodeIgniter\Database\BaseConnection->query('SELECT kode_form,warna_bg,warna_form FROM buat_form where title_form=\'LOMBAMASAK\'')
 5 SYSTEMPATH\CodeIgniter.php(934): App\Controllers\Web->index('LOMBAMASAK')
 6 SYSTEMPATH\CodeIgniter.php(499): CodeIgniter\CodeIgniter->runController(Object(App\Controllers\Web))
 7 SYSTEMPATH\CodeIgniter.php(368): CodeIgniter\CodeIgniter->handleRequest(null, Object(Config\Cache), false)
 8 FCPATH\index.php(67): CodeIgniter\CodeIgniter->run()
 9 SYSTEMPATH\Commands\Server\rewrite.php(47): require_once('D:\\PROJECT-CI\\form\\public\\index.php')
INFO - 2023-08-26 11:38:24 --> Session: Class initialized using 'CodeIgniter\Session\Handlers\FileHandler' driver.
INFO - 2023-08-26 11:40:28 --> Session: Class initialized using 'CodeIgniter\Session\Handlers\FileHandler' driver.
INFO - 2023-08-26 11:40:28 --> Session: Class initialized using 'CodeIgniter\Session\Handlers\FileHandler' driver.
INFO - 2023-08-26 11:51:35 --> Session: Class initialized using 'CodeIgniter\Session\Handlers\FileHandler' driver.
INFO - 2023-08-26 11:51:41 --> Session: Class initialized using 'CodeIgniter\Session\Handlers\FileHandler' driver.
INFO - 2023-08-26 11:57:19 --> Session: Class initialized using 'CodeIgniter\Session\Handlers\FileHandler' driver.
INFO - 2023-08-26 11:57:26 --> Session: Class initialized using 'CodeIgniter\Session\Handlers\FileHandler' driver.
INFO - 2023-08-26 11:57:32 --> Session: Class initialized using 'CodeIgniter\Session\Handlers\FileHandler' driver.
INFO - 2023-08-26 11:57:38 --> Session: Class initialized using 'CodeIgniter\Session\Handlers\FileHandler' driver.
INFO - 2023-08-26 11:57:57 --> Session: Class initialized using 'CodeIgniter\Session\Handlers\FileHandler' driver.
CRITICAL - 2023-08-26 11:57:57 --> fopen($getLink): failed to open stream: No such file or directory
in APPPATH\Views\func.php on line 86.
 1 [internal function]: CodeIgniter\Debug\Exceptions->errorHandler(2, 'fopen($getLink): failed to open stream: No such file or directory', 'D:\\PROJECT-CI\\form\\app\\Views\\func.php', 86, [...])
 2 APPPATH\Views\func.php(86): fopen('$getLink', 'r')
 3 APPPATH\Views\master\formresult.php(7): csvToArray('$getLink', ',')
 4 SYSTEMPATH\View\View.php(213): include('D:\\PROJECT-CI\\form\\app\\Views\\master\\formresult.php')
 5 SYSTEMPATH\View\View.php(216): CodeIgniter\View\View->CodeIgniter\View\{closure}()
 6 SYSTEMPATH\Common.php(1184): CodeIgniter\View\View->render('master/formresult', [], true)
 7 APPPATH\Controllers\Form.php(101): view('master/formresult', [...])
 8 SYSTEMPATH\CodeIgniter.php(934): App\Controllers\Form->result()
 9 SYSTEMPATH\CodeIgniter.php(499): CodeIgniter\CodeIgniter->runController(Object(App\Controllers\Form))
10 SYSTEMPATH\CodeIgniter.php(368): CodeIgniter\CodeIgniter->handleRequest(null, Object(Config\Cache), false)
11 FCPATH\index.php(67): CodeIgniter\CodeIgniter->run()
12 SYSTEMPATH\Commands\Server\rewrite.php(47): require_once('D:\\PROJECT-CI\\form\\public\\index.php')
INFO - 2023-08-26 11:58:04 --> Session: Class initialized using 'CodeIgniter\Session\Handlers\FileHandler' driver.
CRITICAL - 2023-08-26 11:58:04 --> fopen($getLink): failed to open stream: No such file or directory
in APPPATH\Views\func.php on line 86.
 1 [internal function]: CodeIgniter\Debug\Exceptions->errorHandler(2, 'fopen($getLink): failed to open stream: No such file or directory', 'D:\\PROJECT-CI\\form\\app\\Views\\func.php', 86, [...])
 2 APPPATH\Views\func.php(86): fopen('$getLink', 'r')
 3 APPPATH\Views\master\formresult.php(7): csvToArray('$getLink', ',')
 4 SYSTEMPATH\View\View.php(213): include('D:\\PROJECT-CI\\form\\app\\Views\\master\\formresult.php')
 5 SYSTEMPATH\View\View.php(216): CodeIgniter\View\View->CodeIgniter\View\{closure}()
 6 SYSTEMPATH\Common.php(1184): CodeIgniter\View\View->render('master/formresult', [], true)
 7 APPPATH\Controllers\Form.php(101): view('master/formresult', [...])
 8 SYSTEMPATH\CodeIgniter.php(934): App\Controllers\Form->result()
 9 SYSTEMPATH\CodeIgniter.php(499): CodeIgniter\CodeIgniter->runController(Object(App\Controllers\Form))
10 SYSTEMPATH\CodeIgniter.php(368): CodeIgniter\CodeIgniter->handleRequest(null, Object(Config\Cache), false)
11 FCPATH\index.php(67): CodeIgniter\CodeIgniter->run()
12 SYSTEMPATH\Commands\Server\rewrite.php(47): require_once('D:\\PROJECT-CI\\form\\public\\index.php')
INFO - 2023-08-26 11:58:10 --> Session: Class initialized using 'CodeIgniter\Session\Handlers\FileHandler' driver.
INFO - 2023-08-26 11:58:16 --> Session: Class initialized using 'CodeIgniter\Session\Handlers\FileHandler' driver.
INFO - 2023-08-26 11:58:21 --> Session: Class initialized using 'CodeIgniter\Session\Handlers\FileHandler' driver.
CRITICAL - 2023-08-26 11:58:21 --> fopen($getLink): failed to open stream: No such file or directory
in APPPATH\Views\func.php on line 86.
 1 [internal function]: CodeIgniter\Debug\Exceptions->errorHandler(2, 'fopen($getLink): failed to open stream: No such file or directory', 'D:\\PROJECT-CI\\form\\app\\Views\\func.php', 86, [...])
 2 APPPATH\Views\func.php(86): fopen('$getLink', 'r')
 3 APPPATH\Views\master\formresult.php(7): csvToArray('$getLink', ',')
 4 SYSTEMPATH\View\View.php(213): include('D:\\PROJECT-CI\\form\\app\\Views\\master\\formresult.php')
 5 SYSTEMPATH\View\View.php(216): CodeIgniter\View\View->CodeIgniter\View\{closure}()
 6 SYSTEMPATH\Common.php(1184): CodeIgniter\View\View->render('master/formresult', [], true)
 7 APPPATH\Controllers\Form.php(101): view('master/formresult', [...])
 8 SYSTEMPATH\CodeIgniter.php(934): App\Controllers\Form->result()
 9 SYSTEMPATH\CodeIgniter.php(499): CodeIgniter\CodeIgniter->runController(Object(App\Controllers\Form))
10 SYSTEMPATH\CodeIgniter.php(368): CodeIgniter\CodeIgniter->handleRequest(null, Object(Config\Cache), false)
11 FCPATH\index.php(67): CodeIgniter\CodeIgniter->run()
12 SYSTEMPATH\Commands\Server\rewrite.php(47): require_once('D:\\PROJECT-CI\\form\\public\\index.php')
INFO - 2023-08-26 11:58:40 --> Session: Class initialized using 'CodeIgniter\Session\Handlers\FileHandler' driver.
INFO - 2023-08-26 11:58:47 --> Session: Class initialized using 'CodeIgniter\Session\Handlers\FileHandler' driver.
INFO - 2023-08-26 11:58:52 --> Session: Class initialized using 'CodeIgniter\Session\Handlers\FileHandler' driver.
INFO - 2023-08-26 11:58:58 --> Session: Class initialized using 'CodeIgniter\Session\Handlers\FileHandler' driver.
CRITICAL - 2023-08-26 11:58:58 --> fopen($getLink): failed to open stream: No such file or directory
in APPPATH\Views\func.php on line 86.
 1 [internal function]: CodeIgniter\Debug\Exceptions->errorHandler(2, 'fopen($getLink): failed to open stream: No such file or directory', 'D:\\PROJECT-CI\\form\\app\\Views\\func.php', 86, [...])
 2 APPPATH\Views\func.php(86): fopen('$getLink', 'r')
 3 APPPATH\Views\master\formresult.php(7): csvToArray('$getLink', ',')
 4 SYSTEMPATH\View\View.php(213): include('D:\\PROJECT-CI\\form\\app\\Views\\master\\formresult.php')
 5 SYSTEMPATH\View\View.php(216): CodeIgniter\View\View->CodeIgniter\View\{closure}()
 6 SYSTEMPATH\Common.php(1184): CodeIgniter\View\View->render('master/formresult', [], true)
 7 APPPATH\Controllers\Form.php(101): view('master/formresult', [...])
 8 SYSTEMPATH\CodeIgniter.php(934): App\Controllers\Form->result()
 9 SYSTEMPATH\CodeIgniter.php(499): CodeIgniter\CodeIgniter->runController(Object(App\Controllers\Form))
10 SYSTEMPATH\CodeIgniter.php(368): CodeIgniter\CodeIgniter->handleRequest(null, Object(Config\Cache), false)
11 FCPATH\index.php(67): CodeIgniter\CodeIgniter->run()
12 SYSTEMPATH\Commands\Server\rewrite.php(47): require_once('D:\\PROJECT-CI\\form\\public\\index.php')
INFO - 2023-08-26 11:59:06 --> Session: Class initialized using 'CodeIgniter\Session\Handlers\FileHandler' driver.
INFO - 2023-08-26 11:59:21 --> Session: Class initialized using 'CodeIgniter\Session\Handlers\FileHandler' driver.
INFO - 2023-08-26 11:59:27 --> Session: Class initialized using 'CodeIgniter\Session\Handlers\FileHandler' driver.
CRITICAL - 2023-08-26 11:59:27 --> fopen($getLink): failed to open stream: No such file or directory
in APPPATH\Views\func.php on line 86.
 1 [internal function]: CodeIgniter\Debug\Exceptions->errorHandler(2, 'fopen($getLink): failed to open stream: No such file or directory', 'D:\\PROJECT-CI\\form\\app\\Views\\func.php', 86, [...])
 2 APPPATH\Views\func.php(86): fopen('$getLink', 'r')
 3 APPPATH\Views\master\formresult.php(7): csvToArray('$getLink', ',')
 4 SYSTEMPATH\View\View.php(213): include('D:\\PROJECT-CI\\form\\app\\Views\\master\\formresult.php')
 5 SYSTEMPATH\View\View.php(216): CodeIgniter\View\View->CodeIgniter\View\{closure}()
 6 SYSTEMPATH\Common.php(1184): CodeIgniter\View\View->render('master/formresult', [], true)
 7 APPPATH\Controllers\Form.php(101): view('master/formresult', [...])
 8 SYSTEMPATH\CodeIgniter.php(934): App\Controllers\Form->result()
 9 SYSTEMPATH\CodeIgniter.php(499): CodeIgniter\CodeIgniter->runController(Object(App\Controllers\Form))
10 SYSTEMPATH\CodeIgniter.php(368): CodeIgniter\CodeIgniter->handleRequest(null, Object(Config\Cache), false)
11 FCPATH\index.php(67): CodeIgniter\CodeIgniter->run()
12 SYSTEMPATH\Commands\Server\rewrite.php(47): require_once('D:\\PROJECT-CI\\form\\public\\index.php')
INFO - 2023-08-26 11:59:33 --> Session: Class initialized using 'CodeIgniter\Session\Handlers\FileHandler' driver.
INFO - 2023-08-26 11:59:44 --> Session: Class initialized using 'CodeIgniter\Session\Handlers\FileHandler' driver.
INFO - 2023-08-26 11:59:50 --> Session: Class initialized using 'CodeIgniter\Session\Handlers\FileHandler' driver.
INFO - 2023-08-26 12:05:37 --> Session: Class initialized using 'CodeIgniter\Session\Handlers\FileHandler' driver.
INFO - 2023-08-26 12:07:39 --> Session: Class initialized using 'CodeIgniter\Session\Handlers\FileHandler' driver.
INFO - 2023-08-26 12:35:08 --> Session: Class initialized using 'CodeIgniter\Session\Handlers\FileHandler' driver.
INFO - 2023-08-26 13:28:43 --> Session: Class initialized using 'CodeIgniter\Session\Handlers\FileHandler' driver.
