INFO - 2024-07-20 03:52:40 --> Session: Class initialized using 'CodeIgniter\Session\Handlers\FileHandler' driver.
INFO - 2024-07-20 03:52:52 --> Session: Class initialized using 'CodeIgniter\Session\Handlers\FileHandler' driver.
INFO - 2024-07-20 03:52:52 --> Session: Class initialized using 'CodeIgniter\Session\Handlers\FileHandler' driver.
INFO - 2024-07-20 03:53:03 --> Session: Class initialized using 'CodeIgniter\Session\Handlers\FileHandler' driver.
INFO - 2024-07-20 03:56:27 --> Session: Class initialized using 'CodeIgniter\Session\Handlers\FileHandler' driver.
INFO - 2024-07-20 03:56:30 --> Session: Class initialized using 'CodeIgniter\Session\Handlers\FileHandler' driver.
INFO - 2024-07-20 03:56:34 --> Session: Class initialized using 'CodeIgniter\Session\Handlers\FileHandler' driver.
INFO - 2024-07-20 04:34:55 --> Session: Class initialized using 'CodeIgniter\Session\Handlers\FileHandler' driver.
INFO - 2024-07-20 04:57:55 --> Session: Class initialized using 'CodeIgniter\Session\Handlers\FileHandler' driver.
INFO - 2024-07-20 04:58:01 --> Session: Class initialized using 'CodeIgniter\Session\Handlers\FileHandler' driver.
CRITICAL - 2024-07-20 04:58:01 --> Undefined variable $getAbsensi
in APPPATH\Views\report\pertanggalsiswa.php on line 96.
 1 APPPATH\Views\report\pertanggalsiswa.php(96): CodeIgniter\Debug\Exceptions->errorHandler(2, 'Undefined variable $getAbsensi', 'D:\\PROJECT-CI\\mustofa\\app\\Views\\report\\pertanggalsiswa.php', 96)
 2 SYSTEMPATH\View\View.php(213): include('D:\\PROJECT-CI\\mustofa\\app\\Views\\report\\pertanggalsiswa.php')
 3 SYSTEMPATH\View\View.php(216): CodeIgniter\View\View->CodeIgniter\View\{closure}()
 4 SYSTEMPATH\Common.php(1184): CodeIgniter\View\View->render('report/pertanggalsiswa', [], true)
 5 APPPATH\Controllers\Absensisiswa.php(261): view('report/pertanggalsiswa', [...])
 6 SYSTEMPATH\CodeIgniter.php(934): App\Controllers\Absensisiswa->pertanggaluser()
 7 SYSTEMPATH\CodeIgniter.php(499): CodeIgniter\CodeIgniter->runController(Object(App\Controllers\Absensisiswa))
 8 SYSTEMPATH\CodeIgniter.php(368): CodeIgniter\CodeIgniter->handleRequest(null, Object(Config\Cache), false)
 9 FCPATH\index.php(67): CodeIgniter\CodeIgniter->run()
10 SYSTEMPATH\Commands\Server\rewrite.php(47): require_once('D:\\PROJECT-CI\\mustofa\\public\\index.php')
INFO - 2024-07-20 04:58:05 --> Session: Class initialized using 'CodeIgniter\Session\Handlers\FileHandler' driver.
INFO - 2024-07-20 04:58:08 --> Session: Class initialized using 'CodeIgniter\Session\Handlers\FileHandler' driver.
INFO - 2024-07-20 04:58:11 --> Session: Class initialized using 'CodeIgniter\Session\Handlers\FileHandler' driver.
INFO - 2024-07-20 05:05:12 --> Session: Class initialized using 'CodeIgniter\Session\Handlers\FileHandler' driver.
INFO - 2024-07-20 05:05:14 --> Session: Class initialized using 'CodeIgniter\Session\Handlers\FileHandler' driver.
CRITICAL - 2024-07-20 05:05:14 --> Undefined variable $idPtk
in APPPATH\Views\report\pertanggalusersiswa.php on line 82.
 1 APPPATH\Views\report\pertanggalusersiswa.php(82): CodeIgniter\Debug\Exceptions->errorHandler(2, 'Undefined variable $idPtk', 'D:\\PROJECT-CI\\mustofa\\app\\Views\\report\\pertanggalusersiswa.php', 82)
 2 SYSTEMPATH\View\View.php(213): include('D:\\PROJECT-CI\\mustofa\\app\\Views\\report\\pertanggalusersiswa.php')
 3 SYSTEMPATH\View\View.php(216): CodeIgniter\View\View->CodeIgniter\View\{closure}()
 4 SYSTEMPATH\Common.php(1184): CodeIgniter\View\View->render('report/pertanggalusersiswa', [], true)
 5 APPPATH\Controllers\Absensisiswa.php(261): view('report/pertanggalusersiswa', [...])
 6 SYSTEMPATH\CodeIgniter.php(934): App\Controllers\Absensisiswa->pertanggalsiswa()
 7 SYSTEMPATH\CodeIgniter.php(499): CodeIgniter\CodeIgniter->runController(Object(App\Controllers\Absensisiswa))
 8 SYSTEMPATH\CodeIgniter.php(368): CodeIgniter\CodeIgniter->handleRequest(null, Object(Config\Cache), false)
 9 FCPATH\index.php(67): CodeIgniter\CodeIgniter->run()
10 SYSTEMPATH\Commands\Server\rewrite.php(47): require_once('D:\\PROJECT-CI\\mustofa\\public\\index.php')
INFO - 2024-07-20 05:05:49 --> Session: Class initialized using 'CodeIgniter\Session\Handlers\FileHandler' driver.
CRITICAL - 2024-07-20 05:05:49 --> Undefined variable $idPtk
in APPPATH\Views\report\pertanggalusersiswa.php on line 108.
 1 APPPATH\Views\report\pertanggalusersiswa.php(108): CodeIgniter\Debug\Exceptions->errorHandler(2, 'Undefined variable $idPtk', 'D:\\PROJECT-CI\\mustofa\\app\\Views\\report\\pertanggalusersiswa.php', 108)
 2 SYSTEMPATH\View\View.php(213): include('D:\\PROJECT-CI\\mustofa\\app\\Views\\report\\pertanggalusersiswa.php')
 3 SYSTEMPATH\View\View.php(216): CodeIgniter\View\View->CodeIgniter\View\{closure}()
 4 SYSTEMPATH\Common.php(1184): CodeIgniter\View\View->render('report/pertanggalusersiswa', [], true)
 5 APPPATH\Controllers\Absensisiswa.php(261): view('report/pertanggalusersiswa', [...])
 6 SYSTEMPATH\CodeIgniter.php(934): App\Controllers\Absensisiswa->pertanggalsiswa()
 7 SYSTEMPATH\CodeIgniter.php(499): CodeIgniter\CodeIgniter->runController(Object(App\Controllers\Absensisiswa))
 8 SYSTEMPATH\CodeIgniter.php(368): CodeIgniter\CodeIgniter->handleRequest(null, Object(Config\Cache), false)
 9 FCPATH\index.php(67): CodeIgniter\CodeIgniter->run()
10 SYSTEMPATH\Commands\Server\rewrite.php(47): require_once('D:\\PROJECT-CI\\mustofa\\public\\index.php')
INFO - 2024-07-20 05:05:58 --> Session: Class initialized using 'CodeIgniter\Session\Handlers\FileHandler' driver.
INFO - 2024-07-20 05:06:10 --> Session: Class initialized using 'CodeIgniter\Session\Handlers\FileHandler' driver.
INFO - 2024-07-20 05:06:24 --> Session: Class initialized using 'CodeIgniter\Session\Handlers\FileHandler' driver.
INFO - 2024-07-20 05:06:35 --> Session: Class initialized using 'CodeIgniter\Session\Handlers\FileHandler' driver.
INFO - 2024-07-20 05:06:50 --> Session: Class initialized using 'CodeIgniter\Session\Handlers\FileHandler' driver.
INFO - 2024-07-20 05:07:38 --> Session: Class initialized using 'CodeIgniter\Session\Handlers\FileHandler' driver.
INFO - 2024-07-20 05:11:04 --> Session: Class initialized using 'CodeIgniter\Session\Handlers\FileHandler' driver.
INFO - 2024-07-20 05:11:41 --> Session: Class initialized using 'CodeIgniter\Session\Handlers\FileHandler' driver.
INFO - 2024-07-20 05:12:02 --> Session: Class initialized using 'CodeIgniter\Session\Handlers\FileHandler' driver.
INFO - 2024-07-20 05:12:30 --> Session: Class initialized using 'CodeIgniter\Session\Handlers\FileHandler' driver.
INFO - 2024-07-20 05:12:31 --> Session: Class initialized using 'CodeIgniter\Session\Handlers\FileHandler' driver.
INFO - 2024-07-20 05:12:32 --> Session: Class initialized using 'CodeIgniter\Session\Handlers\FileHandler' driver.
CRITICAL - 2024-07-20 05:12:32 --> Attempt to read property "nm_siswa" on null
in APPPATH\Controllers\Absensisiswa.php on line 331.
 1 APPPATH\Controllers\Absensisiswa.php(331): CodeIgniter\Debug\Exceptions->errorHandler(2, 'Attempt to read property "nm_siswa" on null', 'D:\\PROJECT-CI\\mustofa\\app\\Controllers\\Absensisiswa.php', 331)
 2 SYSTEMPATH\CodeIgniter.php(934): App\Controllers\Absensisiswa->cetakpertanggalsiswa('main.css')
 3 SYSTEMPATH\CodeIgniter.php(499): CodeIgniter\CodeIgniter->runController(Object(App\Controllers\Absensisiswa))
 4 SYSTEMPATH\CodeIgniter.php(368): CodeIgniter\CodeIgniter->handleRequest(null, Object(Config\Cache), false)
 5 FCPATH\index.php(67): CodeIgniter\CodeIgniter->run()
 6 SYSTEMPATH\Commands\Server\rewrite.php(47): require_once('D:\\PROJECT-CI\\mustofa\\public\\index.php')
INFO - 2024-07-20 05:12:32 --> Session: Class initialized using 'CodeIgniter\Session\Handlers\FileHandler' driver.
CRITICAL - 2024-07-20 05:12:32 --> Attempt to read property "nm_siswa" on null
in APPPATH\Controllers\Absensisiswa.php on line 331.
 1 APPPATH\Controllers\Absensisiswa.php(331): CodeIgniter\Debug\Exceptions->errorHandler(2, 'Attempt to read property "nm_siswa" on null', 'D:\\PROJECT-CI\\mustofa\\app\\Controllers\\Absensisiswa.php', 331)
 2 SYSTEMPATH\CodeIgniter.php(934): App\Controllers\Absensisiswa->cetakpertanggalsiswa('main.js')
 3 SYSTEMPATH\CodeIgniter.php(499): CodeIgniter\CodeIgniter->runController(Object(App\Controllers\Absensisiswa))
 4 SYSTEMPATH\CodeIgniter.php(368): CodeIgniter\CodeIgniter->handleRequest(null, Object(Config\Cache), false)
 5 FCPATH\index.php(67): CodeIgniter\CodeIgniter->run()
 6 SYSTEMPATH\Commands\Server\rewrite.php(47): require_once('D:\\PROJECT-CI\\mustofa\\public\\index.php')
INFO - 2024-07-20 05:12:44 --> Session: Class initialized using 'CodeIgniter\Session\Handlers\FileHandler' driver.
INFO - 2024-07-20 05:12:58 --> Session: Class initialized using 'CodeIgniter\Session\Handlers\FileHandler' driver.
INFO - 2024-07-20 05:13:05 --> Session: Class initialized using 'CodeIgniter\Session\Handlers\FileHandler' driver.
ERROR - 2024-07-20 05:13:05 --> mysqli_sql_exception: Column 'NO_INDUK' cannot be null in D:\PROJECT-CI\mustofa\system\Database\MySQLi\Connection.php:295
Stack trace:
#0 D:\PROJECT-CI\mustofa\system\Database\MySQLi\Connection.php(295): mysqli->query('INSERT INTO `tw...', 0)
#1 D:\PROJECT-CI\mustofa\system\Database\BaseConnection.php(691): CodeIgniter\Database\MySQLi\Connection->execute('INSERT INTO `tw...')
#2 D:\PROJECT-CI\mustofa\system\Database\BaseConnection.php(605): CodeIgniter\Database\BaseConnection->simpleQuery('INSERT INTO `tw...')
#3 D:\PROJECT-CI\mustofa\system\Database\BaseBuilder.php(2309): CodeIgniter\Database\BaseConnection->query('INSERT INTO `tw...', Array, false)
#4 D:\PROJECT-CI\mustofa\app\Models\Absensi_model.php(221): CodeIgniter\Database\BaseBuilder->insert(Array)
#5 D:\PROJECT-CI\mustofa\app\Controllers\Absensi.php(535): App\Models\Absensi_model->saveAbsensi(Array)
#6 D:\PROJECT-CI\mustofa\system\CodeIgniter.php(934): App\Controllers\Absensi->updatemasuk()
#7 D:\PROJECT-CI\mustofa\system\CodeIgniter.php(499): CodeIgniter\CodeIgniter->runController(Object(App\Controllers\Absensi))
#8 D:\PROJECT-CI\mustofa\system\CodeIgniter.php(368): CodeIgniter\CodeIgniter->handleRequest(NULL, Object(Config\Cache), false)
#9 D:\PROJECT-CI\mustofa\public\index.php(67): CodeIgniter\CodeIgniter->run()
#10 D:\PROJECT-CI\mustofa\system\Commands\Server\rewrite.php(47): require_once('D:\\PROJECT-CI\\m...')
#11 {main}
CRITICAL - 2024-07-20 05:13:05 --> Column 'NO_INDUK' cannot be null
in SYSTEMPATH\Database\MySQLi\Connection.php on line 295.
 1 SYSTEMPATH\Database\MySQLi\Connection.php(295): mysqli->query('INSERT INTO `tweb_pegawai_hadir` (`NO_INDUK`, `ID_PEGAWAI`, `TANGGAL`, `JAM`, `STATUS`) VALUES (NULL, \'1\', \'2024-07-22\', \'06:00\', \'0\')', 0)
 2 SYSTEMPATH\Database\BaseConnection.php(691): CodeIgniter\Database\MySQLi\Connection->execute('INSERT INTO `tweb_pegawai_hadir` (`NO_INDUK`, `ID_PEGAWAI`, `TANGGAL`, `JAM`, `STATUS`) VALUES (NULL, \'1\', \'2024-07-22\', \'06:00\', \'0\')')
 3 SYSTEMPATH\Database\BaseConnection.php(605): CodeIgniter\Database\BaseConnection->simpleQuery('INSERT INTO `tweb_pegawai_hadir` (`NO_INDUK`, `ID_PEGAWAI`, `TANGGAL`, `JAM`, `STATUS`) VALUES (NULL, \'1\', \'2024-07-22\', \'06:00\', \'0\')')
 4 SYSTEMPATH\Database\BaseBuilder.php(2309): CodeIgniter\Database\BaseConnection->query('INSERT INTO `tweb_pegawai_hadir` (`NO_INDUK`, `ID_PEGAWAI`, `TANGGAL`, `JAM`, `STATUS`) VALUES (:NO_INDUK:, :ID_PEGAWAI:, :TANGGAL:, :JAM:, :STATUS:)', [...], false)
 5 APPPATH\Models\Absensi_model.php(221): CodeIgniter\Database\BaseBuilder->insert([...])
 6 APPPATH\Controllers\Absensi.php(535): App\Models\Absensi_model->saveAbsensi([...])
 7 SYSTEMPATH\CodeIgniter.php(934): App\Controllers\Absensi->updatemasuk()
 8 SYSTEMPATH\CodeIgniter.php(499): CodeIgniter\CodeIgniter->runController(Object(App\Controllers\Absensi))
 9 SYSTEMPATH\CodeIgniter.php(368): CodeIgniter\CodeIgniter->handleRequest(null, Object(Config\Cache), false)
10 FCPATH\index.php(67): CodeIgniter\CodeIgniter->run()
11 SYSTEMPATH\Commands\Server\rewrite.php(47): require_once('D:\\PROJECT-CI\\mustofa\\public\\index.php')
INFO - 2024-07-20 05:13:34 --> Session: Class initialized using 'CodeIgniter\Session\Handlers\FileHandler' driver.
INFO - 2024-07-20 05:14:27 --> Session: Class initialized using 'CodeIgniter\Session\Handlers\FileHandler' driver.
INFO - 2024-07-20 05:14:32 --> Session: Class initialized using 'CodeIgniter\Session\Handlers\FileHandler' driver.
INFO - 2024-07-20 05:14:32 --> Session: Class initialized using 'CodeIgniter\Session\Handlers\FileHandler' driver.
INFO - 2024-07-20 05:14:38 --> Session: Class initialized using 'CodeIgniter\Session\Handlers\FileHandler' driver.
INFO - 2024-07-20 05:14:44 --> Session: Class initialized using 'CodeIgniter\Session\Handlers\FileHandler' driver.
CRITICAL - 2024-07-20 05:14:44 --> Undefined array key "TANGGAL"
in APPPATH\Views\report\pertanggalusersiswa.php on line 114.
 1 APPPATH\Views\report\pertanggalusersiswa.php(114): CodeIgniter\Debug\Exceptions->errorHandler(2, 'Undefined array key "TANGGAL"', 'D:\\PROJECT-CI\\mustofa\\app\\Views\\report\\pertanggalusersiswa.php', 114)
 2 SYSTEMPATH\View\View.php(213): include('D:\\PROJECT-CI\\mustofa\\app\\Views\\report\\pertanggalusersiswa.php')
 3 SYSTEMPATH\View\View.php(216): CodeIgniter\View\View->CodeIgniter\View\{closure}()
 4 SYSTEMPATH\Common.php(1184): CodeIgniter\View\View->render('report/pertanggalusersiswa', [], true)
 5 APPPATH\Controllers\Absensisiswa.php(261): view('report/pertanggalusersiswa', [...])
 6 SYSTEMPATH\CodeIgniter.php(934): App\Controllers\Absensisiswa->pertanggalsiswa()
 7 SYSTEMPATH\CodeIgniter.php(499): CodeIgniter\CodeIgniter->runController(Object(App\Controllers\Absensisiswa))
 8 SYSTEMPATH\CodeIgniter.php(368): CodeIgniter\CodeIgniter->handleRequest(null, Object(Config\Cache), false)
 9 FCPATH\index.php(67): CodeIgniter\CodeIgniter->run()
10 SYSTEMPATH\Commands\Server\rewrite.php(47): require_once('D:\\PROJECT-CI\\mustofa\\public\\index.php')
INFO - 2024-07-20 05:15:01 --> Session: Class initialized using 'CodeIgniter\Session\Handlers\FileHandler' driver.
CRITICAL - 2024-07-20 05:15:01 --> Undefined array key "TANGGAL"
in APPPATH\Views\report\pertanggalusersiswa.php on line 114.
 1 APPPATH\Views\report\pertanggalusersiswa.php(114): CodeIgniter\Debug\Exceptions->errorHandler(2, 'Undefined array key "TANGGAL"', 'D:\\PROJECT-CI\\mustofa\\app\\Views\\report\\pertanggalusersiswa.php', 114)
 2 SYSTEMPATH\View\View.php(213): include('D:\\PROJECT-CI\\mustofa\\app\\Views\\report\\pertanggalusersiswa.php')
 3 SYSTEMPATH\View\View.php(216): CodeIgniter\View\View->CodeIgniter\View\{closure}()
 4 SYSTEMPATH\Common.php(1184): CodeIgniter\View\View->render('report/pertanggalusersiswa', [], true)
 5 APPPATH\Controllers\Absensisiswa.php(261): view('report/pertanggalusersiswa', [...])
 6 SYSTEMPATH\CodeIgniter.php(934): App\Controllers\Absensisiswa->pertanggalsiswa()
 7 SYSTEMPATH\CodeIgniter.php(499): CodeIgniter\CodeIgniter->runController(Object(App\Controllers\Absensisiswa))
 8 SYSTEMPATH\CodeIgniter.php(368): CodeIgniter\CodeIgniter->handleRequest(null, Object(Config\Cache), false)
 9 FCPATH\index.php(67): CodeIgniter\CodeIgniter->run()
10 SYSTEMPATH\Commands\Server\rewrite.php(47): require_once('D:\\PROJECT-CI\\mustofa\\public\\index.php')
INFO - 2024-07-20 05:16:05 --> Session: Class initialized using 'CodeIgniter\Session\Handlers\FileHandler' driver.
INFO - 2024-07-20 05:18:21 --> Session: Class initialized using 'CodeIgniter\Session\Handlers\FileHandler' driver.
INFO - 2024-07-20 05:18:23 --> Session: Class initialized using 'CodeIgniter\Session\Handlers\FileHandler' driver.
INFO - 2024-07-20 05:18:23 --> Session: Class initialized using 'CodeIgniter\Session\Handlers\FileHandler' driver.
CRITICAL - 2024-07-20 05:18:23 --> Attempt to read property "nm_siswa" on null
in APPPATH\Controllers\Absensisiswa.php on line 331.
 1 APPPATH\Controllers\Absensisiswa.php(331): CodeIgniter\Debug\Exceptions->errorHandler(2, 'Attempt to read property "nm_siswa" on null', 'D:\\PROJECT-CI\\mustofa\\app\\Controllers\\Absensisiswa.php', 331)
 2 SYSTEMPATH\CodeIgniter.php(934): App\Controllers\Absensisiswa->cetakpertanggalsiswa('main.css')
 3 SYSTEMPATH\CodeIgniter.php(499): CodeIgniter\CodeIgniter->runController(Object(App\Controllers\Absensisiswa))
 4 SYSTEMPATH\CodeIgniter.php(368): CodeIgniter\CodeIgniter->handleRequest(null, Object(Config\Cache), false)
 5 FCPATH\index.php(67): CodeIgniter\CodeIgniter->run()
 6 SYSTEMPATH\Commands\Server\rewrite.php(47): require_once('D:\\PROJECT-CI\\mustofa\\public\\index.php')
INFO - 2024-07-20 05:18:24 --> Session: Class initialized using 'CodeIgniter\Session\Handlers\FileHandler' driver.
CRITICAL - 2024-07-20 05:18:24 --> Attempt to read property "nm_siswa" on null
in APPPATH\Controllers\Absensisiswa.php on line 331.
 1 APPPATH\Controllers\Absensisiswa.php(331): CodeIgniter\Debug\Exceptions->errorHandler(2, 'Attempt to read property "nm_siswa" on null', 'D:\\PROJECT-CI\\mustofa\\app\\Controllers\\Absensisiswa.php', 331)
 2 SYSTEMPATH\CodeIgniter.php(934): App\Controllers\Absensisiswa->cetakpertanggalsiswa('main.js')
 3 SYSTEMPATH\CodeIgniter.php(499): CodeIgniter\CodeIgniter->runController(Object(App\Controllers\Absensisiswa))
 4 SYSTEMPATH\CodeIgniter.php(368): CodeIgniter\CodeIgniter->handleRequest(null, Object(Config\Cache), false)
 5 FCPATH\index.php(67): CodeIgniter\CodeIgniter->run()
 6 SYSTEMPATH\Commands\Server\rewrite.php(47): require_once('D:\\PROJECT-CI\\mustofa\\public\\index.php')
INFO - 2024-07-20 05:18:28 --> Session: Class initialized using 'CodeIgniter\Session\Handlers\FileHandler' driver.
INFO - 2024-07-20 05:18:33 --> Session: Class initialized using 'CodeIgniter\Session\Handlers\FileHandler' driver.
INFO - 2024-07-20 05:18:38 --> Session: Class initialized using 'CodeIgniter\Session\Handlers\FileHandler' driver.
INFO - 2024-07-20 05:18:42 --> Session: Class initialized using 'CodeIgniter\Session\Handlers\FileHandler' driver.
INFO - 2024-07-20 05:18:47 --> Session: Class initialized using 'CodeIgniter\Session\Handlers\FileHandler' driver.
INFO - 2024-07-20 05:18:52 --> Session: Class initialized using 'CodeIgniter\Session\Handlers\FileHandler' driver.
INFO - 2024-07-20 05:18:56 --> Session: Class initialized using 'CodeIgniter\Session\Handlers\FileHandler' driver.
INFO - 2024-07-20 05:19:33 --> Session: Class initialized using 'CodeIgniter\Session\Handlers\FileHandler' driver.
INFO - 2024-07-20 05:19:37 --> Session: Class initialized using 'CodeIgniter\Session\Handlers\FileHandler' driver.
INFO - 2024-07-20 05:19:39 --> Session: Class initialized using 'CodeIgniter\Session\Handlers\FileHandler' driver.
INFO - 2024-07-20 05:19:47 --> Session: Class initialized using 'CodeIgniter\Session\Handlers\FileHandler' driver.
INFO - 2024-07-20 05:20:02 --> Session: Class initialized using 'CodeIgniter\Session\Handlers\FileHandler' driver.
INFO - 2024-07-20 05:22:14 --> Session: Class initialized using 'CodeIgniter\Session\Handlers\FileHandler' driver.
CRITICAL - 2024-07-20 05:22:19 --> Allowed memory size of 536870912 bytes exhausted (tried to allocate 1052672 bytes)
in SYSTEMPATH\Debug\Toolbar.php on line 292.
 1 [internal function]: CodeIgniter\Debug\Exceptions->shutdownHandler()
INFO - 2024-07-20 05:24:08 --> Session: Class initialized using 'CodeIgniter\Session\Handlers\FileHandler' driver.
INFO - 2024-07-20 05:26:59 --> Session: Class initialized using 'CodeIgniter\Session\Handlers\FileHandler' driver.
CRITICAL - 2024-07-20 05:27:02 --> Allowed memory size of 536870912 bytes exhausted (tried to allocate 266240 bytes)
in SYSTEMPATH\Debug\Toolbar.php on line 292.
 1 [internal function]: CodeIgniter\Debug\Exceptions->shutdownHandler()
INFO - 2024-07-20 05:27:06 --> Session: Class initialized using 'CodeIgniter\Session\Handlers\FileHandler' driver.
INFO - 2024-07-20 05:30:53 --> Session: Class initialized using 'CodeIgniter\Session\Handlers\FileHandler' driver.
INFO - 2024-07-20 05:30:58 --> Session: Class initialized using 'CodeIgniter\Session\Handlers\FileHandler' driver.
INFO - 2024-07-20 05:31:00 --> Session: Class initialized using 'CodeIgniter\Session\Handlers\FileHandler' driver.
ERROR - 2024-07-20 05:31:00 --> mysqli_sql_exception: Unknown column 'id_siswa' in 'where clause' in D:\PROJECT-CI\mustofa\system\Database\MySQLi\Connection.php:295
Stack trace:
#0 D:\PROJECT-CI\mustofa\system\Database\MySQLi\Connection.php(295): mysqli->query('SELECT COUNT(*)...', 0)
#1 D:\PROJECT-CI\mustofa\system\Database\BaseConnection.php(691): CodeIgniter\Database\MySQLi\Connection->execute('SELECT COUNT(*)...')
#2 D:\PROJECT-CI\mustofa\system\Database\BaseConnection.php(605): CodeIgniter\Database\BaseConnection->simpleQuery('SELECT COUNT(*)...')
#3 D:\PROJECT-CI\mustofa\system\Database\BaseBuilder.php(1700): CodeIgniter\Database\BaseConnection->query('SELECT COUNT(*)...', Array, false)
#4 D:\PROJECT-CI\mustofa\app\Views\func_siswa.php(918): CodeIgniter\Database\BaseBuilder->countAllResults()
#5 D:\PROJECT-CI\mustofa\app\Views\report\persiswa.php(229): jmlpointtgl('1', '2024-07-1')
#6 D:\PROJECT-CI\mustofa\system\View\View.php(213): include('D:\\PROJECT-CI\\m...')
#7 D:\PROJECT-CI\mustofa\system\View\View.php(216): CodeIgniter\View\View->CodeIgniter\View\{closure}()
#8 D:\PROJECT-CI\mustofa\system\Common.php(1184): CodeIgniter\View\View->render('report/persiswa', Array, true)
#9 D:\PROJECT-CI\mustofa\app\Controllers\Absensisiswa.php(458): view('report/persiswa', Array)
#10 D:\PROJECT-CI\mustofa\system\CodeIgniter.php(934): App\Controllers\Absensisiswa->persiswa()
#11 D:\PROJECT-CI\mustofa\system\CodeIgniter.php(499): CodeIgniter\CodeIgniter->runController(Object(App\Controllers\Absensisiswa))
#12 D:\PROJECT-CI\mustofa\system\CodeIgniter.php(368): CodeIgniter\CodeIgniter->handleRequest(NULL, Object(Config\Cache), false)
#13 D:\PROJECT-CI\mustofa\public\index.php(67): CodeIgniter\CodeIgniter->run()
#14 D:\PROJECT-CI\mustofa\system\Commands\Server\rewrite.php(47): require_once('D:\\PROJECT-CI\\m...')
#15 {main}
CRITICAL - 2024-07-20 05:31:00 --> Unknown column 'id_siswa' in 'where clause'
in SYSTEMPATH\Database\MySQLi\Connection.php on line 295.
 1 SYSTEMPATH\Database\MySQLi\Connection.php(295): mysqli->query('SELECT COUNT(*) AS `numrows`
FROM `t_point`
WHERE `id_siswa` = \'1\'
AND `tgl_point` = \'2024-07-1\'', 0)
 2 SYSTEMPATH\Database\BaseConnection.php(691): CodeIgniter\Database\MySQLi\Connection->execute('SELECT COUNT(*) AS `numrows`
FROM `t_point`
WHERE `id_siswa` = \'1\'
AND `tgl_point` = \'2024-07-1\'')
 3 SYSTEMPATH\Database\BaseConnection.php(605): CodeIgniter\Database\BaseConnection->simpleQuery('SELECT COUNT(*) AS `numrows`
FROM `t_point`
WHERE `id_siswa` = \'1\'
AND `tgl_point` = \'2024-07-1\'')
 4 SYSTEMPATH\Database\BaseBuilder.php(1700): CodeIgniter\Database\BaseConnection->query('SELECT COUNT(*) AS `numrows`
FROM `t_point`
WHERE `id_siswa` = :id_siswa:
AND `tgl_point` = :tgl_point:', [...], false)
 5 APPPATH\Views\func_siswa.php(918): CodeIgniter\Database\BaseBuilder->countAllResults()
 6 APPPATH\Views\report\persiswa.php(229): jmlpointtgl('1', '2024-07-1')
 7 SYSTEMPATH\View\View.php(213): include('D:\\PROJECT-CI\\mustofa\\app\\Views\\report\\persiswa.php')
 8 SYSTEMPATH\View\View.php(216): CodeIgniter\View\View->CodeIgniter\View\{closure}()
 9 SYSTEMPATH\Common.php(1184): CodeIgniter\View\View->render('report/persiswa', [], true)
10 APPPATH\Controllers\Absensisiswa.php(458): view('report/persiswa', [...])
11 SYSTEMPATH\CodeIgniter.php(934): App\Controllers\Absensisiswa->persiswa()
12 SYSTEMPATH\CodeIgniter.php(499): CodeIgniter\CodeIgniter->runController(Object(App\Controllers\Absensisiswa))
13 SYSTEMPATH\CodeIgniter.php(368): CodeIgniter\CodeIgniter->handleRequest(null, Object(Config\Cache), false)
14 FCPATH\index.php(67): CodeIgniter\CodeIgniter->run()
15 SYSTEMPATH\Commands\Server\rewrite.php(47): require_once('D:\\PROJECT-CI\\mustofa\\public\\index.php')
INFO - 2024-07-20 05:33:34 --> Session: Class initialized using 'CodeIgniter\Session\Handlers\FileHandler' driver.
ERROR - 2024-07-20 05:33:34 --> mysqli_sql_exception: Unknown column 'id_siswa' in 'where clause' in D:\PROJECT-CI\mustofa\system\Database\MySQLi\Connection.php:295
Stack trace:
#0 D:\PROJECT-CI\mustofa\system\Database\MySQLi\Connection.php(295): mysqli->query('SELECT COUNT(*)...', 0)
#1 D:\PROJECT-CI\mustofa\system\Database\BaseConnection.php(691): CodeIgniter\Database\MySQLi\Connection->execute('SELECT COUNT(*)...')
#2 D:\PROJECT-CI\mustofa\system\Database\BaseConnection.php(605): CodeIgniter\Database\BaseConnection->simpleQuery('SELECT COUNT(*)...')
#3 D:\PROJECT-CI\mustofa\system\Database\BaseBuilder.php(1700): CodeIgniter\Database\BaseConnection->query('SELECT COUNT(*)...', Array, false)
#4 D:\PROJECT-CI\mustofa\app\Views\func_siswa.php(918): CodeIgniter\Database\BaseBuilder->countAllResults()
#5 D:\PROJECT-CI\mustofa\app\Views\report\persiswa.php(229): jmlpointtgl('1', '2024-07-1')
#6 D:\PROJECT-CI\mustofa\system\View\View.php(213): include('D:\\PROJECT-CI\\m...')
#7 D:\PROJECT-CI\mustofa\system\View\View.php(216): CodeIgniter\View\View->CodeIgniter\View\{closure}()
#8 D:\PROJECT-CI\mustofa\system\Common.php(1184): CodeIgniter\View\View->render('report/persiswa', Array, true)
#9 D:\PROJECT-CI\mustofa\app\Controllers\Absensisiswa.php(457): view('report/persiswa', Array)
#10 D:\PROJECT-CI\mustofa\system\CodeIgniter.php(934): App\Controllers\Absensisiswa->persiswa()
#11 D:\PROJECT-CI\mustofa\system\CodeIgniter.php(499): CodeIgniter\CodeIgniter->runController(Object(App\Controllers\Absensisiswa))
#12 D:\PROJECT-CI\mustofa\system\CodeIgniter.php(368): CodeIgniter\CodeIgniter->handleRequest(NULL, Object(Config\Cache), false)
#13 D:\PROJECT-CI\mustofa\public\index.php(67): CodeIgniter\CodeIgniter->run()
#14 D:\PROJECT-CI\mustofa\system\Commands\Server\rewrite.php(47): require_once('D:\\PROJECT-CI\\m...')
#15 {main}
CRITICAL - 2024-07-20 05:33:34 --> Unknown column 'id_siswa' in 'where clause'
in SYSTEMPATH\Database\MySQLi\Connection.php on line 295.
 1 SYSTEMPATH\Database\MySQLi\Connection.php(295): mysqli->query('SELECT COUNT(*) AS `numrows`
FROM `t_point`
WHERE `id_siswa` = \'1\'
AND `tgl_point` = \'2024-07-1\'', 0)
 2 SYSTEMPATH\Database\BaseConnection.php(691): CodeIgniter\Database\MySQLi\Connection->execute('SELECT COUNT(*) AS `numrows`
FROM `t_point`
WHERE `id_siswa` = \'1\'
AND `tgl_point` = \'2024-07-1\'')
 3 SYSTEMPATH\Database\BaseConnection.php(605): CodeIgniter\Database\BaseConnection->simpleQuery('SELECT COUNT(*) AS `numrows`
FROM `t_point`
WHERE `id_siswa` = \'1\'
AND `tgl_point` = \'2024-07-1\'')
 4 SYSTEMPATH\Database\BaseBuilder.php(1700): CodeIgniter\Database\BaseConnection->query('SELECT COUNT(*) AS `numrows`
FROM `t_point`
WHERE `id_siswa` = :id_siswa:
AND `tgl_point` = :tgl_point:', [...], false)
 5 APPPATH\Views\func_siswa.php(918): CodeIgniter\Database\BaseBuilder->countAllResults()
 6 APPPATH\Views\report\persiswa.php(229): jmlpointtgl('1', '2024-07-1')
 7 SYSTEMPATH\View\View.php(213): include('D:\\PROJECT-CI\\mustofa\\app\\Views\\report\\persiswa.php')
 8 SYSTEMPATH\View\View.php(216): CodeIgniter\View\View->CodeIgniter\View\{closure}()
 9 SYSTEMPATH\Common.php(1184): CodeIgniter\View\View->render('report/persiswa', [], true)
10 APPPATH\Controllers\Absensisiswa.php(457): view('report/persiswa', [...])
11 SYSTEMPATH\CodeIgniter.php(934): App\Controllers\Absensisiswa->persiswa()
12 SYSTEMPATH\CodeIgniter.php(499): CodeIgniter\CodeIgniter->runController(Object(App\Controllers\Absensisiswa))
13 SYSTEMPATH\CodeIgniter.php(368): CodeIgniter\CodeIgniter->handleRequest(null, Object(Config\Cache), false)
14 FCPATH\index.php(67): CodeIgniter\CodeIgniter->run()
15 SYSTEMPATH\Commands\Server\rewrite.php(47): require_once('D:\\PROJECT-CI\\mustofa\\public\\index.php')
INFO - 2024-07-20 05:33:36 --> Session: Class initialized using 'CodeIgniter\Session\Handlers\FileHandler' driver.
INFO - 2024-07-20 05:33:37 --> Session: Class initialized using 'CodeIgniter\Session\Handlers\FileHandler' driver.
INFO - 2024-07-20 05:33:56 --> Session: Class initialized using 'CodeIgniter\Session\Handlers\FileHandler' driver.
ERROR - 2024-07-20 05:33:56 --> mysqli_sql_exception: Unknown column 'id_siswa' in 'where clause' in D:\PROJECT-CI\mustofa\system\Database\MySQLi\Connection.php:295
Stack trace:
#0 D:\PROJECT-CI\mustofa\system\Database\MySQLi\Connection.php(295): mysqli->query('SELECT COUNT(*)...', 0)
#1 D:\PROJECT-CI\mustofa\system\Database\BaseConnection.php(691): CodeIgniter\Database\MySQLi\Connection->execute('SELECT COUNT(*)...')
#2 D:\PROJECT-CI\mustofa\system\Database\BaseConnection.php(605): CodeIgniter\Database\BaseConnection->simpleQuery('SELECT COUNT(*)...')
#3 D:\PROJECT-CI\mustofa\system\Database\BaseBuilder.php(1700): CodeIgniter\Database\BaseConnection->query('SELECT COUNT(*)...', Array, false)
#4 D:\PROJECT-CI\mustofa\app\Views\func_siswa.php(918): CodeIgniter\Database\BaseBuilder->countAllResults()
#5 D:\PROJECT-CI\mustofa\app\Views\report\persiswa.php(229): jmlpointtgl('1', '2024-07-1')
#6 D:\PROJECT-CI\mustofa\system\View\View.php(213): include('D:\\PROJECT-CI\\m...')
#7 D:\PROJECT-CI\mustofa\system\View\View.php(216): CodeIgniter\View\View->CodeIgniter\View\{closure}()
#8 D:\PROJECT-CI\mustofa\system\Common.php(1184): CodeIgniter\View\View->render('report/persiswa', Array, true)
#9 D:\PROJECT-CI\mustofa\app\Controllers\Absensisiswa.php(457): view('report/persiswa', Array)
#10 D:\PROJECT-CI\mustofa\system\CodeIgniter.php(934): App\Controllers\Absensisiswa->persiswa()
#11 D:\PROJECT-CI\mustofa\system\CodeIgniter.php(499): CodeIgniter\CodeIgniter->runController(Object(App\Controllers\Absensisiswa))
#12 D:\PROJECT-CI\mustofa\system\CodeIgniter.php(368): CodeIgniter\CodeIgniter->handleRequest(NULL, Object(Config\Cache), false)
#13 D:\PROJECT-CI\mustofa\public\index.php(67): CodeIgniter\CodeIgniter->run()
#14 D:\PROJECT-CI\mustofa\system\Commands\Server\rewrite.php(47): require_once('D:\\PROJECT-CI\\m...')
#15 {main}
CRITICAL - 2024-07-20 05:33:56 --> Unknown column 'id_siswa' in 'where clause'
in SYSTEMPATH\Database\MySQLi\Connection.php on line 295.
 1 SYSTEMPATH\Database\MySQLi\Connection.php(295): mysqli->query('SELECT COUNT(*) AS `numrows`
FROM `t_point`
WHERE `id_siswa` = \'1\'
AND `tgl_point` = \'2024-07-1\'', 0)
 2 SYSTEMPATH\Database\BaseConnection.php(691): CodeIgniter\Database\MySQLi\Connection->execute('SELECT COUNT(*) AS `numrows`
FROM `t_point`
WHERE `id_siswa` = \'1\'
AND `tgl_point` = \'2024-07-1\'')
 3 SYSTEMPATH\Database\BaseConnection.php(605): CodeIgniter\Database\BaseConnection->simpleQuery('SELECT COUNT(*) AS `numrows`
FROM `t_point`
WHERE `id_siswa` = \'1\'
AND `tgl_point` = \'2024-07-1\'')
 4 SYSTEMPATH\Database\BaseBuilder.php(1700): CodeIgniter\Database\BaseConnection->query('SELECT COUNT(*) AS `numrows`
FROM `t_point`
WHERE `id_siswa` = :id_siswa:
AND `tgl_point` = :tgl_point:', [...], false)
 5 APPPATH\Views\func_siswa.php(918): CodeIgniter\Database\BaseBuilder->countAllResults()
 6 APPPATH\Views\report\persiswa.php(229): jmlpointtgl('1', '2024-07-1')
 7 SYSTEMPATH\View\View.php(213): include('D:\\PROJECT-CI\\mustofa\\app\\Views\\report\\persiswa.php')
 8 SYSTEMPATH\View\View.php(216): CodeIgniter\View\View->CodeIgniter\View\{closure}()
 9 SYSTEMPATH\Common.php(1184): CodeIgniter\View\View->render('report/persiswa', [], true)
10 APPPATH\Controllers\Absensisiswa.php(457): view('report/persiswa', [...])
11 SYSTEMPATH\CodeIgniter.php(934): App\Controllers\Absensisiswa->persiswa()
12 SYSTEMPATH\CodeIgniter.php(499): CodeIgniter\CodeIgniter->runController(Object(App\Controllers\Absensisiswa))
13 SYSTEMPATH\CodeIgniter.php(368): CodeIgniter\CodeIgniter->handleRequest(null, Object(Config\Cache), false)
14 FCPATH\index.php(67): CodeIgniter\CodeIgniter->run()
15 SYSTEMPATH\Commands\Server\rewrite.php(47): require_once('D:\\PROJECT-CI\\mustofa\\public\\index.php')
INFO - 2024-07-20 05:35:56 --> Session: Class initialized using 'CodeIgniter\Session\Handlers\FileHandler' driver.
INFO - 2024-07-20 05:39:14 --> Session: Class initialized using 'CodeIgniter\Session\Handlers\FileHandler' driver.
INFO - 2024-07-20 05:39:17 --> Session: Class initialized using 'CodeIgniter\Session\Handlers\FileHandler' driver.
INFO - 2024-07-20 05:39:22 --> Session: Class initialized using 'CodeIgniter\Session\Handlers\FileHandler' driver.
INFO - 2024-07-20 05:42:04 --> Session: Class initialized using 'CodeIgniter\Session\Handlers\FileHandler' driver.
INFO - 2024-07-20 05:42:07 --> Session: Class initialized using 'CodeIgniter\Session\Handlers\FileHandler' driver.
INFO - 2024-07-20 05:43:08 --> Session: Class initialized using 'CodeIgniter\Session\Handlers\FileHandler' driver.
INFO - 2024-07-20 05:43:56 --> Session: Class initialized using 'CodeIgniter\Session\Handlers\FileHandler' driver.
INFO - 2024-07-20 05:44:09 --> Session: Class initialized using 'CodeIgniter\Session\Handlers\FileHandler' driver.
INFO - 2024-07-20 05:44:18 --> Session: Class initialized using 'CodeIgniter\Session\Handlers\FileHandler' driver.
INFO - 2024-07-20 05:48:19 --> Session: Class initialized using 'CodeIgniter\Session\Handlers\FileHandler' driver.
ERROR - 2024-07-20 05:48:19 --> mysqli_sql_exception: Column 'id_siswa' in IN/ALL/ANY subquery is ambiguous in D:\PROJECT-CI\mustofa\system\Database\MySQLi\Connection.php:295
Stack trace:
#0 D:\PROJECT-CI\mustofa\system\Database\MySQLi\Connection.php(295): mysqli->query('SELECT COUNT(*)...', 0)
#1 D:\PROJECT-CI\mustofa\system\Database\BaseConnection.php(691): CodeIgniter\Database\MySQLi\Connection->execute('SELECT COUNT(*)...')
#2 D:\PROJECT-CI\mustofa\system\Database\BaseConnection.php(605): CodeIgniter\Database\BaseConnection->simpleQuery('SELECT COUNT(*)...')
#3 D:\PROJECT-CI\mustofa\system\Database\BaseBuilder.php(1700): CodeIgniter\Database\BaseConnection->query('SELECT COUNT(*)...', Array, false)
#4 D:\PROJECT-CI\mustofa\app\Views\home\home_admin.php(249): CodeIgniter\Database\BaseBuilder->countAllResults()
#5 D:\PROJECT-CI\mustofa\system\View\View.php(213): include('D:\\PROJECT-CI\\m...')
#6 D:\PROJECT-CI\mustofa\system\View\View.php(216): CodeIgniter\View\View->CodeIgniter\View\{closure}()
#7 D:\PROJECT-CI\mustofa\system\Common.php(1184): CodeIgniter\View\View->render('home/home_admin', Array, true)
#8 D:\PROJECT-CI\mustofa\app\Controllers\Home.php(50): view('home/home_admin', Array)
#9 D:\PROJECT-CI\mustofa\system\CodeIgniter.php(934): App\Controllers\Home->index()
#10 D:\PROJECT-CI\mustofa\system\CodeIgniter.php(499): CodeIgniter\CodeIgniter->runController(Object(App\Controllers\Home))
#11 D:\PROJECT-CI\mustofa\system\CodeIgniter.php(368): CodeIgniter\CodeIgniter->handleRequest(NULL, Object(Config\Cache), false)
#12 D:\PROJECT-CI\mustofa\public\index.php(67): CodeIgniter\CodeIgniter->run()
#13 D:\PROJECT-CI\mustofa\system\Commands\Server\rewrite.php(47): require_once('D:\\PROJECT-CI\\m...')
#14 {main}
CRITICAL - 2024-07-20 05:48:19 --> Column 'id_siswa' in IN/ALL/ANY subquery is ambiguous
in SYSTEMPATH\Database\MySQLi\Connection.php on line 295.
 1 SYSTEMPATH\Database\MySQLi\Connection.php(295): mysqli->query('SELECT COUNT(*) AS `numrows`
FROM `t_siswa`
JOIN `t_siswa_rombel` ON `t_siswa_rombel`.`id_siswa` = `t_siswa`.`id_siswa`
WHERE `id_siswa` NOT IN (SELECT `id_siswa` FROM `t_siswa_hadir` WHERE `tgl_hadir` = \'2024-07-20\')', 0)
 2 SYSTEMPATH\Database\BaseConnection.php(691): CodeIgniter\Database\MySQLi\Connection->execute('SELECT COUNT(*) AS `numrows`
FROM `t_siswa`
JOIN `t_siswa_rombel` ON `t_siswa_rombel`.`id_siswa` = `t_siswa`.`id_siswa`
WHERE `id_siswa` NOT IN (SELECT `id_siswa` FROM `t_siswa_hadir` WHERE `tgl_hadir` = \'2024-07-20\')')
 3 SYSTEMPATH\Database\BaseConnection.php(605): CodeIgniter\Database\BaseConnection->simpleQuery('SELECT COUNT(*) AS `numrows`
FROM `t_siswa`
JOIN `t_siswa_rombel` ON `t_siswa_rombel`.`id_siswa` = `t_siswa`.`id_siswa`
WHERE `id_siswa` NOT IN (SELECT `id_siswa` FROM `t_siswa_hadir` WHERE `tgl_hadir` = \'2024-07-20\')')
 4 SYSTEMPATH\Database\BaseBuilder.php(1700): CodeIgniter\Database\BaseConnection->query('SELECT COUNT(*) AS `numrows`
FROM `t_siswa`
JOIN `t_siswa_rombel` ON `t_siswa_rombel`.`id_siswa` = `t_siswa`.`id_siswa`
WHERE `id_siswa` NOT IN :id_siswa:', [...], false)
 5 APPPATH\Views\home\home_admin.php(249): CodeIgniter\Database\BaseBuilder->countAllResults()
 6 SYSTEMPATH\View\View.php(213): include('D:\\PROJECT-CI\\mustofa\\app\\Views\\home\\home_admin.php')
 7 SYSTEMPATH\View\View.php(216): CodeIgniter\View\View->CodeIgniter\View\{closure}()
 8 SYSTEMPATH\Common.php(1184): CodeIgniter\View\View->render('home/home_admin', [], true)
 9 APPPATH\Controllers\Home.php(50): view('home/home_admin', [...])
10 SYSTEMPATH\CodeIgniter.php(934): App\Controllers\Home->index()
11 SYSTEMPATH\CodeIgniter.php(499): CodeIgniter\CodeIgniter->runController(Object(App\Controllers\Home))
12 SYSTEMPATH\CodeIgniter.php(368): CodeIgniter\CodeIgniter->handleRequest(null, Object(Config\Cache), false)
13 FCPATH\index.php(67): CodeIgniter\CodeIgniter->run()
14 SYSTEMPATH\Commands\Server\rewrite.php(47): require_once('D:\\PROJECT-CI\\mustofa\\public\\index.php')
INFO - 2024-07-20 05:48:45 --> Session: Class initialized using 'CodeIgniter\Session\Handlers\FileHandler' driver.
INFO - 2024-07-20 05:48:49 --> Session: Class initialized using 'CodeIgniter\Session\Handlers\FileHandler' driver.
INFO - 2024-07-20 05:54:45 --> Session: Class initialized using 'CodeIgniter\Session\Handlers\FileHandler' driver.
INFO - 2024-07-20 05:54:48 --> Session: Class initialized using 'CodeIgniter\Session\Handlers\FileHandler' driver.
INFO - 2024-07-20 05:54:51 --> Session: Class initialized using 'CodeIgniter\Session\Handlers\FileHandler' driver.
INFO - 2024-07-20 06:10:04 --> Session: Class initialized using 'CodeIgniter\Session\Handlers\FileHandler' driver.
INFO - 2024-07-20 06:13:28 --> Session: Class initialized using 'CodeIgniter\Session\Handlers\FileHandler' driver.
INFO - 2024-07-20 06:13:31 --> Session: Class initialized using 'CodeIgniter\Session\Handlers\FileHandler' driver.
INFO - 2024-07-20 06:13:38 --> Session: Class initialized using 'CodeIgniter\Session\Handlers\FileHandler' driver.
INFO - 2024-07-20 06:13:45 --> Session: Class initialized using 'CodeIgniter\Session\Handlers\FileHandler' driver.
INFO - 2024-07-20 06:13:57 --> Session: Class initialized using 'CodeIgniter\Session\Handlers\FileHandler' driver.
INFO - 2024-07-20 06:13:57 --> Session: Class initialized using 'CodeIgniter\Session\Handlers\FileHandler' driver.
INFO - 2024-07-20 06:14:00 --> Session: Class initialized using 'CodeIgniter\Session\Handlers\FileHandler' driver.
INFO - 2024-07-20 06:14:02 --> Session: Class initialized using 'CodeIgniter\Session\Handlers\FileHandler' driver.
INFO - 2024-07-20 06:14:20 --> Session: Class initialized using 'CodeIgniter\Session\Handlers\FileHandler' driver.
CRITICAL - 2024-07-20 06:14:20 --> Undefined variable $jammasuk
in APPPATH\Views\report\harianterlambatguru.php on line 69.
 1 APPPATH\Views\report\harianterlambatguru.php(69): CodeIgniter\Debug\Exceptions->errorHandler(2, 'Undefined variable $jammasuk', 'D:\\PROJECT-CI\\mustofa\\app\\Views\\report\\harianterlambatguru.php', 69)
 2 SYSTEMPATH\View\View.php(213): include('D:\\PROJECT-CI\\mustofa\\app\\Views\\report\\harianterlambatguru.php')
 3 SYSTEMPATH\View\View.php(216): CodeIgniter\View\View->CodeIgniter\View\{closure}()
 4 SYSTEMPATH\Common.php(1184): CodeIgniter\View\View->render('report/harianterlambatguru', [], true)
 5 APPPATH\Controllers\Absensi.php(703): view('report/harianterlambatguru', [...])
 6 SYSTEMPATH\CodeIgniter.php(934): App\Controllers\Absensi->terlambat()
 7 SYSTEMPATH\CodeIgniter.php(499): CodeIgniter\CodeIgniter->runController(Object(App\Controllers\Absensi))
 8 SYSTEMPATH\CodeIgniter.php(368): CodeIgniter\CodeIgniter->handleRequest(null, Object(Config\Cache), false)
 9 FCPATH\index.php(67): CodeIgniter\CodeIgniter->run()
10 SYSTEMPATH\Commands\Server\rewrite.php(47): require_once('D:\\PROJECT-CI\\mustofa\\public\\index.php')
INFO - 2024-07-20 06:15:08 --> Session: Class initialized using 'CodeIgniter\Session\Handlers\FileHandler' driver.
INFO - 2024-07-20 06:15:32 --> Session: Class initialized using 'CodeIgniter\Session\Handlers\FileHandler' driver.
INFO - 2024-07-20 06:32:12 --> Session: Class initialized using 'CodeIgniter\Session\Handlers\FileHandler' driver.
ERROR - 2024-07-20 06:32:12 --> mysqli_sql_exception: Unknown column 't_total_point.id_tapel' in 'where clause' in D:\PROJECT-CI\mustofa\system\Database\MySQLi\Connection.php:295
Stack trace:
#0 D:\PROJECT-CI\mustofa\system\Database\MySQLi\Connection.php(295): mysqli->query('SELECT `no_indu...', 0)
#1 D:\PROJECT-CI\mustofa\system\Database\BaseConnection.php(691): CodeIgniter\Database\MySQLi\Connection->execute('SELECT `no_indu...')
#2 D:\PROJECT-CI\mustofa\system\Database\BaseConnection.php(605): CodeIgniter\Database\BaseConnection->simpleQuery('SELECT `no_indu...')
#3 D:\PROJECT-CI\mustofa\system\Database\BaseBuilder.php(1616): CodeIgniter\Database\BaseConnection->query('SELECT `no_indu...', Array, false)
#4 D:\PROJECT-CI\mustofa\app\Models\Totalpointsiswa_model.php(35): CodeIgniter\Database\BaseBuilder->get()
#5 D:\PROJECT-CI\mustofa\app\Controllers\Home.php(38): App\Models\Totalpointsiswa_model->getTotalpointsiswaterbaik('07', '1')
#6 D:\PROJECT-CI\mustofa\system\CodeIgniter.php(934): App\Controllers\Home->index()
#7 D:\PROJECT-CI\mustofa\system\CodeIgniter.php(499): CodeIgniter\CodeIgniter->runController(Object(App\Controllers\Home))
#8 D:\PROJECT-CI\mustofa\system\CodeIgniter.php(368): CodeIgniter\CodeIgniter->handleRequest(NULL, Object(Config\Cache), false)
#9 D:\PROJECT-CI\mustofa\public\index.php(67): CodeIgniter\CodeIgniter->run()
#10 D:\PROJECT-CI\mustofa\system\Commands\Server\rewrite.php(47): require_once('D:\\PROJECT-CI\\m...')
#11 {main}
CRITICAL - 2024-07-20 06:32:12 --> Unknown column 't_total_point.id_tapel' in 'where clause'
in SYSTEMPATH\Database\MySQLi\Connection.php on line 295.
 1 SYSTEMPATH\Database\MySQLi\Connection.php(295): mysqli->query('SELECT `no_induk`, `nm_siswa`, `jml_point`, `nm_rombel`
FROM `t_total_point_siswa`
JOIN `t_siswa` ON `t_siswa`.`id_siswa` = `t_total_point`.`id_siswa`
JOIN `t_siswa_rombel` ON `t_siswa_rombel`.`id_siswa` = `t_siswa`.`id_siswa`
JOIN `t_rombel` ON `t_rombel`.`id_rombel` = `t_siswa_rombel`.`id_rombel`
WHERE `bln` = \'07\'
AND `t_total_point`.`id_tapel` = \'1\'
ORDER BY `jml_point` DESC
 LIMIT 10', 0)
 2 SYSTEMPATH\Database\BaseConnection.php(691): CodeIgniter\Database\MySQLi\Connection->execute('SELECT `no_induk`, `nm_siswa`, `jml_point`, `nm_rombel`
FROM `t_total_point_siswa`
JOIN `t_siswa` ON `t_siswa`.`id_siswa` = `t_total_point`.`id_siswa`
JOIN `t_siswa_rombel` ON `t_siswa_rombel`.`id_siswa` = `t_siswa`.`id_siswa`
JOIN `t_rombel` ON `t_rombel`.`id_rombel` = `t_siswa_rombel`.`id_rombel`
WHERE `bln` = \'07\'
AND `t_total_point`.`id_tapel` = \'1\'
ORDER BY `jml_point` DESC
 LIMIT 10')
 3 SYSTEMPATH\Database\BaseConnection.php(605): CodeIgniter\Database\BaseConnection->simpleQuery('SELECT `no_induk`, `nm_siswa`, `jml_point`, `nm_rombel`
FROM `t_total_point_siswa`
JOIN `t_siswa` ON `t_siswa`.`id_siswa` = `t_total_point`.`id_siswa`
JOIN `t_siswa_rombel` ON `t_siswa_rombel`.`id_siswa` = `t_siswa`.`id_siswa`
JOIN `t_rombel` ON `t_rombel`.`id_rombel` = `t_siswa_rombel`.`id_rombel`
WHERE `bln` = \'07\'
AND `t_total_point`.`id_tapel` = \'1\'
ORDER BY `jml_point` DESC
 LIMIT 10')
 4 SYSTEMPATH\Database\BaseBuilder.php(1616): CodeIgniter\Database\BaseConnection->query('SELECT `no_induk`, `nm_siswa`, `jml_point`, `nm_rombel`
FROM `t_total_point_siswa`
JOIN `t_siswa` ON `t_siswa`.`id_siswa` = `t_total_point`.`id_siswa`
JOIN `t_siswa_rombel` ON `t_siswa_rombel`.`id_siswa` = `t_siswa`.`id_siswa`
JOIN `t_rombel` ON `t_rombel`.`id_rombel` = `t_siswa_rombel`.`id_rombel`
WHERE `bln` = :bln:
AND `t_total_point`.`id_tapel` = :t_total_point.id_tapel:
ORDER BY `jml_point` DESC
 LIMIT 10', [...], false)
 5 APPPATH\Models\Totalpointsiswa_model.php(35): CodeIgniter\Database\BaseBuilder->get()
 6 APPPATH\Controllers\Home.php(38): App\Models\Totalpointsiswa_model->getTotalpointsiswaterbaik('07', '1')
 7 SYSTEMPATH\CodeIgniter.php(934): App\Controllers\Home->index()
 8 SYSTEMPATH\CodeIgniter.php(499): CodeIgniter\CodeIgniter->runController(Object(App\Controllers\Home))
 9 SYSTEMPATH\CodeIgniter.php(368): CodeIgniter\CodeIgniter->handleRequest(null, Object(Config\Cache), false)
10 FCPATH\index.php(67): CodeIgniter\CodeIgniter->run()
11 SYSTEMPATH\Commands\Server\rewrite.php(47): require_once('D:\\PROJECT-CI\\mustofa\\public\\index.php')
INFO - 2024-07-20 06:32:41 --> Session: Class initialized using 'CodeIgniter\Session\Handlers\FileHandler' driver.
ERROR - 2024-07-20 06:32:41 --> mysqli_sql_exception: Unknown column 't_total_point.id_tapel' in 'where clause' in D:\PROJECT-CI\mustofa\system\Database\MySQLi\Connection.php:295
Stack trace:
#0 D:\PROJECT-CI\mustofa\system\Database\MySQLi\Connection.php(295): mysqli->query('SELECT `no_indu...', 0)
#1 D:\PROJECT-CI\mustofa\system\Database\BaseConnection.php(691): CodeIgniter\Database\MySQLi\Connection->execute('SELECT `no_indu...')
#2 D:\PROJECT-CI\mustofa\system\Database\BaseConnection.php(605): CodeIgniter\Database\BaseConnection->simpleQuery('SELECT `no_indu...')
#3 D:\PROJECT-CI\mustofa\system\Database\BaseBuilder.php(1616): CodeIgniter\Database\BaseConnection->query('SELECT `no_indu...', Array, false)
#4 D:\PROJECT-CI\mustofa\app\Models\Totalpointsiswa_model.php(35): CodeIgniter\Database\BaseBuilder->get()
#5 D:\PROJECT-CI\mustofa\app\Controllers\Home.php(38): App\Models\Totalpointsiswa_model->getTotalpointsiswaterbaik('07', '1')
#6 D:\PROJECT-CI\mustofa\system\CodeIgniter.php(934): App\Controllers\Home->index()
#7 D:\PROJECT-CI\mustofa\system\CodeIgniter.php(499): CodeIgniter\CodeIgniter->runController(Object(App\Controllers\Home))
#8 D:\PROJECT-CI\mustofa\system\CodeIgniter.php(368): CodeIgniter\CodeIgniter->handleRequest(NULL, Object(Config\Cache), false)
#9 D:\PROJECT-CI\mustofa\public\index.php(67): CodeIgniter\CodeIgniter->run()
#10 D:\PROJECT-CI\mustofa\system\Commands\Server\rewrite.php(47): require_once('D:\\PROJECT-CI\\m...')
#11 {main}
CRITICAL - 2024-07-20 06:32:41 --> Unknown column 't_total_point.id_tapel' in 'where clause'
in SYSTEMPATH\Database\MySQLi\Connection.php on line 295.
 1 SYSTEMPATH\Database\MySQLi\Connection.php(295): mysqli->query('SELECT `no_induk`, `nm_siswa`, `jml_point`, `nm_rombel`
FROM `t_total_point_siswa`
JOIN `t_siswa` ON `t_siswa`.`id_siswa` = `t_total_point_siswa`.`id_siswa`
JOIN `t_siswa_rombel` ON `t_siswa_rombel`.`id_siswa` = `t_siswa`.`id_siswa`
JOIN `t_rombel` ON `t_rombel`.`id_rombel` = `t_siswa_rombel`.`id_rombel`
WHERE `bln` = \'07\'
AND `t_total_point`.`id_tapel` = \'1\'
ORDER BY `jml_point` DESC
 LIMIT 10', 0)
 2 SYSTEMPATH\Database\BaseConnection.php(691): CodeIgniter\Database\MySQLi\Connection->execute('SELECT `no_induk`, `nm_siswa`, `jml_point`, `nm_rombel`
FROM `t_total_point_siswa`
JOIN `t_siswa` ON `t_siswa`.`id_siswa` = `t_total_point_siswa`.`id_siswa`
JOIN `t_siswa_rombel` ON `t_siswa_rombel`.`id_siswa` = `t_siswa`.`id_siswa`
JOIN `t_rombel` ON `t_rombel`.`id_rombel` = `t_siswa_rombel`.`id_rombel`
WHERE `bln` = \'07\'
AND `t_total_point`.`id_tapel` = \'1\'
ORDER BY `jml_point` DESC
 LIMIT 10')
 3 SYSTEMPATH\Database\BaseConnection.php(605): CodeIgniter\Database\BaseConnection->simpleQuery('SELECT `no_induk`, `nm_siswa`, `jml_point`, `nm_rombel`
FROM `t_total_point_siswa`
JOIN `t_siswa` ON `t_siswa`.`id_siswa` = `t_total_point_siswa`.`id_siswa`
JOIN `t_siswa_rombel` ON `t_siswa_rombel`.`id_siswa` = `t_siswa`.`id_siswa`
JOIN `t_rombel` ON `t_rombel`.`id_rombel` = `t_siswa_rombel`.`id_rombel`
WHERE `bln` = \'07\'
AND `t_total_point`.`id_tapel` = \'1\'
ORDER BY `jml_point` DESC
 LIMIT 10')
 4 SYSTEMPATH\Database\BaseBuilder.php(1616): CodeIgniter\Database\BaseConnection->query('SELECT `no_induk`, `nm_siswa`, `jml_point`, `nm_rombel`
FROM `t_total_point_siswa`
JOIN `t_siswa` ON `t_siswa`.`id_siswa` = `t_total_point_siswa`.`id_siswa`
JOIN `t_siswa_rombel` ON `t_siswa_rombel`.`id_siswa` = `t_siswa`.`id_siswa`
JOIN `t_rombel` ON `t_rombel`.`id_rombel` = `t_siswa_rombel`.`id_rombel`
WHERE `bln` = :bln:
AND `t_total_point`.`id_tapel` = :t_total_point.id_tapel:
ORDER BY `jml_point` DESC
 LIMIT 10', [...], false)
 5 APPPATH\Models\Totalpointsiswa_model.php(35): CodeIgniter\Database\BaseBuilder->get()
 6 APPPATH\Controllers\Home.php(38): App\Models\Totalpointsiswa_model->getTotalpointsiswaterbaik('07', '1')
 7 SYSTEMPATH\CodeIgniter.php(934): App\Controllers\Home->index()
 8 SYSTEMPATH\CodeIgniter.php(499): CodeIgniter\CodeIgniter->runController(Object(App\Controllers\Home))
 9 SYSTEMPATH\CodeIgniter.php(368): CodeIgniter\CodeIgniter->handleRequest(null, Object(Config\Cache), false)
10 FCPATH\index.php(67): CodeIgniter\CodeIgniter->run()
11 SYSTEMPATH\Commands\Server\rewrite.php(47): require_once('D:\\PROJECT-CI\\mustofa\\public\\index.php')
INFO - 2024-07-20 06:33:04 --> Session: Class initialized using 'CodeIgniter\Session\Handlers\FileHandler' driver.
INFO - 2024-07-20 07:26:55 --> Session: Class initialized using 'CodeIgniter\Session\Handlers\FileHandler' driver.
INFO - 2024-07-20 07:28:55 --> Session: Class initialized using 'CodeIgniter\Session\Handlers\FileHandler' driver.
INFO - 2024-07-20 07:29:10 --> Session: Class initialized using 'CodeIgniter\Session\Handlers\FileHandler' driver.
INFO - 2024-07-20 07:29:15 --> Session: Class initialized using 'CodeIgniter\Session\Handlers\FileHandler' driver.
INFO - 2024-07-20 07:29:34 --> Session: Class initialized using 'CodeIgniter\Session\Handlers\FileHandler' driver.
INFO - 2024-07-20 07:30:02 --> Session: Class initialized using 'CodeIgniter\Session\Handlers\FileHandler' driver.
INFO - 2024-07-20 07:30:02 --> Session: Class initialized using 'CodeIgniter\Session\Handlers\FileHandler' driver.
INFO - 2024-07-20 07:31:28 --> Session: Class initialized using 'CodeIgniter\Session\Handlers\FileHandler' driver.
