INFO - 2024-03-20 13:41:52 --> Session: Class initialized using 'CodeIgniter\Session\Handlers\FileHandler' driver.
INFO - 2024-03-20 13:41:59 --> Session: Class initialized using 'CodeIgniter\Session\Handlers\FileHandler' driver.
INFO - 2024-03-20 13:41:59 --> Session: Class initialized using 'CodeIgniter\Session\Handlers\FileHandler' driver.
INFO - 2024-03-20 13:42:04 --> Session: Class initialized using 'CodeIgniter\Session\Handlers\FileHandler' driver.
INFO - 2024-03-20 13:42:04 --> Session: Class initialized using 'CodeIgniter\Session\Handlers\FileHandler' driver.
INFO - 2024-03-20 13:42:09 --> Session: Class initialized using 'CodeIgniter\Session\Handlers\FileHandler' driver.
INFO - 2024-03-20 13:42:10 --> Session: Class initialized using 'CodeIgniter\Session\Handlers\FileHandler' driver.
INFO - 2024-03-20 13:42:24 --> Session: Class initialized using 'CodeIgniter\Session\Handlers\FileHandler' driver.
INFO - 2024-03-20 13:43:34 --> Session: Class initialized using 'CodeIgniter\Session\Handlers\FileHandler' driver.
INFO - 2024-03-20 13:43:42 --> Session: Class initialized using 'CodeIgniter\Session\Handlers\FileHandler' driver.
INFO - 2024-03-20 13:46:01 --> Session: Class initialized using 'CodeIgniter\Session\Handlers\FileHandler' driver.
INFO - 2024-03-20 13:47:09 --> Session: Class initialized using 'CodeIgniter\Session\Handlers\FileHandler' driver.
CRITICAL - 2024-03-20 13:47:09 --> Undefined variable: getTanggal1
in APPPATH\Views\report\harian.php on line 91.
 1 APPPATH\Views\report\harian.php(91): CodeIgniter\Debug\Exceptions->errorHandler(8, 'Undefined variable: getTanggal1', 'D:\\PROJECT-CI\\smapare\\app\\Views\\report\\harian.php', 91, [...])
 2 SYSTEMPATH\View\View.php(213): include('D:\\PROJECT-CI\\smapare\\app\\Views\\report\\harian.php')
 3 SYSTEMPATH\View\View.php(216): CodeIgniter\View\View->CodeIgniter\View\{closure}()
 4 SYSTEMPATH\Common.php(1184): CodeIgniter\View\View->render('report/harian', [], true)
 5 APPPATH\Controllers\Absensi.php(76): view('report/harian', [...])
 6 SYSTEMPATH\CodeIgniter.php(934): App\Controllers\Absensi->index()
 7 SYSTEMPATH\CodeIgniter.php(499): CodeIgniter\CodeIgniter->runController(Object(App\Controllers\Absensi))
 8 SYSTEMPATH\CodeIgniter.php(368): CodeIgniter\CodeIgniter->handleRequest(null, Object(Config\Cache), false)
 9 FCPATH\index.php(67): CodeIgniter\CodeIgniter->run()
10 SYSTEMPATH\Commands\Server\rewrite.php(47): require_once('D:\\PROJECT-CI\\smapare\\public\\index.php')
INFO - 2024-03-20 13:47:27 --> Session: Class initialized using 'CodeIgniter\Session\Handlers\FileHandler' driver.
INFO - 2024-03-20 13:47:49 --> Session: Class initialized using 'CodeIgniter\Session\Handlers\FileHandler' driver.
INFO - 2024-03-20 14:01:32 --> Session: Class initialized using 'CodeIgniter\Session\Handlers\FileHandler' driver.
INFO - 2024-03-20 14:01:37 --> Session: Class initialized using 'CodeIgniter\Session\Handlers\FileHandler' driver.
INFO - 2024-03-20 14:01:40 --> Session: Class initialized using 'CodeIgniter\Session\Handlers\FileHandler' driver.
INFO - 2024-03-20 14:01:40 --> Session: Class initialized using 'CodeIgniter\Session\Handlers\FileHandler' driver.
CRITICAL - 2024-03-20 14:01:40 --> Undefined offset: 2
in APPPATH\Views\func.php on line 81.
 1 APPPATH\Views\func.php(81): CodeIgniter\Debug\Exceptions->errorHandler(8, 'Undefined offset: 2', 'D:\\PROJECT-CI\\smapare\\app\\Views\\func.php', 81, [...])
 2 APPPATH\Views\print\harian.php(25): formatTanggal(null)
 3 SYSTEMPATH\View\View.php(213): include('D:\\PROJECT-CI\\smapare\\app\\Views\\print\\harian.php')
 4 SYSTEMPATH\View\View.php(216): CodeIgniter\View\View->CodeIgniter\View\{closure}()
 5 SYSTEMPATH\Common.php(1184): CodeIgniter\View\View->render('print/harian', [], true)
 6 APPPATH\Controllers\Absensi.php(147): view('print/harian', [...])
 7 SYSTEMPATH\CodeIgniter.php(934): App\Controllers\Absensi->cetakharian('main.css')
 8 SYSTEMPATH\CodeIgniter.php(499): CodeIgniter\CodeIgniter->runController(Object(App\Controllers\Absensi))
 9 SYSTEMPATH\CodeIgniter.php(368): CodeIgniter\CodeIgniter->handleRequest(null, Object(Config\Cache), false)
10 FCPATH\index.php(67): CodeIgniter\CodeIgniter->run()
11 SYSTEMPATH\Commands\Server\rewrite.php(47): require_once('D:\\PROJECT-CI\\smapare\\public\\index.php')
INFO - 2024-03-20 14:01:41 --> Session: Class initialized using 'CodeIgniter\Session\Handlers\FileHandler' driver.
CRITICAL - 2024-03-20 14:01:41 --> Undefined offset: 2
in APPPATH\Views\func.php on line 81.
 1 APPPATH\Views\func.php(81): CodeIgniter\Debug\Exceptions->errorHandler(8, 'Undefined offset: 2', 'D:\\PROJECT-CI\\smapare\\app\\Views\\func.php', 81, [...])
 2 APPPATH\Views\print\harian.php(25): formatTanggal(null)
 3 SYSTEMPATH\View\View.php(213): include('D:\\PROJECT-CI\\smapare\\app\\Views\\print\\harian.php')
 4 SYSTEMPATH\View\View.php(216): CodeIgniter\View\View->CodeIgniter\View\{closure}()
 5 SYSTEMPATH\Common.php(1184): CodeIgniter\View\View->render('print/harian', [], true)
 6 APPPATH\Controllers\Absensi.php(147): view('print/harian', [...])
 7 SYSTEMPATH\CodeIgniter.php(934): App\Controllers\Absensi->cetakharian('main.js')
 8 SYSTEMPATH\CodeIgniter.php(499): CodeIgniter\CodeIgniter->runController(Object(App\Controllers\Absensi))
 9 SYSTEMPATH\CodeIgniter.php(368): CodeIgniter\CodeIgniter->handleRequest(null, Object(Config\Cache), false)
10 FCPATH\index.php(67): CodeIgniter\CodeIgniter->run()
11 SYSTEMPATH\Commands\Server\rewrite.php(47): require_once('D:\\PROJECT-CI\\smapare\\public\\index.php')
INFO - 2024-03-20 14:02:20 --> Session: Class initialized using 'CodeIgniter\Session\Handlers\FileHandler' driver.
INFO - 2024-03-20 14:02:21 --> Session: Class initialized using 'CodeIgniter\Session\Handlers\FileHandler' driver.
