INFO - 2023-09-20 11:00:18 --> Session: Class initialized using 'CodeIgniter\Session\Handlers\FileHandler' driver.
INFO - 2023-09-20 11:00:36 --> Session: Class initialized using 'CodeIgniter\Session\Handlers\FileHandler' driver.
INFO - 2023-09-20 11:00:36 --> Session: Class initialized using 'CodeIgniter\Session\Handlers\FileHandler' driver.
INFO - 2023-09-20 11:00:55 --> Session: Class initialized using 'CodeIgniter\Session\Handlers\FileHandler' driver.
INFO - 2023-09-20 11:22:53 --> Session: Class initialized using 'CodeIgniter\Session\Handlers\FileHandler' driver.
INFO - 2023-09-20 11:23:52 --> Session: Class initialized using 'CodeIgniter\Session\Handlers\FileHandler' driver.
INFO - 2023-09-20 11:24:18 --> Session: Class initialized using 'CodeIgniter\Session\Handlers\FileHandler' driver.
INFO - 2023-09-20 11:24:22 --> Session: Class initialized using 'CodeIgniter\Session\Handlers\FileHandler' driver.
INFO - 2023-09-20 11:24:36 --> Session: Class initialized using 'CodeIgniter\Session\Handlers\FileHandler' driver.
INFO - 2023-09-20 11:25:04 --> Session: Class initialized using 'CodeIgniter\Session\Handlers\FileHandler' driver.
INFO - 2023-09-20 11:25:21 --> Session: Class initialized using 'CodeIgniter\Session\Handlers\FileHandler' driver.
INFO - 2023-09-20 11:25:21 --> Session: Class initialized using 'CodeIgniter\Session\Handlers\FileHandler' driver.
INFO - 2023-09-20 11:25:35 --> Session: Class initialized using 'CodeIgniter\Session\Handlers\FileHandler' driver.
INFO - 2023-09-20 11:25:40 --> Session: Class initialized using 'CodeIgniter\Session\Handlers\FileHandler' driver.
INFO - 2023-09-20 11:25:44 --> Session: Class initialized using 'CodeIgniter\Session\Handlers\FileHandler' driver.
INFO - 2023-09-20 11:26:14 --> Session: Class initialized using 'CodeIgniter\Session\Handlers\FileHandler' driver.
INFO - 2023-09-20 11:26:14 --> Session: Class initialized using 'CodeIgniter\Session\Handlers\FileHandler' driver.
INFO - 2023-09-20 11:27:21 --> Session: Class initialized using 'CodeIgniter\Session\Handlers\FileHandler' driver.
INFO - 2023-09-20 11:27:35 --> Session: Class initialized using 'CodeIgniter\Session\Handlers\FileHandler' driver.
INFO - 2023-09-20 11:28:14 --> Session: Class initialized using 'CodeIgniter\Session\Handlers\FileHandler' driver.
INFO - 2023-09-20 11:28:43 --> Session: Class initialized using 'CodeIgniter\Session\Handlers\FileHandler' driver.
INFO - 2023-09-20 11:28:43 --> Session: Class initialized using 'CodeIgniter\Session\Handlers\FileHandler' driver.
INFO - 2023-09-20 13:03:01 --> Session: Class initialized using 'CodeIgniter\Session\Handlers\FileHandler' driver.
INFO - 2023-09-20 13:03:07 --> Session: Class initialized using 'CodeIgniter\Session\Handlers\FileHandler' driver.
INFO - 2023-09-20 13:03:20 --> Session: Class initialized using 'CodeIgniter\Session\Handlers\FileHandler' driver.
INFO - 2023-09-20 13:03:26 --> Session: Class initialized using 'CodeIgniter\Session\Handlers\FileHandler' driver.
INFO - 2023-09-20 13:03:43 --> Session: Class initialized using 'CodeIgniter\Session\Handlers\FileHandler' driver.
INFO - 2023-09-20 13:04:18 --> Session: Class initialized using 'CodeIgniter\Session\Handlers\FileHandler' driver.
INFO - 2023-09-20 13:18:26 --> Session: Class initialized using 'CodeIgniter\Session\Handlers\FileHandler' driver.
INFO - 2023-09-20 13:18:29 --> Session: Class initialized using 'CodeIgniter\Session\Handlers\FileHandler' driver.
INFO - 2023-09-20 13:19:10 --> Session: Class initialized using 'CodeIgniter\Session\Handlers\FileHandler' driver.
INFO - 2023-09-20 13:19:14 --> Session: Class initialized using 'CodeIgniter\Session\Handlers\FileHandler' driver.
CRITICAL - 2023-09-20 13:19:14 --> Call to undefined method App\Models\Katgaji_model::getKetgaji
in SYSTEMPATH\Model.php on line 842.
 1 APPPATH\Controllers\Katgaji.php(27): CodeIgniter\Model->__call('getKetgaji', [])
 2 SYSTEMPATH\CodeIgniter.php(934): App\Controllers\Katgaji->index()
 3 SYSTEMPATH\CodeIgniter.php(499): CodeIgniter\CodeIgniter->runController(Object(App\Controllers\Katgaji))
 4 SYSTEMPATH\CodeIgniter.php(368): CodeIgniter\CodeIgniter->handleRequest(null, Object(Config\Cache), false)
 5 FCPATH\index.php(67): CodeIgniter\CodeIgniter->run()
 6 SYSTEMPATH\Commands\Server\rewrite.php(47): require_once('D:\\PROJECT-CI\\Absensi\\public\\index.php')
INFO - 2023-09-20 13:19:43 --> Session: Class initialized using 'CodeIgniter\Session\Handlers\FileHandler' driver.
ERROR - 2023-09-20 13:19:43 --> mysqli_sql_exception: Unknown column 'r_ket_gaji.id_jenis_ptk' in 'on clause' in D:\PROJECT-CI\Absensi\system\Database\MySQLi\Connection.php:295
Stack trace:
#0 D:\PROJECT-CI\Absensi\system\Database\MySQLi\Connection.php(295): mysqli->query('SELECT *\nFROM `...', 0)
#1 D:\PROJECT-CI\Absensi\system\Database\BaseConnection.php(691): CodeIgniter\Database\MySQLi\Connection->execute('SELECT *\nFROM `...')
#2 D:\PROJECT-CI\Absensi\system\Database\BaseConnection.php(605): CodeIgniter\Database\BaseConnection->simpleQuery('SELECT *\nFROM `...')
#3 D:\PROJECT-CI\Absensi\system\Database\BaseBuilder.php(1616): CodeIgniter\Database\BaseConnection->query('SELECT *\nFROM `...', Array, false)
#4 D:\PROJECT-CI\Absensi\app\Models\Katgaji_model.php(15): CodeIgniter\Database\BaseBuilder->get()
#5 D:\PROJECT-CI\Absensi\app\Controllers\Katgaji.php(27): App\Models\Katgaji_model->getKatgaji()
#6 D:\PROJECT-CI\Absensi\system\CodeIgniter.php(934): App\Controllers\Katgaji->index()
#7 D:\PROJECT-CI\Absensi\system\CodeIgniter.php(499): CodeIgniter\CodeIgniter->runController(Object(App\Controllers\Katgaji))
#8 D:\PROJECT-CI\Absensi\system\CodeIgniter.php(368): CodeIgniter\CodeIgniter->handleRequest(NULL, Object(Config\Cache), false)
#9 D:\PROJECT-CI\Absensi\public\index.php(67): CodeIgniter\CodeIgniter->run()
#10 D:\PROJECT-CI\Absensi\system\Commands\Server\rewrite.php(47): require_once('D:\\PROJECT-CI\\A...')
#11 {main}
CRITICAL - 2023-09-20 13:19:43 --> Unknown column 'r_ket_gaji.id_jenis_ptk' in 'on clause'
in SYSTEMPATH\Database\MySQLi\Connection.php on line 295.
 1 SYSTEMPATH\Database\MySQLi\Connection.php(295): mysqli->query('SELECT *
FROM `r_kat_gaji`
JOIN `r_jenis_ptk` ON `r_jenis_ptk`.`id_jenis_ptk` = `r_ket_gaji`.`id_jenis_ptk`', 0)
 2 SYSTEMPATH\Database\BaseConnection.php(691): CodeIgniter\Database\MySQLi\Connection->execute('SELECT *
FROM `r_kat_gaji`
JOIN `r_jenis_ptk` ON `r_jenis_ptk`.`id_jenis_ptk` = `r_ket_gaji`.`id_jenis_ptk`')
 3 SYSTEMPATH\Database\BaseConnection.php(605): CodeIgniter\Database\BaseConnection->simpleQuery('SELECT *
FROM `r_kat_gaji`
JOIN `r_jenis_ptk` ON `r_jenis_ptk`.`id_jenis_ptk` = `r_ket_gaji`.`id_jenis_ptk`')
 4 SYSTEMPATH\Database\BaseBuilder.php(1616): CodeIgniter\Database\BaseConnection->query('SELECT *
FROM `r_kat_gaji`
JOIN `r_jenis_ptk` ON `r_jenis_ptk`.`id_jenis_ptk` = `r_ket_gaji`.`id_jenis_ptk`', [], false)
 5 APPPATH\Models\Katgaji_model.php(15): CodeIgniter\Database\BaseBuilder->get()
 6 APPPATH\Controllers\Katgaji.php(27): App\Models\Katgaji_model->getKatgaji()
 7 SYSTEMPATH\CodeIgniter.php(934): App\Controllers\Katgaji->index()
 8 SYSTEMPATH\CodeIgniter.php(499): CodeIgniter\CodeIgniter->runController(Object(App\Controllers\Katgaji))
 9 SYSTEMPATH\CodeIgniter.php(368): CodeIgniter\CodeIgniter->handleRequest(null, Object(Config\Cache), false)
10 FCPATH\index.php(67): CodeIgniter\CodeIgniter->run()
11 SYSTEMPATH\Commands\Server\rewrite.php(47): require_once('D:\\PROJECT-CI\\Absensi\\public\\index.php')
INFO - 2023-09-20 13:19:58 --> Session: Class initialized using 'CodeIgniter\Session\Handlers\FileHandler' driver.
INFO - 2023-09-20 13:21:58 --> Session: Class initialized using 'CodeIgniter\Session\Handlers\FileHandler' driver.
INFO - 2023-09-20 13:23:21 --> Session: Class initialized using 'CodeIgniter\Session\Handlers\FileHandler' driver.
INFO - 2023-09-20 13:23:55 --> Session: Class initialized using 'CodeIgniter\Session\Handlers\FileHandler' driver.
INFO - 2023-09-20 13:24:36 --> Session: Class initialized using 'CodeIgniter\Session\Handlers\FileHandler' driver.
INFO - 2023-09-20 13:24:46 --> Session: Class initialized using 'CodeIgniter\Session\Handlers\FileHandler' driver.
CRITICAL - 2023-09-20 13:24:46 --> Call to undefined method App\Models\Katgaji_model::saveJenis
in SYSTEMPATH\Model.php on line 842.
 1 APPPATH\Controllers\Katgaji.php(58): CodeIgniter\Model->__call('saveJenis', [...])
 2 SYSTEMPATH\CodeIgniter.php(934): App\Controllers\Katgaji->add()
 3 SYSTEMPATH\CodeIgniter.php(499): CodeIgniter\CodeIgniter->runController(Object(App\Controllers\Katgaji))
 4 SYSTEMPATH\CodeIgniter.php(368): CodeIgniter\CodeIgniter->handleRequest(null, Object(Config\Cache), false)
 5 FCPATH\index.php(67): CodeIgniter\CodeIgniter->run()
 6 SYSTEMPATH\Commands\Server\rewrite.php(47): require_once('D:\\PROJECT-CI\\Absensi\\public\\index.php')
INFO - 2023-09-20 13:25:11 --> Session: Class initialized using 'CodeIgniter\Session\Handlers\FileHandler' driver.
INFO - 2023-09-20 13:25:11 --> Session: Class initialized using 'CodeIgniter\Session\Handlers\FileHandler' driver.
INFO - 2023-09-20 13:25:46 --> Session: Class initialized using 'CodeIgniter\Session\Handlers\FileHandler' driver.
INFO - 2023-09-20 13:25:46 --> Session: Class initialized using 'CodeIgniter\Session\Handlers\FileHandler' driver.
INFO - 2023-09-20 13:26:13 --> Session: Class initialized using 'CodeIgniter\Session\Handlers\FileHandler' driver.
CRITICAL - 2023-09-20 13:26:13 --> Undefined index: id_ket_gaji
in APPPATH\Views\master\katgaji.php on line 71.
 1 APPPATH\Views\master\katgaji.php(71): CodeIgniter\Debug\Exceptions->errorHandler(8, 'Undefined index: id_ket_gaji', 'D:\\PROJECT-CI\\Absensi\\app\\Views\\master\\katgaji.php', 71, [...])
 2 SYSTEMPATH\View\View.php(213): include('D:\\PROJECT-CI\\Absensi\\app\\Views\\master\\katgaji.php')
 3 SYSTEMPATH\View\View.php(216): CodeIgniter\View\View->CodeIgniter\View\{closure}()
 4 SYSTEMPATH\Common.php(1184): CodeIgniter\View\View->render('master/katgaji', [], true)
 5 APPPATH\Controllers\Katgaji.php(34): view('master/katgaji', [...])
 6 SYSTEMPATH\CodeIgniter.php(934): App\Controllers\Katgaji->index()
 7 SYSTEMPATH\CodeIgniter.php(499): CodeIgniter\CodeIgniter->runController(Object(App\Controllers\Katgaji))
 8 SYSTEMPATH\CodeIgniter.php(368): CodeIgniter\CodeIgniter->handleRequest(null, Object(Config\Cache), false)
 9 FCPATH\index.php(67): CodeIgniter\CodeIgniter->run()
10 SYSTEMPATH\Commands\Server\rewrite.php(47): require_once('D:\\PROJECT-CI\\Absensi\\public\\index.php')
INFO - 2023-09-20 13:26:25 --> Session: Class initialized using 'CodeIgniter\Session\Handlers\FileHandler' driver.
CRITICAL - 2023-09-20 13:26:25 --> Undefined index: nm_ket_gaji
in APPPATH\Views\master\katgaji.php on line 76.
 1 APPPATH\Views\master\katgaji.php(76): CodeIgniter\Debug\Exceptions->errorHandler(8, 'Undefined index: nm_ket_gaji', 'D:\\PROJECT-CI\\Absensi\\app\\Views\\master\\katgaji.php', 76, [...])
 2 SYSTEMPATH\View\View.php(213): include('D:\\PROJECT-CI\\Absensi\\app\\Views\\master\\katgaji.php')
 3 SYSTEMPATH\View\View.php(216): CodeIgniter\View\View->CodeIgniter\View\{closure}()
 4 SYSTEMPATH\Common.php(1184): CodeIgniter\View\View->render('master/katgaji', [], true)
 5 APPPATH\Controllers\Katgaji.php(34): view('master/katgaji', [...])
 6 SYSTEMPATH\CodeIgniter.php(934): App\Controllers\Katgaji->index()
 7 SYSTEMPATH\CodeIgniter.php(499): CodeIgniter\CodeIgniter->runController(Object(App\Controllers\Katgaji))
 8 SYSTEMPATH\CodeIgniter.php(368): CodeIgniter\CodeIgniter->handleRequest(null, Object(Config\Cache), false)
 9 FCPATH\index.php(67): CodeIgniter\CodeIgniter->run()
10 SYSTEMPATH\Commands\Server\rewrite.php(47): require_once('D:\\PROJECT-CI\\Absensi\\public\\index.php')
INFO - 2023-09-20 13:26:31 --> Session: Class initialized using 'CodeIgniter\Session\Handlers\FileHandler' driver.
INFO - 2023-09-20 13:29:05 --> Session: Class initialized using 'CodeIgniter\Session\Handlers\FileHandler' driver.
CRITICAL - 2023-09-20 13:29:05 --> Undefined index: id_kat_gaji
in APPPATH\Views\master\katgaji.php on line 71.
 1 APPPATH\Views\master\katgaji.php(71): CodeIgniter\Debug\Exceptions->errorHandler(8, 'Undefined index: id_kat_gaji', 'D:\\PROJECT-CI\\Absensi\\app\\Views\\master\\katgaji.php', 71, [...])
 2 SYSTEMPATH\View\View.php(213): include('D:\\PROJECT-CI\\Absensi\\app\\Views\\master\\katgaji.php')
 3 SYSTEMPATH\View\View.php(216): CodeIgniter\View\View->CodeIgniter\View\{closure}()
 4 SYSTEMPATH\Common.php(1184): CodeIgniter\View\View->render('master/katgaji', [], true)
 5 APPPATH\Controllers\Katgaji.php(34): view('master/katgaji', [...])
 6 SYSTEMPATH\CodeIgniter.php(934): App\Controllers\Katgaji->index()
 7 SYSTEMPATH\CodeIgniter.php(499): CodeIgniter\CodeIgniter->runController(Object(App\Controllers\Katgaji))
 8 SYSTEMPATH\CodeIgniter.php(368): CodeIgniter\CodeIgniter->handleRequest(null, Object(Config\Cache), false)
 9 FCPATH\index.php(67): CodeIgniter\CodeIgniter->run()
10 SYSTEMPATH\Commands\Server\rewrite.php(47): require_once('D:\\PROJECT-CI\\Absensi\\public\\index.php')
INFO - 2023-09-20 13:29:17 --> Session: Class initialized using 'CodeIgniter\Session\Handlers\FileHandler' driver.
INFO - 2023-09-20 13:29:29 --> Session: Class initialized using 'CodeIgniter\Session\Handlers\FileHandler' driver.
INFO - 2023-09-20 13:30:08 --> Session: Class initialized using 'CodeIgniter\Session\Handlers\FileHandler' driver.
CRITICAL - 2023-09-20 13:30:08 --> Call to undefined function sts()
in APPPATH\Views\master\katgaji.php on line 87.
 1 SYSTEMPATH\View\View.php(213): include()
 2 SYSTEMPATH\View\View.php(216): CodeIgniter\View\View->CodeIgniter\View\{closure}()
 3 SYSTEMPATH\Common.php(1184): CodeIgniter\View\View->render('master/katgaji', [], true)
 4 APPPATH\Controllers\Katgaji.php(34): view('master/katgaji', [...])
 5 SYSTEMPATH\CodeIgniter.php(934): App\Controllers\Katgaji->index()
 6 SYSTEMPATH\CodeIgniter.php(499): CodeIgniter\CodeIgniter->runController(Object(App\Controllers\Katgaji))
 7 SYSTEMPATH\CodeIgniter.php(368): CodeIgniter\CodeIgniter->handleRequest(null, Object(Config\Cache), false)
 8 FCPATH\index.php(67): CodeIgniter\CodeIgniter->run()
 9 SYSTEMPATH\Commands\Server\rewrite.php(47): require_once('D:\\PROJECT-CI\\Absensi\\public\\index.php')
INFO - 2023-09-20 13:30:43 --> Session: Class initialized using 'CodeIgniter\Session\Handlers\FileHandler' driver.
INFO - 2023-09-20 13:31:00 --> Session: Class initialized using 'CodeIgniter\Session\Handlers\FileHandler' driver.
INFO - 2023-09-20 13:31:05 --> Session: Class initialized using 'CodeIgniter\Session\Handlers\FileHandler' driver.
INFO - 2023-09-20 13:31:08 --> Session: Class initialized using 'CodeIgniter\Session\Handlers\FileHandler' driver.
INFO - 2023-09-20 13:32:04 --> Session: Class initialized using 'CodeIgniter\Session\Handlers\FileHandler' driver.
INFO - 2023-09-20 13:32:17 --> Session: Class initialized using 'CodeIgniter\Session\Handlers\FileHandler' driver.
INFO - 2023-09-20 13:32:17 --> Session: Class initialized using 'CodeIgniter\Session\Handlers\FileHandler' driver.
INFO - 2023-09-20 13:32:31 --> Session: Class initialized using 'CodeIgniter\Session\Handlers\FileHandler' driver.
INFO - 2023-09-20 13:32:31 --> Session: Class initialized using 'CodeIgniter\Session\Handlers\FileHandler' driver.
INFO - 2023-09-20 13:33:20 --> Session: Class initialized using 'CodeIgniter\Session\Handlers\FileHandler' driver.
INFO - 2023-09-20 13:34:07 --> Session: Class initialized using 'CodeIgniter\Session\Handlers\FileHandler' driver.
INFO - 2023-09-20 13:34:37 --> Session: Class initialized using 'CodeIgniter\Session\Handlers\FileHandler' driver.
INFO - 2023-09-20 13:35:01 --> Session: Class initialized using 'CodeIgniter\Session\Handlers\FileHandler' driver.
INFO - 2023-09-20 13:35:07 --> Session: Class initialized using 'CodeIgniter\Session\Handlers\FileHandler' driver.
INFO - 2023-09-20 13:35:40 --> Session: Class initialized using 'CodeIgniter\Session\Handlers\FileHandler' driver.
INFO - 2023-09-20 13:35:49 --> Session: Class initialized using 'CodeIgniter\Session\Handlers\FileHandler' driver.
INFO - 2023-09-20 13:35:54 --> Session: Class initialized using 'CodeIgniter\Session\Handlers\FileHandler' driver.
INFO - 2023-09-20 13:35:55 --> Session: Class initialized using 'CodeIgniter\Session\Handlers\FileHandler' driver.
INFO - 2023-09-20 13:36:06 --> Session: Class initialized using 'CodeIgniter\Session\Handlers\FileHandler' driver.
INFO - 2023-09-20 13:36:06 --> Session: Class initialized using 'CodeIgniter\Session\Handlers\FileHandler' driver.
INFO - 2023-09-20 13:36:12 --> Session: Class initialized using 'CodeIgniter\Session\Handlers\FileHandler' driver.
INFO - 2023-09-20 13:36:13 --> Session: Class initialized using 'CodeIgniter\Session\Handlers\FileHandler' driver.
INFO - 2023-09-20 13:36:22 --> Session: Class initialized using 'CodeIgniter\Session\Handlers\FileHandler' driver.
INFO - 2023-09-20 13:36:22 --> Session: Class initialized using 'CodeIgniter\Session\Handlers\FileHandler' driver.
INFO - 2023-09-20 13:36:38 --> Session: Class initialized using 'CodeIgniter\Session\Handlers\FileHandler' driver.
INFO - 2023-09-20 13:36:58 --> Session: Class initialized using 'CodeIgniter\Session\Handlers\FileHandler' driver.
INFO - 2023-09-20 13:37:01 --> Session: Class initialized using 'CodeIgniter\Session\Handlers\FileHandler' driver.
INFO - 2023-09-20 13:37:01 --> Session: Class initialized using 'CodeIgniter\Session\Handlers\FileHandler' driver.
INFO - 2023-09-20 13:40:13 --> Session: Class initialized using 'CodeIgniter\Session\Handlers\FileHandler' driver.
INFO - 2023-09-20 13:41:01 --> Session: Class initialized using 'CodeIgniter\Session\Handlers\FileHandler' driver.
INFO - 2023-09-20 14:04:02 --> Session: Class initialized using 'CodeIgniter\Session\Handlers\FileHandler' driver.
INFO - 2023-09-20 14:04:07 --> Session: Class initialized using 'CodeIgniter\Session\Handlers\FileHandler' driver.
CRITICAL - 2023-09-20 14:04:07 --> Undefined index: nama_ptk
in APPPATH\Views\master\gajidosen.php on line 139.
 1 APPPATH\Views\master\gajidosen.php(139): CodeIgniter\Debug\Exceptions->errorHandler(8, 'Undefined index: nama_ptk', 'D:\\PROJECT-CI\\Absensi\\app\\Views\\master\\gajidosen.php', 139, [...])
 2 SYSTEMPATH\View\View.php(213): include('D:\\PROJECT-CI\\Absensi\\app\\Views\\master\\gajidosen.php')
 3 SYSTEMPATH\View\View.php(216): CodeIgniter\View\View->CodeIgniter\View\{closure}()
 4 SYSTEMPATH\Common.php(1184): CodeIgniter\View\View->render('master/gajidosen', [], true)
 5 APPPATH\Controllers\Gajidosen.php(37): view('master/gajidosen', [...])
 6 SYSTEMPATH\CodeIgniter.php(934): App\Controllers\Gajidosen->index()
 7 SYSTEMPATH\CodeIgniter.php(499): CodeIgniter\CodeIgniter->runController(Object(App\Controllers\Gajidosen))
 8 SYSTEMPATH\CodeIgniter.php(368): CodeIgniter\CodeIgniter->handleRequest(null, Object(Config\Cache), false)
 9 FCPATH\index.php(67): CodeIgniter\CodeIgniter->run()
10 SYSTEMPATH\Commands\Server\rewrite.php(47): require_once('D:\\PROJECT-CI\\Absensi\\public\\index.php')
INFO - 2023-09-20 14:08:19 --> Session: Class initialized using 'CodeIgniter\Session\Handlers\FileHandler' driver.
ERROR - 2023-09-20 14:08:19 --> mysqli_sql_exception: Column 'id_jenis_ptk' in where clause is ambiguous in D:\PROJECT-CI\Absensi\system\Database\MySQLi\Connection.php:295
Stack trace:
#0 D:\PROJECT-CI\Absensi\system\Database\MySQLi\Connection.php(295): mysqli->query('SELECT *\nFROM `...', 0)
#1 D:\PROJECT-CI\Absensi\system\Database\BaseConnection.php(691): CodeIgniter\Database\MySQLi\Connection->execute('SELECT *\nFROM `...')
#2 D:\PROJECT-CI\Absensi\system\Database\BaseConnection.php(605): CodeIgniter\Database\BaseConnection->simpleQuery('SELECT *\nFROM `...')
#3 D:\PROJECT-CI\Absensi\system\Database\BaseBuilder.php(1616): CodeIgniter\Database\BaseConnection->query('SELECT *\nFROM `...', Array, false)
#4 D:\PROJECT-CI\Absensi\app\Models\Pegawai_model.php(22): CodeIgniter\Database\BaseBuilder->get()
#5 D:\PROJECT-CI\Absensi\app\Controllers\Gajidosen.php(28): App\Models\Pegawai_model->getPegawaidosen()
#6 D:\PROJECT-CI\Absensi\system\CodeIgniter.php(934): App\Controllers\Gajidosen->index()
#7 D:\PROJECT-CI\Absensi\system\CodeIgniter.php(499): CodeIgniter\CodeIgniter->runController(Object(App\Controllers\Gajidosen))
#8 D:\PROJECT-CI\Absensi\system\CodeIgniter.php(368): CodeIgniter\CodeIgniter->handleRequest(NULL, Object(Config\Cache), false)
#9 D:\PROJECT-CI\Absensi\public\index.php(67): CodeIgniter\CodeIgniter->run()
#10 D:\PROJECT-CI\Absensi\system\Commands\Server\rewrite.php(47): require_once('D:\\PROJECT-CI\\A...')
#11 {main}
CRITICAL - 2023-09-20 14:08:19 --> Column 'id_jenis_ptk' in where clause is ambiguous
in SYSTEMPATH\Database\MySQLi\Connection.php on line 295.
 1 SYSTEMPATH\Database\MySQLi\Connection.php(295): mysqli->query('SELECT *
FROM `t_ptk`
JOIN `r_jenis_ptk` ON `r_jenis_ptk`.`id_jenis_ptk` = `t_ptk`.`id_jenis_ptk`
WHERE `id_jenis_ptk` = 1', 0)
 2 SYSTEMPATH\Database\BaseConnection.php(691): CodeIgniter\Database\MySQLi\Connection->execute('SELECT *
FROM `t_ptk`
JOIN `r_jenis_ptk` ON `r_jenis_ptk`.`id_jenis_ptk` = `t_ptk`.`id_jenis_ptk`
WHERE `id_jenis_ptk` = 1')
 3 SYSTEMPATH\Database\BaseConnection.php(605): CodeIgniter\Database\BaseConnection->simpleQuery('SELECT *
FROM `t_ptk`
JOIN `r_jenis_ptk` ON `r_jenis_ptk`.`id_jenis_ptk` = `t_ptk`.`id_jenis_ptk`
WHERE `id_jenis_ptk` = 1')
 4 SYSTEMPATH\Database\BaseBuilder.php(1616): CodeIgniter\Database\BaseConnection->query('SELECT *
FROM `t_ptk`
JOIN `r_jenis_ptk` ON `r_jenis_ptk`.`id_jenis_ptk` = `t_ptk`.`id_jenis_ptk`
WHERE `id_jenis_ptk` = :id_jenis_ptk:', [...], false)
 5 APPPATH\Models\Pegawai_model.php(22): CodeIgniter\Database\BaseBuilder->get()
 6 APPPATH\Controllers\Gajidosen.php(28): App\Models\Pegawai_model->getPegawaidosen()
 7 SYSTEMPATH\CodeIgniter.php(934): App\Controllers\Gajidosen->index()
 8 SYSTEMPATH\CodeIgniter.php(499): CodeIgniter\CodeIgniter->runController(Object(App\Controllers\Gajidosen))
 9 SYSTEMPATH\CodeIgniter.php(368): CodeIgniter\CodeIgniter->handleRequest(null, Object(Config\Cache), false)
10 FCPATH\index.php(67): CodeIgniter\CodeIgniter->run()
11 SYSTEMPATH\Commands\Server\rewrite.php(47): require_once('D:\\PROJECT-CI\\Absensi\\public\\index.php')
INFO - 2023-09-20 14:10:16 --> Session: Class initialized using 'CodeIgniter\Session\Handlers\FileHandler' driver.
ERROR - 2023-09-20 14:10:16 --> mysqli_sql_exception: Column 'id_jenis_ptk' in where clause is ambiguous in D:\PROJECT-CI\Absensi\system\Database\MySQLi\Connection.php:295
Stack trace:
#0 D:\PROJECT-CI\Absensi\system\Database\MySQLi\Connection.php(295): mysqli->query('SELECT `t_ptk`....', 0)
#1 D:\PROJECT-CI\Absensi\system\Database\BaseConnection.php(691): CodeIgniter\Database\MySQLi\Connection->execute('SELECT `t_ptk`....')
#2 D:\PROJECT-CI\Absensi\system\Database\BaseConnection.php(605): CodeIgniter\Database\BaseConnection->simpleQuery('SELECT `t_ptk`....')
#3 D:\PROJECT-CI\Absensi\system\Database\BaseBuilder.php(1616): CodeIgniter\Database\BaseConnection->query('SELECT `t_ptk`....', Array, false)
#4 D:\PROJECT-CI\Absensi\app\Models\Pegawai_model.php(23): CodeIgniter\Database\BaseBuilder->get()
#5 D:\PROJECT-CI\Absensi\app\Controllers\Gajidosen.php(28): App\Models\Pegawai_model->getPegawaidosen()
#6 D:\PROJECT-CI\Absensi\system\CodeIgniter.php(934): App\Controllers\Gajidosen->index()
#7 D:\PROJECT-CI\Absensi\system\CodeIgniter.php(499): CodeIgniter\CodeIgniter->runController(Object(App\Controllers\Gajidosen))
#8 D:\PROJECT-CI\Absensi\system\CodeIgniter.php(368): CodeIgniter\CodeIgniter->handleRequest(NULL, Object(Config\Cache), false)
#9 D:\PROJECT-CI\Absensi\public\index.php(67): CodeIgniter\CodeIgniter->run()
#10 D:\PROJECT-CI\Absensi\system\Commands\Server\rewrite.php(47): require_once('D:\\PROJECT-CI\\A...')
#11 {main}
CRITICAL - 2023-09-20 14:10:16 --> Column 'id_jenis_ptk' in where clause is ambiguous
in SYSTEMPATH\Database\MySQLi\Connection.php on line 295.
 1 SYSTEMPATH\Database\MySQLi\Connection.php(295): mysqli->query('SELECT `t_ptk`.`id_jenis_ptk`, `id_ptk`, `nip`, `nama_ptk`, `nama_jenis_ptk`
FROM `t_ptk`
JOIN `r_jenis_ptk` ON `r_jenis_ptk`.`id_jenis_ptk` = `t_ptk`.`id_jenis_ptk`
WHERE `id_jenis_ptk` = 1', 0)
 2 SYSTEMPATH\Database\BaseConnection.php(691): CodeIgniter\Database\MySQLi\Connection->execute('SELECT `t_ptk`.`id_jenis_ptk`, `id_ptk`, `nip`, `nama_ptk`, `nama_jenis_ptk`
FROM `t_ptk`
JOIN `r_jenis_ptk` ON `r_jenis_ptk`.`id_jenis_ptk` = `t_ptk`.`id_jenis_ptk`
WHERE `id_jenis_ptk` = 1')
 3 SYSTEMPATH\Database\BaseConnection.php(605): CodeIgniter\Database\BaseConnection->simpleQuery('SELECT `t_ptk`.`id_jenis_ptk`, `id_ptk`, `nip`, `nama_ptk`, `nama_jenis_ptk`
FROM `t_ptk`
JOIN `r_jenis_ptk` ON `r_jenis_ptk`.`id_jenis_ptk` = `t_ptk`.`id_jenis_ptk`
WHERE `id_jenis_ptk` = 1')
 4 SYSTEMPATH\Database\BaseBuilder.php(1616): CodeIgniter\Database\BaseConnection->query('SELECT `t_ptk`.`id_jenis_ptk`, `id_ptk`, `nip`, `nama_ptk`, `nama_jenis_ptk`
FROM `t_ptk`
JOIN `r_jenis_ptk` ON `r_jenis_ptk`.`id_jenis_ptk` = `t_ptk`.`id_jenis_ptk`
WHERE `id_jenis_ptk` = :id_jenis_ptk:', [...], false)
 5 APPPATH\Models\Pegawai_model.php(23): CodeIgniter\Database\BaseBuilder->get()
 6 APPPATH\Controllers\Gajidosen.php(28): App\Models\Pegawai_model->getPegawaidosen()
 7 SYSTEMPATH\CodeIgniter.php(934): App\Controllers\Gajidosen->index()
 8 SYSTEMPATH\CodeIgniter.php(499): CodeIgniter\CodeIgniter->runController(Object(App\Controllers\Gajidosen))
 9 SYSTEMPATH\CodeIgniter.php(368): CodeIgniter\CodeIgniter->handleRequest(null, Object(Config\Cache), false)
10 FCPATH\index.php(67): CodeIgniter\CodeIgniter->run()
11 SYSTEMPATH\Commands\Server\rewrite.php(47): require_once('D:\\PROJECT-CI\\Absensi\\public\\index.php')
INFO - 2023-09-20 14:10:54 --> Session: Class initialized using 'CodeIgniter\Session\Handlers\FileHandler' driver.
ERROR - 2023-09-20 14:10:54 --> mysqli_sql_exception: Column 'id_jenis_ptk' in where clause is ambiguous in D:\PROJECT-CI\Absensi\system\Database\MySQLi\Connection.php:295
Stack trace:
#0 D:\PROJECT-CI\Absensi\system\Database\MySQLi\Connection.php(295): mysqli->query('SELECT `t_ptk`....', 0)
#1 D:\PROJECT-CI\Absensi\system\Database\BaseConnection.php(691): CodeIgniter\Database\MySQLi\Connection->execute('SELECT `t_ptk`....')
#2 D:\PROJECT-CI\Absensi\system\Database\BaseConnection.php(605): CodeIgniter\Database\BaseConnection->simpleQuery('SELECT `t_ptk`....')
#3 D:\PROJECT-CI\Absensi\system\Database\BaseBuilder.php(1616): CodeIgniter\Database\BaseConnection->query('SELECT `t_ptk`....', Array, false)
#4 D:\PROJECT-CI\Absensi\app\Models\Pegawai_model.php(23): CodeIgniter\Database\BaseBuilder->get()
#5 D:\PROJECT-CI\Absensi\app\Controllers\Gajidosen.php(28): App\Models\Pegawai_model->getPegawaidosen()
#6 D:\PROJECT-CI\Absensi\system\CodeIgniter.php(934): App\Controllers\Gajidosen->index()
#7 D:\PROJECT-CI\Absensi\system\CodeIgniter.php(499): CodeIgniter\CodeIgniter->runController(Object(App\Controllers\Gajidosen))
#8 D:\PROJECT-CI\Absensi\system\CodeIgniter.php(368): CodeIgniter\CodeIgniter->handleRequest(NULL, Object(Config\Cache), false)
#9 D:\PROJECT-CI\Absensi\public\index.php(67): CodeIgniter\CodeIgniter->run()
#10 D:\PROJECT-CI\Absensi\system\Commands\Server\rewrite.php(47): require_once('D:\\PROJECT-CI\\A...')
#11 {main}
CRITICAL - 2023-09-20 14:10:54 --> Column 'id_jenis_ptk' in where clause is ambiguous
in SYSTEMPATH\Database\MySQLi\Connection.php on line 295.
 1 SYSTEMPATH\Database\MySQLi\Connection.php(295): mysqli->query('SELECT `t_ptk`.`id_jenis_ptk`, `id_ptk`, `nip`, `nama_ptk`, `nama_jenis_ptk`
FROM `t_ptk`
JOIN `r_jenis_ptk` ON `r_jenis_ptk`.`id_jenis_ptk` = `t_ptk`.`id_jenis_ptk`
WHERE `id_jenis_ptk` = 1', 0)
 2 SYSTEMPATH\Database\BaseConnection.php(691): CodeIgniter\Database\MySQLi\Connection->execute('SELECT `t_ptk`.`id_jenis_ptk`, `id_ptk`, `nip`, `nama_ptk`, `nama_jenis_ptk`
FROM `t_ptk`
JOIN `r_jenis_ptk` ON `r_jenis_ptk`.`id_jenis_ptk` = `t_ptk`.`id_jenis_ptk`
WHERE `id_jenis_ptk` = 1')
 3 SYSTEMPATH\Database\BaseConnection.php(605): CodeIgniter\Database\BaseConnection->simpleQuery('SELECT `t_ptk`.`id_jenis_ptk`, `id_ptk`, `nip`, `nama_ptk`, `nama_jenis_ptk`
FROM `t_ptk`
JOIN `r_jenis_ptk` ON `r_jenis_ptk`.`id_jenis_ptk` = `t_ptk`.`id_jenis_ptk`
WHERE `id_jenis_ptk` = 1')
 4 SYSTEMPATH\Database\BaseBuilder.php(1616): CodeIgniter\Database\BaseConnection->query('SELECT `t_ptk`.`id_jenis_ptk`, `id_ptk`, `nip`, `nama_ptk`, `nama_jenis_ptk`
FROM `t_ptk`
JOIN `r_jenis_ptk` ON `r_jenis_ptk`.`id_jenis_ptk` = `t_ptk`.`id_jenis_ptk`
WHERE `id_jenis_ptk` = :id_jenis_ptk:', [...], false)
 5 APPPATH\Models\Pegawai_model.php(23): CodeIgniter\Database\BaseBuilder->get()
 6 APPPATH\Controllers\Gajidosen.php(28): App\Models\Pegawai_model->getPegawaidosen()
 7 SYSTEMPATH\CodeIgniter.php(934): App\Controllers\Gajidosen->index()
 8 SYSTEMPATH\CodeIgniter.php(499): CodeIgniter\CodeIgniter->runController(Object(App\Controllers\Gajidosen))
 9 SYSTEMPATH\CodeIgniter.php(368): CodeIgniter\CodeIgniter->handleRequest(null, Object(Config\Cache), false)
10 FCPATH\index.php(67): CodeIgniter\CodeIgniter->run()
11 SYSTEMPATH\Commands\Server\rewrite.php(47): require_once('D:\\PROJECT-CI\\Absensi\\public\\index.php')
INFO - 2023-09-20 14:11:56 --> Session: Class initialized using 'CodeIgniter\Session\Handlers\FileHandler' driver.
CRITICAL - 2023-09-20 14:11:56 --> Undefined index: nama_ptk
in APPPATH\Views\master\gajidosen.php on line 139.
 1 APPPATH\Views\master\gajidosen.php(139): CodeIgniter\Debug\Exceptions->errorHandler(8, 'Undefined index: nama_ptk', 'D:\\PROJECT-CI\\Absensi\\app\\Views\\master\\gajidosen.php', 139, [...])
 2 SYSTEMPATH\View\View.php(213): include('D:\\PROJECT-CI\\Absensi\\app\\Views\\master\\gajidosen.php')
 3 SYSTEMPATH\View\View.php(216): CodeIgniter\View\View->CodeIgniter\View\{closure}()
 4 SYSTEMPATH\Common.php(1184): CodeIgniter\View\View->render('master/gajidosen', [], true)
 5 APPPATH\Controllers\Gajidosen.php(37): view('master/gajidosen', [...])
 6 SYSTEMPATH\CodeIgniter.php(934): App\Controllers\Gajidosen->index()
 7 SYSTEMPATH\CodeIgniter.php(499): CodeIgniter\CodeIgniter->runController(Object(App\Controllers\Gajidosen))
 8 SYSTEMPATH\CodeIgniter.php(368): CodeIgniter\CodeIgniter->handleRequest(null, Object(Config\Cache), false)
 9 FCPATH\index.php(67): CodeIgniter\CodeIgniter->run()
10 SYSTEMPATH\Commands\Server\rewrite.php(47): require_once('D:\\PROJECT-CI\\Absensi\\public\\index.php')
INFO - 2023-09-20 14:13:15 --> Session: Class initialized using 'CodeIgniter\Session\Handlers\FileHandler' driver.
INFO - 2023-09-20 14:13:22 --> Session: Class initialized using 'CodeIgniter\Session\Handlers\FileHandler' driver.
INFO - 2023-09-20 14:14:00 --> Session: Class initialized using 'CodeIgniter\Session\Handlers\FileHandler' driver.
CRITICAL - 2023-09-20 14:14:00 --> Undefined index: nama_ptk
in APPPATH\Views\master\gajidosen.php on line 139.
 1 APPPATH\Views\master\gajidosen.php(139): CodeIgniter\Debug\Exceptions->errorHandler(8, 'Undefined index: nama_ptk', 'D:\\PROJECT-CI\\Absensi\\app\\Views\\master\\gajidosen.php', 139, [...])
 2 SYSTEMPATH\View\View.php(213): include('D:\\PROJECT-CI\\Absensi\\app\\Views\\master\\gajidosen.php')
 3 SYSTEMPATH\View\View.php(216): CodeIgniter\View\View->CodeIgniter\View\{closure}()
 4 SYSTEMPATH\Common.php(1184): CodeIgniter\View\View->render('master/gajidosen', [], true)
 5 APPPATH\Controllers\Gajidosen.php(37): view('master/gajidosen', [...])
 6 SYSTEMPATH\CodeIgniter.php(934): App\Controllers\Gajidosen->index()
 7 SYSTEMPATH\CodeIgniter.php(499): CodeIgniter\CodeIgniter->runController(Object(App\Controllers\Gajidosen))
 8 SYSTEMPATH\CodeIgniter.php(368): CodeIgniter\CodeIgniter->handleRequest(null, Object(Config\Cache), false)
 9 FCPATH\index.php(67): CodeIgniter\CodeIgniter->run()
10 SYSTEMPATH\Commands\Server\rewrite.php(47): require_once('D:\\PROJECT-CI\\Absensi\\public\\index.php')
INFO - 2023-09-20 14:15:06 --> Session: Class initialized using 'CodeIgniter\Session\Handlers\FileHandler' driver.
CRITICAL - 2023-09-20 14:15:06 --> Undefined index: nama_ptk
in APPPATH\Views\master\gajidosen.php on line 139.
 1 APPPATH\Views\master\gajidosen.php(139): CodeIgniter\Debug\Exceptions->errorHandler(8, 'Undefined index: nama_ptk', 'D:\\PROJECT-CI\\Absensi\\app\\Views\\master\\gajidosen.php', 139, [...])
 2 SYSTEMPATH\View\View.php(213): include('D:\\PROJECT-CI\\Absensi\\app\\Views\\master\\gajidosen.php')
 3 SYSTEMPATH\View\View.php(216): CodeIgniter\View\View->CodeIgniter\View\{closure}()
 4 SYSTEMPATH\Common.php(1184): CodeIgniter\View\View->render('master/gajidosen', [], true)
 5 APPPATH\Controllers\Gajidosen.php(37): view('master/gajidosen', [...])
 6 SYSTEMPATH\CodeIgniter.php(934): App\Controllers\Gajidosen->index()
 7 SYSTEMPATH\CodeIgniter.php(499): CodeIgniter\CodeIgniter->runController(Object(App\Controllers\Gajidosen))
 8 SYSTEMPATH\CodeIgniter.php(368): CodeIgniter\CodeIgniter->handleRequest(null, Object(Config\Cache), false)
 9 FCPATH\index.php(67): CodeIgniter\CodeIgniter->run()
10 SYSTEMPATH\Commands\Server\rewrite.php(47): require_once('D:\\PROJECT-CI\\Absensi\\public\\index.php')
INFO - 2023-09-20 14:15:27 --> Session: Class initialized using 'CodeIgniter\Session\Handlers\FileHandler' driver.
CRITICAL - 2023-09-20 14:15:27 --> Undefined index: nip
in APPPATH\Views\master\gajidosen.php on line 139.
 1 APPPATH\Views\master\gajidosen.php(139): CodeIgniter\Debug\Exceptions->errorHandler(8, 'Undefined index: nip', 'D:\\PROJECT-CI\\Absensi\\app\\Views\\master\\gajidosen.php', 139, [...])
 2 SYSTEMPATH\View\View.php(213): include('D:\\PROJECT-CI\\Absensi\\app\\Views\\master\\gajidosen.php')
 3 SYSTEMPATH\View\View.php(216): CodeIgniter\View\View->CodeIgniter\View\{closure}()
 4 SYSTEMPATH\Common.php(1184): CodeIgniter\View\View->render('master/gajidosen', [], true)
 5 APPPATH\Controllers\Gajidosen.php(37): view('master/gajidosen', [...])
 6 SYSTEMPATH\CodeIgniter.php(934): App\Controllers\Gajidosen->index()
 7 SYSTEMPATH\CodeIgniter.php(499): CodeIgniter\CodeIgniter->runController(Object(App\Controllers\Gajidosen))
 8 SYSTEMPATH\CodeIgniter.php(368): CodeIgniter\CodeIgniter->handleRequest(null, Object(Config\Cache), false)
 9 FCPATH\index.php(67): CodeIgniter\CodeIgniter->run()
10 SYSTEMPATH\Commands\Server\rewrite.php(47): require_once('D:\\PROJECT-CI\\Absensi\\public\\index.php')
INFO - 2023-09-20 14:16:24 --> Session: Class initialized using 'CodeIgniter\Session\Handlers\FileHandler' driver.
CRITICAL - 2023-09-20 14:16:24 --> Undefined index: nip
in APPPATH\Views\master\gajidosen.php on line 116.
 1 APPPATH\Views\master\gajidosen.php(116): CodeIgniter\Debug\Exceptions->errorHandler(8, 'Undefined index: nip', 'D:\\PROJECT-CI\\Absensi\\app\\Views\\master\\gajidosen.php', 116, [...])
 2 SYSTEMPATH\View\View.php(213): include('D:\\PROJECT-CI\\Absensi\\app\\Views\\master\\gajidosen.php')
 3 SYSTEMPATH\View\View.php(216): CodeIgniter\View\View->CodeIgniter\View\{closure}()
 4 SYSTEMPATH\Common.php(1184): CodeIgniter\View\View->render('master/gajidosen', [], true)
 5 APPPATH\Controllers\Gajidosen.php(37): view('master/gajidosen', [...])
 6 SYSTEMPATH\CodeIgniter.php(934): App\Controllers\Gajidosen->index()
 7 SYSTEMPATH\CodeIgniter.php(499): CodeIgniter\CodeIgniter->runController(Object(App\Controllers\Gajidosen))
 8 SYSTEMPATH\CodeIgniter.php(368): CodeIgniter\CodeIgniter->handleRequest(null, Object(Config\Cache), false)
 9 FCPATH\index.php(67): CodeIgniter\CodeIgniter->run()
10 SYSTEMPATH\Commands\Server\rewrite.php(47): require_once('D:\\PROJECT-CI\\Absensi\\public\\index.php')
INFO - 2023-09-20 14:16:41 --> Session: Class initialized using 'CodeIgniter\Session\Handlers\FileHandler' driver.
INFO - 2023-09-20 14:17:14 --> Session: Class initialized using 'CodeIgniter\Session\Handlers\FileHandler' driver.
INFO - 2023-09-20 14:17:41 --> Session: Class initialized using 'CodeIgniter\Session\Handlers\FileHandler' driver.
INFO - 2023-09-20 14:17:51 --> Session: Class initialized using 'CodeIgniter\Session\Handlers\FileHandler' driver.
CRITICAL - 2023-09-20 14:17:51 --> Undefined index: nama_ptk
in APPPATH\Views\master\gajidosen.php on line 139.
 1 APPPATH\Views\master\gajidosen.php(139): CodeIgniter\Debug\Exceptions->errorHandler(8, 'Undefined index: nama_ptk', 'D:\\PROJECT-CI\\Absensi\\app\\Views\\master\\gajidosen.php', 139, [...])
 2 SYSTEMPATH\View\View.php(213): include('D:\\PROJECT-CI\\Absensi\\app\\Views\\master\\gajidosen.php')
 3 SYSTEMPATH\View\View.php(216): CodeIgniter\View\View->CodeIgniter\View\{closure}()
 4 SYSTEMPATH\Common.php(1184): CodeIgniter\View\View->render('master/gajidosen', [], true)
 5 APPPATH\Controllers\Gajidosen.php(37): view('master/gajidosen', [...])
 6 SYSTEMPATH\CodeIgniter.php(934): App\Controllers\Gajidosen->index()
 7 SYSTEMPATH\CodeIgniter.php(499): CodeIgniter\CodeIgniter->runController(Object(App\Controllers\Gajidosen))
 8 SYSTEMPATH\CodeIgniter.php(368): CodeIgniter\CodeIgniter->handleRequest(null, Object(Config\Cache), false)
 9 FCPATH\index.php(67): CodeIgniter\CodeIgniter->run()
10 SYSTEMPATH\Commands\Server\rewrite.php(47): require_once('D:\\PROJECT-CI\\Absensi\\public\\index.php')
INFO - 2023-09-20 14:18:20 --> Session: Class initialized using 'CodeIgniter\Session\Handlers\FileHandler' driver.
CRITICAL - 2023-09-20 14:18:20 --> Undefined index: nama_ptk
in APPPATH\Views\master\gajidosen.php on line 139.
 1 APPPATH\Views\master\gajidosen.php(139): CodeIgniter\Debug\Exceptions->errorHandler(8, 'Undefined index: nama_ptk', 'D:\\PROJECT-CI\\Absensi\\app\\Views\\master\\gajidosen.php', 139, [...])
 2 SYSTEMPATH\View\View.php(213): include('D:\\PROJECT-CI\\Absensi\\app\\Views\\master\\gajidosen.php')
 3 SYSTEMPATH\View\View.php(216): CodeIgniter\View\View->CodeIgniter\View\{closure}()
 4 SYSTEMPATH\Common.php(1184): CodeIgniter\View\View->render('master/gajidosen', [], true)
 5 APPPATH\Controllers\Gajidosen.php(37): view('master/gajidosen', [...])
 6 SYSTEMPATH\CodeIgniter.php(934): App\Controllers\Gajidosen->index()
 7 SYSTEMPATH\CodeIgniter.php(499): CodeIgniter\CodeIgniter->runController(Object(App\Controllers\Gajidosen))
 8 SYSTEMPATH\CodeIgniter.php(368): CodeIgniter\CodeIgniter->handleRequest(null, Object(Config\Cache), false)
 9 FCPATH\index.php(67): CodeIgniter\CodeIgniter->run()
10 SYSTEMPATH\Commands\Server\rewrite.php(47): require_once('D:\\PROJECT-CI\\Absensi\\public\\index.php')
INFO - 2023-09-20 14:20:13 --> Session: Class initialized using 'CodeIgniter\Session\Handlers\FileHandler' driver.
CRITICAL - 2023-09-20 14:20:14 --> Undefined index: nama_ptk
in APPPATH\Views\master\gajidosen.php on line 139.
 1 APPPATH\Views\master\gajidosen.php(139): CodeIgniter\Debug\Exceptions->errorHandler(8, 'Undefined index: nama_ptk', 'D:\\PROJECT-CI\\Absensi\\app\\Views\\master\\gajidosen.php', 139, [...])
 2 SYSTEMPATH\View\View.php(213): include('D:\\PROJECT-CI\\Absensi\\app\\Views\\master\\gajidosen.php')
 3 SYSTEMPATH\View\View.php(216): CodeIgniter\View\View->CodeIgniter\View\{closure}()
 4 SYSTEMPATH\Common.php(1184): CodeIgniter\View\View->render('master/gajidosen', [], true)
 5 APPPATH\Controllers\Gajidosen.php(37): view('master/gajidosen', [...])
 6 SYSTEMPATH\CodeIgniter.php(934): App\Controllers\Gajidosen->index()
 7 SYSTEMPATH\CodeIgniter.php(499): CodeIgniter\CodeIgniter->runController(Object(App\Controllers\Gajidosen))
 8 SYSTEMPATH\CodeIgniter.php(368): CodeIgniter\CodeIgniter->handleRequest(null, Object(Config\Cache), false)
 9 FCPATH\index.php(67): CodeIgniter\CodeIgniter->run()
10 SYSTEMPATH\Commands\Server\rewrite.php(47): require_once('D:\\PROJECT-CI\\Absensi\\public\\index.php')
INFO - 2023-09-20 14:20:16 --> Session: Class initialized using 'CodeIgniter\Session\Handlers\FileHandler' driver.
CRITICAL - 2023-09-20 14:20:16 --> Undefined index: nama_ptk
in APPPATH\Views\master\gajidosen.php on line 139.
 1 APPPATH\Views\master\gajidosen.php(139): CodeIgniter\Debug\Exceptions->errorHandler(8, 'Undefined index: nama_ptk', 'D:\\PROJECT-CI\\Absensi\\app\\Views\\master\\gajidosen.php', 139, [...])
 2 SYSTEMPATH\View\View.php(213): include('D:\\PROJECT-CI\\Absensi\\app\\Views\\master\\gajidosen.php')
 3 SYSTEMPATH\View\View.php(216): CodeIgniter\View\View->CodeIgniter\View\{closure}()
 4 SYSTEMPATH\Common.php(1184): CodeIgniter\View\View->render('master/gajidosen', [], true)
 5 APPPATH\Controllers\Gajidosen.php(37): view('master/gajidosen', [...])
 6 SYSTEMPATH\CodeIgniter.php(934): App\Controllers\Gajidosen->index()
 7 SYSTEMPATH\CodeIgniter.php(499): CodeIgniter\CodeIgniter->runController(Object(App\Controllers\Gajidosen))
 8 SYSTEMPATH\CodeIgniter.php(368): CodeIgniter\CodeIgniter->handleRequest(null, Object(Config\Cache), false)
 9 FCPATH\index.php(67): CodeIgniter\CodeIgniter->run()
10 SYSTEMPATH\Commands\Server\rewrite.php(47): require_once('D:\\PROJECT-CI\\Absensi\\public\\index.php')
INFO - 2023-09-20 14:21:40 --> Session: Class initialized using 'CodeIgniter\Session\Handlers\FileHandler' driver.
INFO - 2023-09-20 14:21:56 --> Session: Class initialized using 'CodeIgniter\Session\Handlers\FileHandler' driver.
CRITICAL - 2023-09-20 14:21:56 --> Undefined index: nama_ptk
in APPPATH\Views\master\gajidosen.php on line 139.
 1 APPPATH\Views\master\gajidosen.php(139): CodeIgniter\Debug\Exceptions->errorHandler(8, 'Undefined index: nama_ptk', 'D:\\PROJECT-CI\\Absensi\\app\\Views\\master\\gajidosen.php', 139, [...])
 2 SYSTEMPATH\View\View.php(213): include('D:\\PROJECT-CI\\Absensi\\app\\Views\\master\\gajidosen.php')
 3 SYSTEMPATH\View\View.php(216): CodeIgniter\View\View->CodeIgniter\View\{closure}()
 4 SYSTEMPATH\Common.php(1184): CodeIgniter\View\View->render('master/gajidosen', [], true)
 5 APPPATH\Controllers\Gajidosen.php(37): view('master/gajidosen', [...])
 6 SYSTEMPATH\CodeIgniter.php(934): App\Controllers\Gajidosen->index()
 7 SYSTEMPATH\CodeIgniter.php(499): CodeIgniter\CodeIgniter->runController(Object(App\Controllers\Gajidosen))
 8 SYSTEMPATH\CodeIgniter.php(368): CodeIgniter\CodeIgniter->handleRequest(null, Object(Config\Cache), false)
 9 FCPATH\index.php(67): CodeIgniter\CodeIgniter->run()
10 SYSTEMPATH\Commands\Server\rewrite.php(47): require_once('D:\\PROJECT-CI\\Absensi\\public\\index.php')
INFO - 2023-09-20 14:23:31 --> Session: Class initialized using 'CodeIgniter\Session\Handlers\FileHandler' driver.
INFO - 2023-09-20 14:23:51 --> Session: Class initialized using 'CodeIgniter\Session\Handlers\FileHandler' driver.
INFO - 2023-09-20 14:41:46 --> Session: Class initialized using 'CodeIgniter\Session\Handlers\FileHandler' driver.
