ERROR - 2024-06-14 04:47:36 --> mysqli_sql_exception: MySQL server has gone away in D:\PROJECT-CI\absen_mahad\system\Database\MySQLi\Connection.php:295
Stack trace:
#0 D:\PROJECT-CI\absen_mahad\system\Database\MySQLi\Connection.php(295): mysqli->query('SELECT file FRO...', 0)
#1 D:\PROJECT-CI\absen_mahad\system\Database\BaseConnection.php(691): CodeIgniter\Database\MySQLi\Connection->execute('SELECT file FRO...')
#2 D:\PROJECT-CI\absen_mahad\system\Database\BaseConnection.php(605): CodeIgniter\Database\BaseConnection->simpleQuery('SELECT file FRO...')
#3 D:\PROJECT-CI\absen_mahad\app\Controllers\Cpanel.php(16): CodeIgniter\Database\BaseConnection->query('SELECT file FRO...')
#4 D:\PROJECT-CI\absen_mahad\system\CodeIgniter.php(934): App\Controllers\Cpanel->index()
#5 D:\PROJECT-CI\absen_mahad\system\CodeIgniter.php(499): CodeIgniter\CodeIgniter->runController(Object(App\Controllers\Cpanel))
#6 D:\PROJECT-CI\absen_mahad\system\CodeIgniter.php(368): CodeIgniter\CodeIgniter->handleRequest(NULL, Object(Config\Cache), false)
#7 D:\PROJECT-CI\absen_mahad\public\index.php(67): CodeIgniter\CodeIgniter->run()
#8 D:\PROJECT-CI\absen_mahad\system\Commands\Server\rewrite.php(47): require_once('D:\\PROJECT-CI\\a...')
#9 {main}
CRITICAL - 2024-06-14 04:47:36 --> MySQL server has gone away
in SYSTEMPATH\Database\MySQLi\Connection.php on line 295.
 1 SYSTEMPATH\Database\MySQLi\Connection.php(295): mysqli->query('SELECT file FROM t_setting_aplikasi', 0)
 2 SYSTEMPATH\Database\BaseConnection.php(691): CodeIgniter\Database\MySQLi\Connection->execute('SELECT file FROM t_setting_aplikasi')
 3 SYSTEMPATH\Database\BaseConnection.php(605): CodeIgniter\Database\BaseConnection->simpleQuery('SELECT file FROM t_setting_aplikasi')
 4 APPPATH\Controllers\Cpanel.php(16): CodeIgniter\Database\BaseConnection->query('SELECT file FROM t_setting_aplikasi')
 5 SYSTEMPATH\CodeIgniter.php(934): App\Controllers\Cpanel->index()
 6 SYSTEMPATH\CodeIgniter.php(499): CodeIgniter\CodeIgniter->runController(Object(App\Controllers\Cpanel))
 7 SYSTEMPATH\CodeIgniter.php(368): CodeIgniter\CodeIgniter->handleRequest(null, Object(Config\Cache), false)
 8 FCPATH\index.php(67): CodeIgniter\CodeIgniter->run()
 9 SYSTEMPATH\Commands\Server\rewrite.php(47): require_once('D:\\PROJECT-CI\\absen_mahad\\public\\index.php')
ERROR - 2024-06-14 04:47:40 --> Error connecting to the database: mysqli_sql_exception: No connection could be made because the target machine actively refused it.
 in D:\PROJECT-CI\absen_mahad\system\Database\MySQLi\Connection.php:174
Stack trace:
#0 D:\PROJECT-CI\absen_mahad\system\Database\MySQLi\Connection.php(174): mysqli->real_connect('localhost', 'root', '', 'absen_mahad', 3306, '', 0)
#1 D:\PROJECT-CI\absen_mahad\system\Database\BaseConnection.php(391): CodeIgniter\Database\MySQLi\Connection->connect(false)
#2 D:\PROJECT-CI\absen_mahad\system\Database\BaseConnection.php(573): CodeIgniter\Database\BaseConnection->initialize()
#3 D:\PROJECT-CI\absen_mahad\app\Controllers\Cpanel.php(16): CodeIgniter\Database\BaseConnection->query('SELECT file FRO...')
#4 D:\PROJECT-CI\absen_mahad\system\CodeIgniter.php(934): App\Controllers\Cpanel->index()
#5 D:\PROJECT-CI\absen_mahad\system\CodeIgniter.php(499): CodeIgniter\CodeIgniter->runController(Object(App\Controllers\Cpanel))
#6 D:\PROJECT-CI\absen_mahad\system\CodeIgniter.php(368): CodeIgniter\CodeIgniter->handleRequest(NULL, Object(Config\Cache), false)
#7 D:\PROJECT-CI\absen_mahad\public\index.php(67): CodeIgniter\CodeIgniter->run()
#8 D:\PROJECT-CI\absen_mahad\system\Commands\Server\rewrite.php(47): require_once('D:\\PROJECT-CI\\a...')
#9 {main}

Next CodeIgniter\Database\Exceptions\DatabaseException: No connection could be made because the target machine actively refused it.
 in D:\PROJECT-CI\absen_mahad\system\Database\MySQLi\Connection.php:218
Stack trace:
#0 D:\PROJECT-CI\absen_mahad\system\Database\BaseConnection.php(391): CodeIgniter\Database\MySQLi\Connection->connect(false)
#1 D:\PROJECT-CI\absen_mahad\system\Database\BaseConnection.php(573): CodeIgniter\Database\BaseConnection->initialize()
#2 D:\PROJECT-CI\absen_mahad\app\Controllers\Cpanel.php(16): CodeIgniter\Database\BaseConnection->query('SELECT file FRO...')
#3 D:\PROJECT-CI\absen_mahad\system\CodeIgniter.php(934): App\Controllers\Cpanel->index()
#4 D:\PROJECT-CI\absen_mahad\system\CodeIgniter.php(499): CodeIgniter\CodeIgniter->runController(Object(App\Controllers\Cpanel))
#5 D:\PROJECT-CI\absen_mahad\system\CodeIgniter.php(368): CodeIgniter\CodeIgniter->handleRequest(NULL, Object(Config\Cache), false)
#6 D:\PROJECT-CI\absen_mahad\public\index.php(67): CodeIgniter\CodeIgniter->run()
#7 D:\PROJECT-CI\absen_mahad\system\Commands\Server\rewrite.php(47): require_once('D:\\PROJECT-CI\\a...')
#8 {main}
CRITICAL - 2024-06-14 04:47:40 --> Unable to connect to the database.
Main connection [MySQLi]: No connection could be made because the target machine actively refused it.

in SYSTEMPATH\Database\BaseConnection.php on line 427.
 1 SYSTEMPATH\Database\BaseConnection.php(573): CodeIgniter\Database\BaseConnection->initialize()
 2 APPPATH\Controllers\Cpanel.php(16): CodeIgniter\Database\BaseConnection->query('SELECT file FROM t_setting_aplikasi')
 3 SYSTEMPATH\CodeIgniter.php(934): App\Controllers\Cpanel->index()
 4 SYSTEMPATH\CodeIgniter.php(499): CodeIgniter\CodeIgniter->runController(Object(App\Controllers\Cpanel))
 5 SYSTEMPATH\CodeIgniter.php(368): CodeIgniter\CodeIgniter->handleRequest(null, Object(Config\Cache), false)
 6 FCPATH\index.php(67): CodeIgniter\CodeIgniter->run()
 7 SYSTEMPATH\Commands\Server\rewrite.php(47): require_once('D:\\PROJECT-CI\\absen_mahad\\public\\index.php')
