INFO - 2023-09-26 02:41:59 --> Session: Class initialized using 'CodeIgniter\Session\Handlers\FileHandler' driver.
INFO - 2023-09-26 02:45:12 --> Session: Class initialized using 'CodeIgniter\Session\Handlers\FileHandler' driver.
INFO - 2023-09-26 02:45:13 --> Session: Class initialized using 'CodeIgniter\Session\Handlers\FileHandler' driver.
INFO - 2023-09-26 02:47:06 --> Session: Class initialized using 'CodeIgniter\Session\Handlers\FileHandler' driver.
INFO - 2023-09-26 02:47:59 --> Session: Class initialized using 'CodeIgniter\Session\Handlers\FileHandler' driver.
INFO - 2023-09-26 02:48:00 --> Session: Class initialized using 'CodeIgniter\Session\Handlers\FileHandler' driver.
INFO - 2023-09-26 02:48:06 --> Session: Class initialized using 'CodeIgniter\Session\Handlers\FileHandler' driver.
INFO - 2023-09-26 02:48:06 --> Session: Class initialized using 'CodeIgniter\Session\Handlers\FileHandler' driver.
INFO - 2023-09-26 02:48:21 --> Session: Class initialized using 'CodeIgniter\Session\Handlers\FileHandler' driver.
INFO - 2023-09-26 02:51:06 --> Session: Class initialized using 'CodeIgniter\Session\Handlers\FileHandler' driver.
INFO - 2023-09-26 02:51:58 --> Session: Class initialized using 'CodeIgniter\Session\Handlers\FileHandler' driver.
INFO - 2023-09-26 02:52:06 --> Session: Class initialized using 'CodeIgniter\Session\Handlers\FileHandler' driver.
INFO - 2023-09-26 02:53:22 --> Session: Class initialized using 'CodeIgniter\Session\Handlers\FileHandler' driver.
INFO - 2023-09-26 02:54:41 --> Session: Class initialized using 'CodeIgniter\Session\Handlers\FileHandler' driver.
INFO - 2023-09-26 02:54:41 --> Session: Class initialized using 'CodeIgniter\Session\Handlers\FileHandler' driver.
INFO - 2023-09-26 02:54:52 --> Session: Class initialized using 'CodeIgniter\Session\Handlers\FileHandler' driver.
INFO - 2023-09-26 02:55:04 --> Session: Class initialized using 'CodeIgniter\Session\Handlers\FileHandler' driver.
INFO - 2023-09-26 02:55:05 --> Session: Class initialized using 'CodeIgniter\Session\Handlers\FileHandler' driver.
INFO - 2023-09-26 02:55:08 --> Session: Class initialized using 'CodeIgniter\Session\Handlers\FileHandler' driver.
INFO - 2023-09-26 02:55:15 --> Session: Class initialized using 'CodeIgniter\Session\Handlers\FileHandler' driver.
INFO - 2023-09-26 02:55:16 --> Session: Class initialized using 'CodeIgniter\Session\Handlers\FileHandler' driver.
INFO - 2023-09-26 02:55:29 --> Session: Class initialized using 'CodeIgniter\Session\Handlers\FileHandler' driver.
INFO - 2023-09-26 02:56:27 --> Session: Class initialized using 'CodeIgniter\Session\Handlers\FileHandler' driver.
INFO - 2023-09-26 02:56:34 --> Session: Class initialized using 'CodeIgniter\Session\Handlers\FileHandler' driver.
INFO - 2023-09-26 02:56:41 --> Session: Class initialized using 'CodeIgniter\Session\Handlers\FileHandler' driver.
INFO - 2023-09-26 02:56:42 --> Session: Class initialized using 'CodeIgniter\Session\Handlers\FileHandler' driver.
INFO - 2023-09-26 02:57:02 --> Session: Class initialized using 'CodeIgniter\Session\Handlers\FileHandler' driver.
INFO - 2023-09-26 02:57:10 --> Session: Class initialized using 'CodeIgniter\Session\Handlers\FileHandler' driver.
INFO - 2023-09-26 02:57:18 --> Session: Class initialized using 'CodeIgniter\Session\Handlers\FileHandler' driver.
INFO - 2023-09-26 02:57:23 --> Session: Class initialized using 'CodeIgniter\Session\Handlers\FileHandler' driver.
INFO - 2023-09-26 02:58:09 --> Session: Class initialized using 'CodeIgniter\Session\Handlers\FileHandler' driver.
INFO - 2023-09-26 02:58:14 --> Session: Class initialized using 'CodeIgniter\Session\Handlers\FileHandler' driver.
INFO - 2023-09-26 02:59:12 --> Session: Class initialized using 'CodeIgniter\Session\Handlers\FileHandler' driver.
INFO - 2023-09-26 02:59:44 --> Session: Class initialized using 'CodeIgniter\Session\Handlers\FileHandler' driver.
INFO - 2023-09-26 03:00:34 --> Session: Class initialized using 'CodeIgniter\Session\Handlers\FileHandler' driver.
INFO - 2023-09-26 03:00:53 --> Session: Class initialized using 'CodeIgniter\Session\Handlers\FileHandler' driver.
INFO - 2023-09-26 03:01:27 --> Session: Class initialized using 'CodeIgniter\Session\Handlers\FileHandler' driver.
INFO - 2023-09-26 03:01:34 --> Session: Class initialized using 'CodeIgniter\Session\Handlers\FileHandler' driver.
INFO - 2023-09-26 03:02:59 --> Session: Class initialized using 'CodeIgniter\Session\Handlers\FileHandler' driver.
INFO - 2023-09-26 03:03:07 --> Session: Class initialized using 'CodeIgniter\Session\Handlers\FileHandler' driver.
INFO - 2023-09-26 03:03:21 --> Session: Class initialized using 'CodeIgniter\Session\Handlers\FileHandler' driver.
INFO - 2023-09-26 03:03:21 --> Session: Class initialized using 'CodeIgniter\Session\Handlers\FileHandler' driver.
CRITICAL - 2023-09-26 03:03:21 --> Trying to get property 'nama_ptk' of non-object
in APPPATH\Controllers\Gajidosen.php on line 316.
 1 APPPATH\Controllers\Gajidosen.php(316): CodeIgniter\Debug\Exceptions->errorHandler(8, 'Trying to get property \'nama_ptk\' of non-object', 'D:\\PROJECT-CI\\Absensi\\app\\Controllers\\Gajidosen.php', 316, [...])
 2 SYSTEMPATH\CodeIgniter.php(934): App\Controllers\Gajidosen->cetakpegawai('main.js')
 3 SYSTEMPATH\CodeIgniter.php(499): CodeIgniter\CodeIgniter->runController(Object(App\Controllers\Gajidosen))
 4 SYSTEMPATH\CodeIgniter.php(368): CodeIgniter\CodeIgniter->handleRequest(null, Object(Config\Cache), false)
 5 FCPATH\index.php(67): CodeIgniter\CodeIgniter->run()
 6 SYSTEMPATH\Commands\Server\rewrite.php(47): require_once('D:\\PROJECT-CI\\Absensi\\public\\index.php')
INFO - 2023-09-26 03:03:21 --> Session: Class initialized using 'CodeIgniter\Session\Handlers\FileHandler' driver.
CRITICAL - 2023-09-26 03:03:21 --> Trying to get property 'nama_ptk' of non-object
in APPPATH\Controllers\Gajidosen.php on line 316.
 1 APPPATH\Controllers\Gajidosen.php(316): CodeIgniter\Debug\Exceptions->errorHandler(8, 'Trying to get property \'nama_ptk\' of non-object', 'D:\\PROJECT-CI\\Absensi\\app\\Controllers\\Gajidosen.php', 316, [...])
 2 SYSTEMPATH\CodeIgniter.php(934): App\Controllers\Gajidosen->cetakpegawai('main.css')
 3 SYSTEMPATH\CodeIgniter.php(499): CodeIgniter\CodeIgniter->runController(Object(App\Controllers\Gajidosen))
 4 SYSTEMPATH\CodeIgniter.php(368): CodeIgniter\CodeIgniter->handleRequest(null, Object(Config\Cache), false)
 5 FCPATH\index.php(67): CodeIgniter\CodeIgniter->run()
 6 SYSTEMPATH\Commands\Server\rewrite.php(47): require_once('D:\\PROJECT-CI\\Absensi\\public\\index.php')
INFO - 2023-09-26 03:03:39 --> Session: Class initialized using 'CodeIgniter\Session\Handlers\FileHandler' driver.
INFO - 2023-09-26 03:03:57 --> Session: Class initialized using 'CodeIgniter\Session\Handlers\FileHandler' driver.
INFO - 2023-09-26 03:03:57 --> Session: Class initialized using 'CodeIgniter\Session\Handlers\FileHandler' driver.
INFO - 2023-09-26 03:04:12 --> Session: Class initialized using 'CodeIgniter\Session\Handlers\FileHandler' driver.
INFO - 2023-09-26 03:04:12 --> Session: Class initialized using 'CodeIgniter\Session\Handlers\FileHandler' driver.
INFO - 2023-09-26 03:04:20 --> Session: Class initialized using 'CodeIgniter\Session\Handlers\FileHandler' driver.
INFO - 2023-09-26 03:04:20 --> Session: Class initialized using 'CodeIgniter\Session\Handlers\FileHandler' driver.
INFO - 2023-09-26 03:05:11 --> Session: Class initialized using 'CodeIgniter\Session\Handlers\FileHandler' driver.
INFO - 2023-09-26 03:05:24 --> Session: Class initialized using 'CodeIgniter\Session\Handlers\FileHandler' driver.
INFO - 2023-09-26 03:13:49 --> Session: Class initialized using 'CodeIgniter\Session\Handlers\FileHandler' driver.
INFO - 2023-09-26 03:13:49 --> Session: Class initialized using 'CodeIgniter\Session\Handlers\FileHandler' driver.
INFO - 2023-09-26 03:13:56 --> Session: Class initialized using 'CodeIgniter\Session\Handlers\FileHandler' driver.
INFO - 2023-09-26 03:13:56 --> Session: Class initialized using 'CodeIgniter\Session\Handlers\FileHandler' driver.
INFO - 2023-09-26 03:16:15 --> Session: Class initialized using 'CodeIgniter\Session\Handlers\FileHandler' driver.
INFO - 2023-09-26 03:16:25 --> Session: Class initialized using 'CodeIgniter\Session\Handlers\FileHandler' driver.
INFO - 2023-09-26 03:16:28 --> Session: Class initialized using 'CodeIgniter\Session\Handlers\FileHandler' driver.
INFO - 2023-09-26 03:16:40 --> Session: Class initialized using 'CodeIgniter\Session\Handlers\FileHandler' driver.
INFO - 2023-09-26 03:17:02 --> Session: Class initialized using 'CodeIgniter\Session\Handlers\FileHandler' driver.
INFO - 2023-09-26 05:00:08 --> Session: Class initialized using 'CodeIgniter\Session\Handlers\FileHandler' driver.
INFO - 2023-09-26 05:01:47 --> Session: Class initialized using 'CodeIgniter\Session\Handlers\FileHandler' driver.
INFO - 2023-09-26 05:01:48 --> Session: Class initialized using 'CodeIgniter\Session\Handlers\FileHandler' driver.
INFO - 2023-09-26 05:14:16 --> Session: Class initialized using 'CodeIgniter\Session\Handlers\FileHandler' driver.
INFO - 2023-09-26 05:35:41 --> Session: Class initialized using 'CodeIgniter\Session\Handlers\FileHandler' driver.
INFO - 2023-09-26 05:35:43 --> Session: Class initialized using 'CodeIgniter\Session\Handlers\FileHandler' driver.
ERROR - 2023-09-26 05:35:43 --> mysqli_sql_exception: Unknown column 't_ptk_id_ptk' in 'on clause' in D:\PROJECT-CI\Absensi\system\Database\MySQLi\Connection.php:295
Stack trace:
#0 D:\PROJECT-CI\Absensi\system\Database\MySQLi\Connection.php(295): mysqli->query('SELECT `t_ptk`....', 0)
#1 D:\PROJECT-CI\Absensi\system\Database\BaseConnection.php(691): CodeIgniter\Database\MySQLi\Connection->execute('SELECT `t_ptk`....')
#2 D:\PROJECT-CI\Absensi\system\Database\BaseConnection.php(605): CodeIgniter\Database\BaseConnection->simpleQuery('SELECT `t_ptk`....')
#3 D:\PROJECT-CI\Absensi\system\Database\BaseBuilder.php(1616): CodeIgniter\Database\BaseConnection->query('SELECT `t_ptk`....', Array, false)
#4 D:\PROJECT-CI\Absensi\app\Models\Lembur_model.php(19): CodeIgniter\Database\BaseBuilder->get()
#5 D:\PROJECT-CI\Absensi\app\Controllers\Lembur.php(108): App\Models\Lembur_model->getLembur('2023-09-26')
#6 D:\PROJECT-CI\Absensi\system\CodeIgniter.php(934): App\Controllers\Lembur->report()
#7 D:\PROJECT-CI\Absensi\system\CodeIgniter.php(499): CodeIgniter\CodeIgniter->runController(Object(App\Controllers\Lembur))
#8 D:\PROJECT-CI\Absensi\system\CodeIgniter.php(368): CodeIgniter\CodeIgniter->handleRequest(NULL, Object(Config\Cache), false)
#9 D:\PROJECT-CI\Absensi\public\index.php(67): CodeIgniter\CodeIgniter->run()
#10 D:\PROJECT-CI\Absensi\system\Commands\Server\rewrite.php(47): require_once('D:\\PROJECT-CI\\A...')
#11 {main}
CRITICAL - 2023-09-26 05:35:43 --> Unknown column 't_ptk_id_ptk' in 'on clause'
in SYSTEMPATH\Database\MySQLi\Connection.php on line 295.
 1 SYSTEMPATH\Database\MySQLi\Connection.php(295): mysqli->query('SELECT `t_ptk`.`id_jenis_ptk` as `id_jenis_ptk`, `t_ptk`.`id_ptk` as `id_ptk`, `nip`, `nik`, `nama_ptk`, `nama_jenis_ptk`, `tgl_lembur`, `tgl_approve`, `nama`
FROM `t_lembur`
JOIN `t_ptk` ON `t_ptk_id_ptk` = `t_lembur`.`id_ptk`
JOIN `t_user` ON `t_user_id_user` = `t_lembur`.`id_user`
JOIN `r_jenis_ptk` ON `r_jenis_ptk`.`id_jenis_ptk` = `t_ptk`.`id_jenis_ptk`
WHERE `tgl_lembur` = \'2023-09-26\'', 0)
 2 SYSTEMPATH\Database\BaseConnection.php(691): CodeIgniter\Database\MySQLi\Connection->execute('SELECT `t_ptk`.`id_jenis_ptk` as `id_jenis_ptk`, `t_ptk`.`id_ptk` as `id_ptk`, `nip`, `nik`, `nama_ptk`, `nama_jenis_ptk`, `tgl_lembur`, `tgl_approve`, `nama`
FROM `t_lembur`
JOIN `t_ptk` ON `t_ptk_id_ptk` = `t_lembur`.`id_ptk`
JOIN `t_user` ON `t_user_id_user` = `t_lembur`.`id_user`
JOIN `r_jenis_ptk` ON `r_jenis_ptk`.`id_jenis_ptk` = `t_ptk`.`id_jenis_ptk`
WHERE `tgl_lembur` = \'2023-09-26\'')
 3 SYSTEMPATH\Database\BaseConnection.php(605): CodeIgniter\Database\BaseConnection->simpleQuery('SELECT `t_ptk`.`id_jenis_ptk` as `id_jenis_ptk`, `t_ptk`.`id_ptk` as `id_ptk`, `nip`, `nik`, `nama_ptk`, `nama_jenis_ptk`, `tgl_lembur`, `tgl_approve`, `nama`
FROM `t_lembur`
JOIN `t_ptk` ON `t_ptk_id_ptk` = `t_lembur`.`id_ptk`
JOIN `t_user` ON `t_user_id_user` = `t_lembur`.`id_user`
JOIN `r_jenis_ptk` ON `r_jenis_ptk`.`id_jenis_ptk` = `t_ptk`.`id_jenis_ptk`
WHERE `tgl_lembur` = \'2023-09-26\'')
 4 SYSTEMPATH\Database\BaseBuilder.php(1616): CodeIgniter\Database\BaseConnection->query('SELECT `t_ptk`.`id_jenis_ptk` as `id_jenis_ptk`, `t_ptk`.`id_ptk` as `id_ptk`, `nip`, `nik`, `nama_ptk`, `nama_jenis_ptk`, `tgl_lembur`, `tgl_approve`, `nama`
FROM `t_lembur`
JOIN `t_ptk` ON `t_ptk_id_ptk` = `t_lembur`.`id_ptk`
JOIN `t_user` ON `t_user_id_user` = `t_lembur`.`id_user`
JOIN `r_jenis_ptk` ON `r_jenis_ptk`.`id_jenis_ptk` = `t_ptk`.`id_jenis_ptk`
WHERE `tgl_lembur` = :tgl_lembur:', [...], false)
 5 APPPATH\Models\Lembur_model.php(19): CodeIgniter\Database\BaseBuilder->get()
 6 APPPATH\Controllers\Lembur.php(108): App\Models\Lembur_model->getLembur('2023-09-26')
 7 SYSTEMPATH\CodeIgniter.php(934): App\Controllers\Lembur->report()
 8 SYSTEMPATH\CodeIgniter.php(499): CodeIgniter\CodeIgniter->runController(Object(App\Controllers\Lembur))
 9 SYSTEMPATH\CodeIgniter.php(368): CodeIgniter\CodeIgniter->handleRequest(null, Object(Config\Cache), false)
10 FCPATH\index.php(67): CodeIgniter\CodeIgniter->run()
11 SYSTEMPATH\Commands\Server\rewrite.php(47): require_once('D:\\PROJECT-CI\\Absensi\\public\\index.php')
INFO - 2023-09-26 05:36:40 --> Session: Class initialized using 'CodeIgniter\Session\Handlers\FileHandler' driver.
ERROR - 2023-09-26 05:36:40 --> mysqli_sql_exception: Unknown column 't_ptk_id_ptk' in 'on clause' in D:\PROJECT-CI\Absensi\system\Database\MySQLi\Connection.php:295
Stack trace:
#0 D:\PROJECT-CI\Absensi\system\Database\MySQLi\Connection.php(295): mysqli->query('SELECT `t_ptk`....', 0)
#1 D:\PROJECT-CI\Absensi\system\Database\BaseConnection.php(691): CodeIgniter\Database\MySQLi\Connection->execute('SELECT `t_ptk`....')
#2 D:\PROJECT-CI\Absensi\system\Database\BaseConnection.php(605): CodeIgniter\Database\BaseConnection->simpleQuery('SELECT `t_ptk`....')
#3 D:\PROJECT-CI\Absensi\system\Database\BaseBuilder.php(1616): CodeIgniter\Database\BaseConnection->query('SELECT `t_ptk`....', Array, false)
#4 D:\PROJECT-CI\Absensi\app\Models\Lembur_model.php(19): CodeIgniter\Database\BaseBuilder->get()
#5 D:\PROJECT-CI\Absensi\app\Controllers\Lembur.php(108): App\Models\Lembur_model->getLembur('2023-09-26')
#6 D:\PROJECT-CI\Absensi\system\CodeIgniter.php(934): App\Controllers\Lembur->report()
#7 D:\PROJECT-CI\Absensi\system\CodeIgniter.php(499): CodeIgniter\CodeIgniter->runController(Object(App\Controllers\Lembur))
#8 D:\PROJECT-CI\Absensi\system\CodeIgniter.php(368): CodeIgniter\CodeIgniter->handleRequest(NULL, Object(Config\Cache), false)
#9 D:\PROJECT-CI\Absensi\public\index.php(67): CodeIgniter\CodeIgniter->run()
#10 D:\PROJECT-CI\Absensi\system\Commands\Server\rewrite.php(47): require_once('D:\\PROJECT-CI\\A...')
#11 {main}
CRITICAL - 2023-09-26 05:36:40 --> Unknown column 't_ptk_id_ptk' in 'on clause'
in SYSTEMPATH\Database\MySQLi\Connection.php on line 295.
 1 SYSTEMPATH\Database\MySQLi\Connection.php(295): mysqli->query('SELECT `t_ptk`.`id_jenis_ptk` as `id_jenis_ptk`, `t_lembur`.`id_ptk` as `id_ptk`, `nip`, `nik`, `nama_ptk`, `nama_jenis_ptk`, `tgl_lembur`, `tgl_approve`, `nama`
FROM `t_lembur`
JOIN `t_ptk` ON `t_ptk_id_ptk` = `t_lembur`.`id_ptk`
JOIN `t_user` ON `t_user_id_user` = `t_lembur`.`id_user`
JOIN `r_jenis_ptk` ON `r_jenis_ptk`.`id_jenis_ptk` = `t_ptk`.`id_jenis_ptk`
WHERE `tgl_lembur` = \'2023-09-26\'', 0)
 2 SYSTEMPATH\Database\BaseConnection.php(691): CodeIgniter\Database\MySQLi\Connection->execute('SELECT `t_ptk`.`id_jenis_ptk` as `id_jenis_ptk`, `t_lembur`.`id_ptk` as `id_ptk`, `nip`, `nik`, `nama_ptk`, `nama_jenis_ptk`, `tgl_lembur`, `tgl_approve`, `nama`
FROM `t_lembur`
JOIN `t_ptk` ON `t_ptk_id_ptk` = `t_lembur`.`id_ptk`
JOIN `t_user` ON `t_user_id_user` = `t_lembur`.`id_user`
JOIN `r_jenis_ptk` ON `r_jenis_ptk`.`id_jenis_ptk` = `t_ptk`.`id_jenis_ptk`
WHERE `tgl_lembur` = \'2023-09-26\'')
 3 SYSTEMPATH\Database\BaseConnection.php(605): CodeIgniter\Database\BaseConnection->simpleQuery('SELECT `t_ptk`.`id_jenis_ptk` as `id_jenis_ptk`, `t_lembur`.`id_ptk` as `id_ptk`, `nip`, `nik`, `nama_ptk`, `nama_jenis_ptk`, `tgl_lembur`, `tgl_approve`, `nama`
FROM `t_lembur`
JOIN `t_ptk` ON `t_ptk_id_ptk` = `t_lembur`.`id_ptk`
JOIN `t_user` ON `t_user_id_user` = `t_lembur`.`id_user`
JOIN `r_jenis_ptk` ON `r_jenis_ptk`.`id_jenis_ptk` = `t_ptk`.`id_jenis_ptk`
WHERE `tgl_lembur` = \'2023-09-26\'')
 4 SYSTEMPATH\Database\BaseBuilder.php(1616): CodeIgniter\Database\BaseConnection->query('SELECT `t_ptk`.`id_jenis_ptk` as `id_jenis_ptk`, `t_lembur`.`id_ptk` as `id_ptk`, `nip`, `nik`, `nama_ptk`, `nama_jenis_ptk`, `tgl_lembur`, `tgl_approve`, `nama`
FROM `t_lembur`
JOIN `t_ptk` ON `t_ptk_id_ptk` = `t_lembur`.`id_ptk`
JOIN `t_user` ON `t_user_id_user` = `t_lembur`.`id_user`
JOIN `r_jenis_ptk` ON `r_jenis_ptk`.`id_jenis_ptk` = `t_ptk`.`id_jenis_ptk`
WHERE `tgl_lembur` = :tgl_lembur:', [...], false)
 5 APPPATH\Models\Lembur_model.php(19): CodeIgniter\Database\BaseBuilder->get()
 6 APPPATH\Controllers\Lembur.php(108): App\Models\Lembur_model->getLembur('2023-09-26')
 7 SYSTEMPATH\CodeIgniter.php(934): App\Controllers\Lembur->report()
 8 SYSTEMPATH\CodeIgniter.php(499): CodeIgniter\CodeIgniter->runController(Object(App\Controllers\Lembur))
 9 SYSTEMPATH\CodeIgniter.php(368): CodeIgniter\CodeIgniter->handleRequest(null, Object(Config\Cache), false)
10 FCPATH\index.php(67): CodeIgniter\CodeIgniter->run()
11 SYSTEMPATH\Commands\Server\rewrite.php(47): require_once('D:\\PROJECT-CI\\Absensi\\public\\index.php')
INFO - 2023-09-26 05:41:03 --> Session: Class initialized using 'CodeIgniter\Session\Handlers\FileHandler' driver.
ERROR - 2023-09-26 05:41:03 --> mysqli_sql_exception: Unknown column 't_ptk_id_ptk' in 'on clause' in D:\PROJECT-CI\Absensi\system\Database\MySQLi\Connection.php:295
Stack trace:
#0 D:\PROJECT-CI\Absensi\system\Database\MySQLi\Connection.php(295): mysqli->query('SELECT `t_ptk`....', 0)
#1 D:\PROJECT-CI\Absensi\system\Database\BaseConnection.php(691): CodeIgniter\Database\MySQLi\Connection->execute('SELECT `t_ptk`....')
#2 D:\PROJECT-CI\Absensi\system\Database\BaseConnection.php(605): CodeIgniter\Database\BaseConnection->simpleQuery('SELECT `t_ptk`....')
#3 D:\PROJECT-CI\Absensi\system\Database\BaseBuilder.php(1616): CodeIgniter\Database\BaseConnection->query('SELECT `t_ptk`....', Array, false)
#4 D:\PROJECT-CI\Absensi\app\Models\Lembur_model.php(19): CodeIgniter\Database\BaseBuilder->get()
#5 D:\PROJECT-CI\Absensi\app\Controllers\Lembur.php(108): App\Models\Lembur_model->getLembur('2023-09-26')
#6 D:\PROJECT-CI\Absensi\system\CodeIgniter.php(934): App\Controllers\Lembur->report()
#7 D:\PROJECT-CI\Absensi\system\CodeIgniter.php(499): CodeIgniter\CodeIgniter->runController(Object(App\Controllers\Lembur))
#8 D:\PROJECT-CI\Absensi\system\CodeIgniter.php(368): CodeIgniter\CodeIgniter->handleRequest(NULL, Object(Config\Cache), false)
#9 D:\PROJECT-CI\Absensi\public\index.php(67): CodeIgniter\CodeIgniter->run()
#10 D:\PROJECT-CI\Absensi\system\Commands\Server\rewrite.php(47): require_once('D:\\PROJECT-CI\\A...')
#11 {main}
CRITICAL - 2023-09-26 05:41:03 --> Unknown column 't_ptk_id_ptk' in 'on clause'
in SYSTEMPATH\Database\MySQLi\Connection.php on line 295.
 1 SYSTEMPATH\Database\MySQLi\Connection.php(295): mysqli->query('SELECT `t_ptk`.`id_jenis_ptk` as `id_jenis_ptk`, `t_lembur`.`id_ptk` as `id_ptk`, `nip`, `nik`, `nama_ptk`, `nama_jenis_ptk`, `tgl_lembur`, `tgl_approve`, `nama`
FROM `t_lembur`
JOIN `t_ptk` ON `t_ptk_id_ptk` = `t_lembur`.`id_ptk`
JOIN `t_user` ON `t_user_id_user` = `t_lembur`.`id_user`
JOIN `r_jenis_ptk` ON `r_jenis_ptk`.`id_jenis_ptk` = `t_ptk`.`id_jenis_ptk`
WHERE `tgl_lembur` = \'2023-09-26\'', 0)
 2 SYSTEMPATH\Database\BaseConnection.php(691): CodeIgniter\Database\MySQLi\Connection->execute('SELECT `t_ptk`.`id_jenis_ptk` as `id_jenis_ptk`, `t_lembur`.`id_ptk` as `id_ptk`, `nip`, `nik`, `nama_ptk`, `nama_jenis_ptk`, `tgl_lembur`, `tgl_approve`, `nama`
FROM `t_lembur`
JOIN `t_ptk` ON `t_ptk_id_ptk` = `t_lembur`.`id_ptk`
JOIN `t_user` ON `t_user_id_user` = `t_lembur`.`id_user`
JOIN `r_jenis_ptk` ON `r_jenis_ptk`.`id_jenis_ptk` = `t_ptk`.`id_jenis_ptk`
WHERE `tgl_lembur` = \'2023-09-26\'')
 3 SYSTEMPATH\Database\BaseConnection.php(605): CodeIgniter\Database\BaseConnection->simpleQuery('SELECT `t_ptk`.`id_jenis_ptk` as `id_jenis_ptk`, `t_lembur`.`id_ptk` as `id_ptk`, `nip`, `nik`, `nama_ptk`, `nama_jenis_ptk`, `tgl_lembur`, `tgl_approve`, `nama`
FROM `t_lembur`
JOIN `t_ptk` ON `t_ptk_id_ptk` = `t_lembur`.`id_ptk`
JOIN `t_user` ON `t_user_id_user` = `t_lembur`.`id_user`
JOIN `r_jenis_ptk` ON `r_jenis_ptk`.`id_jenis_ptk` = `t_ptk`.`id_jenis_ptk`
WHERE `tgl_lembur` = \'2023-09-26\'')
 4 SYSTEMPATH\Database\BaseBuilder.php(1616): CodeIgniter\Database\BaseConnection->query('SELECT `t_ptk`.`id_jenis_ptk` as `id_jenis_ptk`, `t_lembur`.`id_ptk` as `id_ptk`, `nip`, `nik`, `nama_ptk`, `nama_jenis_ptk`, `tgl_lembur`, `tgl_approve`, `nama`
FROM `t_lembur`
JOIN `t_ptk` ON `t_ptk_id_ptk` = `t_lembur`.`id_ptk`
JOIN `t_user` ON `t_user_id_user` = `t_lembur`.`id_user`
JOIN `r_jenis_ptk` ON `r_jenis_ptk`.`id_jenis_ptk` = `t_ptk`.`id_jenis_ptk`
WHERE `tgl_lembur` = :tgl_lembur:', [...], false)
 5 APPPATH\Models\Lembur_model.php(19): CodeIgniter\Database\BaseBuilder->get()
 6 APPPATH\Controllers\Lembur.php(108): App\Models\Lembur_model->getLembur('2023-09-26')
 7 SYSTEMPATH\CodeIgniter.php(934): App\Controllers\Lembur->report()
 8 SYSTEMPATH\CodeIgniter.php(499): CodeIgniter\CodeIgniter->runController(Object(App\Controllers\Lembur))
 9 SYSTEMPATH\CodeIgniter.php(368): CodeIgniter\CodeIgniter->handleRequest(null, Object(Config\Cache), false)
10 FCPATH\index.php(67): CodeIgniter\CodeIgniter->run()
11 SYSTEMPATH\Commands\Server\rewrite.php(47): require_once('D:\\PROJECT-CI\\Absensi\\public\\index.php')
INFO - 2023-09-26 05:42:08 --> Session: Class initialized using 'CodeIgniter\Session\Handlers\FileHandler' driver.
ERROR - 2023-09-26 05:42:08 --> mysqli_sql_exception: Unknown column 't_ptk_id_ptk' in 'on clause' in D:\PROJECT-CI\Absensi\system\Database\MySQLi\Connection.php:295
Stack trace:
#0 D:\PROJECT-CI\Absensi\system\Database\MySQLi\Connection.php(295): mysqli->query('SELECT `t_ptk`....', 0)
#1 D:\PROJECT-CI\Absensi\system\Database\BaseConnection.php(691): CodeIgniter\Database\MySQLi\Connection->execute('SELECT `t_ptk`....')
#2 D:\PROJECT-CI\Absensi\system\Database\BaseConnection.php(605): CodeIgniter\Database\BaseConnection->simpleQuery('SELECT `t_ptk`....')
#3 D:\PROJECT-CI\Absensi\system\Database\BaseBuilder.php(1616): CodeIgniter\Database\BaseConnection->query('SELECT `t_ptk`....', Array, false)
#4 D:\PROJECT-CI\Absensi\app\Models\Lembur_model.php(19): CodeIgniter\Database\BaseBuilder->get()
#5 D:\PROJECT-CI\Absensi\app\Controllers\Lembur.php(106): App\Models\Lembur_model->getLembur('2023-09-26')
#6 D:\PROJECT-CI\Absensi\system\CodeIgniter.php(934): App\Controllers\Lembur->report()
#7 D:\PROJECT-CI\Absensi\system\CodeIgniter.php(499): CodeIgniter\CodeIgniter->runController(Object(App\Controllers\Lembur))
#8 D:\PROJECT-CI\Absensi\system\CodeIgniter.php(368): CodeIgniter\CodeIgniter->handleRequest(NULL, Object(Config\Cache), false)
#9 D:\PROJECT-CI\Absensi\public\index.php(67): CodeIgniter\CodeIgniter->run()
#10 D:\PROJECT-CI\Absensi\system\Commands\Server\rewrite.php(47): require_once('D:\\PROJECT-CI\\A...')
#11 {main}
CRITICAL - 2023-09-26 05:42:08 --> Unknown column 't_ptk_id_ptk' in 'on clause'
in SYSTEMPATH\Database\MySQLi\Connection.php on line 295.
 1 SYSTEMPATH\Database\MySQLi\Connection.php(295): mysqli->query('SELECT `t_ptk`.`id_jenis_ptk` as `id_jenis_ptk`, `nip`, `nik`, `nama_ptk`, `nama_jenis_ptk`, `tgl_lembur`, `tgl_approve`, `nama`
FROM `t_lembur`
JOIN `t_ptk` ON `t_ptk_id_ptk` = `t_lembur`.`id_ptk`
JOIN `t_user` ON `t_user_id_user` = `t_lembur`.`id_user`
JOIN `r_jenis_ptk` ON `r_jenis_ptk`.`id_jenis_ptk` = `t_ptk`.`id_jenis_ptk`
WHERE `tgl_lembur` = \'2023-09-26\'', 0)
 2 SYSTEMPATH\Database\BaseConnection.php(691): CodeIgniter\Database\MySQLi\Connection->execute('SELECT `t_ptk`.`id_jenis_ptk` as `id_jenis_ptk`, `nip`, `nik`, `nama_ptk`, `nama_jenis_ptk`, `tgl_lembur`, `tgl_approve`, `nama`
FROM `t_lembur`
JOIN `t_ptk` ON `t_ptk_id_ptk` = `t_lembur`.`id_ptk`
JOIN `t_user` ON `t_user_id_user` = `t_lembur`.`id_user`
JOIN `r_jenis_ptk` ON `r_jenis_ptk`.`id_jenis_ptk` = `t_ptk`.`id_jenis_ptk`
WHERE `tgl_lembur` = \'2023-09-26\'')
 3 SYSTEMPATH\Database\BaseConnection.php(605): CodeIgniter\Database\BaseConnection->simpleQuery('SELECT `t_ptk`.`id_jenis_ptk` as `id_jenis_ptk`, `nip`, `nik`, `nama_ptk`, `nama_jenis_ptk`, `tgl_lembur`, `tgl_approve`, `nama`
FROM `t_lembur`
JOIN `t_ptk` ON `t_ptk_id_ptk` = `t_lembur`.`id_ptk`
JOIN `t_user` ON `t_user_id_user` = `t_lembur`.`id_user`
JOIN `r_jenis_ptk` ON `r_jenis_ptk`.`id_jenis_ptk` = `t_ptk`.`id_jenis_ptk`
WHERE `tgl_lembur` = \'2023-09-26\'')
 4 SYSTEMPATH\Database\BaseBuilder.php(1616): CodeIgniter\Database\BaseConnection->query('SELECT `t_ptk`.`id_jenis_ptk` as `id_jenis_ptk`, `nip`, `nik`, `nama_ptk`, `nama_jenis_ptk`, `tgl_lembur`, `tgl_approve`, `nama`
FROM `t_lembur`
JOIN `t_ptk` ON `t_ptk_id_ptk` = `t_lembur`.`id_ptk`
JOIN `t_user` ON `t_user_id_user` = `t_lembur`.`id_user`
JOIN `r_jenis_ptk` ON `r_jenis_ptk`.`id_jenis_ptk` = `t_ptk`.`id_jenis_ptk`
WHERE `tgl_lembur` = :tgl_lembur:', [...], false)
 5 APPPATH\Models\Lembur_model.php(19): CodeIgniter\Database\BaseBuilder->get()
 6 APPPATH\Controllers\Lembur.php(106): App\Models\Lembur_model->getLembur('2023-09-26')
 7 SYSTEMPATH\CodeIgniter.php(934): App\Controllers\Lembur->report()
 8 SYSTEMPATH\CodeIgniter.php(499): CodeIgniter\CodeIgniter->runController(Object(App\Controllers\Lembur))
 9 SYSTEMPATH\CodeIgniter.php(368): CodeIgniter\CodeIgniter->handleRequest(null, Object(Config\Cache), false)
10 FCPATH\index.php(67): CodeIgniter\CodeIgniter->run()
11 SYSTEMPATH\Commands\Server\rewrite.php(47): require_once('D:\\PROJECT-CI\\Absensi\\public\\index.php')
INFO - 2023-09-26 05:42:10 --> Session: Class initialized using 'CodeIgniter\Session\Handlers\FileHandler' driver.
ERROR - 2023-09-26 05:42:10 --> mysqli_sql_exception: Unknown column 't_ptk_id_ptk' in 'on clause' in D:\PROJECT-CI\Absensi\system\Database\MySQLi\Connection.php:295
Stack trace:
#0 D:\PROJECT-CI\Absensi\system\Database\MySQLi\Connection.php(295): mysqli->query('SELECT `t_ptk`....', 0)
#1 D:\PROJECT-CI\Absensi\system\Database\BaseConnection.php(691): CodeIgniter\Database\MySQLi\Connection->execute('SELECT `t_ptk`....')
#2 D:\PROJECT-CI\Absensi\system\Database\BaseConnection.php(605): CodeIgniter\Database\BaseConnection->simpleQuery('SELECT `t_ptk`....')
#3 D:\PROJECT-CI\Absensi\system\Database\BaseBuilder.php(1616): CodeIgniter\Database\BaseConnection->query('SELECT `t_ptk`....', Array, false)
#4 D:\PROJECT-CI\Absensi\app\Models\Lembur_model.php(19): CodeIgniter\Database\BaseBuilder->get()
#5 D:\PROJECT-CI\Absensi\app\Controllers\Lembur.php(106): App\Models\Lembur_model->getLembur('2023-09-26')
#6 D:\PROJECT-CI\Absensi\system\CodeIgniter.php(934): App\Controllers\Lembur->report()
#7 D:\PROJECT-CI\Absensi\system\CodeIgniter.php(499): CodeIgniter\CodeIgniter->runController(Object(App\Controllers\Lembur))
#8 D:\PROJECT-CI\Absensi\system\CodeIgniter.php(368): CodeIgniter\CodeIgniter->handleRequest(NULL, Object(Config\Cache), false)
#9 D:\PROJECT-CI\Absensi\public\index.php(67): CodeIgniter\CodeIgniter->run()
#10 D:\PROJECT-CI\Absensi\system\Commands\Server\rewrite.php(47): require_once('D:\\PROJECT-CI\\A...')
#11 {main}
CRITICAL - 2023-09-26 05:42:10 --> Unknown column 't_ptk_id_ptk' in 'on clause'
in SYSTEMPATH\Database\MySQLi\Connection.php on line 295.
 1 SYSTEMPATH\Database\MySQLi\Connection.php(295): mysqli->query('SELECT `t_ptk`.`id_jenis_ptk` as `id_jenis_ptk`, `nip`, `nik`, `nama_ptk`, `nama_jenis_ptk`, `tgl_lembur`, `tgl_approve`, `nama`
FROM `t_lembur`
JOIN `t_ptk` ON `t_ptk_id_ptk` = `t_lembur`.`id_ptk`
JOIN `t_user` ON `t_user_id_user` = `t_lembur`.`id_user`
JOIN `r_jenis_ptk` ON `r_jenis_ptk`.`id_jenis_ptk` = `t_ptk`.`id_jenis_ptk`
WHERE `tgl_lembur` = \'2023-09-26\'', 0)
 2 SYSTEMPATH\Database\BaseConnection.php(691): CodeIgniter\Database\MySQLi\Connection->execute('SELECT `t_ptk`.`id_jenis_ptk` as `id_jenis_ptk`, `nip`, `nik`, `nama_ptk`, `nama_jenis_ptk`, `tgl_lembur`, `tgl_approve`, `nama`
FROM `t_lembur`
JOIN `t_ptk` ON `t_ptk_id_ptk` = `t_lembur`.`id_ptk`
JOIN `t_user` ON `t_user_id_user` = `t_lembur`.`id_user`
JOIN `r_jenis_ptk` ON `r_jenis_ptk`.`id_jenis_ptk` = `t_ptk`.`id_jenis_ptk`
WHERE `tgl_lembur` = \'2023-09-26\'')
 3 SYSTEMPATH\Database\BaseConnection.php(605): CodeIgniter\Database\BaseConnection->simpleQuery('SELECT `t_ptk`.`id_jenis_ptk` as `id_jenis_ptk`, `nip`, `nik`, `nama_ptk`, `nama_jenis_ptk`, `tgl_lembur`, `tgl_approve`, `nama`
FROM `t_lembur`
JOIN `t_ptk` ON `t_ptk_id_ptk` = `t_lembur`.`id_ptk`
JOIN `t_user` ON `t_user_id_user` = `t_lembur`.`id_user`
JOIN `r_jenis_ptk` ON `r_jenis_ptk`.`id_jenis_ptk` = `t_ptk`.`id_jenis_ptk`
WHERE `tgl_lembur` = \'2023-09-26\'')
 4 SYSTEMPATH\Database\BaseBuilder.php(1616): CodeIgniter\Database\BaseConnection->query('SELECT `t_ptk`.`id_jenis_ptk` as `id_jenis_ptk`, `nip`, `nik`, `nama_ptk`, `nama_jenis_ptk`, `tgl_lembur`, `tgl_approve`, `nama`
FROM `t_lembur`
JOIN `t_ptk` ON `t_ptk_id_ptk` = `t_lembur`.`id_ptk`
JOIN `t_user` ON `t_user_id_user` = `t_lembur`.`id_user`
JOIN `r_jenis_ptk` ON `r_jenis_ptk`.`id_jenis_ptk` = `t_ptk`.`id_jenis_ptk`
WHERE `tgl_lembur` = :tgl_lembur:', [...], false)
 5 APPPATH\Models\Lembur_model.php(19): CodeIgniter\Database\BaseBuilder->get()
 6 APPPATH\Controllers\Lembur.php(106): App\Models\Lembur_model->getLembur('2023-09-26')
 7 SYSTEMPATH\CodeIgniter.php(934): App\Controllers\Lembur->report()
 8 SYSTEMPATH\CodeIgniter.php(499): CodeIgniter\CodeIgniter->runController(Object(App\Controllers\Lembur))
 9 SYSTEMPATH\CodeIgniter.php(368): CodeIgniter\CodeIgniter->handleRequest(null, Object(Config\Cache), false)
10 FCPATH\index.php(67): CodeIgniter\CodeIgniter->run()
11 SYSTEMPATH\Commands\Server\rewrite.php(47): require_once('D:\\PROJECT-CI\\Absensi\\public\\index.php')
INFO - 2023-09-26 05:43:02 --> Session: Class initialized using 'CodeIgniter\Session\Handlers\FileHandler' driver.
ERROR - 2023-09-26 05:43:03 --> mysqli_sql_exception: Unknown column 't_user_id_user' in 'on clause' in D:\PROJECT-CI\Absensi\system\Database\MySQLi\Connection.php:295
Stack trace:
#0 D:\PROJECT-CI\Absensi\system\Database\MySQLi\Connection.php(295): mysqli->query('SELECT `t_ptk`....', 0)
#1 D:\PROJECT-CI\Absensi\system\Database\BaseConnection.php(691): CodeIgniter\Database\MySQLi\Connection->execute('SELECT `t_ptk`....')
#2 D:\PROJECT-CI\Absensi\system\Database\BaseConnection.php(605): CodeIgniter\Database\BaseConnection->simpleQuery('SELECT `t_ptk`....')
#3 D:\PROJECT-CI\Absensi\system\Database\BaseBuilder.php(1616): CodeIgniter\Database\BaseConnection->query('SELECT `t_ptk`....', Array, false)
#4 D:\PROJECT-CI\Absensi\app\Models\Lembur_model.php(19): CodeIgniter\Database\BaseBuilder->get()
#5 D:\PROJECT-CI\Absensi\app\Controllers\Lembur.php(106): App\Models\Lembur_model->getLembur('2023-09-26')
#6 D:\PROJECT-CI\Absensi\system\CodeIgniter.php(934): App\Controllers\Lembur->report()
#7 D:\PROJECT-CI\Absensi\system\CodeIgniter.php(499): CodeIgniter\CodeIgniter->runController(Object(App\Controllers\Lembur))
#8 D:\PROJECT-CI\Absensi\system\CodeIgniter.php(368): CodeIgniter\CodeIgniter->handleRequest(NULL, Object(Config\Cache), false)
#9 D:\PROJECT-CI\Absensi\public\index.php(67): CodeIgniter\CodeIgniter->run()
#10 D:\PROJECT-CI\Absensi\system\Commands\Server\rewrite.php(47): require_once('D:\\PROJECT-CI\\A...')
#11 {main}
CRITICAL - 2023-09-26 05:43:03 --> Unknown column 't_user_id_user' in 'on clause'
in SYSTEMPATH\Database\MySQLi\Connection.php on line 295.
 1 SYSTEMPATH\Database\MySQLi\Connection.php(295): mysqli->query('SELECT `t_ptk`.`id_jenis_ptk` as `id_jenis_ptk`, `nip`, `nik`, `nama_ptk`, `nama_jenis_ptk`, `tgl_lembur`, `tgl_approve`, `nama`
FROM `t_lembur`
JOIN `t_ptk` ON `t_ptk`.`id_ptk` = `t_lembur`.`id_ptk`
JOIN `t_user` ON `t_user_id_user` = `t_lembur`.`id_user`
JOIN `r_jenis_ptk` ON `r_jenis_ptk`.`id_jenis_ptk` = `t_ptk`.`id_jenis_ptk`
WHERE `tgl_lembur` = \'2023-09-26\'', 0)
 2 SYSTEMPATH\Database\BaseConnection.php(691): CodeIgniter\Database\MySQLi\Connection->execute('SELECT `t_ptk`.`id_jenis_ptk` as `id_jenis_ptk`, `nip`, `nik`, `nama_ptk`, `nama_jenis_ptk`, `tgl_lembur`, `tgl_approve`, `nama`
FROM `t_lembur`
JOIN `t_ptk` ON `t_ptk`.`id_ptk` = `t_lembur`.`id_ptk`
JOIN `t_user` ON `t_user_id_user` = `t_lembur`.`id_user`
JOIN `r_jenis_ptk` ON `r_jenis_ptk`.`id_jenis_ptk` = `t_ptk`.`id_jenis_ptk`
WHERE `tgl_lembur` = \'2023-09-26\'')
 3 SYSTEMPATH\Database\BaseConnection.php(605): CodeIgniter\Database\BaseConnection->simpleQuery('SELECT `t_ptk`.`id_jenis_ptk` as `id_jenis_ptk`, `nip`, `nik`, `nama_ptk`, `nama_jenis_ptk`, `tgl_lembur`, `tgl_approve`, `nama`
FROM `t_lembur`
JOIN `t_ptk` ON `t_ptk`.`id_ptk` = `t_lembur`.`id_ptk`
JOIN `t_user` ON `t_user_id_user` = `t_lembur`.`id_user`
JOIN `r_jenis_ptk` ON `r_jenis_ptk`.`id_jenis_ptk` = `t_ptk`.`id_jenis_ptk`
WHERE `tgl_lembur` = \'2023-09-26\'')
 4 SYSTEMPATH\Database\BaseBuilder.php(1616): CodeIgniter\Database\BaseConnection->query('SELECT `t_ptk`.`id_jenis_ptk` as `id_jenis_ptk`, `nip`, `nik`, `nama_ptk`, `nama_jenis_ptk`, `tgl_lembur`, `tgl_approve`, `nama`
FROM `t_lembur`
JOIN `t_ptk` ON `t_ptk`.`id_ptk` = `t_lembur`.`id_ptk`
JOIN `t_user` ON `t_user_id_user` = `t_lembur`.`id_user`
JOIN `r_jenis_ptk` ON `r_jenis_ptk`.`id_jenis_ptk` = `t_ptk`.`id_jenis_ptk`
WHERE `tgl_lembur` = :tgl_lembur:', [...], false)
 5 APPPATH\Models\Lembur_model.php(19): CodeIgniter\Database\BaseBuilder->get()
 6 APPPATH\Controllers\Lembur.php(106): App\Models\Lembur_model->getLembur('2023-09-26')
 7 SYSTEMPATH\CodeIgniter.php(934): App\Controllers\Lembur->report()
 8 SYSTEMPATH\CodeIgniter.php(499): CodeIgniter\CodeIgniter->runController(Object(App\Controllers\Lembur))
 9 SYSTEMPATH\CodeIgniter.php(368): CodeIgniter\CodeIgniter->handleRequest(null, Object(Config\Cache), false)
10 FCPATH\index.php(67): CodeIgniter\CodeIgniter->run()
11 SYSTEMPATH\Commands\Server\rewrite.php(47): require_once('D:\\PROJECT-CI\\Absensi\\public\\index.php')
INFO - 2023-09-26 05:43:22 --> Session: Class initialized using 'CodeIgniter\Session\Handlers\FileHandler' driver.
INFO - 2023-09-26 05:44:04 --> Session: Class initialized using 'CodeIgniter\Session\Handlers\FileHandler' driver.
INFO - 2023-09-26 05:44:17 --> Session: Class initialized using 'CodeIgniter\Session\Handlers\FileHandler' driver.
INFO - 2023-09-26 05:44:26 --> Session: Class initialized using 'CodeIgniter\Session\Handlers\FileHandler' driver.
INFO - 2023-09-26 05:44:59 --> Session: Class initialized using 'CodeIgniter\Session\Handlers\FileHandler' driver.
INFO - 2023-09-26 05:45:11 --> Session: Class initialized using 'CodeIgniter\Session\Handlers\FileHandler' driver.
CRITICAL - 2023-09-26 05:45:11 --> Undefined offset: 2
in APPPATH\Views\func.php on line 65.
 1 APPPATH\Views\func.php(65): CodeIgniter\Debug\Exceptions->errorHandler(8, 'Undefined offset: 2', 'D:\\PROJECT-CI\\Absensi\\app\\Views\\func.php', 65, [...])
 2 APPPATH\Views\master\lembur.php(82): formatTanggal(null)
 3 SYSTEMPATH\View\View.php(213): include('D:\\PROJECT-CI\\Absensi\\app\\Views\\master\\lembur.php')
 4 SYSTEMPATH\View\View.php(216): CodeIgniter\View\View->CodeIgniter\View\{closure}()
 5 SYSTEMPATH\Common.php(1184): CodeIgniter\View\View->render('master/lembur', [], true)
 6 APPPATH\Controllers\Lembur.php(86): view('master/lembur', [...])
 7 SYSTEMPATH\CodeIgniter.php(934): App\Controllers\Lembur->index()
 8 SYSTEMPATH\CodeIgniter.php(499): CodeIgniter\CodeIgniter->runController(Object(App\Controllers\Lembur))
 9 SYSTEMPATH\CodeIgniter.php(368): CodeIgniter\CodeIgniter->handleRequest(null, Object(Config\Cache), false)
10 FCPATH\index.php(67): CodeIgniter\CodeIgniter->run()
11 SYSTEMPATH\Commands\Server\rewrite.php(47): require_once('D:\\PROJECT-CI\\Absensi\\public\\index.php')
INFO - 2023-09-26 05:46:27 --> Session: Class initialized using 'CodeIgniter\Session\Handlers\FileHandler' driver.
INFO - 2023-09-26 05:46:28 --> Session: Class initialized using 'CodeIgniter\Session\Handlers\FileHandler' driver.
INFO - 2023-09-26 05:46:38 --> Session: Class initialized using 'CodeIgniter\Session\Handlers\FileHandler' driver.
INFO - 2023-09-26 05:46:52 --> Session: Class initialized using 'CodeIgniter\Session\Handlers\FileHandler' driver.
INFO - 2023-09-26 05:47:06 --> Session: Class initialized using 'CodeIgniter\Session\Handlers\FileHandler' driver.
INFO - 2023-09-26 05:51:04 --> Session: Class initialized using 'CodeIgniter\Session\Handlers\FileHandler' driver.
CRITICAL - 2023-09-26 05:51:04 --> Undefined variable: getBulan
in APPPATH\Views\report\lembur.php on line 89.
 1 APPPATH\Views\report\lembur.php(89): CodeIgniter\Debug\Exceptions->errorHandler(8, 'Undefined variable: getBulan', 'D:\\PROJECT-CI\\Absensi\\app\\Views\\report\\lembur.php', 89, [...])
 2 SYSTEMPATH\View\View.php(213): include('D:\\PROJECT-CI\\Absensi\\app\\Views\\report\\lembur.php')
 3 SYSTEMPATH\View\View.php(216): CodeIgniter\View\View->CodeIgniter\View\{closure}()
 4 SYSTEMPATH\Common.php(1184): CodeIgniter\View\View->render('report/lembur', [], true)
 5 APPPATH\Controllers\Lembur.php(156): view('report/lembur', [...])
 6 SYSTEMPATH\CodeIgniter.php(934): App\Controllers\Lembur->report()
 7 SYSTEMPATH\CodeIgniter.php(499): CodeIgniter\CodeIgniter->runController(Object(App\Controllers\Lembur))
 8 SYSTEMPATH\CodeIgniter.php(368): CodeIgniter\CodeIgniter->handleRequest(null, Object(Config\Cache), false)
 9 FCPATH\index.php(67): CodeIgniter\CodeIgniter->run()
10 SYSTEMPATH\Commands\Server\rewrite.php(47): require_once('D:\\PROJECT-CI\\Absensi\\public\\index.php')
INFO - 2023-09-26 05:51:44 --> Session: Class initialized using 'CodeIgniter\Session\Handlers\FileHandler' driver.
INFO - 2023-09-26 05:59:31 --> Session: Class initialized using 'CodeIgniter\Session\Handlers\FileHandler' driver.
INFO - 2023-09-26 05:59:43 --> Session: Class initialized using 'CodeIgniter\Session\Handlers\FileHandler' driver.
CRITICAL - 2023-09-26 05:59:52 --> Class 'App\Controllers\Lembur_model' not found
in APPPATH\Controllers\Export.php on line 210.
 1 SYSTEMPATH\CodeIgniter.php(934): App\Controllers\Export->lembur()
 2 SYSTEMPATH\CodeIgniter.php(499): CodeIgniter\CodeIgniter->runController(Object(App\Controllers\Export))
 3 SYSTEMPATH\CodeIgniter.php(368): CodeIgniter\CodeIgniter->handleRequest(null, Object(Config\Cache), false)
 4 FCPATH\index.php(67): CodeIgniter\CodeIgniter->run()
 5 SYSTEMPATH\Commands\Server\rewrite.php(47): require_once('D:\\PROJECT-CI\\Absensi\\public\\index.php')
INFO - 2023-09-26 06:00:21 --> Session: Class initialized using 'CodeIgniter\Session\Handlers\FileHandler' driver.
CRITICAL - 2023-09-26 06:01:04 --> Undefined offset: 2
in APPPATH\Controllers\Export.php on line 229.
 1 APPPATH\Controllers\Export.php(229): CodeIgniter\Debug\Exceptions->errorHandler(8, 'Undefined offset: 2', 'D:\\PROJECT-CI\\Absensi\\app\\Controllers\\Export.php', 229, [...])
 2 APPPATH\Controllers\Export.php(242): App\Controllers\formatTanggal('Andik Susatyo')
 3 SYSTEMPATH\CodeIgniter.php(934): App\Controllers\Export->lembur()
 4 SYSTEMPATH\CodeIgniter.php(499): CodeIgniter\CodeIgniter->runController(Object(App\Controllers\Export))
 5 SYSTEMPATH\CodeIgniter.php(368): CodeIgniter\CodeIgniter->handleRequest(null, Object(Config\Cache), false)
 6 FCPATH\index.php(67): CodeIgniter\CodeIgniter->run()
 7 SYSTEMPATH\Commands\Server\rewrite.php(47): require_once('D:\\PROJECT-CI\\Absensi\\public\\index.php')
INFO - 2023-09-26 06:01:25 --> Session: Class initialized using 'CodeIgniter\Session\Handlers\FileHandler' driver.
INFO - 2023-09-26 06:01:53 --> Session: Class initialized using 'CodeIgniter\Session\Handlers\FileHandler' driver.
INFO - 2023-09-26 06:02:59 --> Session: Class initialized using 'CodeIgniter\Session\Handlers\FileHandler' driver.
INFO - 2023-09-26 06:03:15 --> Session: Class initialized using 'CodeIgniter\Session\Handlers\FileHandler' driver.
INFO - 2023-09-26 06:05:21 --> Session: Class initialized using 'CodeIgniter\Session\Handlers\FileHandler' driver.
INFO - 2023-09-26 06:05:42 --> Session: Class initialized using 'CodeIgniter\Session\Handlers\FileHandler' driver.
INFO - 2023-09-26 06:06:11 --> Session: Class initialized using 'CodeIgniter\Session\Handlers\FileHandler' driver.
INFO - 2023-09-26 06:07:16 --> Session: Class initialized using 'CodeIgniter\Session\Handlers\FileHandler' driver.
INFO - 2023-09-26 06:26:05 --> Session: Class initialized using 'CodeIgniter\Session\Handlers\FileHandler' driver.
INFO - 2023-09-26 06:33:08 --> Session: Class initialized using 'CodeIgniter\Session\Handlers\FileHandler' driver.
INFO - 2023-09-26 06:35:24 --> Session: Class initialized using 'CodeIgniter\Session\Handlers\FileHandler' driver.
INFO - 2023-09-26 06:35:30 --> Session: Class initialized using 'CodeIgniter\Session\Handlers\FileHandler' driver.
CRITICAL - 2023-09-26 06:35:30 --> Undefined variable: getbulan
in APPPATH\Views\report\gajiall.php on line 124.
 1 APPPATH\Views\report\gajiall.php(124): CodeIgniter\Debug\Exceptions->errorHandler(8, 'Undefined variable: getbulan', 'D:\\PROJECT-CI\\Absensi\\app\\Views\\report\\gajiall.php', 124, [...])
 2 SYSTEMPATH\View\View.php(213): include('D:\\PROJECT-CI\\Absensi\\app\\Views\\report\\gajiall.php')
 3 SYSTEMPATH\View\View.php(216): CodeIgniter\View\View->CodeIgniter\View\{closure}()
 4 SYSTEMPATH\Common.php(1184): CodeIgniter\View\View->render('report/gajiall', [], true)
 5 APPPATH\Controllers\Gajidosen.php(114): view('report/gajiall', [...])
 6 SYSTEMPATH\CodeIgniter.php(934): App\Controllers\Gajidosen->global()
 7 SYSTEMPATH\CodeIgniter.php(499): CodeIgniter\CodeIgniter->runController(Object(App\Controllers\Gajidosen))
 8 SYSTEMPATH\CodeIgniter.php(368): CodeIgniter\CodeIgniter->handleRequest(null, Object(Config\Cache), false)
 9 FCPATH\index.php(67): CodeIgniter\CodeIgniter->run()
10 SYSTEMPATH\Commands\Server\rewrite.php(47): require_once('D:\\PROJECT-CI\\Absensi\\public\\index.php')
INFO - 2023-09-26 06:36:24 --> Session: Class initialized using 'CodeIgniter\Session\Handlers\FileHandler' driver.
INFO - 2023-09-26 06:36:35 --> Session: Class initialized using 'CodeIgniter\Session\Handlers\FileHandler' driver.
INFO - 2023-09-26 06:44:18 --> Session: Class initialized using 'CodeIgniter\Session\Handlers\FileHandler' driver.
INFO - 2023-09-26 06:51:44 --> Session: Class initialized using 'CodeIgniter\Session\Handlers\FileHandler' driver.
INFO - 2023-09-26 06:51:46 --> Session: Class initialized using 'CodeIgniter\Session\Handlers\FileHandler' driver.
INFO - 2023-09-26 06:51:49 --> Session: Class initialized using 'CodeIgniter\Session\Handlers\FileHandler' driver.
INFO - 2023-09-26 06:53:44 --> Session: Class initialized using 'CodeIgniter\Session\Handlers\FileHandler' driver.
INFO - 2023-09-26 06:54:30 --> Session: Class initialized using 'CodeIgniter\Session\Handlers\FileHandler' driver.
INFO - 2023-09-26 06:54:42 --> Session: Class initialized using 'CodeIgniter\Session\Handlers\FileHandler' driver.
INFO - 2023-09-26 06:55:30 --> Session: Class initialized using 'CodeIgniter\Session\Handlers\FileHandler' driver.
INFO - 2023-09-26 06:55:49 --> Session: Class initialized using 'CodeIgniter\Session\Handlers\FileHandler' driver.
INFO - 2023-09-26 06:56:00 --> Session: Class initialized using 'CodeIgniter\Session\Handlers\FileHandler' driver.
INFO - 2023-09-26 06:57:55 --> Session: Class initialized using 'CodeIgniter\Session\Handlers\FileHandler' driver.
INFO - 2023-09-26 07:12:04 --> Session: Class initialized using 'CodeIgniter\Session\Handlers\FileHandler' driver.
INFO - 2023-09-26 07:12:06 --> Session: Class initialized using 'CodeIgniter\Session\Handlers\FileHandler' driver.
INFO - 2023-09-26 07:12:06 --> Session: Class initialized using 'CodeIgniter\Session\Handlers\FileHandler' driver.
CRITICAL - 2023-09-26 07:12:06 --> cal_days_in_month(): invalid date
in APPPATH\Views\func.php on line 419.
 1 [internal function]: CodeIgniter\Debug\Exceptions->errorHandler(2, 'cal_days_in_month(): invalid date', 'D:\\PROJECT-CI\\Absensi\\app\\Views\\func.php', 419, [...])
 2 APPPATH\Views\func.php(419): cal_days_in_month(0, null, '2023')
 3 APPPATH\Views\print\bulanan.php(66): jumalphabln('1', null)
 4 SYSTEMPATH\View\View.php(213): include('D:\\PROJECT-CI\\Absensi\\app\\Views\\print\\bulanan.php')
 5 SYSTEMPATH\View\View.php(216): CodeIgniter\View\View->CodeIgniter\View\{closure}()
 6 SYSTEMPATH\Common.php(1184): CodeIgniter\View\View->render('print/bulanan', [], true)
 7 APPPATH\Controllers\Absensi.php(206): view('print/bulanan', [...])
 8 SYSTEMPATH\CodeIgniter.php(934): App\Controllers\Absensi->cetakbulanan('main.css')
 9 SYSTEMPATH\CodeIgniter.php(499): CodeIgniter\CodeIgniter->runController(Object(App\Controllers\Absensi))
10 SYSTEMPATH\CodeIgniter.php(368): CodeIgniter\CodeIgniter->handleRequest(null, Object(Config\Cache), false)
11 FCPATH\index.php(67): CodeIgniter\CodeIgniter->run()
12 SYSTEMPATH\Commands\Server\rewrite.php(47): require_once('D:\\PROJECT-CI\\Absensi\\public\\index.php')
INFO - 2023-09-26 07:12:06 --> Session: Class initialized using 'CodeIgniter\Session\Handlers\FileHandler' driver.
CRITICAL - 2023-09-26 07:12:06 --> cal_days_in_month(): invalid date
in APPPATH\Views\func.php on line 419.
 1 [internal function]: CodeIgniter\Debug\Exceptions->errorHandler(2, 'cal_days_in_month(): invalid date', 'D:\\PROJECT-CI\\Absensi\\app\\Views\\func.php', 419, [...])
 2 APPPATH\Views\func.php(419): cal_days_in_month(0, null, '2023')
 3 APPPATH\Views\print\bulanan.php(66): jumalphabln('1', null)
 4 SYSTEMPATH\View\View.php(213): include('D:\\PROJECT-CI\\Absensi\\app\\Views\\print\\bulanan.php')
 5 SYSTEMPATH\View\View.php(216): CodeIgniter\View\View->CodeIgniter\View\{closure}()
 6 SYSTEMPATH\Common.php(1184): CodeIgniter\View\View->render('print/bulanan', [], true)
 7 APPPATH\Controllers\Absensi.php(206): view('print/bulanan', [...])
 8 SYSTEMPATH\CodeIgniter.php(934): App\Controllers\Absensi->cetakbulanan('main.js')
 9 SYSTEMPATH\CodeIgniter.php(499): CodeIgniter\CodeIgniter->runController(Object(App\Controllers\Absensi))
10 SYSTEMPATH\CodeIgniter.php(368): CodeIgniter\CodeIgniter->handleRequest(null, Object(Config\Cache), false)
11 FCPATH\index.php(67): CodeIgniter\CodeIgniter->run()
12 SYSTEMPATH\Commands\Server\rewrite.php(47): require_once('D:\\PROJECT-CI\\Absensi\\public\\index.php')
INFO - 2023-09-26 07:12:32 --> Session: Class initialized using 'CodeIgniter\Session\Handlers\FileHandler' driver.
INFO - 2023-09-26 07:12:34 --> Session: Class initialized using 'CodeIgniter\Session\Handlers\FileHandler' driver.
INFO - 2023-09-26 07:12:34 --> Session: Class initialized using 'CodeIgniter\Session\Handlers\FileHandler' driver.
CRITICAL - 2023-09-26 07:12:34 --> cal_days_in_month(): invalid date
in APPPATH\Views\func.php on line 419.
 1 [internal function]: CodeIgniter\Debug\Exceptions->errorHandler(2, 'cal_days_in_month(): invalid date', 'D:\\PROJECT-CI\\Absensi\\app\\Views\\func.php', 419, [...])
 2 APPPATH\Views\func.php(419): cal_days_in_month(0, null, '2023')
 3 APPPATH\Views\print\bulanan.php(66): jumalphabln('1', null)
 4 SYSTEMPATH\View\View.php(213): include('D:\\PROJECT-CI\\Absensi\\app\\Views\\print\\bulanan.php')
 5 SYSTEMPATH\View\View.php(216): CodeIgniter\View\View->CodeIgniter\View\{closure}()
 6 SYSTEMPATH\Common.php(1184): CodeIgniter\View\View->render('print/bulanan', [], true)
 7 APPPATH\Controllers\Absensi.php(204): view('print/bulanan', [...])
 8 SYSTEMPATH\CodeIgniter.php(934): App\Controllers\Absensi->cetakbulanan('main.css')
 9 SYSTEMPATH\CodeIgniter.php(499): CodeIgniter\CodeIgniter->runController(Object(App\Controllers\Absensi))
10 SYSTEMPATH\CodeIgniter.php(368): CodeIgniter\CodeIgniter->handleRequest(null, Object(Config\Cache), false)
11 FCPATH\index.php(67): CodeIgniter\CodeIgniter->run()
12 SYSTEMPATH\Commands\Server\rewrite.php(47): require_once('D:\\PROJECT-CI\\Absensi\\public\\index.php')
INFO - 2023-09-26 07:12:34 --> Session: Class initialized using 'CodeIgniter\Session\Handlers\FileHandler' driver.
CRITICAL - 2023-09-26 07:12:34 --> cal_days_in_month(): invalid date
in APPPATH\Views\func.php on line 419.
 1 [internal function]: CodeIgniter\Debug\Exceptions->errorHandler(2, 'cal_days_in_month(): invalid date', 'D:\\PROJECT-CI\\Absensi\\app\\Views\\func.php', 419, [...])
 2 APPPATH\Views\func.php(419): cal_days_in_month(0, null, '2023')
 3 APPPATH\Views\print\bulanan.php(66): jumalphabln('1', null)
 4 SYSTEMPATH\View\View.php(213): include('D:\\PROJECT-CI\\Absensi\\app\\Views\\print\\bulanan.php')
 5 SYSTEMPATH\View\View.php(216): CodeIgniter\View\View->CodeIgniter\View\{closure}()
 6 SYSTEMPATH\Common.php(1184): CodeIgniter\View\View->render('print/bulanan', [], true)
 7 APPPATH\Controllers\Absensi.php(204): view('print/bulanan', [...])
 8 SYSTEMPATH\CodeIgniter.php(934): App\Controllers\Absensi->cetakbulanan('main.js')
 9 SYSTEMPATH\CodeIgniter.php(499): CodeIgniter\CodeIgniter->runController(Object(App\Controllers\Absensi))
10 SYSTEMPATH\CodeIgniter.php(368): CodeIgniter\CodeIgniter->handleRequest(null, Object(Config\Cache), false)
11 FCPATH\index.php(67): CodeIgniter\CodeIgniter->run()
12 SYSTEMPATH\Commands\Server\rewrite.php(47): require_once('D:\\PROJECT-CI\\Absensi\\public\\index.php')
INFO - 2023-09-26 07:12:57 --> Session: Class initialized using 'CodeIgniter\Session\Handlers\FileHandler' driver.
INFO - 2023-09-26 07:13:15 --> Session: Class initialized using 'CodeIgniter\Session\Handlers\FileHandler' driver.
INFO - 2023-09-26 07:13:29 --> Session: Class initialized using 'CodeIgniter\Session\Handlers\FileHandler' driver.
INFO - 2023-09-26 07:13:33 --> Session: Class initialized using 'CodeIgniter\Session\Handlers\FileHandler' driver.
INFO - 2023-09-26 07:14:02 --> Session: Class initialized using 'CodeIgniter\Session\Handlers\FileHandler' driver.
INFO - 2023-09-26 07:14:13 --> Session: Class initialized using 'CodeIgniter\Session\Handlers\FileHandler' driver.
INFO - 2023-09-26 07:14:18 --> Session: Class initialized using 'CodeIgniter\Session\Handlers\FileHandler' driver.
INFO - 2023-09-26 07:15:13 --> Session: Class initialized using 'CodeIgniter\Session\Handlers\FileHandler' driver.
CRITICAL - 2023-09-26 07:15:13 --> Call to undefined method App\Models\Pegawai_model::getPegjenis
in SYSTEMPATH\Model.php on line 842.
 1 APPPATH\Controllers\Absensi.php(128): CodeIgniter\Model->__call('getPegjenis', [...])
 2 SYSTEMPATH\CodeIgniter.php(934): App\Controllers\Absensi->bulanan()
 3 SYSTEMPATH\CodeIgniter.php(499): CodeIgniter\CodeIgniter->runController(Object(App\Controllers\Absensi))
 4 SYSTEMPATH\CodeIgniter.php(368): CodeIgniter\CodeIgniter->handleRequest(null, Object(Config\Cache), false)
 5 FCPATH\index.php(67): CodeIgniter\CodeIgniter->run()
 6 SYSTEMPATH\Commands\Server\rewrite.php(47): require_once('D:\\PROJECT-CI\\Absensi\\public\\index.php')
INFO - 2023-09-26 07:15:56 --> Session: Class initialized using 'CodeIgniter\Session\Handlers\FileHandler' driver.
CRITICAL - 2023-09-26 07:15:56 --> cal_days_in_month() expects parameter 2 to be int, string given
in APPPATH\Views\func.php on line 419.
 1 [internal function]: CodeIgniter\Debug\Exceptions->errorHandler(2, 'cal_days_in_month() expects parameter 2 to be int, string given', 'D:\\PROJECT-CI\\Absensi\\app\\Views\\func.php', 419, [...])
 2 APPPATH\Views\func.php(419): cal_days_in_month(0, 'Pilih Bulan', '2023')
 3 APPPATH\Views\report\bulanan.php(147): jumalphabln('2', 'Pilih Bulan')
 4 SYSTEMPATH\View\View.php(213): include('D:\\PROJECT-CI\\Absensi\\app\\Views\\report\\bulanan.php')
 5 SYSTEMPATH\View\View.php(216): CodeIgniter\View\View->CodeIgniter\View\{closure}()
 6 SYSTEMPATH\Common.php(1184): CodeIgniter\View\View->render('report/bulanan', [], true)
 7 APPPATH\Controllers\Absensi.php(152): view('report/bulanan', [...])
 8 SYSTEMPATH\CodeIgniter.php(934): App\Controllers\Absensi->bulanan()
 9 SYSTEMPATH\CodeIgniter.php(499): CodeIgniter\CodeIgniter->runController(Object(App\Controllers\Absensi))
10 SYSTEMPATH\CodeIgniter.php(368): CodeIgniter\CodeIgniter->handleRequest(null, Object(Config\Cache), false)
11 FCPATH\index.php(67): CodeIgniter\CodeIgniter->run()
12 SYSTEMPATH\Commands\Server\rewrite.php(47): require_once('D:\\PROJECT-CI\\Absensi\\public\\index.php')
INFO - 2023-09-26 07:16:59 --> Session: Class initialized using 'CodeIgniter\Session\Handlers\FileHandler' driver.
INFO - 2023-09-26 07:17:01 --> Session: Class initialized using 'CodeIgniter\Session\Handlers\FileHandler' driver.
INFO - 2023-09-26 07:17:11 --> Session: Class initialized using 'CodeIgniter\Session\Handlers\FileHandler' driver.
INFO - 2023-09-26 07:17:18 --> Session: Class initialized using 'CodeIgniter\Session\Handlers\FileHandler' driver.
INFO - 2023-09-26 07:17:29 --> Session: Class initialized using 'CodeIgniter\Session\Handlers\FileHandler' driver.
INFO - 2023-09-26 07:17:38 --> Session: Class initialized using 'CodeIgniter\Session\Handlers\FileHandler' driver.
INFO - 2023-09-26 07:18:21 --> Session: Class initialized using 'CodeIgniter\Session\Handlers\FileHandler' driver.
INFO - 2023-09-26 07:18:27 --> Session: Class initialized using 'CodeIgniter\Session\Handlers\FileHandler' driver.
INFO - 2023-09-26 07:18:30 --> Session: Class initialized using 'CodeIgniter\Session\Handlers\FileHandler' driver.
INFO - 2023-09-26 07:18:30 --> Session: Class initialized using 'CodeIgniter\Session\Handlers\FileHandler' driver.
CRITICAL - 2023-09-26 07:18:30 --> cal_days_in_month(): invalid date
in APPPATH\Views\func.php on line 419.
 1 [internal function]: CodeIgniter\Debug\Exceptions->errorHandler(2, 'cal_days_in_month(): invalid date', 'D:\\PROJECT-CI\\Absensi\\app\\Views\\func.php', 419, [...])
 2 APPPATH\Views\func.php(419): cal_days_in_month(0, null, '2023')
 3 APPPATH\Views\print\bulanan.php(66): jumalphabln('1', null)
 4 SYSTEMPATH\View\View.php(213): include('D:\\PROJECT-CI\\Absensi\\app\\Views\\print\\bulanan.php')
 5 SYSTEMPATH\View\View.php(216): CodeIgniter\View\View->CodeIgniter\View\{closure}()
 6 SYSTEMPATH\Common.php(1184): CodeIgniter\View\View->render('print/bulanan', [], true)
 7 APPPATH\Controllers\Absensi.php(204): view('print/bulanan', [...])
 8 SYSTEMPATH\CodeIgniter.php(934): App\Controllers\Absensi->cetakbulanan('main.css')
 9 SYSTEMPATH\CodeIgniter.php(499): CodeIgniter\CodeIgniter->runController(Object(App\Controllers\Absensi))
10 SYSTEMPATH\CodeIgniter.php(368): CodeIgniter\CodeIgniter->handleRequest(null, Object(Config\Cache), false)
11 FCPATH\index.php(67): CodeIgniter\CodeIgniter->run()
12 SYSTEMPATH\Commands\Server\rewrite.php(47): require_once('D:\\PROJECT-CI\\Absensi\\public\\index.php')
INFO - 2023-09-26 07:18:30 --> Session: Class initialized using 'CodeIgniter\Session\Handlers\FileHandler' driver.
CRITICAL - 2023-09-26 07:18:30 --> cal_days_in_month(): invalid date
in APPPATH\Views\func.php on line 419.
 1 [internal function]: CodeIgniter\Debug\Exceptions->errorHandler(2, 'cal_days_in_month(): invalid date', 'D:\\PROJECT-CI\\Absensi\\app\\Views\\func.php', 419, [...])
 2 APPPATH\Views\func.php(419): cal_days_in_month(0, null, '2023')
 3 APPPATH\Views\print\bulanan.php(66): jumalphabln('1', null)
 4 SYSTEMPATH\View\View.php(213): include('D:\\PROJECT-CI\\Absensi\\app\\Views\\print\\bulanan.php')
 5 SYSTEMPATH\View\View.php(216): CodeIgniter\View\View->CodeIgniter\View\{closure}()
 6 SYSTEMPATH\Common.php(1184): CodeIgniter\View\View->render('print/bulanan', [], true)
 7 APPPATH\Controllers\Absensi.php(204): view('print/bulanan', [...])
 8 SYSTEMPATH\CodeIgniter.php(934): App\Controllers\Absensi->cetakbulanan('main.js')
 9 SYSTEMPATH\CodeIgniter.php(499): CodeIgniter\CodeIgniter->runController(Object(App\Controllers\Absensi))
10 SYSTEMPATH\CodeIgniter.php(368): CodeIgniter\CodeIgniter->handleRequest(null, Object(Config\Cache), false)
11 FCPATH\index.php(67): CodeIgniter\CodeIgniter->run()
12 SYSTEMPATH\Commands\Server\rewrite.php(47): require_once('D:\\PROJECT-CI\\Absensi\\public\\index.php')
INFO - 2023-09-26 07:20:25 --> Session: Class initialized using 'CodeIgniter\Session\Handlers\FileHandler' driver.
INFO - 2023-09-26 07:20:25 --> Session: Class initialized using 'CodeIgniter\Session\Handlers\FileHandler' driver.
INFO - 2023-09-26 07:21:56 --> Session: Class initialized using 'CodeIgniter\Session\Handlers\FileHandler' driver.
INFO - 2023-09-26 07:21:56 --> Session: Class initialized using 'CodeIgniter\Session\Handlers\FileHandler' driver.
INFO - 2023-09-26 07:22:02 --> Session: Class initialized using 'CodeIgniter\Session\Handlers\FileHandler' driver.
INFO - 2023-09-26 07:27:24 --> Session: Class initialized using 'CodeIgniter\Session\Handlers\FileHandler' driver.
INFO - 2023-09-26 07:27:24 --> Session: Class initialized using 'CodeIgniter\Session\Handlers\FileHandler' driver.
INFO - 2023-09-26 07:32:01 --> Session: Class initialized using 'CodeIgniter\Session\Handlers\FileHandler' driver.
INFO - 2023-09-26 07:32:01 --> Session: Class initialized using 'CodeIgniter\Session\Handlers\FileHandler' driver.
INFO - 2023-09-26 07:32:06 --> Session: Class initialized using 'CodeIgniter\Session\Handlers\FileHandler' driver.
INFO - 2023-09-26 07:32:07 --> Session: Class initialized using 'CodeIgniter\Session\Handlers\FileHandler' driver.
INFO - 2023-09-26 07:32:12 --> Session: Class initialized using 'CodeIgniter\Session\Handlers\FileHandler' driver.
INFO - 2023-09-26 07:32:33 --> Session: Class initialized using 'CodeIgniter\Session\Handlers\FileHandler' driver.
INFO - 2023-09-26 07:32:33 --> Session: Class initialized using 'CodeIgniter\Session\Handlers\FileHandler' driver.
INFO - 2023-09-26 07:32:41 --> Session: Class initialized using 'CodeIgniter\Session\Handlers\FileHandler' driver.
INFO - 2023-09-26 07:32:41 --> Session: Class initialized using 'CodeIgniter\Session\Handlers\FileHandler' driver.
INFO - 2023-09-26 07:32:47 --> Session: Class initialized using 'CodeIgniter\Session\Handlers\FileHandler' driver.
INFO - 2023-09-26 07:32:47 --> Session: Class initialized using 'CodeIgniter\Session\Handlers\FileHandler' driver.
INFO - 2023-09-26 07:52:54 --> Session: Class initialized using 'CodeIgniter\Session\Handlers\FileHandler' driver.
INFO - 2023-09-26 07:52:54 --> Session: Class initialized using 'CodeIgniter\Session\Handlers\FileHandler' driver.
INFO - 2023-09-26 08:00:04 --> Session: Class initialized using 'CodeIgniter\Session\Handlers\FileHandler' driver.
INFO - 2023-09-26 08:01:48 --> Session: Class initialized using 'CodeIgniter\Session\Handlers\FileHandler' driver.
INFO - 2023-09-26 08:03:22 --> Session: Class initialized using 'CodeIgniter\Session\Handlers\FileHandler' driver.
INFO - 2023-09-26 08:04:20 --> Session: Class initialized using 'CodeIgniter\Session\Handlers\FileHandler' driver.
INFO - 2023-09-26 08:04:20 --> Session: Class initialized using 'CodeIgniter\Session\Handlers\FileHandler' driver.
