INFO - 2023-10-13 02:27:06 --> Session: Class initialized using 'CodeIgniter\Session\Handlers\FileHandler' driver.
INFO - 2023-10-13 02:33:27 --> Session: Class initialized using 'CodeIgniter\Session\Handlers\FileHandler' driver.
INFO - 2023-10-13 02:33:27 --> Session: Class initialized using 'CodeIgniter\Session\Handlers\FileHandler' driver.
INFO - 2023-10-13 02:33:40 --> Session: Class initialized using 'CodeIgniter\Session\Handlers\FileHandler' driver.
INFO - 2023-10-13 02:33:44 --> Session: Class initialized using 'CodeIgniter\Session\Handlers\FileHandler' driver.
INFO - 2023-10-13 02:34:07 --> Session: Class initialized using 'CodeIgniter\Session\Handlers\FileHandler' driver.
INFO - 2023-10-13 02:34:11 --> Session: Class initialized using 'CodeIgniter\Session\Handlers\FileHandler' driver.
INFO - 2023-10-13 02:34:43 --> Session: Class initialized using 'CodeIgniter\Session\Handlers\FileHandler' driver.
INFO - 2023-10-13 02:34:46 --> Session: Class initialized using 'CodeIgniter\Session\Handlers\FileHandler' driver.
INFO - 2023-10-13 02:36:20 --> Session: Class initialized using 'CodeIgniter\Session\Handlers\FileHandler' driver.
INFO - 2023-10-13 02:36:57 --> Session: Class initialized using 'CodeIgniter\Session\Handlers\FileHandler' driver.
INFO - 2023-10-13 02:37:16 --> Session: Class initialized using 'CodeIgniter\Session\Handlers\FileHandler' driver.
INFO - 2023-10-13 02:37:48 --> Session: Class initialized using 'CodeIgniter\Session\Handlers\FileHandler' driver.
INFO - 2023-10-13 02:37:54 --> Session: Class initialized using 'CodeIgniter\Session\Handlers\FileHandler' driver.
INFO - 2023-10-13 02:39:11 --> Session: Class initialized using 'CodeIgniter\Session\Handlers\FileHandler' driver.
INFO - 2023-10-13 02:39:24 --> Session: Class initialized using 'CodeIgniter\Session\Handlers\FileHandler' driver.
INFO - 2023-10-13 02:39:59 --> Session: Class initialized using 'CodeIgniter\Session\Handlers\FileHandler' driver.
INFO - 2023-10-13 02:41:34 --> Session: Class initialized using 'CodeIgniter\Session\Handlers\FileHandler' driver.
INFO - 2023-10-13 02:41:39 --> Session: Class initialized using 'CodeIgniter\Session\Handlers\FileHandler' driver.
INFO - 2023-10-13 02:46:00 --> Session: Class initialized using 'CodeIgniter\Session\Handlers\FileHandler' driver.
INFO - 2023-10-13 02:48:31 --> Session: Class initialized using 'CodeIgniter\Session\Handlers\FileHandler' driver.
INFO - 2023-10-13 02:48:34 --> Session: Class initialized using 'CodeIgniter\Session\Handlers\FileHandler' driver.
INFO - 2023-10-13 02:49:31 --> Session: Class initialized using 'CodeIgniter\Session\Handlers\FileHandler' driver.
INFO - 2023-10-13 02:49:34 --> Session: Class initialized using 'CodeIgniter\Session\Handlers\FileHandler' driver.
INFO - 2023-10-13 02:49:40 --> Session: Class initialized using 'CodeIgniter\Session\Handlers\FileHandler' driver.
INFO - 2023-10-13 02:49:47 --> Session: Class initialized using 'CodeIgniter\Session\Handlers\FileHandler' driver.
INFO - 2023-10-13 02:49:53 --> Session: Class initialized using 'CodeIgniter\Session\Handlers\FileHandler' driver.
INFO - 2023-10-13 02:52:22 --> Session: Class initialized using 'CodeIgniter\Session\Handlers\FileHandler' driver.
INFO - 2023-10-13 02:52:56 --> Session: Class initialized using 'CodeIgniter\Session\Handlers\FileHandler' driver.
INFO - 2023-10-13 02:53:23 --> Session: Class initialized using 'CodeIgniter\Session\Handlers\FileHandler' driver.
INFO - 2023-10-13 02:58:28 --> Session: Class initialized using 'CodeIgniter\Session\Handlers\FileHandler' driver.
INFO - 2023-10-13 02:58:33 --> Session: Class initialized using 'CodeIgniter\Session\Handlers\FileHandler' driver.
INFO - 2023-10-13 02:58:39 --> Session: Class initialized using 'CodeIgniter\Session\Handlers\FileHandler' driver.
INFO - 2023-10-13 02:58:42 --> Session: Class initialized using 'CodeIgniter\Session\Handlers\FileHandler' driver.
INFO - 2023-10-13 02:58:50 --> Session: Class initialized using 'CodeIgniter\Session\Handlers\FileHandler' driver.
INFO - 2023-10-13 02:59:03 --> Session: Class initialized using 'CodeIgniter\Session\Handlers\FileHandler' driver.
INFO - 2023-10-13 03:02:25 --> Session: Class initialized using 'CodeIgniter\Session\Handlers\FileHandler' driver.
INFO - 2023-10-13 03:02:51 --> Session: Class initialized using 'CodeIgniter\Session\Handlers\FileHandler' driver.
INFO - 2023-10-13 03:03:02 --> Session: Class initialized using 'CodeIgniter\Session\Handlers\FileHandler' driver.
INFO - 2023-10-13 03:03:05 --> Session: Class initialized using 'CodeIgniter\Session\Handlers\FileHandler' driver.
INFO - 2023-10-13 03:04:03 --> Session: Class initialized using 'CodeIgniter\Session\Handlers\FileHandler' driver.
INFO - 2023-10-13 03:04:48 --> Session: Class initialized using 'CodeIgniter\Session\Handlers\FileHandler' driver.
INFO - 2023-10-13 03:04:48 --> Session: Class initialized using 'CodeIgniter\Session\Handlers\FileHandler' driver.
INFO - 2023-10-13 03:04:56 --> Session: Class initialized using 'CodeIgniter\Session\Handlers\FileHandler' driver.
INFO - 2023-10-13 03:04:56 --> Session: Class initialized using 'CodeIgniter\Session\Handlers\FileHandler' driver.
INFO - 2023-10-13 03:05:02 --> Session: Class initialized using 'CodeIgniter\Session\Handlers\FileHandler' driver.
INFO - 2023-10-13 03:05:02 --> Session: Class initialized using 'CodeIgniter\Session\Handlers\FileHandler' driver.
INFO - 2023-10-13 03:05:05 --> Session: Class initialized using 'CodeIgniter\Session\Handlers\FileHandler' driver.
INFO - 2023-10-13 03:05:07 --> Session: Class initialized using 'CodeIgniter\Session\Handlers\FileHandler' driver.
INFO - 2023-10-13 03:05:21 --> Session: Class initialized using 'CodeIgniter\Session\Handlers\FileHandler' driver.
INFO - 2023-10-13 03:07:51 --> Session: Class initialized using 'CodeIgniter\Session\Handlers\FileHandler' driver.
INFO - 2023-10-13 03:07:57 --> Session: Class initialized using 'CodeIgniter\Session\Handlers\FileHandler' driver.
INFO - 2023-10-13 03:08:40 --> Session: Class initialized using 'CodeIgniter\Session\Handlers\FileHandler' driver.
INFO - 2023-10-13 03:08:40 --> Session: Class initialized using 'CodeIgniter\Session\Handlers\FileHandler' driver.
INFO - 2023-10-13 03:08:46 --> Session: Class initialized using 'CodeIgniter\Session\Handlers\FileHandler' driver.
INFO - 2023-10-13 03:08:46 --> Session: Class initialized using 'CodeIgniter\Session\Handlers\FileHandler' driver.
INFO - 2023-10-13 03:17:14 --> Session: Class initialized using 'CodeIgniter\Session\Handlers\FileHandler' driver.
INFO - 2023-10-13 03:18:23 --> Session: Class initialized using 'CodeIgniter\Session\Handlers\FileHandler' driver.
INFO - 2023-10-13 03:18:34 --> Session: Class initialized using 'CodeIgniter\Session\Handlers\FileHandler' driver.
INFO - 2023-10-13 03:19:04 --> Session: Class initialized using 'CodeIgniter\Session\Handlers\FileHandler' driver.
INFO - 2023-10-13 03:19:24 --> Session: Class initialized using 'CodeIgniter\Session\Handlers\FileHandler' driver.
INFO - 2023-10-13 03:20:04 --> Session: Class initialized using 'CodeIgniter\Session\Handlers\FileHandler' driver.
INFO - 2023-10-13 03:33:56 --> Session: Class initialized using 'CodeIgniter\Session\Handlers\FileHandler' driver.
ERROR - 2023-10-13 03:33:56 --> mysqli_sql_exception: Unknown column 'sts_ptk' in 'where clause' in D:\PROJECT-CI\Absensi\system\Database\MySQLi\Connection.php:295
Stack trace:
#0 D:\PROJECT-CI\Absensi\system\Database\MySQLi\Connection.php(295): mysqli->query('SELECT id_ptk F...', 0)
#1 D:\PROJECT-CI\Absensi\system\Database\BaseConnection.php(691): CodeIgniter\Database\MySQLi\Connection->execute('SELECT id_ptk F...')
#2 D:\PROJECT-CI\Absensi\system\Database\BaseConnection.php(605): CodeIgniter\Database\BaseConnection->simpleQuery('SELECT id_ptk F...')
#3 D:\PROJECT-CI\Absensi\app\Views\func.php(696): CodeIgniter\Database\BaseConnection->query('SELECT id_ptk F...')
#4 D:\PROJECT-CI\Absensi\app\Views\home\chart.php(720): jumalphablnadmin(1)
#5 D:\PROJECT-CI\Absensi\system\View\View.php(213): include('D:\\PROJECT-CI\\A...')
#6 D:\PROJECT-CI\Absensi\system\View\View.php(216): CodeIgniter\View\View->CodeIgniter\View\{closure}()
#7 D:\PROJECT-CI\Absensi\system\Common.php(1184): CodeIgniter\View\View->render('home/chart', Array, true)
#8 D:\PROJECT-CI\Absensi\app\Controllers\Home.php(36): view('home/chart')
#9 D:\PROJECT-CI\Absensi\system\CodeIgniter.php(934): App\Controllers\Home->index()
#10 D:\PROJECT-CI\Absensi\system\CodeIgniter.php(499): CodeIgniter\CodeIgniter->runController(Object(App\Controllers\Home))
#11 D:\PROJECT-CI\Absensi\system\CodeIgniter.php(368): CodeIgniter\CodeIgniter->handleRequest(NULL, Object(Config\Cache), false)
#12 D:\PROJECT-CI\Absensi\public\index.php(67): CodeIgniter\CodeIgniter->run()
#13 D:\PROJECT-CI\Absensi\system\Commands\Server\rewrite.php(47): require_once('D:\\PROJECT-CI\\A...')
#14 {main}
CRITICAL - 2023-10-13 03:33:56 --> Unknown column 'sts_ptk' in 'where clause'
in SYSTEMPATH\Database\MySQLi\Connection.php on line 295.
 1 SYSTEMPATH\Database\MySQLi\Connection.php(295): mysqli->query('SELECT id_ptk FROM t_ptk where sts_ptk=1', 0)
 2 SYSTEMPATH\Database\BaseConnection.php(691): CodeIgniter\Database\MySQLi\Connection->execute('SELECT id_ptk FROM t_ptk where sts_ptk=1')
 3 SYSTEMPATH\Database\BaseConnection.php(605): CodeIgniter\Database\BaseConnection->simpleQuery('SELECT id_ptk FROM t_ptk where sts_ptk=1')
 4 APPPATH\Views\func.php(696): CodeIgniter\Database\BaseConnection->query('SELECT id_ptk FROM t_ptk where sts_ptk=1')
 5 APPPATH\Views\home\chart.php(720): jumalphablnadmin(1)
 6 SYSTEMPATH\View\View.php(213): include('D:\\PROJECT-CI\\Absensi\\app\\Views\\home\\chart.php')
 7 SYSTEMPATH\View\View.php(216): CodeIgniter\View\View->CodeIgniter\View\{closure}()
 8 SYSTEMPATH\Common.php(1184): CodeIgniter\View\View->render('home/chart', [], true)
 9 APPPATH\Controllers\Home.php(36): view('home/chart')
10 SYSTEMPATH\CodeIgniter.php(934): App\Controllers\Home->index()
11 SYSTEMPATH\CodeIgniter.php(499): CodeIgniter\CodeIgniter->runController(Object(App\Controllers\Home))
12 SYSTEMPATH\CodeIgniter.php(368): CodeIgniter\CodeIgniter->handleRequest(null, Object(Config\Cache), false)
13 FCPATH\index.php(67): CodeIgniter\CodeIgniter->run()
14 SYSTEMPATH\Commands\Server\rewrite.php(47): require_once('D:\\PROJECT-CI\\Absensi\\public\\index.php')
INFO - 2023-10-13 03:34:31 --> Session: Class initialized using 'CodeIgniter\Session\Handlers\FileHandler' driver.
INFO - 2023-10-13 03:37:10 --> Session: Class initialized using 'CodeIgniter\Session\Handlers\FileHandler' driver.
INFO - 2023-10-13 03:38:21 --> Session: Class initialized using 'CodeIgniter\Session\Handlers\FileHandler' driver.
INFO - 2023-10-13 03:58:14 --> Session: Class initialized using 'CodeIgniter\Session\Handlers\FileHandler' driver.
INFO - 2023-10-13 03:58:19 --> Session: Class initialized using 'CodeIgniter\Session\Handlers\FileHandler' driver.
INFO - 2023-10-13 03:58:26 --> Session: Class initialized using 'CodeIgniter\Session\Handlers\FileHandler' driver.
INFO - 2023-10-13 03:59:08 --> Session: Class initialized using 'CodeIgniter\Session\Handlers\FileHandler' driver.
INFO - 2023-10-13 03:59:55 --> Session: Class initialized using 'CodeIgniter\Session\Handlers\FileHandler' driver.
INFO - 2023-10-13 04:00:41 --> Session: Class initialized using 'CodeIgniter\Session\Handlers\FileHandler' driver.
INFO - 2023-10-13 04:00:54 --> Session: Class initialized using 'CodeIgniter\Session\Handlers\FileHandler' driver.
INFO - 2023-10-13 04:10:12 --> Session: Class initialized using 'CodeIgniter\Session\Handlers\FileHandler' driver.
INFO - 2023-10-13 04:10:49 --> Session: Class initialized using 'CodeIgniter\Session\Handlers\FileHandler' driver.
INFO - 2023-10-13 04:11:32 --> Session: Class initialized using 'CodeIgniter\Session\Handlers\FileHandler' driver.
INFO - 2023-10-13 04:12:45 --> Session: Class initialized using 'CodeIgniter\Session\Handlers\FileHandler' driver.
INFO - 2023-10-13 04:12:55 --> Session: Class initialized using 'CodeIgniter\Session\Handlers\FileHandler' driver.
INFO - 2023-10-13 04:15:33 --> Session: Class initialized using 'CodeIgniter\Session\Handlers\FileHandler' driver.
INFO - 2023-10-13 04:15:37 --> Session: Class initialized using 'CodeIgniter\Session\Handlers\FileHandler' driver.
INFO - 2023-10-13 04:15:48 --> Session: Class initialized using 'CodeIgniter\Session\Handlers\FileHandler' driver.
INFO - 2023-10-13 04:17:31 --> Session: Class initialized using 'CodeIgniter\Session\Handlers\FileHandler' driver.
INFO - 2023-10-13 04:17:38 --> Session: Class initialized using 'CodeIgniter\Session\Handlers\FileHandler' driver.
INFO - 2023-10-13 04:17:39 --> Session: Class initialized using 'CodeIgniter\Session\Handlers\FileHandler' driver.
INFO - 2023-10-13 04:17:48 --> Session: Class initialized using 'CodeIgniter\Session\Handlers\FileHandler' driver.
INFO - 2023-10-13 04:21:50 --> Session: Class initialized using 'CodeIgniter\Session\Handlers\FileHandler' driver.
INFO - 2023-10-13 04:22:55 --> Session: Class initialized using 'CodeIgniter\Session\Handlers\FileHandler' driver.
CRITICAL - 2023-10-13 05:28:02 --> Call to undefined method App\Models\Point_model::getTotalpoint
in SYSTEMPATH\Model.php on line 842.
 1 APPPATH\Controllers\Dashboard.php(80): CodeIgniter\Model->__call('getTotalpoint', [])
 2 SYSTEMPATH\CodeIgniter.php(934): App\Controllers\Dashboard->index()
 3 SYSTEMPATH\CodeIgniter.php(499): CodeIgniter\CodeIgniter->runController(Object(App\Controllers\Dashboard))
 4 SYSTEMPATH\CodeIgniter.php(368): CodeIgniter\CodeIgniter->handleRequest(null, Object(Config\Cache), false)
 5 FCPATH\index.php(67): CodeIgniter\CodeIgniter->run()
 6 SYSTEMPATH\Commands\Server\rewrite.php(47): require_once('D:\\PROJECT-CI\\Absensi\\public\\index.php')
ERROR - 2023-10-13 05:34:14 --> mysqli_sql_exception: Unknown column 'jml_point' in 'field list' in D:\PROJECT-CI\Absensi\system\Database\MySQLi\Connection.php:295
Stack trace:
#0 D:\PROJECT-CI\Absensi\system\Database\MySQLi\Connection.php(295): mysqli->query('SELECT `nama_pt...', 0)
#1 D:\PROJECT-CI\Absensi\system\Database\BaseConnection.php(691): CodeIgniter\Database\MySQLi\Connection->execute('SELECT `nama_pt...')
#2 D:\PROJECT-CI\Absensi\system\Database\BaseConnection.php(605): CodeIgniter\Database\BaseConnection->simpleQuery('SELECT `nama_pt...')
#3 D:\PROJECT-CI\Absensi\system\Database\BaseBuilder.php(1616): CodeIgniter\Database\BaseConnection->query('SELECT `nama_pt...', Array, false)
#4 D:\PROJECT-CI\Absensi\app\Models\Totalpoint_model.php(20): CodeIgniter\Database\BaseBuilder->get()
#5 D:\PROJECT-CI\Absensi\app\Controllers\Dashboard.php(80): App\Models\Totalpoint_model->getTotalpoint('10', '2023')
#6 D:\PROJECT-CI\Absensi\system\CodeIgniter.php(934): App\Controllers\Dashboard->index()
#7 D:\PROJECT-CI\Absensi\system\CodeIgniter.php(499): CodeIgniter\CodeIgniter->runController(Object(App\Controllers\Dashboard))
#8 D:\PROJECT-CI\Absensi\system\CodeIgniter.php(368): CodeIgniter\CodeIgniter->handleRequest(NULL, Object(Config\Cache), false)
#9 D:\PROJECT-CI\Absensi\public\index.php(67): CodeIgniter\CodeIgniter->run()
#10 D:\PROJECT-CI\Absensi\system\Commands\Server\rewrite.php(47): require_once('D:\\PROJECT-CI\\A...')
#11 {main}
CRITICAL - 2023-10-13 05:34:14 --> Unknown column 'jml_point' in 'field list'
in SYSTEMPATH\Database\MySQLi\Connection.php on line 295.
 1 SYSTEMPATH\Database\MySQLi\Connection.php(295): mysqli->query('SELECT `nama_ptk`, `jml_point`
FROM `t_total_point`
JOIN `t_ptk` ON `t_ptk`.`id_ptk` = `t_point`.`id_ptk`
WHERE `bln` = \'10\'
AND `thn` = \'2023\'
ORDER BY `jml_point` DESC
 LIMIT 5', 0)
 2 SYSTEMPATH\Database\BaseConnection.php(691): CodeIgniter\Database\MySQLi\Connection->execute('SELECT `nama_ptk`, `jml_point`
FROM `t_total_point`
JOIN `t_ptk` ON `t_ptk`.`id_ptk` = `t_point`.`id_ptk`
WHERE `bln` = \'10\'
AND `thn` = \'2023\'
ORDER BY `jml_point` DESC
 LIMIT 5')
 3 SYSTEMPATH\Database\BaseConnection.php(605): CodeIgniter\Database\BaseConnection->simpleQuery('SELECT `nama_ptk`, `jml_point`
FROM `t_total_point`
JOIN `t_ptk` ON `t_ptk`.`id_ptk` = `t_point`.`id_ptk`
WHERE `bln` = \'10\'
AND `thn` = \'2023\'
ORDER BY `jml_point` DESC
 LIMIT 5')
 4 SYSTEMPATH\Database\BaseBuilder.php(1616): CodeIgniter\Database\BaseConnection->query('SELECT `nama_ptk`, `jml_point`
FROM `t_total_point`
JOIN `t_ptk` ON `t_ptk`.`id_ptk` = `t_point`.`id_ptk`
WHERE `bln` = :bln:
AND `thn` = :thn:
ORDER BY `jml_point` DESC
 LIMIT 5', [...], false)
 5 APPPATH\Models\Totalpoint_model.php(20): CodeIgniter\Database\BaseBuilder->get()
 6 APPPATH\Controllers\Dashboard.php(80): App\Models\Totalpoint_model->getTotalpoint('10', '2023')
 7 SYSTEMPATH\CodeIgniter.php(934): App\Controllers\Dashboard->index()
 8 SYSTEMPATH\CodeIgniter.php(499): CodeIgniter\CodeIgniter->runController(Object(App\Controllers\Dashboard))
 9 SYSTEMPATH\CodeIgniter.php(368): CodeIgniter\CodeIgniter->handleRequest(null, Object(Config\Cache), false)
10 FCPATH\index.php(67): CodeIgniter\CodeIgniter->run()
11 SYSTEMPATH\Commands\Server\rewrite.php(47): require_once('D:\\PROJECT-CI\\Absensi\\public\\index.php')
ERROR - 2023-10-13 05:34:46 --> mysqli_sql_exception: Unknown column 't_point.id_ptk' in 'on clause' in D:\PROJECT-CI\Absensi\system\Database\MySQLi\Connection.php:295
Stack trace:
#0 D:\PROJECT-CI\Absensi\system\Database\MySQLi\Connection.php(295): mysqli->query('SELECT `nama_pt...', 0)
#1 D:\PROJECT-CI\Absensi\system\Database\BaseConnection.php(691): CodeIgniter\Database\MySQLi\Connection->execute('SELECT `nama_pt...')
#2 D:\PROJECT-CI\Absensi\system\Database\BaseConnection.php(605): CodeIgniter\Database\BaseConnection->simpleQuery('SELECT `nama_pt...')
#3 D:\PROJECT-CI\Absensi\system\Database\BaseBuilder.php(1616): CodeIgniter\Database\BaseConnection->query('SELECT `nama_pt...', Array, false)
#4 D:\PROJECT-CI\Absensi\app\Models\Totalpoint_model.php(20): CodeIgniter\Database\BaseBuilder->get()
#5 D:\PROJECT-CI\Absensi\app\Controllers\Dashboard.php(80): App\Models\Totalpoint_model->getTotalpoint('10', '2023')
#6 D:\PROJECT-CI\Absensi\system\CodeIgniter.php(934): App\Controllers\Dashboard->index()
#7 D:\PROJECT-CI\Absensi\system\CodeIgniter.php(499): CodeIgniter\CodeIgniter->runController(Object(App\Controllers\Dashboard))
#8 D:\PROJECT-CI\Absensi\system\CodeIgniter.php(368): CodeIgniter\CodeIgniter->handleRequest(NULL, Object(Config\Cache), false)
#9 D:\PROJECT-CI\Absensi\public\index.php(67): CodeIgniter\CodeIgniter->run()
#10 D:\PROJECT-CI\Absensi\system\Commands\Server\rewrite.php(47): require_once('D:\\PROJECT-CI\\A...')
#11 {main}
CRITICAL - 2023-10-13 05:34:46 --> Unknown column 't_point.id_ptk' in 'on clause'
in SYSTEMPATH\Database\MySQLi\Connection.php on line 295.
 1 SYSTEMPATH\Database\MySQLi\Connection.php(295): mysqli->query('SELECT `nama_ptk`, `jml_point`
FROM `t_total_point`
JOIN `t_ptk` ON `t_ptk`.`id_ptk` = `t_point`.`id_ptk`
WHERE `bln` = \'10\'
AND `thn` = \'2023\'
ORDER BY `jml_point` DESC
 LIMIT 5', 0)
 2 SYSTEMPATH\Database\BaseConnection.php(691): CodeIgniter\Database\MySQLi\Connection->execute('SELECT `nama_ptk`, `jml_point`
FROM `t_total_point`
JOIN `t_ptk` ON `t_ptk`.`id_ptk` = `t_point`.`id_ptk`
WHERE `bln` = \'10\'
AND `thn` = \'2023\'
ORDER BY `jml_point` DESC
 LIMIT 5')
 3 SYSTEMPATH\Database\BaseConnection.php(605): CodeIgniter\Database\BaseConnection->simpleQuery('SELECT `nama_ptk`, `jml_point`
FROM `t_total_point`
JOIN `t_ptk` ON `t_ptk`.`id_ptk` = `t_point`.`id_ptk`
WHERE `bln` = \'10\'
AND `thn` = \'2023\'
ORDER BY `jml_point` DESC
 LIMIT 5')
 4 SYSTEMPATH\Database\BaseBuilder.php(1616): CodeIgniter\Database\BaseConnection->query('SELECT `nama_ptk`, `jml_point`
FROM `t_total_point`
JOIN `t_ptk` ON `t_ptk`.`id_ptk` = `t_point`.`id_ptk`
WHERE `bln` = :bln:
AND `thn` = :thn:
ORDER BY `jml_point` DESC
 LIMIT 5', [...], false)
 5 APPPATH\Models\Totalpoint_model.php(20): CodeIgniter\Database\BaseBuilder->get()
 6 APPPATH\Controllers\Dashboard.php(80): App\Models\Totalpoint_model->getTotalpoint('10', '2023')
 7 SYSTEMPATH\CodeIgniter.php(934): App\Controllers\Dashboard->index()
 8 SYSTEMPATH\CodeIgniter.php(499): CodeIgniter\CodeIgniter->runController(Object(App\Controllers\Dashboard))
 9 SYSTEMPATH\CodeIgniter.php(368): CodeIgniter\CodeIgniter->handleRequest(null, Object(Config\Cache), false)
10 FCPATH\index.php(67): CodeIgniter\CodeIgniter->run()
11 SYSTEMPATH\Commands\Server\rewrite.php(47): require_once('D:\\PROJECT-CI\\Absensi\\public\\index.php')
ERROR - 2023-10-13 05:35:59 --> mysqli_sql_exception: Unknown column 't_point.id_ptk' in 'on clause' in D:\PROJECT-CI\Absensi\system\Database\MySQLi\Connection.php:295
Stack trace:
#0 D:\PROJECT-CI\Absensi\system\Database\MySQLi\Connection.php(295): mysqli->query('SELECT `nama_pt...', 0)
#1 D:\PROJECT-CI\Absensi\system\Database\BaseConnection.php(691): CodeIgniter\Database\MySQLi\Connection->execute('SELECT `nama_pt...')
#2 D:\PROJECT-CI\Absensi\system\Database\BaseConnection.php(605): CodeIgniter\Database\BaseConnection->simpleQuery('SELECT `nama_pt...')
#3 D:\PROJECT-CI\Absensi\system\Database\BaseBuilder.php(1616): CodeIgniter\Database\BaseConnection->query('SELECT `nama_pt...', Array, false)
#4 D:\PROJECT-CI\Absensi\app\Models\Totalpoint_model.php(20): CodeIgniter\Database\BaseBuilder->get()
#5 D:\PROJECT-CI\Absensi\app\Controllers\Dashboard.php(80): App\Models\Totalpoint_model->getTotalpoint('10', '2023')
#6 D:\PROJECT-CI\Absensi\system\CodeIgniter.php(934): App\Controllers\Dashboard->index()
#7 D:\PROJECT-CI\Absensi\system\CodeIgniter.php(499): CodeIgniter\CodeIgniter->runController(Object(App\Controllers\Dashboard))
#8 D:\PROJECT-CI\Absensi\system\CodeIgniter.php(368): CodeIgniter\CodeIgniter->handleRequest(NULL, Object(Config\Cache), false)
#9 D:\PROJECT-CI\Absensi\public\index.php(67): CodeIgniter\CodeIgniter->run()
#10 D:\PROJECT-CI\Absensi\system\Commands\Server\rewrite.php(47): require_once('D:\\PROJECT-CI\\A...')
#11 {main}
CRITICAL - 2023-10-13 05:35:59 --> Unknown column 't_point.id_ptk' in 'on clause'
in SYSTEMPATH\Database\MySQLi\Connection.php on line 295.
 1 SYSTEMPATH\Database\MySQLi\Connection.php(295): mysqli->query('SELECT `nama_ptk`, `jml_point`
FROM `t_total_point`
JOIN `t_ptk` ON `t_ptk`.`id_ptk` = `t_point`.`id_ptk`
WHERE `bln` = \'10\'
AND `thn` = \'2023\'
ORDER BY `jml_point` DESC
 LIMIT 5', 0)
 2 SYSTEMPATH\Database\BaseConnection.php(691): CodeIgniter\Database\MySQLi\Connection->execute('SELECT `nama_ptk`, `jml_point`
FROM `t_total_point`
JOIN `t_ptk` ON `t_ptk`.`id_ptk` = `t_point`.`id_ptk`
WHERE `bln` = \'10\'
AND `thn` = \'2023\'
ORDER BY `jml_point` DESC
 LIMIT 5')
 3 SYSTEMPATH\Database\BaseConnection.php(605): CodeIgniter\Database\BaseConnection->simpleQuery('SELECT `nama_ptk`, `jml_point`
FROM `t_total_point`
JOIN `t_ptk` ON `t_ptk`.`id_ptk` = `t_point`.`id_ptk`
WHERE `bln` = \'10\'
AND `thn` = \'2023\'
ORDER BY `jml_point` DESC
 LIMIT 5')
 4 SYSTEMPATH\Database\BaseBuilder.php(1616): CodeIgniter\Database\BaseConnection->query('SELECT `nama_ptk`, `jml_point`
FROM `t_total_point`
JOIN `t_ptk` ON `t_ptk`.`id_ptk` = `t_point`.`id_ptk`
WHERE `bln` = :bln:
AND `thn` = :thn:
ORDER BY `jml_point` DESC
 LIMIT 5', [...], false)
 5 APPPATH\Models\Totalpoint_model.php(20): CodeIgniter\Database\BaseBuilder->get()
 6 APPPATH\Controllers\Dashboard.php(80): App\Models\Totalpoint_model->getTotalpoint('10', '2023')
 7 SYSTEMPATH\CodeIgniter.php(934): App\Controllers\Dashboard->index()
 8 SYSTEMPATH\CodeIgniter.php(499): CodeIgniter\CodeIgniter->runController(Object(App\Controllers\Dashboard))
 9 SYSTEMPATH\CodeIgniter.php(368): CodeIgniter\CodeIgniter->handleRequest(null, Object(Config\Cache), false)
10 FCPATH\index.php(67): CodeIgniter\CodeIgniter->run()
11 SYSTEMPATH\Commands\Server\rewrite.php(47): require_once('D:\\PROJECT-CI\\Absensi\\public\\index.php')
INFO - 2023-10-13 05:40:33 --> Session: Class initialized using 'CodeIgniter\Session\Handlers\FileHandler' driver.
INFO - 2023-10-13 05:40:48 --> Session: Class initialized using 'CodeIgniter\Session\Handlers\FileHandler' driver.
INFO - 2023-10-13 05:40:48 --> Session: Class initialized using 'CodeIgniter\Session\Handlers\FileHandler' driver.
INFO - 2023-10-13 05:41:54 --> Session: Class initialized using 'CodeIgniter\Session\Handlers\FileHandler' driver.
INFO - 2023-10-13 05:42:06 --> Session: Class initialized using 'CodeIgniter\Session\Handlers\FileHandler' driver.
INFO - 2023-10-13 05:42:12 --> Session: Class initialized using 'CodeIgniter\Session\Handlers\FileHandler' driver.
INFO - 2023-10-13 05:42:28 --> Session: Class initialized using 'CodeIgniter\Session\Handlers\FileHandler' driver.
INFO - 2023-10-13 05:42:38 --> Session: Class initialized using 'CodeIgniter\Session\Handlers\FileHandler' driver.
INFO - 2023-10-13 05:42:45 --> Session: Class initialized using 'CodeIgniter\Session\Handlers\FileHandler' driver.
INFO - 2023-10-13 05:42:45 --> Session: Class initialized using 'CodeIgniter\Session\Handlers\FileHandler' driver.
ERROR - 2023-10-13 05:42:49 --> mysqli_sql_exception: Unknown column 'id_bln' in 'where clause' in D:\PROJECT-CI\Absensi\system\Database\MySQLi\Connection.php:295
Stack trace:
#0 D:\PROJECT-CI\Absensi\system\Database\MySQLi\Connection.php(295): mysqli->query('SELECT COUNT(*)...', 0)
#1 D:\PROJECT-CI\Absensi\system\Database\BaseConnection.php(691): CodeIgniter\Database\MySQLi\Connection->execute('SELECT COUNT(*)...')
#2 D:\PROJECT-CI\Absensi\system\Database\BaseConnection.php(605): CodeIgniter\Database\BaseConnection->simpleQuery('SELECT COUNT(*)...')
#3 D:\PROJECT-CI\Absensi\system\Database\BaseBuilder.php(1700): CodeIgniter\Database\BaseConnection->query('SELECT COUNT(*)...', Array, false)
#4 D:\PROJECT-CI\Absensi\app\Controllers\Dashboard.php(58): CodeIgniter\Database\BaseBuilder->countAllResults()
#5 D:\PROJECT-CI\Absensi\system\CodeIgniter.php(934): App\Controllers\Dashboard->index()
#6 D:\PROJECT-CI\Absensi\system\CodeIgniter.php(499): CodeIgniter\CodeIgniter->runController(Object(App\Controllers\Dashboard))
#7 D:\PROJECT-CI\Absensi\system\CodeIgniter.php(368): CodeIgniter\CodeIgniter->handleRequest(NULL, Object(Config\Cache), false)
#8 D:\PROJECT-CI\Absensi\public\index.php(67): CodeIgniter\CodeIgniter->run()
#9 D:\PROJECT-CI\Absensi\system\Commands\Server\rewrite.php(47): require_once('D:\\PROJECT-CI\\A...')
#10 {main}
CRITICAL - 2023-10-13 05:42:49 --> Unknown column 'id_bln' in 'where clause'
in SYSTEMPATH\Database\MySQLi\Connection.php on line 295.
 1 SYSTEMPATH\Database\MySQLi\Connection.php(295): mysqli->query('SELECT COUNT(*) AS `numrows`
FROM `t_total_point`
WHERE `id_bln` = \'10\'
AND `id_thn` = \'2023\'
AND `id_ptk` = \'5\'', 0)
 2 SYSTEMPATH\Database\BaseConnection.php(691): CodeIgniter\Database\MySQLi\Connection->execute('SELECT COUNT(*) AS `numrows`
FROM `t_total_point`
WHERE `id_bln` = \'10\'
AND `id_thn` = \'2023\'
AND `id_ptk` = \'5\'')
 3 SYSTEMPATH\Database\BaseConnection.php(605): CodeIgniter\Database\BaseConnection->simpleQuery('SELECT COUNT(*) AS `numrows`
FROM `t_total_point`
WHERE `id_bln` = \'10\'
AND `id_thn` = \'2023\'
AND `id_ptk` = \'5\'')
 4 SYSTEMPATH\Database\BaseBuilder.php(1700): CodeIgniter\Database\BaseConnection->query('SELECT COUNT(*) AS `numrows`
FROM `t_total_point`
WHERE `id_bln` = :id_bln:
AND `id_thn` = :id_thn:
AND `id_ptk` = :id_ptk:', [...], false)
 5 APPPATH\Controllers\Dashboard.php(58): CodeIgniter\Database\BaseBuilder->countAllResults()
 6 SYSTEMPATH\CodeIgniter.php(934): App\Controllers\Dashboard->index()
 7 SYSTEMPATH\CodeIgniter.php(499): CodeIgniter\CodeIgniter->runController(Object(App\Controllers\Dashboard))
 8 SYSTEMPATH\CodeIgniter.php(368): CodeIgniter\CodeIgniter->handleRequest(null, Object(Config\Cache), false)
 9 FCPATH\index.php(67): CodeIgniter\CodeIgniter->run()
10 SYSTEMPATH\Commands\Server\rewrite.php(47): require_once('D:\\PROJECT-CI\\Absensi\\public\\index.php')
ERROR - 2023-10-13 05:50:08 --> mysqli_sql_exception: Table 'absen_unsuri.total_point' doesn't exist in D:\PROJECT-CI\Absensi\system\Database\MySQLi\Connection.php:295
Stack trace:
#0 D:\PROJECT-CI\Absensi\system\Database\MySQLi\Connection.php(295): mysqli->query('SELECT jml_poin...', 0)
#1 D:\PROJECT-CI\Absensi\system\Database\BaseConnection.php(691): CodeIgniter\Database\MySQLi\Connection->execute('SELECT jml_poin...')
#2 D:\PROJECT-CI\Absensi\system\Database\BaseConnection.php(605): CodeIgniter\Database\BaseConnection->simpleQuery('SELECT jml_poin...')
#3 D:\PROJECT-CI\Absensi\app\Controllers\Dashboard.php(62): CodeIgniter\Database\BaseConnection->query('SELECT jml_poin...')
#4 D:\PROJECT-CI\Absensi\system\CodeIgniter.php(934): App\Controllers\Dashboard->index()
#5 D:\PROJECT-CI\Absensi\system\CodeIgniter.php(499): CodeIgniter\CodeIgniter->runController(Object(App\Controllers\Dashboard))
#6 D:\PROJECT-CI\Absensi\system\CodeIgniter.php(368): CodeIgniter\CodeIgniter->handleRequest(NULL, Object(Config\Cache), false)
#7 D:\PROJECT-CI\Absensi\public\index.php(67): CodeIgniter\CodeIgniter->run()
#8 D:\PROJECT-CI\Absensi\system\Commands\Server\rewrite.php(47): require_once('D:\\PROJECT-CI\\A...')
#9 {main}
CRITICAL - 2023-10-13 05:50:08 --> Table 'absen_unsuri.total_point' doesn't exist
in SYSTEMPATH\Database\MySQLi\Connection.php on line 295.
 1 SYSTEMPATH\Database\MySQLi\Connection.php(295): mysqli->query('SELECT jml_point FROM total_point where id_ptk=\'5\' and bln=\'10\' and thn=\'2023\'', 0)
 2 SYSTEMPATH\Database\BaseConnection.php(691): CodeIgniter\Database\MySQLi\Connection->execute('SELECT jml_point FROM total_point where id_ptk=\'5\' and bln=\'10\' and thn=\'2023\'')
 3 SYSTEMPATH\Database\BaseConnection.php(605): CodeIgniter\Database\BaseConnection->simpleQuery('SELECT jml_point FROM total_point where id_ptk=\'5\' and bln=\'10\' and thn=\'2023\'')
 4 APPPATH\Controllers\Dashboard.php(62): CodeIgniter\Database\BaseConnection->query('SELECT jml_point FROM total_point where id_ptk=\'5\' and bln=\'10\' and thn=\'2023\'')
 5 SYSTEMPATH\CodeIgniter.php(934): App\Controllers\Dashboard->index()
 6 SYSTEMPATH\CodeIgniter.php(499): CodeIgniter\CodeIgniter->runController(Object(App\Controllers\Dashboard))
 7 SYSTEMPATH\CodeIgniter.php(368): CodeIgniter\CodeIgniter->handleRequest(null, Object(Config\Cache), false)
 8 FCPATH\index.php(67): CodeIgniter\CodeIgniter->run()
 9 SYSTEMPATH\Commands\Server\rewrite.php(47): require_once('D:\\PROJECT-CI\\Absensi\\public\\index.php')
INFO - 2023-10-13 05:52:31 --> Session: Class initialized using 'CodeIgniter\Session\Handlers\FileHandler' driver.
INFO - 2023-10-13 05:52:35 --> Session: Class initialized using 'CodeIgniter\Session\Handlers\FileHandler' driver.
INFO - 2023-10-13 05:52:43 --> Session: Class initialized using 'CodeIgniter\Session\Handlers\FileHandler' driver.
INFO - 2023-10-13 05:52:43 --> Session: Class initialized using 'CodeIgniter\Session\Handlers\FileHandler' driver.
INFO - 2023-10-13 06:10:42 --> Session: Class initialized using 'CodeIgniter\Session\Handlers\FileHandler' driver.
INFO - 2023-10-13 06:11:01 --> Session: Class initialized using 'CodeIgniter\Session\Handlers\FileHandler' driver.
INFO - 2023-10-13 06:11:01 --> Session: Class initialized using 'CodeIgniter\Session\Handlers\FileHandler' driver.
INFO - 2023-10-13 06:11:06 --> Session: Class initialized using 'CodeIgniter\Session\Handlers\FileHandler' driver.
INFO - 2023-10-13 11:11:16 --> Session: Class initialized using 'CodeIgniter\Session\Handlers\FileHandler' driver.
INFO - 2023-10-13 11:11:39 --> Session: Class initialized using 'CodeIgniter\Session\Handlers\FileHandler' driver.
INFO - 2023-10-13 11:11:40 --> Session: Class initialized using 'CodeIgniter\Session\Handlers\FileHandler' driver.
INFO - 2023-10-13 11:12:37 --> Session: Class initialized using 'CodeIgniter\Session\Handlers\FileHandler' driver.
INFO - 2023-10-13 11:13:09 --> Session: Class initialized using 'CodeIgniter\Session\Handlers\FileHandler' driver.
ERROR - 2023-10-13 11:13:12 --> Error connecting to the database: ErrorException: mysqli::real_connect(): Error while reading greeting packet. PID=11028 in D:\PROJECT-CI\Absensi\system\Database\MySQLi\Connection.php:174
Stack trace:
#0 [internal function]: CodeIgniter\Debug\Exceptions->errorHandler(2, 'mysqli::real_co...', 'D:\\PROJECT-CI\\A...', 174, Array)
#1 D:\PROJECT-CI\Absensi\system\Database\MySQLi\Connection.php(174): mysqli->real_connect('localhost', 'root', 'p4ssw0rd', 'absen_unsuri', 3306, '', 0)
#2 D:\PROJECT-CI\Absensi\system\Database\BaseConnection.php(391): CodeIgniter\Database\MySQLi\Connection->connect(false)
#3 D:\PROJECT-CI\Absensi\system\Database\BaseConnection.php(573): CodeIgniter\Database\BaseConnection->initialize()
#4 D:\PROJECT-CI\Absensi\system\Database\BaseBuilder.php(1616): CodeIgniter\Database\BaseConnection->query('SELECT `nama_pt...', Array, false)
#5 D:\PROJECT-CI\Absensi\app\Models\Point_model.php(20): CodeIgniter\Database\BaseBuilder->get()
#6 D:\PROJECT-CI\Absensi\app\Controllers\Home.php(23): App\Models\Point_model->getPointdosen()
#7 D:\PROJECT-CI\Absensi\system\CodeIgniter.php(934): App\Controllers\Home->index()
#8 D:\PROJECT-CI\Absensi\system\CodeIgniter.php(499): CodeIgniter\CodeIgniter->runController(Object(App\Controllers\Home))
#9 D:\PROJECT-CI\Absensi\system\CodeIgniter.php(368): CodeIgniter\CodeIgniter->handleRequest(NULL, Object(Config\Cache), false)
#10 D:\PROJECT-CI\Absensi\public\index.php(67): CodeIgniter\CodeIgniter->run()
#11 D:\PROJECT-CI\Absensi\system\Commands\Server\rewrite.php(47): require_once('D:\\PROJECT-CI\\A...')
#12 {main}

Next mysqli_sql_exception: MySQL server has gone away in D:\PROJECT-CI\Absensi\system\Database\MySQLi\Connection.php:174
Stack trace:
#0 D:\PROJECT-CI\Absensi\system\Database\MySQLi\Connection.php(174): mysqli->real_connect('localhost', 'root', 'p4ssw0rd', 'absen_unsuri', 3306, '', 0)
#1 D:\PROJECT-CI\Absensi\system\Database\BaseConnection.php(391): CodeIgniter\Database\MySQLi\Connection->connect(false)
#2 D:\PROJECT-CI\Absensi\system\Database\BaseConnection.php(573): CodeIgniter\Database\BaseConnection->initialize()
#3 D:\PROJECT-CI\Absensi\system\Database\BaseBuilder.php(1616): CodeIgniter\Database\BaseConnection->query('SELECT `nama_pt...', Array, false)
#4 D:\PROJECT-CI\Absensi\app\Models\Point_model.php(20): CodeIgniter\Database\BaseBuilder->get()
#5 D:\PROJECT-CI\Absensi\app\Controllers\Home.php(23): App\Models\Point_model->getPointdosen()
#6 D:\PROJECT-CI\Absensi\system\CodeIgniter.php(934): App\Controllers\Home->index()
#7 D:\PROJECT-CI\Absensi\system\CodeIgniter.php(499): CodeIgniter\CodeIgniter->runController(Object(App\Controllers\Home))
#8 D:\PROJECT-CI\Absensi\system\CodeIgniter.php(368): CodeIgniter\CodeIgniter->handleRequest(NULL, Object(Config\Cache), false)
#9 D:\PROJECT-CI\Absensi\public\index.php(67): CodeIgniter\CodeIgniter->run()
#10 D:\PROJECT-CI\Absensi\system\Commands\Server\rewrite.php(47): require_once('D:\\PROJECT-CI\\A...')
#11 {main}

Next CodeIgniter\Database\Exceptions\DatabaseException: MySQL server has gone away in D:\PROJECT-CI\Absensi\system\Database\MySQLi\Connection.php:218
Stack trace:
#0 D:\PROJECT-CI\Absensi\system\Database\BaseConnection.php(391): CodeIgniter\Database\MySQLi\Connection->connect(false)
#1 D:\PROJECT-CI\Absensi\system\Database\BaseConnection.php(573): CodeIgniter\Database\BaseConnection->initialize()
#2 D:\PROJECT-CI\Absensi\system\Database\BaseBuilder.php(1616): CodeIgniter\Database\BaseConnection->query('SELECT `nama_pt...', Array, false)
#3 D:\PROJECT-CI\Absensi\app\Models\Point_model.php(20): CodeIgniter\Database\BaseBuilder->get()
#4 D:\PROJECT-CI\Absensi\app\Controllers\Home.php(23): App\Models\Point_model->getPointdosen()
#5 D:\PROJECT-CI\Absensi\system\CodeIgniter.php(934): App\Controllers\Home->index()
#6 D:\PROJECT-CI\Absensi\system\CodeIgniter.php(499): CodeIgniter\CodeIgniter->runController(Object(App\Controllers\Home))
#7 D:\PROJECT-CI\Absensi\system\CodeIgniter.php(368): CodeIgniter\CodeIgniter->handleRequest(NULL, Object(Config\Cache), false)
#8 D:\PROJECT-CI\Absensi\public\index.php(67): CodeIgniter\CodeIgniter->run()
#9 D:\PROJECT-CI\Absensi\system\Commands\Server\rewrite.php(47): require_once('D:\\PROJECT-CI\\A...')
#10 {main}
CRITICAL - 2023-10-13 11:13:12 --> Unable to connect to the database.
Main connection [MySQLi]: MySQL server has gone away
in SYSTEMPATH\Database\BaseConnection.php on line 427.
 1 SYSTEMPATH\Database\BaseConnection.php(573): CodeIgniter\Database\BaseConnection->initialize()
 2 SYSTEMPATH\Database\BaseBuilder.php(1616): CodeIgniter\Database\BaseConnection->query('SELECT `nama_ptk`, sum(nilai) as point
FROM `t_point`
JOIN `t_ptk` ON `t_ptk`.`id_ptk` = `t_point`.`id_ptk`
WHERE `id_jenis_ptk` = :id_jenis_ptk:
AND `status_ptk` = :status_ptk:
ORDER BY `point` DESC
 LIMIT 5', [...], false)
 3 APPPATH\Models\Point_model.php(20): CodeIgniter\Database\BaseBuilder->get()
 4 APPPATH\Controllers\Home.php(23): App\Models\Point_model->getPointdosen()
 5 SYSTEMPATH\CodeIgniter.php(934): App\Controllers\Home->index()
 6 SYSTEMPATH\CodeIgniter.php(499): CodeIgniter\CodeIgniter->runController(Object(App\Controllers\Home))
 7 SYSTEMPATH\CodeIgniter.php(368): CodeIgniter\CodeIgniter->handleRequest(null, Object(Config\Cache), false)
 8 FCPATH\index.php(67): CodeIgniter\CodeIgniter->run()
 9 SYSTEMPATH\Commands\Server\rewrite.php(47): require_once('D:\\PROJECT-CI\\Absensi\\public\\index.php')
INFO - 2023-10-13 11:13:22 --> Session: Class initialized using 'CodeIgniter\Session\Handlers\FileHandler' driver.
INFO - 2023-10-13 11:14:02 --> Session: Class initialized using 'CodeIgniter\Session\Handlers\FileHandler' driver.
INFO - 2023-10-13 11:14:28 --> Session: Class initialized using 'CodeIgniter\Session\Handlers\FileHandler' driver.
INFO - 2023-10-13 11:14:36 --> Session: Class initialized using 'CodeIgniter\Session\Handlers\FileHandler' driver.
INFO - 2023-10-13 11:14:42 --> Session: Class initialized using 'CodeIgniter\Session\Handlers\FileHandler' driver.
INFO - 2023-10-13 11:14:45 --> Session: Class initialized using 'CodeIgniter\Session\Handlers\FileHandler' driver.
INFO - 2023-10-13 11:14:52 --> Session: Class initialized using 'CodeIgniter\Session\Handlers\FileHandler' driver.
INFO - 2023-10-13 11:15:05 --> Session: Class initialized using 'CodeIgniter\Session\Handlers\FileHandler' driver.
INFO - 2023-10-13 11:15:07 --> Session: Class initialized using 'CodeIgniter\Session\Handlers\FileHandler' driver.
INFO - 2023-10-13 11:15:09 --> Session: Class initialized using 'CodeIgniter\Session\Handlers\FileHandler' driver.
INFO - 2023-10-13 11:15:15 --> Session: Class initialized using 'CodeIgniter\Session\Handlers\FileHandler' driver.
INFO - 2023-10-13 11:15:25 --> Session: Class initialized using 'CodeIgniter\Session\Handlers\FileHandler' driver.
INFO - 2023-10-13 11:15:29 --> Session: Class initialized using 'CodeIgniter\Session\Handlers\FileHandler' driver.
INFO - 2023-10-13 11:15:34 --> Session: Class initialized using 'CodeIgniter\Session\Handlers\FileHandler' driver.
INFO - 2023-10-13 11:15:48 --> Session: Class initialized using 'CodeIgniter\Session\Handlers\FileHandler' driver.
INFO - 2023-10-13 11:15:53 --> Session: Class initialized using 'CodeIgniter\Session\Handlers\FileHandler' driver.
INFO - 2023-10-13 11:15:57 --> Session: Class initialized using 'CodeIgniter\Session\Handlers\FileHandler' driver.
INFO - 2023-10-13 11:16:00 --> Session: Class initialized using 'CodeIgniter\Session\Handlers\FileHandler' driver.
INFO - 2023-10-13 11:16:05 --> Session: Class initialized using 'CodeIgniter\Session\Handlers\FileHandler' driver.
INFO - 2023-10-13 11:16:12 --> Session: Class initialized using 'CodeIgniter\Session\Handlers\FileHandler' driver.
INFO - 2023-10-13 11:16:18 --> Session: Class initialized using 'CodeIgniter\Session\Handlers\FileHandler' driver.
INFO - 2023-10-13 11:16:26 --> Session: Class initialized using 'CodeIgniter\Session\Handlers\FileHandler' driver.
