ERROR - 2024-11-17 05:11:39 --> Error connecting to the database: mysqli_sql_exception: No connection could be made because the target machine actively refused it in D:\PROJECT-CI\saputra\system\Database\MySQLi\Connection.php:173
Stack trace:
#0 D:\PROJECT-CI\saputra\system\Database\MySQLi\Connection.php(173): mysqli->real_connect('localhost', 'root', Object(SensitiveParameterValue), 'absen_saputra', 3306, '', 0)
#1 D:\PROJECT-CI\saputra\system\Database\BaseConnection.php(391): CodeIgniter\Database\MySQLi\Connection->connect(false)
#2 D:\PROJECT-CI\saputra\system\Database\BaseConnection.php(573): CodeIgniter\Database\BaseConnection->initialize()
#3 D:\PROJECT-CI\saputra\app\Controllers\Cpanel.php(16): CodeIgniter\Database\BaseConnection->query('SELECT file FRO...')
#4 D:\PROJECT-CI\saputra\system\CodeIgniter.php(934): App\Controllers\Cpanel->index()
#5 D:\PROJECT-CI\saputra\system\CodeIgniter.php(499): CodeIgniter\CodeIgniter->runController(Object(App\Controllers\Cpanel))
#6 D:\PROJECT-CI\saputra\system\CodeIgniter.php(368): CodeIgniter\CodeIgniter->handleRequest(NULL, Object(Config\Cache), false)
#7 D:\PROJECT-CI\saputra\public\index.php(67): CodeIgniter\CodeIgniter->run()
#8 D:\PROJECT-CI\saputra\system\Commands\Server\rewrite.php(47): require_once('D:\\PROJECT-CI\\s...')
#9 {main}

Next CodeIgniter\Database\Exceptions\DatabaseException: No connection could be made because the target machine actively refused it in D:\PROJECT-CI\saputra\system\Database\MySQLi\Connection.php:218
Stack trace:
#0 D:\PROJECT-CI\saputra\system\Database\BaseConnection.php(391): CodeIgniter\Database\MySQLi\Connection->connect(false)
#1 D:\PROJECT-CI\saputra\system\Database\BaseConnection.php(573): CodeIgniter\Database\BaseConnection->initialize()
#2 D:\PROJECT-CI\saputra\app\Controllers\Cpanel.php(16): CodeIgniter\Database\BaseConnection->query('SELECT file FRO...')
#3 D:\PROJECT-CI\saputra\system\CodeIgniter.php(934): App\Controllers\Cpanel->index()
#4 D:\PROJECT-CI\saputra\system\CodeIgniter.php(499): CodeIgniter\CodeIgniter->runController(Object(App\Controllers\Cpanel))
#5 D:\PROJECT-CI\saputra\system\CodeIgniter.php(368): CodeIgniter\CodeIgniter->handleRequest(NULL, Object(Config\Cache), false)
#6 D:\PROJECT-CI\saputra\public\index.php(67): CodeIgniter\CodeIgniter->run()
#7 D:\PROJECT-CI\saputra\system\Commands\Server\rewrite.php(47): require_once('D:\\PROJECT-CI\\s...')
#8 {main}
CRITICAL - 2024-11-17 05:11:39 --> Unable to connect to the database.
Main connection [MySQLi]: No connection could be made because the target machine actively refused it
in SYSTEMPATH\Database\BaseConnection.php on line 427.
 1 SYSTEMPATH\Database\BaseConnection.php(573): CodeIgniter\Database\BaseConnection->initialize()
 2 APPPATH\Controllers\Cpanel.php(16): CodeIgniter\Database\BaseConnection->query('SELECT file FROM t_setting_aplikasi')
 3 SYSTEMPATH\CodeIgniter.php(934): App\Controllers\Cpanel->index()
 4 SYSTEMPATH\CodeIgniter.php(499): CodeIgniter\CodeIgniter->runController(Object(App\Controllers\Cpanel))
 5 SYSTEMPATH\CodeIgniter.php(368): CodeIgniter\CodeIgniter->handleRequest(null, Object(Config\Cache), false)
 6 FCPATH\index.php(67): CodeIgniter\CodeIgniter->run()
 7 SYSTEMPATH\Commands\Server\rewrite.php(47): require_once('D:\\PROJECT-CI\\saputra\\public\\index.php')
INFO - 2024-11-17 05:12:29 --> Session: Class initialized using 'CodeIgniter\Session\Handlers\FileHandler' driver.
INFO - 2024-11-17 12:12:49 --> Session: Class initialized using 'CodeIgniter\Session\Handlers\FileHandler' driver.
INFO - 2024-11-17 12:13:13 --> Session: Class initialized using 'CodeIgniter\Session\Handlers\FileHandler' driver.
INFO - 2024-11-17 12:26:09 --> Session: Class initialized using 'CodeIgniter\Session\Handlers\FileHandler' driver.
INFO - 2024-11-17 05:40:31 --> Session: Class initialized using 'CodeIgniter\Session\Handlers\FileHandler' driver.
