INFO - 2024-04-20 08:27:30 --> Session: Class initialized using 'CodeIgniter\Session\Handlers\FileHandler' driver.
INFO - 2024-04-20 08:28:37 --> Session: Class initialized using 'CodeIgniter\Session\Handlers\FileHandler' driver.
INFO - 2024-04-20 08:28:38 --> Session: Class initialized using 'CodeIgniter\Session\Handlers\FileHandler' driver.
INFO - 2024-04-20 15:28:43 --> Session: Class initialized using 'CodeIgniter\Session\Handlers\FileHandler' driver.
INFO - 2024-04-20 08:29:37 --> Session: Class initialized using 'CodeIgniter\Session\Handlers\FileHandler' driver.
INFO - 2024-04-20 08:29:38 --> Session: Class initialized using 'CodeIgniter\Session\Handlers\FileHandler' driver.
INFO - 2024-04-20 08:29:43 --> Session: Class initialized using 'CodeIgniter\Session\Handlers\FileHandler' driver.
INFO - 2024-04-20 08:29:43 --> Session: Class initialized using 'CodeIgniter\Session\Handlers\FileHandler' driver.
INFO - 2024-04-20 08:29:48 --> Session: Class initialized using 'CodeIgniter\Session\Handlers\FileHandler' driver.
INFO - 2024-04-20 08:29:48 --> Session: Class initialized using 'CodeIgniter\Session\Handlers\FileHandler' driver.
INFO - 2024-04-20 08:29:54 --> Session: Class initialized using 'CodeIgniter\Session\Handlers\FileHandler' driver.
INFO - 2024-04-20 08:29:54 --> Session: Class initialized using 'CodeIgniter\Session\Handlers\FileHandler' driver.
INFO - 2024-04-20 08:30:03 --> Session: Class initialized using 'CodeIgniter\Session\Handlers\FileHandler' driver.
INFO - 2024-04-20 08:31:58 --> Session: Class initialized using 'CodeIgniter\Session\Handlers\FileHandler' driver.
INFO - 2024-04-20 08:35:34 --> Session: Class initialized using 'CodeIgniter\Session\Handlers\FileHandler' driver.
INFO - 2024-04-20 08:37:02 --> Session: Class initialized using 'CodeIgniter\Session\Handlers\FileHandler' driver.
INFO - 2024-04-20 08:37:12 --> Session: Class initialized using 'CodeIgniter\Session\Handlers\FileHandler' driver.
INFO - 2024-04-20 08:37:18 --> Session: Class initialized using 'CodeIgniter\Session\Handlers\FileHandler' driver.
INFO - 2024-04-20 08:38:11 --> Session: Class initialized using 'CodeIgniter\Session\Handlers\FileHandler' driver.
INFO - 2024-04-20 08:42:42 --> Session: Class initialized using 'CodeIgniter\Session\Handlers\FileHandler' driver.
INFO - 2024-04-20 08:42:42 --> Session: Class initialized using 'CodeIgniter\Session\Handlers\FileHandler' driver.
INFO - 2024-04-20 09:15:23 --> Session: Class initialized using 'CodeIgniter\Session\Handlers\FileHandler' driver.
INFO - 2024-04-20 09:15:32 --> Session: Class initialized using 'CodeIgniter\Session\Handlers\FileHandler' driver.
INFO - 2024-04-20 09:16:01 --> Session: Class initialized using 'CodeIgniter\Session\Handlers\FileHandler' driver.
INFO - 2024-04-20 09:16:07 --> Session: Class initialized using 'CodeIgniter\Session\Handlers\FileHandler' driver.
INFO - 2024-04-20 09:16:14 --> Session: Class initialized using 'CodeIgniter\Session\Handlers\FileHandler' driver.
INFO - 2024-04-20 09:16:19 --> Session: Class initialized using 'CodeIgniter\Session\Handlers\FileHandler' driver.
INFO - 2024-04-20 09:16:22 --> Session: Class initialized using 'CodeIgniter\Session\Handlers\FileHandler' driver.
ERROR - 2024-04-20 09:16:22 --> mysqli_sql_exception: Table 'absen_smapare.cuti' doesn't exist in D:\PROJECT-CI\smapare\system\Database\MySQLi\Connection.php:295
Stack trace:
#0 D:\PROJECT-CI\smapare\system\Database\MySQLi\Connection.php(295): mysqli->query('SELECT COUNT(*)...', 0)
#1 D:\PROJECT-CI\smapare\system\Database\BaseConnection.php(691): CodeIgniter\Database\MySQLi\Connection->execute('SELECT COUNT(*)...')
#2 D:\PROJECT-CI\smapare\system\Database\BaseConnection.php(605): CodeIgniter\Database\BaseConnection->simpleQuery('SELECT COUNT(*)...')
#3 D:\PROJECT-CI\smapare\system\Database\BaseBuilder.php(1700): CodeIgniter\Database\BaseConnection->query('SELECT COUNT(*)...', Array, false)
#4 D:\PROJECT-CI\smapare\app\Views\func.php(720): CodeIgniter\Database\BaseBuilder->countAllResults()
#5 D:\PROJECT-CI\smapare\app\Views\report\perpegawai.php(120): jumalphabln('1', '04')
#6 D:\PROJECT-CI\smapare\system\View\View.php(213): include('D:\\PROJECT-CI\\s...')
#7 D:\PROJECT-CI\smapare\system\View\View.php(216): CodeIgniter\View\View->CodeIgniter\View\{closure}()
#8 D:\PROJECT-CI\smapare\system\Common.php(1184): CodeIgniter\View\View->render('report/perpegaw...', Array, true)
#9 D:\PROJECT-CI\smapare\app\Controllers\Absensi.php(579): view('report/perpegaw...', Array)
#10 D:\PROJECT-CI\smapare\system\CodeIgniter.php(934): App\Controllers\Absensi->perpegawai()
#11 D:\PROJECT-CI\smapare\system\CodeIgniter.php(499): CodeIgniter\CodeIgniter->runController(Object(App\Controllers\Absensi))
#12 D:\PROJECT-CI\smapare\system\CodeIgniter.php(368): CodeIgniter\CodeIgniter->handleRequest(NULL, Object(Config\Cache), false)
#13 D:\PROJECT-CI\smapare\public\index.php(67): CodeIgniter\CodeIgniter->run()
#14 D:\PROJECT-CI\smapare\system\Commands\Server\rewrite.php(47): require_once('D:\\PROJECT-CI\\s...')
#15 {main}
CRITICAL - 2024-04-20 09:16:22 --> Table 'absen_smapare.cuti' doesn't exist
in SYSTEMPATH\Database\MySQLi\Connection.php on line 295.
 1 SYSTEMPATH\Database\MySQLi\Connection.php(295): mysqli->query('SELECT COUNT(*) AS `numrows`
FROM `cuti`
WHERE `id_ptk` = \'1\'
AND `sts_approve` = 2
AND `sts_approve_manajer` = 2
AND MONTH(tgl_cuti) = \'04\'', 0)
 2 SYSTEMPATH\Database\BaseConnection.php(691): CodeIgniter\Database\MySQLi\Connection->execute('SELECT COUNT(*) AS `numrows`
FROM `cuti`
WHERE `id_ptk` = \'1\'
AND `sts_approve` = 2
AND `sts_approve_manajer` = 2
AND MONTH(tgl_cuti) = \'04\'')
 3 SYSTEMPATH\Database\BaseConnection.php(605): CodeIgniter\Database\BaseConnection->simpleQuery('SELECT COUNT(*) AS `numrows`
FROM `cuti`
WHERE `id_ptk` = \'1\'
AND `sts_approve` = 2
AND `sts_approve_manajer` = 2
AND MONTH(tgl_cuti) = \'04\'')
 4 SYSTEMPATH\Database\BaseBuilder.php(1700): CodeIgniter\Database\BaseConnection->query('SELECT COUNT(*) AS `numrows`
FROM `cuti`
WHERE `id_ptk` = :id_ptk:
AND `sts_approve` = :sts_approve:
AND `sts_approve_manajer` = :sts_approve_manajer:
AND MONTH(tgl_cuti) = :MONTH(tgl_cuti):', [...], false)
 5 APPPATH\Views\func.php(720): CodeIgniter\Database\BaseBuilder->countAllResults()
 6 APPPATH\Views\report\perpegawai.php(120): jumalphabln('1', '04')
 7 SYSTEMPATH\View\View.php(213): include('D:\\PROJECT-CI\\smapare\\app\\Views\\report\\perpegawai.php')
 8 SYSTEMPATH\View\View.php(216): CodeIgniter\View\View->CodeIgniter\View\{closure}()
 9 SYSTEMPATH\Common.php(1184): CodeIgniter\View\View->render('report/perpegawai', [], true)
10 APPPATH\Controllers\Absensi.php(579): view('report/perpegawai', [...])
11 SYSTEMPATH\CodeIgniter.php(934): App\Controllers\Absensi->perpegawai()
12 SYSTEMPATH\CodeIgniter.php(499): CodeIgniter\CodeIgniter->runController(Object(App\Controllers\Absensi))
13 SYSTEMPATH\CodeIgniter.php(368): CodeIgniter\CodeIgniter->handleRequest(null, Object(Config\Cache), false)
14 FCPATH\index.php(67): CodeIgniter\CodeIgniter->run()
15 SYSTEMPATH\Commands\Server\rewrite.php(47): require_once('D:\\PROJECT-CI\\smapare\\public\\index.php')
INFO - 2024-04-20 09:16:58 --> Session: Class initialized using 'CodeIgniter\Session\Handlers\FileHandler' driver.
ERROR - 2024-04-20 09:16:58 --> mysqli_sql_exception: Table 'absen_smapare.cuti' doesn't exist in D:\PROJECT-CI\smapare\system\Database\MySQLi\Connection.php:295
Stack trace:
#0 D:\PROJECT-CI\smapare\system\Database\MySQLi\Connection.php(295): mysqli->query('SELECT COUNT(*)...', 0)
#1 D:\PROJECT-CI\smapare\system\Database\BaseConnection.php(691): CodeIgniter\Database\MySQLi\Connection->execute('SELECT COUNT(*)...')
#2 D:\PROJECT-CI\smapare\system\Database\BaseConnection.php(605): CodeIgniter\Database\BaseConnection->simpleQuery('SELECT COUNT(*)...')
#3 D:\PROJECT-CI\smapare\system\Database\BaseBuilder.php(1700): CodeIgniter\Database\BaseConnection->query('SELECT COUNT(*)...', Array, false)
#4 D:\PROJECT-CI\smapare\app\Views\func.php(720): CodeIgniter\Database\BaseBuilder->countAllResults()
#5 D:\PROJECT-CI\smapare\app\Views\func.php(853): jumalphabln('1', 1)
#6 D:\PROJECT-CI\smapare\app\Views\home\chart.php(720): jumalphablnadmin(1)
#7 D:\PROJECT-CI\smapare\system\View\View.php(213): include('D:\\PROJECT-CI\\s...')
#8 D:\PROJECT-CI\smapare\system\View\View.php(216): CodeIgniter\View\View->CodeIgniter\View\{closure}()
#9 D:\PROJECT-CI\smapare\system\Common.php(1184): CodeIgniter\View\View->render('home/chart', Array, true)
#10 D:\PROJECT-CI\smapare\app\Controllers\Home.php(52): view('home/chart')
#11 D:\PROJECT-CI\smapare\system\CodeIgniter.php(934): App\Controllers\Home->index()
#12 D:\PROJECT-CI\smapare\system\CodeIgniter.php(499): CodeIgniter\CodeIgniter->runController(Object(App\Controllers\Home))
#13 D:\PROJECT-CI\smapare\system\CodeIgniter.php(368): CodeIgniter\CodeIgniter->handleRequest(NULL, Object(Config\Cache), false)
#14 D:\PROJECT-CI\smapare\public\index.php(67): CodeIgniter\CodeIgniter->run()
#15 D:\PROJECT-CI\smapare\system\Commands\Server\rewrite.php(47): require_once('D:\\PROJECT-CI\\s...')
#16 {main}
CRITICAL - 2024-04-20 09:16:58 --> Table 'absen_smapare.cuti' doesn't exist
in SYSTEMPATH\Database\MySQLi\Connection.php on line 295.
 1 SYSTEMPATH\Database\MySQLi\Connection.php(295): mysqli->query('SELECT COUNT(*) AS `numrows`
FROM `cuti`
WHERE `id_ptk` = \'1\'
AND `sts_approve` = 2
AND `sts_approve_manajer` = 2
AND MONTH(tgl_cuti) = 1', 0)
 2 SYSTEMPATH\Database\BaseConnection.php(691): CodeIgniter\Database\MySQLi\Connection->execute('SELECT COUNT(*) AS `numrows`
FROM `cuti`
WHERE `id_ptk` = \'1\'
AND `sts_approve` = 2
AND `sts_approve_manajer` = 2
AND MONTH(tgl_cuti) = 1')
 3 SYSTEMPATH\Database\BaseConnection.php(605): CodeIgniter\Database\BaseConnection->simpleQuery('SELECT COUNT(*) AS `numrows`
FROM `cuti`
WHERE `id_ptk` = \'1\'
AND `sts_approve` = 2
AND `sts_approve_manajer` = 2
AND MONTH(tgl_cuti) = 1')
 4 SYSTEMPATH\Database\BaseBuilder.php(1700): CodeIgniter\Database\BaseConnection->query('SELECT COUNT(*) AS `numrows`
FROM `cuti`
WHERE `id_ptk` = :id_ptk:
AND `sts_approve` = :sts_approve:
AND `sts_approve_manajer` = :sts_approve_manajer:
AND MONTH(tgl_cuti) = :MONTH(tgl_cuti):', [...], false)
 5 APPPATH\Views\func.php(720): CodeIgniter\Database\BaseBuilder->countAllResults()
 6 APPPATH\Views\func.php(853): jumalphabln('1', 1)
 7 APPPATH\Views\home\chart.php(720): jumalphablnadmin(1)
 8 SYSTEMPATH\View\View.php(213): include('D:\\PROJECT-CI\\smapare\\app\\Views\\home\\chart.php')
 9 SYSTEMPATH\View\View.php(216): CodeIgniter\View\View->CodeIgniter\View\{closure}()
10 SYSTEMPATH\Common.php(1184): CodeIgniter\View\View->render('home/chart', [], true)
11 APPPATH\Controllers\Home.php(52): view('home/chart')
12 SYSTEMPATH\CodeIgniter.php(934): App\Controllers\Home->index()
13 SYSTEMPATH\CodeIgniter.php(499): CodeIgniter\CodeIgniter->runController(Object(App\Controllers\Home))
14 SYSTEMPATH\CodeIgniter.php(368): CodeIgniter\CodeIgniter->handleRequest(null, Object(Config\Cache), false)
15 FCPATH\index.php(67): CodeIgniter\CodeIgniter->run()
16 SYSTEMPATH\Commands\Server\rewrite.php(47): require_once('D:\\PROJECT-CI\\smapare\\public\\index.php')
INFO - 2024-04-20 09:17:26 --> Session: Class initialized using 'CodeIgniter\Session\Handlers\FileHandler' driver.
INFO - 2024-04-20 09:18:15 --> Session: Class initialized using 'CodeIgniter\Session\Handlers\FileHandler' driver.
INFO - 2024-04-20 09:18:25 --> Session: Class initialized using 'CodeIgniter\Session\Handlers\FileHandler' driver.
INFO - 2024-04-20 09:18:27 --> Session: Class initialized using 'CodeIgniter\Session\Handlers\FileHandler' driver.
INFO - 2024-04-20 09:19:41 --> Session: Class initialized using 'CodeIgniter\Session\Handlers\FileHandler' driver.
INFO - 2024-04-20 09:20:12 --> Session: Class initialized using 'CodeIgniter\Session\Handlers\FileHandler' driver.
INFO - 2024-04-20 09:24:49 --> Session: Class initialized using 'CodeIgniter\Session\Handlers\FileHandler' driver.
INFO - 2024-04-20 09:24:49 --> Session: Class initialized using 'CodeIgniter\Session\Handlers\FileHandler' driver.
