INFO - 2024-08-05 07:15:56 --> Session: Class initialized using 'CodeIgniter\Session\Handlers\FileHandler' driver.
INFO - 2024-08-05 07:16:02 --> Session: Class initialized using 'CodeIgniter\Session\Handlers\FileHandler' driver.
INFO - 2024-08-05 07:16:02 --> Session: Class initialized using 'CodeIgniter\Session\Handlers\FileHandler' driver.
INFO - 2024-08-05 14:16:04 --> Session: Class initialized using 'CodeIgniter\Session\Handlers\FileHandler' driver.
INFO - 2024-08-05 14:16:37 --> Session: Class initialized using 'CodeIgniter\Session\Handlers\FileHandler' driver.
INFO - 2024-08-05 14:16:37 --> Session: Class initialized using 'CodeIgniter\Session\Handlers\FileHandler' driver.
INFO - 2024-08-05 07:17:46 --> Session: Class initialized using 'CodeIgniter\Session\Handlers\FileHandler' driver.
INFO - 2024-08-05 07:17:47 --> Session: Class initialized using 'CodeIgniter\Session\Handlers\FileHandler' driver.
INFO - 2024-08-05 07:17:51 --> Session: Class initialized using 'CodeIgniter\Session\Handlers\FileHandler' driver.
INFO - 2024-08-05 07:17:51 --> Session: Class initialized using 'CodeIgniter\Session\Handlers\FileHandler' driver.
INFO - 2024-08-05 14:17:56 --> Session: Class initialized using 'CodeIgniter\Session\Handlers\FileHandler' driver.
INFO - 2024-08-05 14:19:21 --> Session: Class initialized using 'CodeIgniter\Session\Handlers\FileHandler' driver.
INFO - 2024-08-05 14:19:28 --> Session: Class initialized using 'CodeIgniter\Session\Handlers\FileHandler' driver.
WARNING - 2024-08-05 14:19:28 --> [DEPRECATED] explode(): Passing null to parameter #2 ($string) of type string is deprecated in APPPATH\Views\func.php on line 102.
 1 APPPATH\Views\func.php(102): explode('-', null)
 2 APPPATH\Views\master\approveijinsiswa.php(80): formatTanggal(null)
 3 SYSTEMPATH\View\View.php(213): include('D:\\PROJECT-CI\\mustofa\\app\\Views\\master\\approveijinsiswa.php')
 4 SYSTEMPATH\View\View.php(216): CodeIgniter\View\View->CodeIgniter\View\{closure}()
 5 SYSTEMPATH\Common.php(1184): CodeIgniter\View\View->render('master/approveijinsiswa', [], true)
 6 APPPATH\Controllers\Approveijinsiswa.php(32): view('master/approveijinsiswa', [...])
 7 SYSTEMPATH\CodeIgniter.php(934): App\Controllers\Approveijinsiswa->index()
 8 SYSTEMPATH\CodeIgniter.php(499): CodeIgniter\CodeIgniter->runController(Object(App\Controllers\Approveijinsiswa))
 9 SYSTEMPATH\CodeIgniter.php(368): CodeIgniter\CodeIgniter->handleRequest(null, Object(Config\Cache), false)
10 FCPATH\index.php(67): CodeIgniter\CodeIgniter->run()
11 SYSTEMPATH\Commands\Server\rewrite.php(47): require_once('D:\\PROJECT-CI\\mustofa\\public\\index.php')
CRITICAL - 2024-08-05 14:19:28 --> Undefined array key 2
in APPPATH\Views\func.php on line 103.
 1 APPPATH\Views\func.php(103): CodeIgniter\Debug\Exceptions->errorHandler(2, 'Undefined array key 2', 'D:\\PROJECT-CI\\mustofa\\app\\Views\\func.php', 103)
 2 APPPATH\Views\master\approveijinsiswa.php(80): formatTanggal(null)
 3 SYSTEMPATH\View\View.php(213): include('D:\\PROJECT-CI\\mustofa\\app\\Views\\master\\approveijinsiswa.php')
 4 SYSTEMPATH\View\View.php(216): CodeIgniter\View\View->CodeIgniter\View\{closure}()
 5 SYSTEMPATH\Common.php(1184): CodeIgniter\View\View->render('master/approveijinsiswa', [], true)
 6 APPPATH\Controllers\Approveijinsiswa.php(32): view('master/approveijinsiswa', [...])
 7 SYSTEMPATH\CodeIgniter.php(934): App\Controllers\Approveijinsiswa->index()
 8 SYSTEMPATH\CodeIgniter.php(499): CodeIgniter\CodeIgniter->runController(Object(App\Controllers\Approveijinsiswa))
 9 SYSTEMPATH\CodeIgniter.php(368): CodeIgniter\CodeIgniter->handleRequest(null, Object(Config\Cache), false)
10 FCPATH\index.php(67): CodeIgniter\CodeIgniter->run()
11 SYSTEMPATH\Commands\Server\rewrite.php(47): require_once('D:\\PROJECT-CI\\mustofa\\public\\index.php')
INFO - 2024-08-05 14:20:44 --> Session: Class initialized using 'CodeIgniter\Session\Handlers\FileHandler' driver.
INFO - 2024-08-05 14:20:51 --> Session: Class initialized using 'CodeIgniter\Session\Handlers\FileHandler' driver.
WARNING - 2024-08-05 14:20:51 --> [DEPRECATED] explode(): Passing null to parameter #2 ($string) of type string is deprecated in APPPATH\Views\func.php on line 102.
 1 APPPATH\Views\func.php(102): explode('-', null)
 2 APPPATH\Views\master\approveijinsiswa.php(80): formatTanggal(null)
 3 SYSTEMPATH\View\View.php(213): include('D:\\PROJECT-CI\\mustofa\\app\\Views\\master\\approveijinsiswa.php')
 4 SYSTEMPATH\View\View.php(216): CodeIgniter\View\View->CodeIgniter\View\{closure}()
 5 SYSTEMPATH\Common.php(1184): CodeIgniter\View\View->render('master/approveijinsiswa', [], true)
 6 APPPATH\Controllers\Approveijinsiswa.php(32): view('master/approveijinsiswa', [...])
 7 SYSTEMPATH\CodeIgniter.php(934): App\Controllers\Approveijinsiswa->index()
 8 SYSTEMPATH\CodeIgniter.php(499): CodeIgniter\CodeIgniter->runController(Object(App\Controllers\Approveijinsiswa))
 9 SYSTEMPATH\CodeIgniter.php(368): CodeIgniter\CodeIgniter->handleRequest(null, Object(Config\Cache), false)
10 FCPATH\index.php(67): CodeIgniter\CodeIgniter->run()
11 SYSTEMPATH\Commands\Server\rewrite.php(47): require_once('D:\\PROJECT-CI\\mustofa\\public\\index.php')
CRITICAL - 2024-08-05 14:20:51 --> Undefined array key 2
in APPPATH\Views\func.php on line 103.
 1 APPPATH\Views\func.php(103): CodeIgniter\Debug\Exceptions->errorHandler(2, 'Undefined array key 2', 'D:\\PROJECT-CI\\mustofa\\app\\Views\\func.php', 103)
 2 APPPATH\Views\master\approveijinsiswa.php(80): formatTanggal(null)
 3 SYSTEMPATH\View\View.php(213): include('D:\\PROJECT-CI\\mustofa\\app\\Views\\master\\approveijinsiswa.php')
 4 SYSTEMPATH\View\View.php(216): CodeIgniter\View\View->CodeIgniter\View\{closure}()
 5 SYSTEMPATH\Common.php(1184): CodeIgniter\View\View->render('master/approveijinsiswa', [], true)
 6 APPPATH\Controllers\Approveijinsiswa.php(32): view('master/approveijinsiswa', [...])
 7 SYSTEMPATH\CodeIgniter.php(934): App\Controllers\Approveijinsiswa->index()
 8 SYSTEMPATH\CodeIgniter.php(499): CodeIgniter\CodeIgniter->runController(Object(App\Controllers\Approveijinsiswa))
 9 SYSTEMPATH\CodeIgniter.php(368): CodeIgniter\CodeIgniter->handleRequest(null, Object(Config\Cache), false)
10 FCPATH\index.php(67): CodeIgniter\CodeIgniter->run()
11 SYSTEMPATH\Commands\Server\rewrite.php(47): require_once('D:\\PROJECT-CI\\mustofa\\public\\index.php')
INFO - 2024-08-05 14:21:17 --> Session: Class initialized using 'CodeIgniter\Session\Handlers\FileHandler' driver.
WARNING - 2024-08-05 14:21:17 --> [DEPRECATED] explode(): Passing null to parameter #2 ($string) of type string is deprecated in APPPATH\Views\func.php on line 102.
 1 APPPATH\Views\func.php(102): explode('-', null)
 2 APPPATH\Views\master\approveijinsiswa.php(80): formatTanggal(null)
 3 SYSTEMPATH\View\View.php(213): include('D:\\PROJECT-CI\\mustofa\\app\\Views\\master\\approveijinsiswa.php')
 4 SYSTEMPATH\View\View.php(216): CodeIgniter\View\View->CodeIgniter\View\{closure}()
 5 SYSTEMPATH\Common.php(1184): CodeIgniter\View\View->render('master/approveijinsiswa', [], true)
 6 APPPATH\Controllers\Approveijinsiswa.php(32): view('master/approveijinsiswa', [...])
 7 SYSTEMPATH\CodeIgniter.php(934): App\Controllers\Approveijinsiswa->index()
 8 SYSTEMPATH\CodeIgniter.php(499): CodeIgniter\CodeIgniter->runController(Object(App\Controllers\Approveijinsiswa))
 9 SYSTEMPATH\CodeIgniter.php(368): CodeIgniter\CodeIgniter->handleRequest(null, Object(Config\Cache), false)
10 FCPATH\index.php(67): CodeIgniter\CodeIgniter->run()
11 SYSTEMPATH\Commands\Server\rewrite.php(47): require_once('D:\\PROJECT-CI\\mustofa\\public\\index.php')
CRITICAL - 2024-08-05 14:21:17 --> Undefined array key 2
in APPPATH\Views\func.php on line 103.
 1 APPPATH\Views\func.php(103): CodeIgniter\Debug\Exceptions->errorHandler(2, 'Undefined array key 2', 'D:\\PROJECT-CI\\mustofa\\app\\Views\\func.php', 103)
 2 APPPATH\Views\master\approveijinsiswa.php(80): formatTanggal(null)
 3 SYSTEMPATH\View\View.php(213): include('D:\\PROJECT-CI\\mustofa\\app\\Views\\master\\approveijinsiswa.php')
 4 SYSTEMPATH\View\View.php(216): CodeIgniter\View\View->CodeIgniter\View\{closure}()
 5 SYSTEMPATH\Common.php(1184): CodeIgniter\View\View->render('master/approveijinsiswa', [], true)
 6 APPPATH\Controllers\Approveijinsiswa.php(32): view('master/approveijinsiswa', [...])
 7 SYSTEMPATH\CodeIgniter.php(934): App\Controllers\Approveijinsiswa->index()
 8 SYSTEMPATH\CodeIgniter.php(499): CodeIgniter\CodeIgniter->runController(Object(App\Controllers\Approveijinsiswa))
 9 SYSTEMPATH\CodeIgniter.php(368): CodeIgniter\CodeIgniter->handleRequest(null, Object(Config\Cache), false)
10 FCPATH\index.php(67): CodeIgniter\CodeIgniter->run()
11 SYSTEMPATH\Commands\Server\rewrite.php(47): require_once('D:\\PROJECT-CI\\mustofa\\public\\index.php')
INFO - 2024-08-05 14:21:32 --> Session: Class initialized using 'CodeIgniter\Session\Handlers\FileHandler' driver.
WARNING - 2024-08-05 14:21:32 --> [DEPRECATED] explode(): Passing null to parameter #2 ($string) of type string is deprecated in APPPATH\Views\func.php on line 102.
 1 APPPATH\Views\func.php(102): explode('-', null)
 2 APPPATH\Views\master\approveijinsiswa.php(80): formatTanggal(null)
 3 SYSTEMPATH\View\View.php(213): include('D:\\PROJECT-CI\\mustofa\\app\\Views\\master\\approveijinsiswa.php')
 4 SYSTEMPATH\View\View.php(216): CodeIgniter\View\View->CodeIgniter\View\{closure}()
 5 SYSTEMPATH\Common.php(1184): CodeIgniter\View\View->render('master/approveijinsiswa', [], true)
 6 APPPATH\Controllers\Approveijinsiswa.php(32): view('master/approveijinsiswa', [...])
 7 SYSTEMPATH\CodeIgniter.php(934): App\Controllers\Approveijinsiswa->index()
 8 SYSTEMPATH\CodeIgniter.php(499): CodeIgniter\CodeIgniter->runController(Object(App\Controllers\Approveijinsiswa))
 9 SYSTEMPATH\CodeIgniter.php(368): CodeIgniter\CodeIgniter->handleRequest(null, Object(Config\Cache), false)
10 FCPATH\index.php(67): CodeIgniter\CodeIgniter->run()
11 SYSTEMPATH\Commands\Server\rewrite.php(47): require_once('D:\\PROJECT-CI\\mustofa\\public\\index.php')
CRITICAL - 2024-08-05 14:21:32 --> Undefined array key 2
in APPPATH\Views\func.php on line 103.
 1 APPPATH\Views\func.php(103): CodeIgniter\Debug\Exceptions->errorHandler(2, 'Undefined array key 2', 'D:\\PROJECT-CI\\mustofa\\app\\Views\\func.php', 103)
 2 APPPATH\Views\master\approveijinsiswa.php(80): formatTanggal(null)
 3 SYSTEMPATH\View\View.php(213): include('D:\\PROJECT-CI\\mustofa\\app\\Views\\master\\approveijinsiswa.php')
 4 SYSTEMPATH\View\View.php(216): CodeIgniter\View\View->CodeIgniter\View\{closure}()
 5 SYSTEMPATH\Common.php(1184): CodeIgniter\View\View->render('master/approveijinsiswa', [], true)
 6 APPPATH\Controllers\Approveijinsiswa.php(32): view('master/approveijinsiswa', [...])
 7 SYSTEMPATH\CodeIgniter.php(934): App\Controllers\Approveijinsiswa->index()
 8 SYSTEMPATH\CodeIgniter.php(499): CodeIgniter\CodeIgniter->runController(Object(App\Controllers\Approveijinsiswa))
 9 SYSTEMPATH\CodeIgniter.php(368): CodeIgniter\CodeIgniter->handleRequest(null, Object(Config\Cache), false)
10 FCPATH\index.php(67): CodeIgniter\CodeIgniter->run()
11 SYSTEMPATH\Commands\Server\rewrite.php(47): require_once('D:\\PROJECT-CI\\mustofa\\public\\index.php')
INFO - 2024-08-05 14:21:59 --> Session: Class initialized using 'CodeIgniter\Session\Handlers\FileHandler' driver.
WARNING - 2024-08-05 14:21:59 --> [DEPRECATED] explode(): Passing null to parameter #2 ($string) of type string is deprecated in APPPATH\Views\func.php on line 102.
 1 APPPATH\Views\func.php(102): explode('-', null)
 2 APPPATH\Views\master\approveijinsiswa.php(80): formatTanggal(null)
 3 SYSTEMPATH\View\View.php(213): include('D:\\PROJECT-CI\\mustofa\\app\\Views\\master\\approveijinsiswa.php')
 4 SYSTEMPATH\View\View.php(216): CodeIgniter\View\View->CodeIgniter\View\{closure}()
 5 SYSTEMPATH\Common.php(1184): CodeIgniter\View\View->render('master/approveijinsiswa', [], true)
 6 APPPATH\Controllers\Approveijinsiswa.php(32): view('master/approveijinsiswa', [...])
 7 SYSTEMPATH\CodeIgniter.php(934): App\Controllers\Approveijinsiswa->index()
 8 SYSTEMPATH\CodeIgniter.php(499): CodeIgniter\CodeIgniter->runController(Object(App\Controllers\Approveijinsiswa))
 9 SYSTEMPATH\CodeIgniter.php(368): CodeIgniter\CodeIgniter->handleRequest(null, Object(Config\Cache), false)
10 FCPATH\index.php(67): CodeIgniter\CodeIgniter->run()
11 SYSTEMPATH\Commands\Server\rewrite.php(47): require_once('D:\\PROJECT-CI\\mustofa\\public\\index.php')
CRITICAL - 2024-08-05 14:21:59 --> Undefined array key 2
in APPPATH\Views\func.php on line 103.
 1 APPPATH\Views\func.php(103): CodeIgniter\Debug\Exceptions->errorHandler(2, 'Undefined array key 2', 'D:\\PROJECT-CI\\mustofa\\app\\Views\\func.php', 103)
 2 APPPATH\Views\master\approveijinsiswa.php(80): formatTanggal(null)
 3 SYSTEMPATH\View\View.php(213): include('D:\\PROJECT-CI\\mustofa\\app\\Views\\master\\approveijinsiswa.php')
 4 SYSTEMPATH\View\View.php(216): CodeIgniter\View\View->CodeIgniter\View\{closure}()
 5 SYSTEMPATH\Common.php(1184): CodeIgniter\View\View->render('master/approveijinsiswa', [], true)
 6 APPPATH\Controllers\Approveijinsiswa.php(32): view('master/approveijinsiswa', [...])
 7 SYSTEMPATH\CodeIgniter.php(934): App\Controllers\Approveijinsiswa->index()
 8 SYSTEMPATH\CodeIgniter.php(499): CodeIgniter\CodeIgniter->runController(Object(App\Controllers\Approveijinsiswa))
 9 SYSTEMPATH\CodeIgniter.php(368): CodeIgniter\CodeIgniter->handleRequest(null, Object(Config\Cache), false)
10 FCPATH\index.php(67): CodeIgniter\CodeIgniter->run()
11 SYSTEMPATH\Commands\Server\rewrite.php(47): require_once('D:\\PROJECT-CI\\mustofa\\public\\index.php')
INFO - 2024-08-05 14:23:25 --> Session: Class initialized using 'CodeIgniter\Session\Handlers\FileHandler' driver.
