INFO - 2023-08-25 05:35:29 --> Session: Class initialized using 'CodeIgniter\Session\Handlers\FileHandler' driver.
CRITICAL - 2023-08-25 05:35:35 --> Too few arguments to function App\Controllers\Web::index(), 0 passed in D:\PROJECT-CI\form\system\CodeIgniter.php on line 934 and exactly 1 expected
in APPPATH\Controllers\Web.php on line 11.
 1 SYSTEMPATH\CodeIgniter.php(934): App\Controllers\Web->index()
 2 SYSTEMPATH\CodeIgniter.php(499): CodeIgniter\CodeIgniter->runController(Object(App\Controllers\Web))
 3 SYSTEMPATH\CodeIgniter.php(368): CodeIgniter\CodeIgniter->handleRequest(null, Object(Config\Cache), false)
 4 FCPATH\index.php(67): CodeIgniter\CodeIgniter->run()
 5 SYSTEMPATH\Commands\Server\rewrite.php(47): require_once('D:\\PROJECT-CI\\form\\public\\index.php')
CRITICAL - 2023-08-25 06:15:28 --> Undefined variable: nm
in APPPATH\Views\index\footer_form.php on line 24.
 1 APPPATH\Views\index\footer_form.php(24): CodeIgniter\Debug\Exceptions->errorHandler(8, 'Undefined variable: nm', 'D:\\PROJECT-CI\\form\\app\\Views\\index\\footer_form.php', 24, [...])
 2 SYSTEMPATH\View\View.php(213): include('D:\\PROJECT-CI\\form\\app\\Views\\index\\footer_form.php')
 3 SYSTEMPATH\View\View.php(216): CodeIgniter\View\View->CodeIgniter\View\{closure}()
 4 SYSTEMPATH\Common.php(1184): CodeIgniter\View\View->render('index/footer_form', [], true)
 5 APPPATH\Controllers\Web.php(32): view('index/footer_form', [...])
 6 SYSTEMPATH\CodeIgniter.php(934): App\Controllers\Web->index('FORM')
 7 SYSTEMPATH\CodeIgniter.php(499): CodeIgniter\CodeIgniter->runController(Object(App\Controllers\Web))
 8 SYSTEMPATH\CodeIgniter.php(368): CodeIgniter\CodeIgniter->handleRequest(null, Object(Config\Cache), false)
 9 FCPATH\index.php(67): CodeIgniter\CodeIgniter->run()
10 SYSTEMPATH\Commands\Server\rewrite.php(47): require_once('D:\\PROJECT-CI\\form\\public\\index.php')
CRITICAL - 2023-08-25 06:15:30 --> Undefined variable: nm
in APPPATH\Views\index\footer_form.php on line 24.
 1 APPPATH\Views\index\footer_form.php(24): CodeIgniter\Debug\Exceptions->errorHandler(8, 'Undefined variable: nm', 'D:\\PROJECT-CI\\form\\app\\Views\\index\\footer_form.php', 24, [...])
 2 SYSTEMPATH\View\View.php(213): include('D:\\PROJECT-CI\\form\\app\\Views\\index\\footer_form.php')
 3 SYSTEMPATH\View\View.php(216): CodeIgniter\View\View->CodeIgniter\View\{closure}()
 4 SYSTEMPATH\Common.php(1184): CodeIgniter\View\View->render('index/footer_form', [], true)
 5 APPPATH\Controllers\Web.php(32): view('index/footer_form', [...])
 6 SYSTEMPATH\CodeIgniter.php(934): App\Controllers\Web->index('FORM')
 7 SYSTEMPATH\CodeIgniter.php(499): CodeIgniter\CodeIgniter->runController(Object(App\Controllers\Web))
 8 SYSTEMPATH\CodeIgniter.php(368): CodeIgniter\CodeIgniter->handleRequest(null, Object(Config\Cache), false)
 9 FCPATH\index.php(67): CodeIgniter\CodeIgniter->run()
10 SYSTEMPATH\Commands\Server\rewrite.php(47): require_once('D:\\PROJECT-CI\\form\\public\\index.php')
CRITICAL - 2023-08-25 06:16:17 --> Undefined variable: nm
in APPPATH\Views\index\footer_form.php on line 24.
 1 APPPATH\Views\index\footer_form.php(24): CodeIgniter\Debug\Exceptions->errorHandler(8, 'Undefined variable: nm', 'D:\\PROJECT-CI\\form\\app\\Views\\index\\footer_form.php', 24, [...])
 2 SYSTEMPATH\View\View.php(213): include('D:\\PROJECT-CI\\form\\app\\Views\\index\\footer_form.php')
 3 SYSTEMPATH\View\View.php(216): CodeIgniter\View\View->CodeIgniter\View\{closure}()
 4 SYSTEMPATH\Common.php(1184): CodeIgniter\View\View->render('index/footer_form', [], true)
 5 APPPATH\Controllers\Web.php(32): view('index/footer_form', [...])
 6 SYSTEMPATH\CodeIgniter.php(934): App\Controllers\Web->index('FORM')
 7 SYSTEMPATH\CodeIgniter.php(499): CodeIgniter\CodeIgniter->runController(Object(App\Controllers\Web))
 8 SYSTEMPATH\CodeIgniter.php(368): CodeIgniter\CodeIgniter->handleRequest(null, Object(Config\Cache), false)
 9 FCPATH\index.php(67): CodeIgniter\CodeIgniter->run()
10 SYSTEMPATH\Commands\Server\rewrite.php(47): require_once('D:\\PROJECT-CI\\form\\public\\index.php')
CRITICAL - 2023-08-25 06:17:12 --> Undefined variable: nm
in APPPATH\Views\index\footer_form.php on line 24.
 1 APPPATH\Views\index\footer_form.php(24): CodeIgniter\Debug\Exceptions->errorHandler(8, 'Undefined variable: nm', 'D:\\PROJECT-CI\\form\\app\\Views\\index\\footer_form.php', 24, [...])
 2 SYSTEMPATH\View\View.php(213): include('D:\\PROJECT-CI\\form\\app\\Views\\index\\footer_form.php')
 3 SYSTEMPATH\View\View.php(216): CodeIgniter\View\View->CodeIgniter\View\{closure}()
 4 SYSTEMPATH\Common.php(1184): CodeIgniter\View\View->render('index/footer_form', [], true)
 5 APPPATH\Controllers\Web.php(32): view('index/footer_form', [...])
 6 SYSTEMPATH\CodeIgniter.php(934): App\Controllers\Web->index('FORM')
 7 SYSTEMPATH\CodeIgniter.php(499): CodeIgniter\CodeIgniter->runController(Object(App\Controllers\Web))
 8 SYSTEMPATH\CodeIgniter.php(368): CodeIgniter\CodeIgniter->handleRequest(null, Object(Config\Cache), false)
 9 FCPATH\index.php(67): CodeIgniter\CodeIgniter->run()
10 SYSTEMPATH\Commands\Server\rewrite.php(47): require_once('D:\\PROJECT-CI\\form\\public\\index.php')
CRITICAL - 2023-08-25 06:17:14 --> Undefined variable: nm
in APPPATH\Views\index\footer_form.php on line 24.
 1 APPPATH\Views\index\footer_form.php(24): CodeIgniter\Debug\Exceptions->errorHandler(8, 'Undefined variable: nm', 'D:\\PROJECT-CI\\form\\app\\Views\\index\\footer_form.php', 24, [...])
 2 SYSTEMPATH\View\View.php(213): include('D:\\PROJECT-CI\\form\\app\\Views\\index\\footer_form.php')
 3 SYSTEMPATH\View\View.php(216): CodeIgniter\View\View->CodeIgniter\View\{closure}()
 4 SYSTEMPATH\Common.php(1184): CodeIgniter\View\View->render('index/footer_form', [], true)
 5 APPPATH\Controllers\Web.php(32): view('index/footer_form', [...])
 6 SYSTEMPATH\CodeIgniter.php(934): App\Controllers\Web->index('FORM')
 7 SYSTEMPATH\CodeIgniter.php(499): CodeIgniter\CodeIgniter->runController(Object(App\Controllers\Web))
 8 SYSTEMPATH\CodeIgniter.php(368): CodeIgniter\CodeIgniter->handleRequest(null, Object(Config\Cache), false)
 9 FCPATH\index.php(67): CodeIgniter\CodeIgniter->run()
10 SYSTEMPATH\Commands\Server\rewrite.php(47): require_once('D:\\PROJECT-CI\\form\\public\\index.php')
CRITICAL - 2023-08-25 06:17:32 --> Undefined variable: nm
in APPPATH\Views\index\footer_form.php on line 24.
 1 APPPATH\Views\index\footer_form.php(24): CodeIgniter\Debug\Exceptions->errorHandler(8, 'Undefined variable: nm', 'D:\\PROJECT-CI\\form\\app\\Views\\index\\footer_form.php', 24, [...])
 2 SYSTEMPATH\View\View.php(213): include('D:\\PROJECT-CI\\form\\app\\Views\\index\\footer_form.php')
 3 SYSTEMPATH\View\View.php(216): CodeIgniter\View\View->CodeIgniter\View\{closure}()
 4 SYSTEMPATH\Common.php(1184): CodeIgniter\View\View->render('index/footer_form', [], true)
 5 APPPATH\Controllers\Web.php(32): view('index/footer_form', [...])
 6 SYSTEMPATH\CodeIgniter.php(934): App\Controllers\Web->index('FORM')
 7 SYSTEMPATH\CodeIgniter.php(499): CodeIgniter\CodeIgniter->runController(Object(App\Controllers\Web))
 8 SYSTEMPATH\CodeIgniter.php(368): CodeIgniter\CodeIgniter->handleRequest(null, Object(Config\Cache), false)
 9 FCPATH\index.php(67): CodeIgniter\CodeIgniter->run()
10 SYSTEMPATH\Commands\Server\rewrite.php(47): require_once('D:\\PROJECT-CI\\form\\public\\index.php')
CRITICAL - 2023-08-25 06:17:34 --> Undefined variable: nm
in APPPATH\Views\index\footer_form.php on line 24.
 1 APPPATH\Views\index\footer_form.php(24): CodeIgniter\Debug\Exceptions->errorHandler(8, 'Undefined variable: nm', 'D:\\PROJECT-CI\\form\\app\\Views\\index\\footer_form.php', 24, [...])
 2 SYSTEMPATH\View\View.php(213): include('D:\\PROJECT-CI\\form\\app\\Views\\index\\footer_form.php')
 3 SYSTEMPATH\View\View.php(216): CodeIgniter\View\View->CodeIgniter\View\{closure}()
 4 SYSTEMPATH\Common.php(1184): CodeIgniter\View\View->render('index/footer_form', [], true)
 5 APPPATH\Controllers\Web.php(32): view('index/footer_form', [...])
 6 SYSTEMPATH\CodeIgniter.php(934): App\Controllers\Web->index('FORM')
 7 SYSTEMPATH\CodeIgniter.php(499): CodeIgniter\CodeIgniter->runController(Object(App\Controllers\Web))
 8 SYSTEMPATH\CodeIgniter.php(368): CodeIgniter\CodeIgniter->handleRequest(null, Object(Config\Cache), false)
 9 FCPATH\index.php(67): CodeIgniter\CodeIgniter->run()
10 SYSTEMPATH\Commands\Server\rewrite.php(47): require_once('D:\\PROJECT-CI\\form\\public\\index.php')
CRITICAL - 2023-08-25 06:55:26 --> syntax error, unexpected 'var' (T_VAR), expecting end of file
in APPPATH\Views\index\footer_form.php on line 25.
 1 SYSTEMPATH\View\View.php(216): CodeIgniter\View\View->CodeIgniter\View\{closure}()
 2 SYSTEMPATH\Common.php(1184): CodeIgniter\View\View->render('index/footer_form', [], true)
 3 APPPATH\Controllers\Web.php(32): view('index/footer_form')
 4 SYSTEMPATH\CodeIgniter.php(934): App\Controllers\Web->index('FORM')
 5 SYSTEMPATH\CodeIgniter.php(499): CodeIgniter\CodeIgniter->runController(Object(App\Controllers\Web))
 6 SYSTEMPATH\CodeIgniter.php(368): CodeIgniter\CodeIgniter->handleRequest(null, Object(Config\Cache), false)
 7 FCPATH\index.php(67): CodeIgniter\CodeIgniter->run()
 8 SYSTEMPATH\Commands\Server\rewrite.php(47): require_once('D:\\PROJECT-CI\\form\\public\\index.php')
CRITICAL - 2023-08-25 06:55:29 --> syntax error, unexpected 'var' (T_VAR), expecting end of file
in APPPATH\Views\index\footer_form.php on line 25.
 1 SYSTEMPATH\View\View.php(216): CodeIgniter\View\View->CodeIgniter\View\{closure}()
 2 SYSTEMPATH\Common.php(1184): CodeIgniter\View\View->render('index/footer_form', [], true)
 3 APPPATH\Controllers\Web.php(32): view('index/footer_form')
 4 SYSTEMPATH\CodeIgniter.php(934): App\Controllers\Web->index('FORM')
 5 SYSTEMPATH\CodeIgniter.php(499): CodeIgniter\CodeIgniter->runController(Object(App\Controllers\Web))
 6 SYSTEMPATH\CodeIgniter.php(368): CodeIgniter\CodeIgniter->handleRequest(null, Object(Config\Cache), false)
 7 FCPATH\index.php(67): CodeIgniter\CodeIgniter->run()
 8 SYSTEMPATH\Commands\Server\rewrite.php(47): require_once('D:\\PROJECT-CI\\form\\public\\index.php')
CRITICAL - 2023-08-25 09:09:28 --> Too few arguments to function App\Controllers\Web::index(), 0 passed in D:\PROJECT-CI\form\system\CodeIgniter.php on line 934 and exactly 1 expected
in APPPATH\Controllers\Web.php on line 11.
 1 SYSTEMPATH\CodeIgniter.php(934): App\Controllers\Web->index()
 2 SYSTEMPATH\CodeIgniter.php(499): CodeIgniter\CodeIgniter->runController(Object(App\Controllers\Web))
 3 SYSTEMPATH\CodeIgniter.php(368): CodeIgniter\CodeIgniter->handleRequest(null, Object(Config\Cache), false)
 4 FCPATH\index.php(67): CodeIgniter\CodeIgniter->run()
 5 SYSTEMPATH\Commands\Server\rewrite.php(47): require_once('D:\\PROJECT-CI\\form\\public\\index.php')
CRITICAL - 2023-08-25 09:37:41 --> Undefined index: id_isi_fomr
in APPPATH\Views\index\konten_form.php on line 15.
 1 APPPATH\Views\index\konten_form.php(15): CodeIgniter\Debug\Exceptions->errorHandler(8, 'Undefined index: id_isi_fomr', 'D:\\PROJECT-CI\\form\\app\\Views\\index\\konten_form.php', 15, [...])
 2 SYSTEMPATH\View\View.php(213): include('D:\\PROJECT-CI\\form\\app\\Views\\index\\konten_form.php')
 3 SYSTEMPATH\View\View.php(216): CodeIgniter\View\View->CodeIgniter\View\{closure}()
 4 SYSTEMPATH\Common.php(1184): CodeIgniter\View\View->render('index/konten_form', [], true)
 5 APPPATH\Controllers\Web.php(31): view('index/konten_form')
 6 SYSTEMPATH\CodeIgniter.php(934): App\Controllers\Web->index('FORM')
 7 SYSTEMPATH\CodeIgniter.php(499): CodeIgniter\CodeIgniter->runController(Object(App\Controllers\Web))
 8 SYSTEMPATH\CodeIgniter.php(368): CodeIgniter\CodeIgniter->handleRequest(null, Object(Config\Cache), false)
 9 FCPATH\index.php(67): CodeIgniter\CodeIgniter->run()
10 SYSTEMPATH\Commands\Server\rewrite.php(47): require_once('D:\\PROJECT-CI\\form\\public\\index.php')
CRITICAL - 2023-08-25 09:38:23 --> count(): Parameter must be an array or an object that implements Countable
in APPPATH\Views\index\konten_form.php on line 15.
 1 APPPATH\Views\index\konten_form.php(15): CodeIgniter\Debug\Exceptions->errorHandler(2, 'count(): Parameter must be an array or an object that implements Countable', 'D:\\PROJECT-CI\\form\\app\\Views\\index\\konten_form.php', 15, [...])
 2 SYSTEMPATH\View\View.php(213): include('D:\\PROJECT-CI\\form\\app\\Views\\index\\konten_form.php')
 3 SYSTEMPATH\View\View.php(216): CodeIgniter\View\View->CodeIgniter\View\{closure}()
 4 SYSTEMPATH\Common.php(1184): CodeIgniter\View\View->render('index/konten_form', [], true)
 5 APPPATH\Controllers\Web.php(31): view('index/konten_form')
 6 SYSTEMPATH\CodeIgniter.php(934): App\Controllers\Web->index('FORM')
 7 SYSTEMPATH\CodeIgniter.php(499): CodeIgniter\CodeIgniter->runController(Object(App\Controllers\Web))
 8 SYSTEMPATH\CodeIgniter.php(368): CodeIgniter\CodeIgniter->handleRequest(null, Object(Config\Cache), false)
 9 FCPATH\index.php(67): CodeIgniter\CodeIgniter->run()
10 SYSTEMPATH\Commands\Server\rewrite.php(47): require_once('D:\\PROJECT-CI\\form\\public\\index.php')
CRITICAL - 2023-08-25 09:39:36 --> Undefined variable: array_sum
in APPPATH\Views\index\konten_form.php on line 16.
 1 APPPATH\Views\index\konten_form.php(16): CodeIgniter\Debug\Exceptions->errorHandler(8, 'Undefined variable: array_sum', 'D:\\PROJECT-CI\\form\\app\\Views\\index\\konten_form.php', 16, [...])
 2 SYSTEMPATH\View\View.php(213): include('D:\\PROJECT-CI\\form\\app\\Views\\index\\konten_form.php')
 3 SYSTEMPATH\View\View.php(216): CodeIgniter\View\View->CodeIgniter\View\{closure}()
 4 SYSTEMPATH\Common.php(1184): CodeIgniter\View\View->render('index/konten_form', [], true)
 5 APPPATH\Controllers\Web.php(31): view('index/konten_form')
 6 SYSTEMPATH\CodeIgniter.php(934): App\Controllers\Web->index('FORM')
 7 SYSTEMPATH\CodeIgniter.php(499): CodeIgniter\CodeIgniter->runController(Object(App\Controllers\Web))
 8 SYSTEMPATH\CodeIgniter.php(368): CodeIgniter\CodeIgniter->handleRequest(null, Object(Config\Cache), false)
 9 FCPATH\index.php(67): CodeIgniter\CodeIgniter->run()
10 SYSTEMPATH\Commands\Server\rewrite.php(47): require_once('D:\\PROJECT-CI\\form\\public\\index.php')
CRITICAL - 2023-08-25 09:48:53 --> syntax error, unexpected end of file
in APPPATH\Views\index\konten_form.php on line 165.
 1 SYSTEMPATH\View\View.php(216): CodeIgniter\View\View->CodeIgniter\View\{closure}()
 2 SYSTEMPATH\Common.php(1184): CodeIgniter\View\View->render('index/konten_form', [], true)
 3 APPPATH\Controllers\Web.php(37): view('index/konten_form')
 4 SYSTEMPATH\CodeIgniter.php(934): App\Controllers\Web->index('FORM')
 5 SYSTEMPATH\CodeIgniter.php(499): CodeIgniter\CodeIgniter->runController(Object(App\Controllers\Web))
 6 SYSTEMPATH\CodeIgniter.php(368): CodeIgniter\CodeIgniter->handleRequest(null, Object(Config\Cache), false)
 7 FCPATH\index.php(67): CodeIgniter\CodeIgniter->run()
 8 SYSTEMPATH\Commands\Server\rewrite.php(47): require_once('D:\\PROJECT-CI\\form\\public\\index.php')
CRITICAL - 2023-08-25 09:49:36 --> syntax error, unexpected end of file
in APPPATH\Views\index\konten_form.php on line 165.
 1 SYSTEMPATH\View\View.php(216): CodeIgniter\View\View->CodeIgniter\View\{closure}()
 2 SYSTEMPATH\Common.php(1184): CodeIgniter\View\View->render('index/konten_form', [], true)
 3 APPPATH\Controllers\Web.php(37): view('index/konten_form')
 4 SYSTEMPATH\CodeIgniter.php(934): App\Controllers\Web->index('FORM')
 5 SYSTEMPATH\CodeIgniter.php(499): CodeIgniter\CodeIgniter->runController(Object(App\Controllers\Web))
 6 SYSTEMPATH\CodeIgniter.php(368): CodeIgniter\CodeIgniter->handleRequest(null, Object(Config\Cache), false)
 7 FCPATH\index.php(67): CodeIgniter\CodeIgniter->run()
 8 SYSTEMPATH\Commands\Server\rewrite.php(47): require_once('D:\\PROJECT-CI\\form\\public\\index.php')
INFO - 2023-08-25 11:03:09 --> Session: Class initialized using 'CodeIgniter\Session\Handlers\FileHandler' driver.
INFO - 2023-08-25 11:03:15 --> Session: Class initialized using 'CodeIgniter\Session\Handlers\FileHandler' driver.
INFO - 2023-08-25 11:03:15 --> Session: Class initialized using 'CodeIgniter\Session\Handlers\FileHandler' driver.
INFO - 2023-08-25 11:03:26 --> Session: Class initialized using 'CodeIgniter\Session\Handlers\FileHandler' driver.
INFO - 2023-08-25 11:03:26 --> Session: Class initialized using 'CodeIgniter\Session\Handlers\FileHandler' driver.
INFO - 2023-08-25 11:03:32 --> Session: Class initialized using 'CodeIgniter\Session\Handlers\FileHandler' driver.
INFO - 2023-08-25 11:09:47 --> Session: Class initialized using 'CodeIgniter\Session\Handlers\FileHandler' driver.
INFO - 2023-08-25 11:10:47 --> Session: Class initialized using 'CodeIgniter\Session\Handlers\FileHandler' driver.
INFO - 2023-08-25 11:11:33 --> Session: Class initialized using 'CodeIgniter\Session\Handlers\FileHandler' driver.
INFO - 2023-08-25 11:11:53 --> Session: Class initialized using 'CodeIgniter\Session\Handlers\FileHandler' driver.
INFO - 2023-08-25 11:12:51 --> Session: Class initialized using 'CodeIgniter\Session\Handlers\FileHandler' driver.
INFO - 2023-08-25 11:15:00 --> Session: Class initialized using 'CodeIgniter\Session\Handlers\FileHandler' driver.
INFO - 2023-08-25 11:15:41 --> Session: Class initialized using 'CodeIgniter\Session\Handlers\FileHandler' driver.
INFO - 2023-08-25 11:15:55 --> Session: Class initialized using 'CodeIgniter\Session\Handlers\FileHandler' driver.
INFO - 2023-08-25 11:16:23 --> Session: Class initialized using 'CodeIgniter\Session\Handlers\FileHandler' driver.
INFO - 2023-08-25 11:16:47 --> Session: Class initialized using 'CodeIgniter\Session\Handlers\FileHandler' driver.
INFO - 2023-08-25 11:17:48 --> Session: Class initialized using 'CodeIgniter\Session\Handlers\FileHandler' driver.
INFO - 2023-08-25 11:18:11 --> Session: Class initialized using 'CodeIgniter\Session\Handlers\FileHandler' driver.
INFO - 2023-08-25 11:18:53 --> Session: Class initialized using 'CodeIgniter\Session\Handlers\FileHandler' driver.
INFO - 2023-08-25 11:23:46 --> Session: Class initialized using 'CodeIgniter\Session\Handlers\FileHandler' driver.
